#
# A fatal error has been detected by the Java Runtime Environment:
#
#  SIGSEGV (0xb) at pc=0x00007f42a7df5b3e, pid=2100, tid=0x00007f431879b700
#
# JRE version: OpenJDK Runtime Environment (8.0_212-b03) (build 1.8.0_212-8u212-b03-0ubuntu1.16.04.1-b03)
# Java VM: OpenJDK 64-Bit Server VM (25.212-b03 mixed mode linux-amd64 compressed oops)
# Problematic frame:
# C  [module.so+0x11b3e]  std::_Rb_tree<unsigned long, std::pair<unsigned long const, unsigned long>, std::_Select1st<std::pair<unsigned long const, unsigned long> >, std::less<unsigned long>, std::allocator<std::pair<unsigned long const, unsigned long> > >::_M_begin()+0xc
#
# Failed to write core dump. Core dumps have been disabled. To enable core dumping, try "ulimit -c unlimited" before starting Java again
#
# If you would like to submit a bug report, please visit:
#   http://bugreport.java.com/bugreport/crash.jsp
# The crash happened outside the Java Virtual Machine in native code.
# See problematic frame for where to report the bug.
#

---------------  T H R E A D  ---------------

Current thread (0x00007f431000a800):  JavaThread "main" [_thread_in_native, id=2116, stack(0x00007f431869b000,0x00007f431879c000)]

siginfo: si_signo: 11 (SIGSEGV), si_code: 1 (SEGV_MAPERR), si_addr: 0x0000000000000061

Registers:
RAX=0x0000000000000051, RBX=0x0000000000000059, RCX=0x0000000000000000, RDX=0x00007f431879a1f8
RSP=0x00007f431879a0e0, RBP=0x00007f431879a0e0, RSI=0x00007f431879a1f8, RDI=0x0000000000000051
R8 =0x00007f43101411e0, R9 =0x00007f4310141200, R10=0x00000000000000fc, R11=0x00007f42a7df5b32
R12=0x0000000000000000, R13=0x00007f42e343b488, R14=0x00007f431879a958, R15=0x00007f431000a800
RIP=0x00007f42a7df5b3e, EFLAGS=0x0000000000010206, CSGSFS=0x002b000000000033, ERR=0x0000000000000004
  TRAPNO=0x000000000000000e

Top of Stack: (sp=0x00007f431879a0e0)
0x00007f431879a0e0:   00007f431879a110 00007f42a7df6658
0x00007f431879a0f0:   00007f431879a1f8 0000000000000051
0x00007f431879a100:   0000000000000018 0000000000000018
0x00007f431879a110:   00007f431879a130 00007f42a7df5d21
0x00007f431879a120:   00007f431879a1f8 0000000000000051
0x00007f431879a130:   00007f431879a1c0 00007f42a7df56d9
0x00007f431879a140:   00007f431879a1f8 0000000000000051
0x00007f431879a150:   00007f431879a820 0000000000000000
0x00007f431879a160:   00007f42e343b488 00007f431879a958
0x00007f431879a170:   00007f431000a800 00007f431804853c
0x00007f431879a180:   00007f431879a1c0 00007f42a7df379a
0x00007f431879a190:   00007f431879a240 b98f8dc6cbc7d900
0x00007f431879a1a0:   0000000000000000 0000000000000018
0x00007f431879a1b0:   0000000000000000 00007f42e343b488
0x00007f431879a1c0:   00007f431879a820 00007f42a7df3bd0
0x00007f431879a1d0:   00007f4310139a70 0000000000000001
0x00007f431879a1e0:   000000000000018d 00017f42a7de75f8
0x00007f431879a1f0:   0000000000000000 1bb4f007d5ad894d
0x00007f431879a200:   00007f4310139a40 0000000000000016
0x00007f431879a210:   000000000000001e 00007f42a7de7e15
0x00007f431879a220:   00007f4310139a90 0000000000000050
0x00007f431879a230:   0000000000000124 00000000027fc2e5
0x00007f431879a240:   00007f43101411e0 000000000000004e
0x00007f431879a250:   000000000000004e 00007f42a7de4cd0
0x00007f431879a260:   00007f4310139a90 00007f4310139ae0
0x00007f431879a270:   00007f431879a280 0000000000000000
0x00007f431879a280:   0000000000000000 00007f431879a3b0
0x00007f431879a290:   00007f431879a2a0 0000000000000001
0x00007f431879a2a0:   00007f431879003a 00007f4310139610
0x00007f431879a2b0:   0000000018790000 0000000000000000
0x00007f431879a2c0:   00007f431879a2d0 0000000000000000
0x00007f431879a2d0:   00007f431879a400 00007f43185a6b1f 

Instructions: (pc=0x00007f42a7df5b3e)
0x00007f42a7df5b1e:   c7 e8 ac d0 ff ff 48 8b 45 f8 48 89 45 e0 eb ae
0x00007f42a7df5b2e:   90 c9 c3 90 55 48 89 e5 48 89 7d f8 48 8b 45 f8
0x00007f42a7df5b3e:   48 8b 40 10 5d c3 55 48 89 e5 48 83 ec 10 48 89
0x00007f42a7df5b4e:   7d f8 48 8b 45 f8 48 89 c7 e8 34 cc ff ff 48 89 

Register to memory mapping:

RAX=0x0000000000000051 is an unknown value
RBX=0x0000000000000059 is an unknown value
RCX=0x0000000000000000 is an unknown value
RDX=0x00007f431879a1f8 is pointing into the stack for thread: 0x00007f431000a800
RSP=0x00007f431879a0e0 is pointing into the stack for thread: 0x00007f431000a800
RBP=0x00007f431879a0e0 is pointing into the stack for thread: 0x00007f431000a800
RSI=0x00007f431879a1f8 is pointing into the stack for thread: 0x00007f431000a800
RDI=0x0000000000000051 is an unknown value
R8 =0x00007f43101411e0 is an unknown value
R9 =0x00007f4310141200 is an unknown value
R10=0x00000000000000fc is an unknown value
R11=0x00007f42a7df5b32: _ZNSt8_Rb_treeImSt4pairIKmmESt10_Select1stIS2_ESt4lessImESaIS2_EE8_M_beginEv+0 in /home/frank/swimExtended/swim/examples/planDB_connect/src/module.so at 0x00007f42a7de4000
R12=0x0000000000000000 is an unknown value
R13={method} {0x00007f42e343b488} 'PlanDB_populate_db' '(JLPlanDB;Ljava/lang/String;)Z' in 'DBJNI'
R14=0x00007f431879a958 is pointing into the stack for thread: 0x00007f431000a800
R15=0x00007f431000a800 is a thread


Stack: [0x00007f431869b000,0x00007f431879c000],  sp=0x00007f431879a0e0,  free space=1020k
Native frames: (J=compiled Java code, j=interpreted, Vv=VM code, C=native code)
C  [module.so+0x11b3e]  std::_Rb_tree<unsigned long, std::pair<unsigned long const, unsigned long>, std::_Select1st<std::pair<unsigned long const, unsigned long> >, std::less<unsigned long>, std::allocator<std::pair<unsigned long const, unsigned long> > >::_M_begin()+0xc
C  [module.so+0x12658]  std::_Rb_tree<unsigned long, std::pair<unsigned long const, unsigned long>, std::_Select1st<std::pair<unsigned long const, unsigned long> >, std::less<unsigned long>, std::allocator<std::pair<unsigned long const, unsigned long> > >::lower_bound(unsigned long const&)+0x2c
C  [module.so+0x11d21]  std::map<unsigned long, unsigned long, std::less<unsigned long>, std::allocator<std::pair<unsigned long const, unsigned long> > >::lower_bound(unsigned long const&)+0x23
C  [module.so+0x116d9]  std::map<unsigned long, unsigned long, std::less<unsigned long>, std::allocator<std::pair<unsigned long const, unsigned long> > >::operator[](unsigned long const&)+0x37
C  [module.so+0xfbd0]  PlanDB::populate_states(char const*)+0x418
C  [module.so+0x104af]  PlanDB::populate_db(char const*)+0x3d
C  [module.so+0x15055]  Java_DBJNI_PlanDB_1populate_1db+0x87
j  DBJNI.PlanDB_populate_db(JLPlanDB;Ljava/lang/String;)Z+0
j  PlanDB.populate_db(Ljava/lang/String;)Z+6
j  connect.main([Ljava/lang/String;)V+64
v  ~StubRoutines::call_stub
V  [libjvm.so+0x6679eb]
V  [libjvm.so+0x6896ae]
V  [libjvm.so+0x68bfdf]
C  [libjli.so+0x34e2]
C  [libjli.so+0x737d]
C  [libpthread.so.0+0x76ba]  start_thread+0xca

Java frames: (J=compiled Java code, j=interpreted, Vv=VM code)
j  DBJNI.PlanDB_populate_db(JLPlanDB;Ljava/lang/String;)Z+0
j  PlanDB.populate_db(Ljava/lang/String;)Z+6
j  connect.main([Ljava/lang/String;)V+64
v  ~StubRoutines::call_stub

---------------  P R O C E S S  ---------------

Java Threads: ( => current thread )
  0x00007f43100d7000 JavaThread "Service Thread" daemon [_thread_blocked, id=2148, stack(0x00007f42cc19e000,0x00007f42cc29f000)]
  0x00007f43100cb800 JavaThread "C1 CompilerThread3" daemon [_thread_blocked, id=2147, stack(0x00007f42cc29f000,0x00007f42cc3a0000)]
  0x00007f43100c9800 JavaThread "C2 CompilerThread2" daemon [_thread_blocked, id=2146, stack(0x00007f42e0090000,0x00007f42e0191000)]
  0x00007f43100c8000 JavaThread "C2 CompilerThread1" daemon [_thread_blocked, id=2144, stack(0x00007f42e0191000,0x00007f42e0292000)]
  0x00007f43100c5000 JavaThread "C2 CompilerThread0" daemon [_thread_blocked, id=2143, stack(0x00007f42e0292000,0x00007f42e0393000)]
  0x00007f43100c3800 JavaThread "Signal Dispatcher" daemon [_thread_blocked, id=2142, stack(0x00007f42e0393000,0x00007f42e0494000)]
  0x00007f4310090800 JavaThread "Finalizer" daemon [_thread_blocked, id=2141, stack(0x00007f42e0e53000,0x00007f42e0f54000)]
  0x00007f431008e000 JavaThread "Reference Handler" daemon [_thread_blocked, id=2140, stack(0x00007f42e0f54000,0x00007f42e1055000)]
=>0x00007f431000a800 JavaThread "main" [_thread_in_native, id=2116, stack(0x00007f431869b000,0x00007f431879c000)]

Other Threads:
  0x00007f4310084800 VMThread [stack: 0x00007f42e1055000,0x00007f42e1156000] [id=2139]
  0x00007f43100d9800 WatcherThread [stack: 0x00007f42cc09d000,0x00007f42cc19e000] [id=2149]

VM state:not at safepoint (normal execution)

VM Mutex/Monitor currently owned by a thread: None

heap address: 0x00000006c7400000, size: 3980 MB, Compressed Oops mode: Zero based, Oop shift amount: 3
Narrow klass base: 0x0000000000000000, Narrow klass shift: 3
Compressed class space size: 1073741824 Address: 0x00000007c0000000

Heap:
 PSYoungGen      total 74752K, used 1290K [0x000000076d180000, 0x0000000772480000, 0x00000007c0000000)
  eden space 64512K, 2% used [0x000000076d180000,0x000000076d2c2900,0x0000000771080000)
  from space 10240K, 0% used [0x0000000771a80000,0x0000000771a80000,0x0000000772480000)
  to   space 10240K, 0% used [0x0000000771080000,0x0000000771080000,0x0000000771a80000)
 ParOldGen       total 171008K, used 0K [0x00000006c7400000, 0x00000006d1b00000, 0x000000076d180000)
  object space 171008K, 0% used [0x00000006c7400000,0x00000006c7400000,0x00000006d1b00000)
 Metaspace       used 2555K, capacity 4490K, committed 4864K, reserved 1056768K
  class space    used 270K, capacity 386K, committed 512K, reserved 1048576K

Card table byte_map: [0x00007f4314581000,0x00007f4314d48000] byte_map_base: 0x00007f4310f47000

Marking Bits: (ParMarkBitMap*) 0x00007f431796c580
 Begin Bits: [0x00007f42cc3a0000, 0x00007f42d01d0000)
 End Bits:   [0x00007f42d01d0000, 0x00007f42d4000000)

Polling page: 0x00007f43187bf000

CodeCache: size=245760Kb used=1082Kb max_used=1082Kb free=244677Kb
 bounds [0x00007f4301000000, 0x00007f4301270000, 0x00007f4310000000]
 total_blobs=247 nmethods=15 adapters=148
 compilation: enabled

Compilation events (10 events):
Event: 0.041 Thread 0x00007f43100cb800   11       1       java.lang.ref.Reference::get (5 bytes)
Event: 0.041 Thread 0x00007f43100cb800 nmethod 11 0x00007f430110c690 code [0x00007f430110c7e0, 0x00007f430110c8f0]
Event: 0.042 Thread 0x00007f43100cb800   12       1       java.lang.ThreadLocal::access$400 (5 bytes)
Event: 0.042 Thread 0x00007f43100cb800 nmethod 12 0x00007f430110c3d0 code [0x00007f430110c520, 0x00007f430110c610]
Event: 0.043 Thread 0x00007f43100cb800   13       3       java.lang.AbstractStringBuilder::append (50 bytes)
Event: 0.044 Thread 0x00007f43100cb800 nmethod 13 0x00007f430110d750 code [0x00007f430110d920, 0x00007f430110e078]
Event: 0.044 Thread 0x00007f43100cb800   14       3       java.lang.String::getChars (62 bytes)
Event: 0.044 Thread 0x00007f43100cb800 nmethod 14 0x00007f430110e390 code [0x00007f430110e540, 0x00007f430110e978]
Event: 0.045 Thread 0x00007f43100cb800   15       3       java.lang.System::getSecurityManager (4 bytes)
Event: 0.045 Thread 0x00007f43100cb800 nmethod 15 0x00007f430110c0d0 code [0x00007f430110c220, 0x00007f430110c370]

GC Heap History (0 events):
No events

Deoptimization events (0 events):
No events

Classes redefined (0 events):
No events

Internal exceptions (2 events):
Event: 0.020 Thread 0x00007f431000a800 Exception <a 'java/lang/NoSuchMethodError': Method sun.misc.Unsafe.defineClass(Ljava/lang/String;[BII)Ljava/lang/Class; name or signature does not match> (0x000000076d187cb0) thrown at [/build/openjdk-8-lHVHKD/openjdk-8-8u212-b03/src/hotspot/src/share/vm/
Event: 0.020 Thread 0x00007f431000a800 Exception <a 'java/lang/NoSuchMethodError': Method sun.misc.Unsafe.prefetchRead(Ljava/lang/Object;J)V name or signature does not match> (0x000000076d187f98) thrown at [/build/openjdk-8-lHVHKD/openjdk-8-8u212-b03/src/hotspot/src/share/vm/prims/jni.cpp, lin

Events (10 events):
Event: 0.044 loading class java/nio/charset/CoderResult$Cache done
Event: 0.044 loading class java/nio/charset/CoderResult$1 done
Event: 0.044 loading class java/nio/charset/CoderResult$2
Event: 0.044 loading class java/nio/charset/CoderResult$2 done
Event: 0.044 loading class PlanDB
Event: 0.044 loading class PlanDB done
Event: 0.045 loading class java/lang/UnsupportedOperationException
Event: 0.045 loading class java/lang/UnsupportedOperationException done
Event: 0.045 loading class DBJNI
Event: 0.045 loading class DBJNI done


Dynamic libraries:
00400000-00401000 r-xp 00000000 08:03 525465                             /usr/lib/jvm/java-8-openjdk-amd64/jre/bin/java
00600000-00601000 r--p 00000000 08:03 525465                             /usr/lib/jvm/java-8-openjdk-amd64/jre/bin/java
00601000-00602000 rw-p 00001000 08:03 525465                             /usr/lib/jvm/java-8-openjdk-amd64/jre/bin/java
025da000-025fb000 rw-p 00000000 00:00 0                                  [heap]
6c7400000-6d1b00000 rw-p 00000000 00:00 0 
6d1b00000-76d180000 ---p 00000000 00:00 0 
76d180000-772480000 rw-p 00000000 00:00 0 
772480000-7c0000000 ---p 00000000 00:00 0 
7c0000000-7c0080000 rw-p 00000000 00:00 0 
7c0080000-800000000 ---p 00000000 00:00 0 
7f42a0000000-7f42a0021000 rw-p 00000000 00:00 0 
7f42a0021000-7f42a4000000 ---p 00000000 00:00 0 
7f42a7de4000-7f42a7dff000 r-xp 00000000 08:05 6160843                    /home/frank/swimExtended/swim/examples/planDB_connect/src/module.so
7f42a7dff000-7f42a7ffe000 ---p 0001b000 08:05 6160843                    /home/frank/swimExtended/swim/examples/planDB_connect/src/module.so
7f42a7ffe000-7f42a7fff000 r--p 0001a000 08:05 6160843                    /home/frank/swimExtended/swim/examples/planDB_connect/src/module.so
7f42a7fff000-7f42a8000000 rw-p 0001b000 08:05 6160843                    /home/frank/swimExtended/swim/examples/planDB_connect/src/module.so
7f42a8000000-7f42a8021000 rw-p 00000000 00:00 0 
7f42a8021000-7f42ac000000 ---p 00000000 00:00 0 
7f42ac000000-7f42ac021000 rw-p 00000000 00:00 0 
7f42ac021000-7f42b0000000 ---p 00000000 00:00 0 
7f42b0000000-7f42b0021000 rw-p 00000000 00:00 0 
7f42b0021000-7f42b4000000 ---p 00000000 00:00 0 
7f42b4000000-7f42b4021000 rw-p 00000000 00:00 0 
7f42b4021000-7f42b8000000 ---p 00000000 00:00 0 
7f42b8000000-7f42b8021000 rw-p 00000000 00:00 0 
7f42b8021000-7f42bc000000 ---p 00000000 00:00 0 
7f42bc000000-7f42bc05e000 rw-p 00000000 00:00 0 
7f42bc05e000-7f42c0000000 ---p 00000000 00:00 0 
7f42c0000000-7f42c0021000 rw-p 00000000 00:00 0 
7f42c0021000-7f42c4000000 ---p 00000000 00:00 0 
7f42c4000000-7f42c4021000 rw-p 00000000 00:00 0 
7f42c4021000-7f42c8000000 ---p 00000000 00:00 0 
7f42c8000000-7f42c8021000 rw-p 00000000 00:00 0 
7f42c8021000-7f42cc000000 ---p 00000000 00:00 0 
7f42cc09d000-7f42cc09e000 ---p 00000000 00:00 0 
7f42cc09e000-7f42cc19e000 rw-p 00000000 00:00 0 
7f42cc19e000-7f42cc1a1000 ---p 00000000 00:00 0 
7f42cc1a1000-7f42cc29f000 rw-p 00000000 00:00 0 
7f42cc29f000-7f42cc2a2000 ---p 00000000 00:00 0 
7f42cc2a2000-7f42d4000000 rw-p 00000000 00:00 0 
7f42d4000000-7f42d4021000 rw-p 00000000 00:00 0 
7f42d4021000-7f42d8000000 ---p 00000000 00:00 0 
7f42d8000000-7f42d8021000 rw-p 00000000 00:00 0 
7f42d8021000-7f42dc000000 ---p 00000000 00:00 0 
7f42dc000000-7f42dc021000 rw-p 00000000 00:00 0 
7f42dc021000-7f42e0000000 ---p 00000000 00:00 0 
7f42e005a000-7f42e0075000 r--s 001d6000 08:03 395042                     /usr/lib/jvm/java-8-openjdk-amd64/jre/lib/ext/nashorn.jar
7f42e0075000-7f42e0090000 r--s 00394000 08:03 395041                     /usr/lib/jvm/java-8-openjdk-amd64/jre/lib/ext/cldrdata.jar
7f42e0090000-7f42e0093000 ---p 00000000 00:00 0 
7f42e0093000-7f42e0191000 rw-p 00000000 00:00 0 
7f42e0191000-7f42e0194000 ---p 00000000 00:00 0 
7f42e0194000-7f42e0292000 rw-p 00000000 00:00 0 
7f42e0292000-7f42e0295000 ---p 00000000 00:00 0 
7f42e0295000-7f42e0393000 rw-p 00000000 00:00 0 
7f42e0393000-7f42e0396000 ---p 00000000 00:00 0 
7f42e0396000-7f42e0494000 rw-p 00000000 00:00 0 
7f42e0494000-7f42e0e53000 r--p 00000000 08:03 400840                     /usr/lib/locale/locale-archive
7f42e0e53000-7f42e0e56000 ---p 00000000 00:00 0 
7f42e0e56000-7f42e0f54000 rw-p 00000000 00:00 0 
7f42e0f54000-7f42e0f57000 ---p 00000000 00:00 0 
7f42e0f57000-7f42e1055000 rw-p 00000000 00:00 0 
7f42e1055000-7f42e1056000 ---p 00000000 00:00 0 
7f42e1056000-7f42e347a000 rw-p 00000000 00:00 0 
7f42e347a000-7f42e383a000 ---p 00000000 00:00 0 
7f42e383a000-7f42e4000000 rw-p 00000000 00:00 0 
7f42e4000000-7f42e4021000 rw-p 00000000 00:00 0 
7f42e4021000-7f42e8000000 ---p 00000000 00:00 0 
7f42e8000000-7f42e8021000 rw-p 00000000 00:00 0 
7f42e8021000-7f42ec000000 ---p 00000000 00:00 0 
7f42ec000000-7f42ec021000 rw-p 00000000 00:00 0 
7f42ec021000-7f42f0000000 ---p 00000000 00:00 0 
7f42f0000000-7f42f0021000 rw-p 00000000 00:00 0 
7f42f0021000-7f42f4000000 ---p 00000000 00:00 0 
7f42f4000000-7f42f4021000 rw-p 00000000 00:00 0 
7f42f4021000-7f42f8000000 ---p 00000000 00:00 0 
7f42f8000000-7f42f8021000 rw-p 00000000 00:00 0 
7f42f8021000-7f42fc000000 ---p 00000000 00:00 0 
7f42fc000000-7f42fc021000 rw-p 00000000 00:00 0 
7f42fc021000-7f4300000000 ---p 00000000 00:00 0 
7f4300009000-7f43003b1000 rw-p 00000000 00:00 0 
7f43003b1000-7f4300580000 r--s 03c3b000 08:03 394713                     /usr/lib/jvm/java-8-openjdk-amd64/jre/lib/rt.jar
7f4300580000-7f43005f6000 rw-p 00000000 00:00 0 
7f43005f6000-7f43005f7000 ---p 00000000 00:00 0 
7f43005f7000-7f43006f7000 rw-p 00000000 00:00 0 
7f43006f7000-7f43006f8000 ---p 00000000 00:00 0 
7f43006f8000-7f43007f8000 rw-p 00000000 00:00 0 
7f43007f8000-7f43007f9000 ---p 00000000 00:00 0 
7f43007f9000-7f43008f9000 rw-p 00000000 00:00 0 
7f43008f9000-7f43008fa000 ---p 00000000 00:00 0 
7f43008fa000-7f43009fa000 rw-p 00000000 00:00 0 
7f43009fa000-7f43009fb000 ---p 00000000 00:00 0 
7f43009fb000-7f4300afb000 rw-p 00000000 00:00 0 
7f4300afb000-7f4300afc000 ---p 00000000 00:00 0 
7f4300afc000-7f4300bfc000 rw-p 00000000 00:00 0 
7f4300bfc000-7f4300bfd000 ---p 00000000 00:00 0 
7f4300bfd000-7f4300cfd000 rw-p 00000000 00:00 0 
7f4300cfd000-7f4300cfe000 ---p 00000000 00:00 0 
7f4300cfe000-7f4300dfe000 rw-p 00000000 00:00 0 
7f4300dfe000-7f4300dff000 ---p 00000000 00:00 0 
7f4300dff000-7f4300eff000 rw-p 00000000 00:00 0 
7f4300eff000-7f4300f00000 ---p 00000000 00:00 0 
7f4300f00000-7f4301000000 rw-p 00000000 00:00 0 
7f4301000000-7f4301270000 rwxp 00000000 00:00 0 
7f4301270000-7f4310000000 ---p 00000000 00:00 0 
7f4310000000-7f4310157000 rw-p 00000000 00:00 0 
7f4310157000-7f4314000000 ---p 00000000 00:00 0 
7f4314004000-7f43140a6000 rw-p 00000000 00:00 0 
7f43140a6000-7f4314581000 ---p 00000000 00:00 0 
7f4314581000-7f43145d5000 rw-p 00000000 00:00 0 
7f43145d5000-7f4314aaf000 ---p 00000000 00:00 0 
7f4314aaf000-7f4314ada000 rw-p 00000000 00:00 0 
7f4314ada000-7f4314d47000 ---p 00000000 00:00 0 
7f4314d47000-7f4314d52000 rw-p 00000000 00:00 0 
7f4314d52000-7f4315108000 ---p 00000000 00:00 0 
7f4315108000-7f4315110000 r-xp 00000000 08:03 394712                     /usr/lib/jvm/java-8-openjdk-amd64/jre/lib/amd64/libzip.so
7f4315110000-7f431530f000 ---p 00008000 08:03 394712                     /usr/lib/jvm/java-8-openjdk-amd64/jre/lib/amd64/libzip.so
7f431530f000-7f4315310000 r--p 00007000 08:03 394712                     /usr/lib/jvm/java-8-openjdk-amd64/jre/lib/amd64/libzip.so
7f4315310000-7f4315311000 rw-p 00008000 08:03 394712                     /usr/lib/jvm/java-8-openjdk-amd64/jre/lib/amd64/libzip.so
7f4315311000-7f431531c000 r-xp 00000000 08:03 789257                     /lib/x86_64-linux-gnu/libnss_files-2.23.so
7f431531c000-7f431551b000 ---p 0000b000 08:03 789257                     /lib/x86_64-linux-gnu/libnss_files-2.23.so
7f431551b000-7f431551c000 r--p 0000a000 08:03 789257                     /lib/x86_64-linux-gnu/libnss_files-2.23.so
7f431551c000-7f431551d000 rw-p 0000b000 08:03 789257                     /lib/x86_64-linux-gnu/libnss_files-2.23.so
7f431551d000-7f4315523000 rw-p 00000000 00:00 0 
7f4315523000-7f431552e000 r-xp 00000000 08:03 789267                     /lib/x86_64-linux-gnu/libnss_nis-2.23.so
7f431552e000-7f431572d000 ---p 0000b000 08:03 789267                     /lib/x86_64-linux-gnu/libnss_nis-2.23.so
7f431572d000-7f431572e000 r--p 0000a000 08:03 789267                     /lib/x86_64-linux-gnu/libnss_nis-2.23.so
7f431572e000-7f431572f000 rw-p 0000b000 08:03 789267                     /lib/x86_64-linux-gnu/libnss_nis-2.23.so
7f431572f000-7f4315745000 r-xp 00000000 08:03 789251                     /lib/x86_64-linux-gnu/libnsl-2.23.so
7f4315745000-7f4315944000 ---p 00016000 08:03 789251                     /lib/x86_64-linux-gnu/libnsl-2.23.so
7f4315944000-7f4315945000 r--p 00015000 08:03 789251                     /lib/x86_64-linux-gnu/libnsl-2.23.so
7f4315945000-7f4315946000 rw-p 00016000 08:03 789251                     /lib/x86_64-linux-gnu/libnsl-2.23.so
7f4315946000-7f4315948000 rw-p 00000000 00:00 0 
7f4315948000-7f4315950000 r-xp 00000000 08:03 789253                     /lib/x86_64-linux-gnu/libnss_compat-2.23.so
7f4315950000-7f4315b4f000 ---p 00008000 08:03 789253                     /lib/x86_64-linux-gnu/libnss_compat-2.23.so
7f4315b4f000-7f4315b50000 r--p 00007000 08:03 789253                     /lib/x86_64-linux-gnu/libnss_compat-2.23.so
7f4315b50000-7f4315b51000 rw-p 00008000 08:03 789253                     /lib/x86_64-linux-gnu/libnss_compat-2.23.so
7f4315b51000-7f4315b7d000 r-xp 00000000 08:03 394694                     /usr/lib/jvm/java-8-openjdk-amd64/jre/lib/amd64/libjava.so
7f4315b7d000-7f4315d7c000 ---p 0002c000 08:03 394694                     /usr/lib/jvm/java-8-openjdk-amd64/jre/lib/amd64/libjava.so
7f4315d7c000-7f4315d7d000 r--p 0002b000 08:03 394694                     /usr/lib/jvm/java-8-openjdk-amd64/jre/lib/amd64/libjava.so
7f4315d7d000-7f4315d7f000 rw-p 0002c000 08:03 394694                     /usr/lib/jvm/java-8-openjdk-amd64/jre/lib/amd64/libjava.so
7f4315d7f000-7f4315d8e000 r-xp 00000000 08:03 394683                     /usr/lib/jvm/java-8-openjdk-amd64/jre/lib/amd64/libverify.so
7f4315d8e000-7f4315f8d000 ---p 0000f000 08:03 394683                     /usr/lib/jvm/java-8-openjdk-amd64/jre/lib/amd64/libverify.so
7f4315f8d000-7f4315f8f000 r--p 0000e000 08:03 394683                     /usr/lib/jvm/java-8-openjdk-amd64/jre/lib/amd64/libverify.so
7f4315f8f000-7f4315f90000 rw-p 00010000 08:03 394683                     /usr/lib/jvm/java-8-openjdk-amd64/jre/lib/amd64/libverify.so
7f4315f90000-7f4315f97000 r-xp 00000000 08:03 789312                     /lib/x86_64-linux-gnu/librt-2.23.so
7f4315f97000-7f4316196000 ---p 00007000 08:03 789312                     /lib/x86_64-linux-gnu/librt-2.23.so
7f4316196000-7f4316197000 r--p 00006000 08:03 789312                     /lib/x86_64-linux-gnu/librt-2.23.so
7f4316197000-7f4316198000 rw-p 00007000 08:03 789312                     /lib/x86_64-linux-gnu/librt-2.23.so
7f4316198000-7f43161ae000 r-xp 00000000 08:03 789196                     /lib/x86_64-linux-gnu/libgcc_s.so.1
7f43161ae000-7f43163ad000 ---p 00016000 08:03 789196                     /lib/x86_64-linux-gnu/libgcc_s.so.1
7f43163ad000-7f43163ae000 rw-p 00015000 08:03 789196                     /lib/x86_64-linux-gnu/libgcc_s.so.1
7f43163ae000-7f43164b6000 r-xp 00000000 08:03 789228                     /lib/x86_64-linux-gnu/libm-2.23.so
7f43164b6000-7f43166b5000 ---p 00108000 08:03 789228                     /lib/x86_64-linux-gnu/libm-2.23.so
7f43166b5000-7f43166b6000 r--p 00107000 08:03 789228                     /lib/x86_64-linux-gnu/libm-2.23.so
7f43166b6000-7f43166b7000 rw-p 00108000 08:03 789228                     /lib/x86_64-linux-gnu/libm-2.23.so
7f43166b7000-7f4316829000 r-xp 00000000 08:03 404352                     /usr/lib/x86_64-linux-gnu/libstdc++.so.6.0.21
7f4316829000-7f4316a29000 ---p 00172000 08:03 404352                     /usr/lib/x86_64-linux-gnu/libstdc++.so.6.0.21
7f4316a29000-7f4316a33000 r--p 00172000 08:03 404352                     /usr/lib/x86_64-linux-gnu/libstdc++.so.6.0.21
7f4316a33000-7f4316a35000 rw-p 0017c000 08:03 404352                     /usr/lib/x86_64-linux-gnu/libstdc++.so.6.0.21
7f4316a35000-7f4316a39000 rw-p 00000000 00:00 0 
7f4316a39000-7f431769d000 r-xp 00000000 08:03 394692                     /usr/lib/jvm/java-8-openjdk-amd64/jre/lib/amd64/server/libjvm.so
7f431769d000-7f431789c000 ---p 00c64000 08:03 394692                     /usr/lib/jvm/java-8-openjdk-amd64/jre/lib/amd64/server/libjvm.so
7f431789c000-7f4317930000 r--p 00c63000 08:03 394692                     /usr/lib/jvm/java-8-openjdk-amd64/jre/lib/amd64/server/libjvm.so
7f4317930000-7f4317959000 rw-p 00cf7000 08:03 394692                     /usr/lib/jvm/java-8-openjdk-amd64/jre/lib/amd64/server/libjvm.so
7f4317959000-7f4317989000 rw-p 00000000 00:00 0 
7f4317989000-7f43179a1000 r-xp 00000000 08:03 789304                     /lib/x86_64-linux-gnu/libpthread-2.23.so
7f43179a1000-7f4317ba0000 ---p 00018000 08:03 789304                     /lib/x86_64-linux-gnu/libpthread-2.23.so
7f4317ba0000-7f4317ba1000 r--p 00017000 08:03 789304                     /lib/x86_64-linux-gnu/libpthread-2.23.so
7f4317ba1000-7f4317ba2000 rw-p 00018000 08:03 789304                     /lib/x86_64-linux-gnu/libpthread-2.23.so
7f4317ba2000-7f4317ba6000 rw-p 00000000 00:00 0 
7f4317ba6000-7f4317ba9000 r-xp 00000000 08:03 789182                     /lib/x86_64-linux-gnu/libdl-2.23.so
7f4317ba9000-7f4317da8000 ---p 00003000 08:03 789182                     /lib/x86_64-linux-gnu/libdl-2.23.so
7f4317da8000-7f4317da9000 r--p 00002000 08:03 789182                     /lib/x86_64-linux-gnu/libdl-2.23.so
7f4317da9000-7f4317daa000 rw-p 00003000 08:03 789182                     /lib/x86_64-linux-gnu/libdl-2.23.so
7f4317daa000-7f4317dc3000 r-xp 00000000 08:03 789349                     /lib/x86_64-linux-gnu/libz.so.1.2.8
7f4317dc3000-7f4317fc2000 ---p 00019000 08:03 789349                     /lib/x86_64-linux-gnu/libz.so.1.2.8
7f4317fc2000-7f4317fc3000 r--p 00018000 08:03 789349                     /lib/x86_64-linux-gnu/libz.so.1.2.8
7f4317fc3000-7f4317fc4000 rw-p 00019000 08:03 789349                     /lib/x86_64-linux-gnu/libz.so.1.2.8
7f4317fc4000-7f4318184000 r-xp 00000000 08:03 789158                     /lib/x86_64-linux-gnu/libc-2.23.so
7f4318184000-7f4318384000 ---p 001c0000 08:03 789158                     /lib/x86_64-linux-gnu/libc-2.23.so
7f4318384000-7f4318388000 r--p 001c0000 08:03 789158                     /lib/x86_64-linux-gnu/libc-2.23.so
7f4318388000-7f431838a000 rw-p 001c4000 08:03 789158                     /lib/x86_64-linux-gnu/libc-2.23.so
7f431838a000-7f431838e000 rw-p 00000000 00:00 0 
7f431838e000-7f431839b000 r-xp 00000000 08:03 394711                     /usr/lib/jvm/java-8-openjdk-amd64/jre/lib/amd64/jli/libjli.so
7f431839b000-7f431859a000 ---p 0000d000 08:03 394711                     /usr/lib/jvm/java-8-openjdk-amd64/jre/lib/amd64/jli/libjli.so
7f431859a000-7f431859b000 r--p 0000c000 08:03 394711                     /usr/lib/jvm/java-8-openjdk-amd64/jre/lib/amd64/jli/libjli.so
7f431859b000-7f431859c000 rw-p 0000d000 08:03 394711                     /usr/lib/jvm/java-8-openjdk-amd64/jre/lib/amd64/jli/libjli.so
7f431859c000-7f43185c2000 r-xp 00000000 08:03 789130                     /lib/x86_64-linux-gnu/ld-2.23.so
7f43185c5000-7f43185ca000 r--s 0003c000 08:03 395045                     /usr/lib/jvm/java-8-openjdk-amd64/jre/lib/ext/sunjce_provider.jar
7f43185ca000-7f431869b000 rw-p 00000000 00:00 0 
7f431869b000-7f431869e000 ---p 00000000 00:00 0 
7f431869e000-7f43187a0000 rw-p 00000000 00:00 0 
7f43187a0000-7f43187aa000 r--s 00116000 08:03 395048                     /usr/lib/jvm/java-8-openjdk-amd64/jre/lib/ext/localedata.jar
7f43187aa000-7f43187ab000 r--s 0000a000 08:03 395046                     /usr/lib/jvm/java-8-openjdk-amd64/jre/lib/ext/jaccess.jar
7f43187ab000-7f43187ad000 r--s 00008000 08:03 395044                     /usr/lib/jvm/java-8-openjdk-amd64/jre/lib/ext/sunec.jar
7f43187ad000-7f43187ae000 r--s 00010000 08:03 395043                     /usr/lib/jvm/java-8-openjdk-amd64/jre/lib/ext/zipfs.jar
7f43187ae000-7f43187b0000 r--s 00001000 08:03 395047                     /usr/lib/jvm/java-8-openjdk-amd64/jre/lib/ext/dnsns.jar
7f43187b0000-7f43187b3000 r--s 00039000 08:03 395049                     /usr/lib/jvm/java-8-openjdk-amd64/jre/lib/ext/sunpkcs11.jar
7f43187b3000-7f43187b6000 r--s 0000f000 08:03 395040                     /usr/lib/jvm/java-8-openjdk-amd64/jre/lib/ext/icedtea-sound.jar
7f43187b6000-7f43187be000 rw-s 00000000 08:03 1213962                    /tmp/hsperfdata_frank/2100
7f43187be000-7f43187bf000 rw-p 00000000 00:00 0 
7f43187bf000-7f43187c0000 r--p 00000000 00:00 0 
7f43187c0000-7f43187c1000 rw-p 00000000 00:00 0 
7f43187c1000-7f43187c2000 r--p 00025000 08:03 789130                     /lib/x86_64-linux-gnu/ld-2.23.so
7f43187c2000-7f43187c3000 rw-p 00026000 08:03 789130                     /lib/x86_64-linux-gnu/ld-2.23.so
7f43187c3000-7f43187c4000 rw-p 00000000 00:00 0 
7ffc9160c000-7ffc9162d000 rw-p 00000000 00:00 0                          [stack]
7ffc916d3000-7ffc916d6000 r--p 00000000 00:00 0                          [vvar]
7ffc916d6000-7ffc916d8000 r-xp 00000000 00:00 0                          [vdso]
ffffffffff600000-ffffffffff601000 r-xp 00000000 00:00 0                  [vsyscall]

VM Arguments:
jvm_args: -Dfile.encoding=UTF-8 
java_command: connect
java_class_path (initial): /home/frank/swimExtended/swim/examples/planDB_connect/bin
Launcher Type: SUN_STANDARD

Environment Variables:
PATH=/home/frank/bin:/home/frank/.local/bin:/usr/local/sbin:/usr/local/bin:/usr/sbin:/usr/bin:/sbin:/bin:/usr/games:/usr/local/games:/snap/bin
SHELL=/bin/bash
DISPLAY=:0

Signal Handlers:
SIGSEGV: [libjvm.so+0xa765a0], sa_mask[0]=11111111011111111101111111111110, sa_flags=SA_RESTART|SA_SIGINFO
SIGBUS: [libjvm.so+0xa765a0], sa_mask[0]=11111111011111111101111111111110, sa_flags=SA_RESTART|SA_SIGINFO
SIGFPE: [libjvm.so+0x8bd800], sa_mask[0]=11111111011111111101111111111110, sa_flags=SA_RESTART|SA_SIGINFO
SIGPIPE: [libjvm.so+0x8bd800], sa_mask[0]=11111111011111111101111111111110, sa_flags=SA_RESTART|SA_SIGINFO
SIGXFSZ: [libjvm.so+0x8bd800], sa_mask[0]=11111111011111111101111111111110, sa_flags=SA_RESTART|SA_SIGINFO
SIGILL: [libjvm.so+0x8bd800], sa_mask[0]=11111111011111111101111111111110, sa_flags=SA_RESTART|SA_SIGINFO
SIGUSR1: SIG_DFL, sa_mask[0]=00000000000000000000000000000000, sa_flags=none
SIGUSR2: [libjvm.so+0x8bd6b0], sa_mask[0]=00100000000000000000000000000000, sa_flags=SA_RESTART|SA_SIGINFO
SIGHUP: [libjvm.so+0x8bdd40], sa_mask[0]=11111111011111111101111111111110, sa_flags=SA_RESTART|SA_SIGINFO
SIGINT: [libjvm.so+0x8bdd40], sa_mask[0]=11111111011111111101111111111110, sa_flags=SA_RESTART|SA_SIGINFO
SIGTERM: [libjvm.so+0x8bdd40], sa_mask[0]=11111111011111111101111111111110, sa_flags=SA_RESTART|SA_SIGINFO
SIGQUIT: [libjvm.so+0x8bdd40], sa_mask[0]=11111111011111111101111111111110, sa_flags=SA_RESTART|SA_SIGINFO


---------------  S Y S T E M  ---------------

OS:DISTRIB_ID=Ubuntu
DISTRIB_RELEASE=16.04
DISTRIB_CODENAME=xenial
DISTRIB_DESCRIPTION="Ubuntu 16.04.6 LTS"

uname:Linux 4.15.0-47-generic #50~16.04.1-Ubuntu SMP Fri Mar 15 16:06:21 UTC 2019 x86_64
libc:glibc 2.23 NPTL 2.23 
rlimit: STACK 8192k, CORE 0k, NPROC 63237, NOFILE 1048576, AS infinity
load average:1.33 1.04 0.88

/proc/meminfo:
MemTotal:       16294960 kB
MemFree:         2342112 kB
MemAvailable:    5017416 kB
Buffers:          372156 kB
Cached:          3819440 kB
SwapCached:       640444 kB
Active:         10266100 kB
Inactive:        2940572 kB
Active(anon):    8876776 kB
Inactive(anon):  1532584 kB
Active(file):    1389324 kB
Inactive(file):  1407988 kB
Unevictable:         128 kB
Mlocked:             128 kB
SwapTotal:      20981756 kB
SwapFree:       18278548 kB
Dirty:             30588 kB
Writeback:             0 kB
AnonPages:       8809332 kB
Mapped:          1353784 kB
Shmem:           1461920 kB
Slab:             351760 kB
SReclaimable:     219180 kB
SUnreclaim:       132580 kB
KernelStack:       30216 kB
PageTables:       161284 kB
NFS_Unstable:          0 kB
Bounce:                0 kB
WritebackTmp:          0 kB
CommitLimit:    29129236 kB
Committed_AS:   33663440 kB
VmallocTotal:   34359738367 kB
VmallocUsed:           0 kB
VmallocChunk:          0 kB
HardwareCorrupted:     0 kB
AnonHugePages:         0 kB
ShmemHugePages:        0 kB
ShmemPmdMapped:        0 kB
CmaTotal:              0 kB
CmaFree:               0 kB
HugePages_Total:       0
HugePages_Free:        0
HugePages_Rsvd:        0
HugePages_Surp:        0
Hugepagesize:       2048 kB
DirectMap4k:     1349308 kB
DirectMap2M:    15298560 kB
DirectMap1G:           0 kB

container (cgroup) information:
container_type: cgroupv1
cpu_cpuset_cpus: 0-11
cpu_memory_nodes: 0
active_processor_count: 12
cpu_quota: -1
cpu_period: 100000
cpu_shares: -1
memory_limit_in_bytes: -1
memory_and_swap_limit_in_bytes: -2
memory_soft_limit_in_bytes: -1
memory_usage_in_bytes: 13350817792
memory_max_usage_in_bytes: 389484544


CPU:total 12 (initial active 12) (6 cores per cpu, 2 threads per core) family 6 model 158 stepping 10, cmov, cx8, fxsr, mmx, sse, sse2, sse3, ssse3, sse4.1, sse4.2, popcnt, avx, avx2, aes, clmul, erms, 3dnowpref, lzcnt, ht, tsc, tscinvbit, bmi1, bmi2, adx

/proc/cpuinfo:
processor	: 0
vendor_id	: GenuineIntel
cpu family	: 6
model		: 158
model name	: Intel(R) Core(TM) i7-8750H CPU @ 2.20GHz
stepping	: 10
microcode	: 0x96
cpu MHz		: 2620.287
cache size	: 9216 KB
physical id	: 0
siblings	: 12
core id		: 0
cpu cores	: 6
apicid		: 0
initial apicid	: 0
fpu		: yes
fpu_exception	: yes
cpuid level	: 22
wp		: yes
flags		: fpu vme de pse tsc msr pae mce cx8 apic sep mtrr pge mca cmov pat pse36 clflush dts acpi mmx fxsr sse sse2 ss ht tm pbe syscall nx pdpe1gb rdtscp lm constant_tsc art arch_perfmon pebs bts rep_good nopl xtopology nonstop_tsc cpuid aperfmperf tsc_known_freq pni pclmulqdq dtes64 monitor ds_cpl vmx est tm2 ssse3 sdbg fma cx16 xtpr pdcm pcid sse4_1 sse4_2 x2apic movbe popcnt tsc_deadline_timer aes xsave avx f16c rdrand lahf_lm abm 3dnowprefetch cpuid_fault epb invpcid_single pti ssbd ibrs ibpb stibp tpr_shadow vnmi flexpriority ept vpid fsgsbase tsc_adjust bmi1 avx2 smep bmi2 erms invpcid mpx rdseed adx smap clflushopt intel_pt xsaveopt xsavec xgetbv1 xsaves dtherm ida arat pln pts hwp hwp_notify hwp_act_window hwp_epp flush_l1d
bugs		: cpu_meltdown spectre_v1 spectre_v2 spec_store_bypass l1tf
bogomips	: 4416.00
clflush size	: 64
cache_alignment	: 64
address sizes	: 39 bits physical, 48 bits virtual
power management:

processor	: 1
vendor_id	: GenuineIntel
cpu family	: 6
model		: 158
model name	: Intel(R) Core(TM) i7-8750H CPU @ 2.20GHz
stepping	: 10
microcode	: 0x96
cpu MHz		: 1734.208
cache size	: 9216 KB
physical id	: 0
siblings	: 12
core id		: 1
cpu cores	: 6
apicid		: 2
initial apicid	: 2
fpu		: yes
fpu_exception	: yes
cpuid level	: 22
wp		: yes
flags		: fpu vme de pse tsc msr pae mce cx8 apic sep mtrr pge mca cmov pat pse36 clflush dts acpi mmx fxsr sse sse2 ss ht tm pbe syscall nx pdpe1gb rdtscp lm constant_tsc art arch_perfmon pebs bts rep_good nopl xtopology nonstop_tsc cpuid aperfmperf tsc_known_freq pni pclmulqdq dtes64 monitor ds_cpl vmx est tm2 ssse3 sdbg fma cx16 xtpr pdcm pcid sse4_1 sse4_2 x2apic movbe popcnt tsc_deadline_timer aes xsave avx f16c rdrand lahf_lm abm 3dnowprefetch cpuid_fault epb invpcid_single pti ibrs ibpb stibp tpr_shadow vnmi flexpriority ept vpid fsgsbase tsc_adjust bmi1 avx2 smep bmi2 erms invpcid mpx rdseed adx smap clflushopt intel_pt xsaveopt xsavec xgetbv1 xsaves dtherm ida arat pln pts hwp hwp_notify hwp_act_window hwp_epp
bugs		: cpu_meltdown spectre_v1 spectre_v2 spec_store_bypass l1tf
bogomips	: 4416.00
clflush size	: 64
cache_alignment	: 64
address sizes	: 39 bits physical, 48 bits virtual
power management:

processor	: 2
vendor_id	: GenuineIntel
cpu family	: 6
model		: 158
model name	: Intel(R) Core(TM) i7-8750H CPU @ 2.20GHz
stepping	: 10
microcode	: 0x96
cpu MHz		: 1350.297
cache size	: 9216 KB
physical id	: 0
siblings	: 12
core id		: 2
cpu cores	: 6
apicid		: 4
initial apicid	: 4
fpu		: yes
fpu_exception	: yes
cpuid level	: 22
wp		: yes
flags		: fpu vme de pse tsc msr pae mce cx8 apic sep mtrr pge mca cmov pat pse36 clflush dts acpi mmx fxsr sse sse2 ss ht tm pbe syscall nx pdpe1gb rdtscp lm constant_tsc art arch_perfmon pebs bts rep_good nopl xtopology nonstop_tsc cpuid aperfmperf tsc_known_freq pni pclmulqdq dtes64 monitor ds_cpl vmx est tm2 ssse3 sdbg fma cx16 xtpr pdcm pcid sse4_1 sse4_2 x2apic movbe popcnt tsc_deadline_timer aes xsave avx f16c rdrand lahf_lm abm 3dnowprefetch cpuid_fault epb invpcid_single pti ibrs ibpb stibp tpr_shadow vnmi flexpriority ept vpid fsgsbase tsc_adjust bmi1 avx2 smep bmi2 erms invpcid mpx rdseed adx smap clflushopt intel_pt xsaveopt xsavec xgetbv1 xsaves dtherm ida arat pln pts hwp hwp_notify hwp_act_window hwp_epp
bugs		: cpu_meltdown spectre_v1 spectre_v2 spec_store_bypass l1tf
bogomips	: 4416.00
clflush size	: 64
cache_alignment	: 64
address sizes	: 39 bits physical, 48 bits virtual
power management:

processor	: 3
vendor_id	: GenuineIntel
cpu family	: 6
model		: 158
model name	: Intel(R) Core(TM) i7-8750H CPU @ 2.20GHz
stepping	: 10
microcode	: 0x96
cpu MHz		: 1611.265
cache size	: 9216 KB
physical id	: 0
siblings	: 12
core id		: 3
cpu cores	: 6
apicid		: 6
initial apicid	: 6
fpu		: yes
fpu_exception	: yes
cpuid level	: 22
wp		: yes
flags		: fpu vme de pse tsc msr pae mce cx8 apic sep mtrr pge mca cmov pat pse36 clflush dts acpi mmx fxsr sse sse2 ss ht tm pbe syscall nx pdpe1gb rdtscp lm constant_tsc art arch_perfmon pebs bts rep_good nopl xtopology nonstop_tsc cpuid aperfmperf tsc_known_freq pni pclmulqdq dtes64 monitor ds_cpl vmx est tm2 ssse3 sdbg fma cx16 xtpr pdcm pcid sse4_1 sse4_2 x2apic movbe popcnt tsc_deadline_timer aes xsave avx f16c rdrand lahf_lm abm 3dnowprefetch cpuid_fault epb invpcid_single pti ibrs ibpb stibp tpr_shadow vnmi flexpriority ept vpid fsgsbase tsc_adjust bmi1 avx2 smep bmi2 erms invpcid mpx rdseed adx smap clflushopt intel_pt xsaveopt xsavec xgetbv1 xsaves dtherm ida arat pln pts hwp hwp_notify hwp_act_window hwp_epp
bugs		: cpu_meltdown spectre_v1 spectre_v2 spec_store_bypass l1tf
bogomips	: 4416.00
clflush size	: 64
cache_alignment	: 64
address sizes	: 39 bits physical, 48 bits virtual
power management:

processor	: 4
vendor_id	: GenuineIntel
cpu family	: 6
model		: 158
model name	: Intel(R) Core(TM) i7-8750H CPU @ 2.20GHz
stepping	: 10
microcode	: 0x96
cpu MHz		: 1363.067
cache size	: 9216 KB
physical id	: 0
siblings	: 12
core id		: 4
cpu cores	: 6
apicid		: 8
initial apicid	: 8
fpu		: yes
fpu_exception	: yes
cpuid level	: 22
wp		: yes
flags		: fpu vme de pse tsc msr pae mce cx8 apic sep mtrr pge mca cmov pat pse36 clflush dts acpi mmx fxsr sse sse2 ss ht tm pbe syscall nx pdpe1gb rdtscp lm constant_tsc art arch_perfmon pebs bts rep_good nopl xtopology nonstop_tsc cpuid aperfmperf tsc_known_freq pni pclmulqdq dtes64 monitor ds_cpl vmx est tm2 ssse3 sdbg fma cx16 xtpr pdcm pcid sse4_1 sse4_2 x2apic movbe popcnt tsc_deadline_timer aes xsave avx f16c rdrand lahf_lm abm 3dnowprefetch cpuid_fault epb invpcid_single pti ibrs ibpb stibp tpr_shadow vnmi flexpriority ept vpid fsgsbase tsc_adjust bmi1 avx2 smep bmi2 erms invpcid mpx rdseed adx smap clflushopt intel_pt xsaveopt xsavec xgetbv1 xsaves dtherm ida arat pln pts hwp hwp_notify hwp_act_window hwp_epp
bugs		: cpu_meltdown spectre_v1 spectre_v2 spec_store_bypass l1tf
bogomips	: 4416.00
clflush size	: 64
cache_alignment	: 64
address sizes	: 39 bits physical, 48 bits virtual
power management:

processor	: 5
vendor_id	: GenuineIntel
cpu family	: 6
model		: 158
model name	: Intel(R) Core(TM) i7-8750H CPU @ 2.20GHz
stepping	: 10
microcode	: 0x96
cpu MHz		: 902.141
cache size	: 9216 KB
physical id	: 0
siblings	: 12
core id		: 5
cpu cores	: 6
apicid		: 10
initial apicid	: 10
fpu		: yes
fpu_exception	: yes
cpuid level	: 22
wp		: yes
flags		: fpu vme de pse tsc msr pae mce cx8 apic sep mtrr pge mca cmov pat pse36 clflush dts acpi mmx fxsr sse sse2 ss ht tm pbe syscall nx pdpe1gb rdtscp lm constant_tsc art arch_perfmon pebs bts rep_good nopl xtopology nonstop_tsc cpuid aperfmperf tsc_known_freq pni pclmulqdq dtes64 monitor ds_cpl vmx est tm2 ssse3 sdbg fma cx16 xtpr pdcm pcid sse4_1 sse4_2 x2apic movbe popcnt tsc_deadline_timer aes xsave avx f16c rdrand lahf_lm abm 3dnowprefetch cpuid_fault epb invpcid_single pti ibrs ibpb stibp tpr_shadow vnmi flexpriority ept vpid fsgsbase tsc_adjust bmi1 avx2 smep bmi2 erms invpcid mpx rdseed adx smap clflushopt intel_pt xsaveopt xsavec xgetbv1 xsaves dtherm ida arat pln pts hwp hwp_notify hwp_act_window hwp_epp
bugs		: cpu_meltdown spectre_v1 spectre_v2 spec_store_bypass l1tf
bogomips	: 4416.00
clflush size	: 64
cache_alignment	: 64
address sizes	: 39 bits physical, 48 bits virtual
power management:

processor	: 6
vendor_id	: GenuineIntel
cpu family	: 6
model		: 158
model name	: Intel(R) Core(TM) i7-8750H CPU @ 2.20GHz
stepping	: 10
microcode	: 0x96
cpu MHz		: 904.852
cache size	: 9216 KB
physical id	: 0
siblings	: 12
core id		: 0
cpu cores	: 6
apicid		: 1
initial apicid	: 1
fpu		: yes
fpu_exception	: yes
cpuid level	: 22
wp		: yes
flags		: fpu vme de pse tsc msr pae mce cx8 apic sep mtrr pge mca cmov pat pse36 clflush dts acpi mmx fxsr sse sse2 ss ht tm pbe syscall nx pdpe1gb rdtscp lm constant_tsc art arch_perfmon pebs bts rep_good nopl xtopology nonstop_tsc cpuid aperfmperf tsc_known_freq pni pclmulqdq dtes64 monitor ds_cpl vmx est tm2 ssse3 sdbg fma cx16 xtpr pdcm pcid sse4_1 sse4_2 x2apic movbe popcnt tsc_deadline_timer aes xsave avx f16c rdrand lahf_lm abm 3dnowprefetch cpuid_fault epb invpcid_single pti ssbd ibrs ibpb stibp tpr_shadow vnmi flexpriority ept vpid fsgsbase tsc_adjust bmi1 avx2 smep bmi2 erms invpcid mpx rdseed adx smap clflushopt intel_pt xsaveopt xsavec xgetbv1 xsaves dtherm ida arat pln pts hwp hwp_notify hwp_act_window hwp_epp flush_l1d
bugs		: cpu_meltdown spectre_v1 spectre_v2 spec_store_bypass l1tf
bogomips	: 4416.00
clflush size	: 64
cache_alignment	: 64
address sizes	: 39 bits physical, 48 bits virtual
power management:

processor	: 7
vendor_id	: GenuineIntel
cpu family	: 6
model		: 158
model name	: Intel(R) Core(TM) i7-8750H CPU @ 2.20GHz
stepping	: 10
microcode	: 0x96
cpu MHz		: 995.398
cache size	: 9216 KB
physical id	: 0
siblings	: 12
core id		: 1
cpu cores	: 6
apicid		: 3
initial apicid	: 3
fpu		: yes
fpu_exception	: yes
cpuid level	: 22
wp		: yes
flags		: fpu vme de pse tsc msr pae mce cx8 apic sep mtrr pge mca cmov pat pse36 clflush dts acpi mmx fxsr sse sse2 ss ht tm pbe syscall nx pdpe1gb rdtscp lm constant_tsc art arch_perfmon pebs bts rep_good nopl xtopology nonstop_tsc cpuid aperfmperf tsc_known_freq pni pclmulqdq dtes64 monitor ds_cpl vmx est tm2 ssse3 sdbg fma cx16 xtpr pdcm pcid sse4_1 sse4_2 x2apic movbe popcnt tsc_deadline_timer aes xsave avx f16c rdrand lahf_lm abm 3dnowprefetch cpuid_fault epb invpcid_single pti ssbd ibrs ibpb stibp tpr_shadow vnmi flexpriority ept vpid fsgsbase tsc_adjust bmi1 avx2 smep bmi2 erms invpcid mpx rdseed adx smap clflushopt intel_pt xsaveopt xsavec xgetbv1 xsaves dtherm ida arat pln pts hwp hwp_notify hwp_act_window hwp_epp flush_l1d
bugs		: cpu_meltdown spectre_v1 spectre_v2 spec_store_bypass l1tf
bogomips	: 4416.00
clflush size	: 64
cache_alignment	: 64
address sizes	: 39 bits physical, 48 bits virtual
power management:

processor	: 8
vendor_id	: GenuineIntel
cpu family	: 6
model		: 158
model name	: Intel(R) Core(TM) i7-8750H CPU @ 2.20GHz
stepping	: 10
microcode	: 0x96
cpu MHz		: 1047.804
cache size	: 9216 KB
physical id	: 0
siblings	: 12
core id		: 2
cpu cores	: 6
apicid		: 5
initial apicid	: 5
fpu		: yes
fpu_exception	: yes
cpuid level	: 22
wp		: yes
flags		: fpu vme de pse tsc msr pae mce cx8 apic sep mtrr pge mca cmov pat pse36 clflush dts acpi mmx fxsr sse sse2 ss ht tm pbe syscall nx pdpe1gb rdtscp lm constant_tsc art arch_perfmon pebs bts rep_good nopl xtopology nonstop_tsc cpuid aperfmperf tsc_known_freq pni pclmulqdq dtes64 monitor ds_cpl vmx est tm2 ssse3 sdbg fma cx16 xtpr pdcm pcid sse4_1 sse4_2 x2apic movbe popcnt tsc_deadline_timer aes xsave avx f16c rdrand lahf_lm abm 3dnowprefetch cpuid_fault epb invpcid_single pti ssbd ibrs ibpb stibp tpr_shadow vnmi flexpriority ept vpid fsgsbase tsc_adjust bmi1 avx2 smep bmi2 erms invpcid mpx rdseed adx smap clflushopt intel_pt xsaveopt xsavec xgetbv1 xsaves dtherm ida arat pln pts hwp hwp_notify hwp_act_window hwp_epp flush_l1d
bugs		: cpu_meltdown spectre_v1 spectre_v2 spec_store_bypass l1tf
bogomips	: 4416.00
clflush size	: 64
cache_alignment	: 64
address sizes	: 39 bits physical, 48 bits virtual
power management:

processor	: 9
vendor_id	: GenuineIntel
cpu family	: 6
model		: 158
model name	: Intel(R) Core(TM) i7-8750H CPU @ 2.20GHz
stepping	: 10
microcode	: 0x96
cpu MHz		: 1006.034
cache size	: 9216 KB
physical id	: 0
siblings	: 12
core id		: 3
cpu cores	: 6
apicid		: 7
initial apicid	: 7
fpu		: yes
fpu_exception	: yes
cpuid level	: 22
wp		: yes
flags		: fpu vme de pse tsc msr pae mce cx8 apic sep mtrr pge mca cmov pat pse36 clflush dts acpi mmx fxsr sse sse2 ss ht tm pbe syscall nx pdpe1gb rdtscp lm constant_tsc art arch_perfmon pebs bts rep_good nopl xtopology nonstop_tsc cpuid aperfmperf tsc_known_freq pni pclmulqdq dtes64 monitor ds_cpl vmx est tm2 ssse3 sdbg fma cx16 xtpr pdcm pcid sse4_1 sse4_2 x2apic movbe popcnt tsc_deadline_timer aes xsave avx f16c rdrand lahf_lm abm 3dnowprefetch cpuid_fault epb invpcid_single pti ssbd ibrs ibpb stibp tpr_shadow vnmi flexpriority ept vpid fsgsbase tsc_adjust bmi1 avx2 smep bmi2 erms invpcid mpx rdseed adx smap clflushopt intel_pt xsaveopt xsavec xgetbv1 xsaves dtherm ida arat pln pts hwp hwp_notify hwp_act_window hwp_epp flush_l1d
bugs		: cpu_meltdown spectre_v1 spectre_v2 spec_store_bypass l1tf
bogomips	: 4416.00
clflush size	: 64
cache_alignment	: 64
address sizes	: 39 bits physical, 48 bits virtual
power management:

processor	: 10
vendor_id	: GenuineIntel
cpu family	: 6
model		: 158
model name	: Intel(R) Core(TM) i7-8750H CPU @ 2.20GHz
stepping	: 10
microcode	: 0x96
cpu MHz		: 919.676
cache size	: 9216 KB
physical id	: 0
siblings	: 12
core id		: 4
cpu cores	: 6
apicid		: 9
initial apicid	: 9
fpu		: yes
fpu_exception	: yes
cpuid level	: 22
wp		: yes
flags		: fpu vme de pse tsc msr pae mce cx8 apic sep mtrr pge mca cmov pat pse36 clflush dts acpi mmx fxsr sse sse2 ss ht tm pbe syscall nx pdpe1gb rdtscp lm constant_tsc art arch_perfmon pebs bts rep_good nopl xtopology nonstop_tsc cpuid aperfmperf tsc_known_freq pni pclmulqdq dtes64 monitor ds_cpl vmx est tm2 ssse3 sdbg fma cx16 xtpr pdcm pcid sse4_1 sse4_2 x2apic movbe popcnt tsc_deadline_timer aes xsave avx f16c rdrand lahf_lm abm 3dnowprefetch cpuid_fault epb invpcid_single pti ssbd ibrs ibpb stibp tpr_shadow vnmi flexpriority ept vpid fsgsbase tsc_adjust bmi1 avx2 smep bmi2 erms invpcid mpx rdseed adx smap clflushopt intel_pt xsaveopt xsavec xgetbv1 xsaves dtherm ida arat pln pts hwp hwp_notify hwp_act_window hwp_epp flush_l1d
bugs		: cpu_meltdown spectre_v1 spectre_v2 spec_store_bypass l1tf
bogomips	: 4416.00
clflush size	: 64
cache_alignment	: 64
address sizes	: 39 bits physical, 48 bits virtual
power management:

processor	: 11
vendor_id	: GenuineIntel
cpu family	: 6
model		: 158
model name	: Intel(R) Core(TM) i7-8750H CPU @ 2.20GHz
stepping	: 10
microcode	: 0x96
cpu MHz		: 915.442
cache size	: 9216 KB
physical id	: 0
siblings	: 12
core id		: 5
cpu cores	: 6
apicid		: 11
initial apicid	: 11
fpu		: yes
fpu_exception	: yes
cpuid level	: 22
wp		: yes
flags		: fpu vme de pse tsc msr pae mce cx8 apic sep mtrr pge mca cmov pat pse36 clflush dts acpi mmx fxsr sse sse2 ss ht tm pbe syscall nx pdpe1gb rdtscp lm constant_tsc art arch_perfmon pebs bts rep_good nopl xtopology nonstop_tsc cpuid aperfmperf tsc_known_freq pni pclmulqdq dtes64 monitor ds_cpl vmx est tm2 ssse3 sdbg fma cx16 xtpr pdcm pcid sse4_1 sse4_2 x2apic movbe popcnt tsc_deadline_timer aes xsave avx f16c rdrand lahf_lm abm 3dnowprefetch cpuid_fault epb invpcid_single pti ssbd ibrs ibpb stibp tpr_shadow vnmi flexpriority ept vpid fsgsbase tsc_adjust bmi1 avx2 smep bmi2 erms invpcid mpx rdseed adx smap clflushopt intel_pt xsaveopt xsavec xgetbv1 xsaves dtherm ida arat pln pts hwp hwp_notify hwp_act_window hwp_epp flush_l1d
bugs		: cpu_meltdown spectre_v1 spectre_v2 spec_store_bypass l1tf
bogomips	: 4416.00
clflush size	: 64
cache_alignment	: 64
address sizes	: 39 bits physical, 48 bits virtual
power management:



Memory: 4k page, physical 16294960k(2341988k free), swap 20981756k(18278548k free)

vm_info: OpenJDK 64-Bit Server VM (25.212-b03) for linux-amd64 JRE (1.8.0_212-8u212-b03-0ubuntu1.16.04.1-b03), built on Apr 26 2019 02:02:50 by "buildd" with gcc 5.4.0 20160609

time: Wed Jun  5 22:47:20 2019
timezone: EDT
elapsed time: 0 seconds (0d 0h 0m 0s)

