#
# A fatal error has been detected by the Java Runtime Environment:
#
#  SIGSEGV (0xb) at pc=0x00007f1f882a782c, pid=1184, tid=0x00007f1fa8f02700
#
# JRE version: OpenJDK Runtime Environment (8.0_212-b03) (build 1.8.0_212-8u212-b03-0ubuntu1.16.04.1-b03)
# Java VM: OpenJDK 64-Bit Server VM (25.212-b03 mixed mode linux-amd64 compressed oops)
# Problematic frame:
# C  [module.so+0xf82c]  PlanDB::populate_states(char const*)+0x74
#
# Failed to write core dump. Core dumps have been disabled. To enable core dumping, try "ulimit -c unlimited" before starting Java again
#
# If you would like to submit a bug report, please visit:
#   http://bugreport.java.com/bugreport/crash.jsp
# The crash happened outside the Java Virtual Machine in native code.
# See problematic frame for where to report the bug.
#

---------------  T H R E A D  ---------------

Current thread (0x00007f1fa000a800):  JavaThread "main" [_thread_in_native, id=1190, stack(0x00007f1fa8e02000,0x00007f1fa8f03000)]

siginfo: si_signo: 11 (SIGSEGV), si_code: 1 (SEGV_MAPERR), si_addr: 0x0000000000000081

Registers:
RAX=0x0000000000000001, RBX=0x00007f1f8bc01488, RCX=0x00007f1fa88222dd, RDX=0x0000000000000000
RSP=0x00007f1fa8f011d0, RBP=0x00007f1fa8f01820, RSI=0x00007f1fa8af1780, RDI=0x0000000000000000
R8 =0x00007f1fa8af1780, R9 =0x00007f1fa8f02700, R10=0x00000000000001d0, R11=0x0000000000000000
R12=0x0000000000000000, R13=0x00007f1f8bc01488, R14=0x00007f1fa8f01958, R15=0x00007f1fa000a800
RIP=0x00007f1f882a782c, EFLAGS=0x0000000000010213, CSGSFS=0x002b000000000033, ERR=0x0000000000000004
  TRAPNO=0x000000000000000e

Top of Stack: (sp=0x00007f1fa8f011d0)
0x00007f1fa8f011d0:   00007f1fa0141b30 0000000000000001
0x00007f1fa8f011e0:   000000000000018d 00007f1f8829b5f8
0x00007f1fa8f011f0:   00007f1fa01413e0 00007f1fa8f01298
0x00007f1fa8f01200:   00007f1fa8f01294 00007f1fa8d0cfe1
0x00007f1fa8f01210:   00007f1f8829b5f8 00007f1f8829be15
0x00007f1fa8f01220:   00007f1f8829b208 00007f1fa8f01298
0x00007f1fa8f01230:   000000009ff0b979 00000000027fc2e5
0x00007f1fa8f01240:   00007f1f00000039 00007f1fa8f01370
0x00007f1fa8f01250:   00007f1f8829b5f8 00007f1f88298cd0
0x00007f1fa8f01260:   00007f1fa8f01294 00007f1fa8f01360
0x00007f1fa8f01270:   00007f1fa0139ea8 0000000000000000
0x00007f1fa8f01280:   0000000000000006 00007f1fa8f013b0
0x00007f1fa8f01290:   000000008829b5f8 0000000000000000
0x00007f1fa8f012a0:   00007f1fa8f012d4 00007f1fa0141740
0x00007f1fa8f012b0:   00007f1fa8f01400 0000000000000000
0x00007f1fa8f012c0:   0000000000000000 00007f1fa01413e0
0x00007f1fa8f012d0:   00007f1fa8f01428 00007f1fa8d0db1f
0x00007f1fa8f012e0:   0000000000000000 0000000000000000
0x00007f1fa8f012f0:   0000000000000005 0000000000000000
0x00007f1fa8f01300:   0000000000000001 00007f1fa01413e0
0x00007f1fa8f01310:   00007f1fa8f01468 00007f1fa8d0db1f
0x00007f1fa8f01320:   0000000000000000 0000000000000000
0x00007f1fa8f01330:   00007f1fa0141738 00007f1fa8f01370
0x00007f1fa8f01340:   0000000100000001 00007f1fa8f01360
0x00007f1fa8f01350:   000000009ff0b979 00007f1f8829be15
0x00007f1fa8f01360:   00000000ffffffff 0000000000000000
0x00007f1fa8f01370:   00007f1f8829b208 00007f1fa01413e0
0x00007f1fa8f01380:   000000010000000e 00007f1fa8f013a0
0x00007f1fa8f01390:   00000000eb29d0c7 00007f1f8829c9b4
0x00007f1fa8f013a0:   00000000ffffffff 00007f1fa000a800
0x00007f1fa8f013b0:   00007f1f8829a068 00007f1fa01413e0
0x00007f1fa8f013c0:   000000000000000e ffffffffffffffff 

Instructions: (pc=0x00007f1f882a782c)
0x00007f1f882a780c:   d0 ef ff ff 48 89 c2 48 8b 05 c6 b7 20 00 48 89
0x00007f1f882a781c:   c6 48 89 d7 e8 fb f7 ff ff 48 8b 85 b8 f9 ff ff
0x00007f1f882a782c:   48 8b 80 80 00 00 00 48 89 c6 48 8b 05 8b b7 20
0x00007f1f882a783c:   00 48 89 c7 e8 9b ef ff ff 48 89 c2 48 8b 05 91 

Register to memory mapping:

RAX=0x0000000000000001 is an unknown value
RBX={method} {0x00007f1f8bc01488} 'PlanDB_populate_db' '(JLPlanDB;Ljava/lang/String;)Z' in 'DBJNI'
RCX=0x00007f1fa88222dd: __write+0x2d in /lib/x86_64-linux-gnu/libc.so.6 at 0x00007f1fa872b000
RDX=0x0000000000000000 is an unknown value
RSP=0x00007f1fa8f011d0 is pointing into the stack for thread: 0x00007f1fa000a800
RBP=0x00007f1fa8f01820 is pointing into the stack for thread: 0x00007f1fa000a800
RSI=0x00007f1fa8af1780: <offset 0x3c6780> in /lib/x86_64-linux-gnu/libc.so.6 at 0x00007f1fa872b000
RDI=0x0000000000000000 is an unknown value
R8 =0x00007f1fa8af1780: <offset 0x3c6780> in /lib/x86_64-linux-gnu/libc.so.6 at 0x00007f1fa872b000
R9 =0x00007f1fa8f02700 is pointing into the stack for thread: 0x00007f1fa000a800
R10=0x00000000000001d0 is an unknown value
R11=0x0000000000000000 is an unknown value
R12=0x0000000000000000 is an unknown value
R13={method} {0x00007f1f8bc01488} 'PlanDB_populate_db' '(JLPlanDB;Ljava/lang/String;)Z' in 'DBJNI'
R14=0x00007f1fa8f01958 is pointing into the stack for thread: 0x00007f1fa000a800
R15=0x00007f1fa000a800 is a thread


Stack: [0x00007f1fa8e02000,0x00007f1fa8f03000],  sp=0x00007f1fa8f011d0,  free space=1020k
Native frames: (J=compiled Java code, j=interpreted, Vv=VM code, C=native code)
C  [module.so+0xf82c]  PlanDB::populate_states(char const*)+0x74
C  [module.so+0x104ef]  PlanDB::populate_db(char const*)+0x3d
C  [module.so+0x15095]  Java_DBJNI_PlanDB_1populate_1db+0x87
j  DBJNI.PlanDB_populate_db(JLPlanDB;Ljava/lang/String;)Z+0
j  PlanDB.populate_db(Ljava/lang/String;)Z+6
j  connect.main([Ljava/lang/String;)V+64
v  ~StubRoutines::call_stub
V  [libjvm.so+0x6679eb]
V  [libjvm.so+0x6896ae]
V  [libjvm.so+0x68bfdf]
C  [libjli.so+0x34e2]
C  [libjli.so+0x737d]
C  [libpthread.so.0+0x76ba]  start_thread+0xca

Java frames: (J=compiled Java code, j=interpreted, Vv=VM code)
j  DBJNI.PlanDB_populate_db(JLPlanDB;Ljava/lang/String;)Z+0
j  PlanDB.populate_db(Ljava/lang/String;)Z+6
j  connect.main([Ljava/lang/String;)V+64
v  ~StubRoutines::call_stub

---------------  P R O C E S S  ---------------

Java Threads: ( => current thread )
  0x00007f1fa00d7000 JavaThread "Service Thread" daemon [_thread_blocked, id=1215, stack(0x00007f1f885d0000,0x00007f1f886d1000)]
  0x00007f1fa00cb800 JavaThread "C1 CompilerThread3" daemon [_thread_blocked, id=1214, stack(0x00007f1f886d1000,0x00007f1f887d2000)]
  0x00007f1fa00c9800 JavaThread "C2 CompilerThread2" daemon [_thread_blocked, id=1213, stack(0x00007f1f887d2000,0x00007f1f888d3000)]
  0x00007f1fa00c8000 JavaThread "C2 CompilerThread1" daemon [_thread_blocked, id=1212, stack(0x00007f1f888d3000,0x00007f1f889d4000)]
  0x00007f1fa00c5000 JavaThread "C2 CompilerThread0" daemon [_thread_blocked, id=1211, stack(0x00007f1f889d4000,0x00007f1f88ad5000)]
  0x00007f1fa00c3800 JavaThread "Signal Dispatcher" daemon [_thread_blocked, id=1210, stack(0x00007f1f88ad5000,0x00007f1f88bd6000)]
  0x00007f1fa0090800 JavaThread "Finalizer" daemon [_thread_blocked, id=1209, stack(0x00007f1f89595000,0x00007f1f89696000)]
  0x00007f1fa008e000 JavaThread "Reference Handler" daemon [_thread_blocked, id=1208, stack(0x00007f1f89696000,0x00007f1f89797000)]
=>0x00007f1fa000a800 JavaThread "main" [_thread_in_native, id=1190, stack(0x00007f1fa8e02000,0x00007f1fa8f03000)]

Other Threads:
  0x00007f1fa0084800 VMThread [stack: 0x00007f1f89797000,0x00007f1f89898000] [id=1206]
  0x00007f1fa00d9800 WatcherThread [stack: 0x00007f1f884cf000,0x00007f1f885d0000] [id=1216]

VM state:not at safepoint (normal execution)

VM Mutex/Monitor currently owned by a thread: None

heap address: 0x00000006c7400000, size: 3980 MB, Compressed Oops mode: Zero based, Oop shift amount: 3
Narrow klass base: 0x0000000000000000, Narrow klass shift: 3
Compressed class space size: 1073741824 Address: 0x00000007c0000000

Heap:
 PSYoungGen      total 74752K, used 1290K [0x000000076d180000, 0x0000000772480000, 0x00000007c0000000)
  eden space 64512K, 2% used [0x000000076d180000,0x000000076d2c2900,0x0000000771080000)
  from space 10240K, 0% used [0x0000000771a80000,0x0000000771a80000,0x0000000772480000)
  to   space 10240K, 0% used [0x0000000771080000,0x0000000771080000,0x0000000771a80000)
 ParOldGen       total 171008K, used 0K [0x00000006c7400000, 0x00000006d1b00000, 0x000000076d180000)
  object space 171008K, 0% used [0x00000006c7400000,0x00000006c7400000,0x00000006d1b00000)
 Metaspace       used 2555K, capacity 4490K, committed 4864K, reserved 1056768K
  class space    used 270K, capacity 386K, committed 512K, reserved 1048576K

Card table byte_map: [0x00007f1fa4ce8000,0x00007f1fa54af000] byte_map_base: 0x00007f1fa16ae000

Marking Bits: (ParMarkBitMap*) 0x00007f1fa80d3580
 Begin Bits: [0x00007f1f503a0000, 0x00007f1f541d0000)
 End Bits:   [0x00007f1f541d0000, 0x00007f1f58000000)

Polling page: 0x00007f1fa8f26000

CodeCache: size=245760Kb used=1083Kb max_used=1083Kb free=244676Kb
 bounds [0x00007f1f91000000, 0x00007f1f91270000, 0x00007f1fa0000000]
 total_blobs=247 nmethods=15 adapters=148
 compilation: enabled

Compilation events (10 events):
Event: 0.032 Thread 0x00007f1fa00cb800   10       3       java.lang.AbstractStringBuilder::ensureCapacityInternal (27 bytes)
Event: 0.033 Thread 0x00007f1fa00cb800 nmethod 10 0x00007f1f9110b5d0 code [0x00007f1f9110b760, 0x00007f1f9110bbd8]
Event: 0.033 Thread 0x00007f1fa00cb800   12       1       java.lang.ThreadLocal::access$400 (5 bytes)
Event: 0.033 Thread 0x00007f1fa00cb800 nmethod 12 0x00007f1f9110b310 code [0x00007f1f9110b460, 0x00007f1f9110b550]
Event: 0.034 Thread 0x00007f1fa00cb800   13       3       java.lang.AbstractStringBuilder::append (50 bytes)
Event: 0.035 Thread 0x00007f1fa00cb800 nmethod 13 0x00007f1f9110d990 code [0x00007f1f9110db60, 0x00007f1f9110e2b8]
Event: 0.035 Thread 0x00007f1fa00cb800   14       3       java.lang.String::getChars (62 bytes)
Event: 0.035 Thread 0x00007f1fa00cb800 nmethod 14 0x00007f1f9110e5d0 code [0x00007f1f9110e780, 0x00007f1f9110ebb8]
Event: 0.036 Thread 0x00007f1fa00cb800   15       3       java.lang.System::getSecurityManager (4 bytes)
Event: 0.036 Thread 0x00007f1fa00cb800 nmethod 15 0x00007f1f9110b010 code [0x00007f1f9110b160, 0x00007f1f9110b2b0]

GC Heap History (0 events):
No events

Deoptimization events (0 events):
No events

Classes redefined (0 events):
No events

Internal exceptions (2 events):
Event: 0.014 Thread 0x00007f1fa000a800 Exception <a 'java/lang/NoSuchMethodError': Method sun.misc.Unsafe.defineClass(Ljava/lang/String;[BII)Ljava/lang/Class; name or signature does not match> (0x000000076d187cb0) thrown at [/build/openjdk-8-lHVHKD/openjdk-8-8u212-b03/src/hotspot/src/share/vm/
Event: 0.014 Thread 0x00007f1fa000a800 Exception <a 'java/lang/NoSuchMethodError': Method sun.misc.Unsafe.prefetchRead(Ljava/lang/Object;J)V name or signature does not match> (0x000000076d187f98) thrown at [/build/openjdk-8-lHVHKD/openjdk-8-8u212-b03/src/hotspot/src/share/vm/prims/jni.cpp, lin

Events (10 events):
Event: 0.035 loading class java/nio/charset/CoderResult$Cache done
Event: 0.035 loading class java/nio/charset/CoderResult$1 done
Event: 0.035 loading class java/nio/charset/CoderResult$2
Event: 0.035 loading class java/nio/charset/CoderResult$2 done
Event: 0.035 loading class PlanDB
Event: 0.035 loading class PlanDB done
Event: 0.036 loading class java/lang/UnsupportedOperationException
Event: 0.036 loading class java/lang/UnsupportedOperationException done
Event: 0.036 loading class DBJNI
Event: 0.036 loading class DBJNI done


Dynamic libraries:
00400000-00401000 r-xp 00000000 08:03 525465                             /usr/lib/jvm/java-8-openjdk-amd64/jre/bin/java
00600000-00601000 r--p 00000000 08:03 525465                             /usr/lib/jvm/java-8-openjdk-amd64/jre/bin/java
00601000-00602000 rw-p 00001000 08:03 525465                             /usr/lib/jvm/java-8-openjdk-amd64/jre/bin/java
01af9000-01b1a000 rw-p 00000000 00:00 0                                  [heap]
6c7400000-6d1b00000 rw-p 00000000 00:00 0 
6d1b00000-76d180000 ---p 00000000 00:00 0 
76d180000-772480000 rw-p 00000000 00:00 0 
772480000-7c0000000 ---p 00000000 00:00 0 
7c0000000-7c0080000 rw-p 00000000 00:00 0 
7c0080000-800000000 ---p 00000000 00:00 0 
7f1f2c000000-7f1f2c021000 rw-p 00000000 00:00 0 
7f1f2c021000-7f1f30000000 ---p 00000000 00:00 0 
7f1f30000000-7f1f30021000 rw-p 00000000 00:00 0 
7f1f30021000-7f1f34000000 ---p 00000000 00:00 0 
7f1f34000000-7f1f34021000 rw-p 00000000 00:00 0 
7f1f34021000-7f1f38000000 ---p 00000000 00:00 0 
7f1f38000000-7f1f38021000 rw-p 00000000 00:00 0 
7f1f38021000-7f1f3c000000 ---p 00000000 00:00 0 
7f1f3c000000-7f1f3c05e000 rw-p 00000000 00:00 0 
7f1f3c05e000-7f1f40000000 ---p 00000000 00:00 0 
7f1f40000000-7f1f40021000 rw-p 00000000 00:00 0 
7f1f40021000-7f1f44000000 ---p 00000000 00:00 0 
7f1f44000000-7f1f44021000 rw-p 00000000 00:00 0 
7f1f44021000-7f1f48000000 ---p 00000000 00:00 0 
7f1f48000000-7f1f48021000 rw-p 00000000 00:00 0 
7f1f48021000-7f1f4c000000 ---p 00000000 00:00 0 
7f1f4c000000-7f1f4c021000 rw-p 00000000 00:00 0 
7f1f4c021000-7f1f50000000 ---p 00000000 00:00 0 
7f1f503a0000-7f1f58000000 rw-p 00000000 00:00 0 
7f1f58000000-7f1f58021000 rw-p 00000000 00:00 0 
7f1f58021000-7f1f5c000000 ---p 00000000 00:00 0 
7f1f5c000000-7f1f5c021000 rw-p 00000000 00:00 0 
7f1f5c021000-7f1f60000000 ---p 00000000 00:00 0 
7f1f60000000-7f1f60021000 rw-p 00000000 00:00 0 
7f1f60021000-7f1f64000000 ---p 00000000 00:00 0 
7f1f64000000-7f1f64021000 rw-p 00000000 00:00 0 
7f1f64021000-7f1f68000000 ---p 00000000 00:00 0 
7f1f68000000-7f1f68021000 rw-p 00000000 00:00 0 
7f1f68021000-7f1f6c000000 ---p 00000000 00:00 0 
7f1f6c000000-7f1f6c021000 rw-p 00000000 00:00 0 
7f1f6c021000-7f1f70000000 ---p 00000000 00:00 0 
7f1f70000000-7f1f70021000 rw-p 00000000 00:00 0 
7f1f70021000-7f1f74000000 ---p 00000000 00:00 0 
7f1f74000000-7f1f74021000 rw-p 00000000 00:00 0 
7f1f74021000-7f1f78000000 ---p 00000000 00:00 0 
7f1f7c000000-7f1f7c021000 rw-p 00000000 00:00 0 
7f1f7c021000-7f1f80000000 ---p 00000000 00:00 0 
7f1f84000000-7f1f84021000 rw-p 00000000 00:00 0 
7f1f84021000-7f1f88000000 ---p 00000000 00:00 0 
7f1f88298000-7f1f882b3000 r-xp 00000000 08:05 6160843                    /home/frank/swimExtended/swim/examples/planDB_connect/src/module.so
7f1f882b3000-7f1f884b2000 ---p 0001b000 08:05 6160843                    /home/frank/swimExtended/swim/examples/planDB_connect/src/module.so
7f1f884b2000-7f1f884b3000 r--p 0001a000 08:05 6160843                    /home/frank/swimExtended/swim/examples/planDB_connect/src/module.so
7f1f884b3000-7f1f884b4000 rw-p 0001b000 08:05 6160843                    /home/frank/swimExtended/swim/examples/planDB_connect/src/module.so
7f1f884b4000-7f1f884cf000 r--s 001d6000 08:03 395042                     /usr/lib/jvm/java-8-openjdk-amd64/jre/lib/ext/nashorn.jar
7f1f884cf000-7f1f884d0000 ---p 00000000 00:00 0 
7f1f884d0000-7f1f885d0000 rw-p 00000000 00:00 0 
7f1f885d0000-7f1f885d3000 ---p 00000000 00:00 0 
7f1f885d3000-7f1f886d1000 rw-p 00000000 00:00 0 
7f1f886d1000-7f1f886d4000 ---p 00000000 00:00 0 
7f1f886d4000-7f1f887d2000 rw-p 00000000 00:00 0 
7f1f887d2000-7f1f887d5000 ---p 00000000 00:00 0 
7f1f887d5000-7f1f888d3000 rw-p 00000000 00:00 0 
7f1f888d3000-7f1f888d6000 ---p 00000000 00:00 0 
7f1f888d6000-7f1f889d4000 rw-p 00000000 00:00 0 
7f1f889d4000-7f1f889d7000 ---p 00000000 00:00 0 
7f1f889d7000-7f1f88ad5000 rw-p 00000000 00:00 0 
7f1f88ad5000-7f1f88ad8000 ---p 00000000 00:00 0 
7f1f88ad8000-7f1f88bd6000 rw-p 00000000 00:00 0 
7f1f88bd6000-7f1f89595000 r--p 00000000 08:03 400840                     /usr/lib/locale/locale-archive
7f1f89595000-7f1f89598000 ---p 00000000 00:00 0 
7f1f89598000-7f1f89696000 rw-p 00000000 00:00 0 
7f1f89696000-7f1f89699000 ---p 00000000 00:00 0 
7f1f89699000-7f1f89797000 rw-p 00000000 00:00 0 
7f1f89797000-7f1f89798000 ---p 00000000 00:00 0 
7f1f89798000-7f1f8bc40000 rw-p 00000000 00:00 0 
7f1f8bc40000-7f1f8c000000 ---p 00000000 00:00 0 
7f1f8c000000-7f1f8c021000 rw-p 00000000 00:00 0 
7f1f8c021000-7f1f90000000 ---p 00000000 00:00 0 
7f1f90017000-7f1f90368000 rw-p 00000000 00:00 0 
7f1f90368000-7f1f90537000 r--s 03c3b000 08:03 394713                     /usr/lib/jvm/java-8-openjdk-amd64/jre/lib/rt.jar
7f1f90537000-7f1f90cfd000 rw-p 00000000 00:00 0 
7f1f90cfd000-7f1f90cfe000 ---p 00000000 00:00 0 
7f1f90cfe000-7f1f90dfe000 rw-p 00000000 00:00 0 
7f1f90dfe000-7f1f90dff000 ---p 00000000 00:00 0 
7f1f90dff000-7f1f90eff000 rw-p 00000000 00:00 0 
7f1f90eff000-7f1f90f00000 ---p 00000000 00:00 0 
7f1f90f00000-7f1f91000000 rw-p 00000000 00:00 0 
7f1f91000000-7f1f91270000 rwxp 00000000 00:00 0 
7f1f91270000-7f1fa0000000 ---p 00000000 00:00 0 
7f1fa0000000-7f1fa015d000 rw-p 00000000 00:00 0 
7f1fa015d000-7f1fa4000000 ---p 00000000 00:00 0 
7f1fa4000000-7f1fa401b000 r--s 00394000 08:03 395041                     /usr/lib/jvm/java-8-openjdk-amd64/jre/lib/ext/cldrdata.jar
7f1fa401b000-7f1fa40b2000 rw-p 00000000 00:00 0 
7f1fa40b2000-7f1fa40b3000 ---p 00000000 00:00 0 
7f1fa40b3000-7f1fa41b3000 rw-p 00000000 00:00 0 
7f1fa41b3000-7f1fa41b4000 ---p 00000000 00:00 0 
7f1fa41b4000-7f1fa42b4000 rw-p 00000000 00:00 0 
7f1fa42b4000-7f1fa42b5000 ---p 00000000 00:00 0 
7f1fa42b5000-7f1fa43b5000 rw-p 00000000 00:00 0 
7f1fa43b5000-7f1fa43b6000 ---p 00000000 00:00 0 
7f1fa43b6000-7f1fa44b6000 rw-p 00000000 00:00 0 
7f1fa44b6000-7f1fa44b7000 ---p 00000000 00:00 0 
7f1fa44b7000-7f1fa45b7000 rw-p 00000000 00:00 0 
7f1fa45b7000-7f1fa45b8000 ---p 00000000 00:00 0 
7f1fa45b8000-7f1fa46b8000 rw-p 00000000 00:00 0 
7f1fa46b8000-7f1fa46b9000 ---p 00000000 00:00 0 
7f1fa46b9000-7f1fa480d000 rw-p 00000000 00:00 0 
7f1fa480d000-7f1fa4ce8000 ---p 00000000 00:00 0 
7f1fa4ce8000-7f1fa4d3c000 rw-p 00000000 00:00 0 
7f1fa4d3c000-7f1fa5216000 ---p 00000000 00:00 0 
7f1fa5216000-7f1fa5241000 rw-p 00000000 00:00 0 
7f1fa5241000-7f1fa54ae000 ---p 00000000 00:00 0 
7f1fa54ae000-7f1fa54b9000 rw-p 00000000 00:00 0 
7f1fa54b9000-7f1fa586f000 ---p 00000000 00:00 0 
7f1fa586f000-7f1fa5877000 r-xp 00000000 08:03 394712                     /usr/lib/jvm/java-8-openjdk-amd64/jre/lib/amd64/libzip.so
7f1fa5877000-7f1fa5a76000 ---p 00008000 08:03 394712                     /usr/lib/jvm/java-8-openjdk-amd64/jre/lib/amd64/libzip.so
7f1fa5a76000-7f1fa5a77000 r--p 00007000 08:03 394712                     /usr/lib/jvm/java-8-openjdk-amd64/jre/lib/amd64/libzip.so
7f1fa5a77000-7f1fa5a78000 rw-p 00008000 08:03 394712                     /usr/lib/jvm/java-8-openjdk-amd64/jre/lib/amd64/libzip.so
7f1fa5a78000-7f1fa5a83000 r-xp 00000000 08:03 789257                     /lib/x86_64-linux-gnu/libnss_files-2.23.so
7f1fa5a83000-7f1fa5c82000 ---p 0000b000 08:03 789257                     /lib/x86_64-linux-gnu/libnss_files-2.23.so
7f1fa5c82000-7f1fa5c83000 r--p 0000a000 08:03 789257                     /lib/x86_64-linux-gnu/libnss_files-2.23.so
7f1fa5c83000-7f1fa5c84000 rw-p 0000b000 08:03 789257                     /lib/x86_64-linux-gnu/libnss_files-2.23.so
7f1fa5c84000-7f1fa5c8a000 rw-p 00000000 00:00 0 
7f1fa5c8a000-7f1fa5c95000 r-xp 00000000 08:03 789267                     /lib/x86_64-linux-gnu/libnss_nis-2.23.so
7f1fa5c95000-7f1fa5e94000 ---p 0000b000 08:03 789267                     /lib/x86_64-linux-gnu/libnss_nis-2.23.so
7f1fa5e94000-7f1fa5e95000 r--p 0000a000 08:03 789267                     /lib/x86_64-linux-gnu/libnss_nis-2.23.so
7f1fa5e95000-7f1fa5e96000 rw-p 0000b000 08:03 789267                     /lib/x86_64-linux-gnu/libnss_nis-2.23.so
7f1fa5e96000-7f1fa5eac000 r-xp 00000000 08:03 789251                     /lib/x86_64-linux-gnu/libnsl-2.23.so
7f1fa5eac000-7f1fa60ab000 ---p 00016000 08:03 789251                     /lib/x86_64-linux-gnu/libnsl-2.23.so
7f1fa60ab000-7f1fa60ac000 r--p 00015000 08:03 789251                     /lib/x86_64-linux-gnu/libnsl-2.23.so
7f1fa60ac000-7f1fa60ad000 rw-p 00016000 08:03 789251                     /lib/x86_64-linux-gnu/libnsl-2.23.so
7f1fa60ad000-7f1fa60af000 rw-p 00000000 00:00 0 
7f1fa60af000-7f1fa60b7000 r-xp 00000000 08:03 789253                     /lib/x86_64-linux-gnu/libnss_compat-2.23.so
7f1fa60b7000-7f1fa62b6000 ---p 00008000 08:03 789253                     /lib/x86_64-linux-gnu/libnss_compat-2.23.so
7f1fa62b6000-7f1fa62b7000 r--p 00007000 08:03 789253                     /lib/x86_64-linux-gnu/libnss_compat-2.23.so
7f1fa62b7000-7f1fa62b8000 rw-p 00008000 08:03 789253                     /lib/x86_64-linux-gnu/libnss_compat-2.23.so
7f1fa62b8000-7f1fa62e4000 r-xp 00000000 08:03 394694                     /usr/lib/jvm/java-8-openjdk-amd64/jre/lib/amd64/libjava.so
7f1fa62e4000-7f1fa64e3000 ---p 0002c000 08:03 394694                     /usr/lib/jvm/java-8-openjdk-amd64/jre/lib/amd64/libjava.so
7f1fa64e3000-7f1fa64e4000 r--p 0002b000 08:03 394694                     /usr/lib/jvm/java-8-openjdk-amd64/jre/lib/amd64/libjava.so
7f1fa64e4000-7f1fa64e6000 rw-p 0002c000 08:03 394694                     /usr/lib/jvm/java-8-openjdk-amd64/jre/lib/amd64/libjava.so
7f1fa64e6000-7f1fa64f5000 r-xp 00000000 08:03 394683                     /usr/lib/jvm/java-8-openjdk-amd64/jre/lib/amd64/libverify.so
7f1fa64f5000-7f1fa66f4000 ---p 0000f000 08:03 394683                     /usr/lib/jvm/java-8-openjdk-amd64/jre/lib/amd64/libverify.so
7f1fa66f4000-7f1fa66f6000 r--p 0000e000 08:03 394683                     /usr/lib/jvm/java-8-openjdk-amd64/jre/lib/amd64/libverify.so
7f1fa66f6000-7f1fa66f7000 rw-p 00010000 08:03 394683                     /usr/lib/jvm/java-8-openjdk-amd64/jre/lib/amd64/libverify.so
7f1fa66f7000-7f1fa66fe000 r-xp 00000000 08:03 789312                     /lib/x86_64-linux-gnu/librt-2.23.so
7f1fa66fe000-7f1fa68fd000 ---p 00007000 08:03 789312                     /lib/x86_64-linux-gnu/librt-2.23.so
7f1fa68fd000-7f1fa68fe000 r--p 00006000 08:03 789312                     /lib/x86_64-linux-gnu/librt-2.23.so
7f1fa68fe000-7f1fa68ff000 rw-p 00007000 08:03 789312                     /lib/x86_64-linux-gnu/librt-2.23.so
7f1fa68ff000-7f1fa6915000 r-xp 00000000 08:03 789196                     /lib/x86_64-linux-gnu/libgcc_s.so.1
7f1fa6915000-7f1fa6b14000 ---p 00016000 08:03 789196                     /lib/x86_64-linux-gnu/libgcc_s.so.1
7f1fa6b14000-7f1fa6b15000 rw-p 00015000 08:03 789196                     /lib/x86_64-linux-gnu/libgcc_s.so.1
7f1fa6b15000-7f1fa6c1d000 r-xp 00000000 08:03 789228                     /lib/x86_64-linux-gnu/libm-2.23.so
7f1fa6c1d000-7f1fa6e1c000 ---p 00108000 08:03 789228                     /lib/x86_64-linux-gnu/libm-2.23.so
7f1fa6e1c000-7f1fa6e1d000 r--p 00107000 08:03 789228                     /lib/x86_64-linux-gnu/libm-2.23.so
7f1fa6e1d000-7f1fa6e1e000 rw-p 00108000 08:03 789228                     /lib/x86_64-linux-gnu/libm-2.23.so
7f1fa6e1e000-7f1fa6f90000 r-xp 00000000 08:03 404352                     /usr/lib/x86_64-linux-gnu/libstdc++.so.6.0.21
7f1fa6f90000-7f1fa7190000 ---p 00172000 08:03 404352                     /usr/lib/x86_64-linux-gnu/libstdc++.so.6.0.21
7f1fa7190000-7f1fa719a000 r--p 00172000 08:03 404352                     /usr/lib/x86_64-linux-gnu/libstdc++.so.6.0.21
7f1fa719a000-7f1fa719c000 rw-p 0017c000 08:03 404352                     /usr/lib/x86_64-linux-gnu/libstdc++.so.6.0.21
7f1fa719c000-7f1fa71a0000 rw-p 00000000 00:00 0 
7f1fa71a0000-7f1fa7e04000 r-xp 00000000 08:03 394692                     /usr/lib/jvm/java-8-openjdk-amd64/jre/lib/amd64/server/libjvm.so
7f1fa7e04000-7f1fa8003000 ---p 00c64000 08:03 394692                     /usr/lib/jvm/java-8-openjdk-amd64/jre/lib/amd64/server/libjvm.so
7f1fa8003000-7f1fa8097000 r--p 00c63000 08:03 394692                     /usr/lib/jvm/java-8-openjdk-amd64/jre/lib/amd64/server/libjvm.so
7f1fa8097000-7f1fa80c0000 rw-p 00cf7000 08:03 394692                     /usr/lib/jvm/java-8-openjdk-amd64/jre/lib/amd64/server/libjvm.so
7f1fa80c0000-7f1fa80f0000 rw-p 00000000 00:00 0 
7f1fa80f0000-7f1fa8108000 r-xp 00000000 08:03 789304                     /lib/x86_64-linux-gnu/libpthread-2.23.so
7f1fa8108000-7f1fa8307000 ---p 00018000 08:03 789304                     /lib/x86_64-linux-gnu/libpthread-2.23.so
7f1fa8307000-7f1fa8308000 r--p 00017000 08:03 789304                     /lib/x86_64-linux-gnu/libpthread-2.23.so
7f1fa8308000-7f1fa8309000 rw-p 00018000 08:03 789304                     /lib/x86_64-linux-gnu/libpthread-2.23.so
7f1fa8309000-7f1fa830d000 rw-p 00000000 00:00 0 
7f1fa830d000-7f1fa8310000 r-xp 00000000 08:03 789182                     /lib/x86_64-linux-gnu/libdl-2.23.so
7f1fa8310000-7f1fa850f000 ---p 00003000 08:03 789182                     /lib/x86_64-linux-gnu/libdl-2.23.so
7f1fa850f000-7f1fa8510000 r--p 00002000 08:03 789182                     /lib/x86_64-linux-gnu/libdl-2.23.so
7f1fa8510000-7f1fa8511000 rw-p 00003000 08:03 789182                     /lib/x86_64-linux-gnu/libdl-2.23.so
7f1fa8511000-7f1fa852a000 r-xp 00000000 08:03 789349                     /lib/x86_64-linux-gnu/libz.so.1.2.8
7f1fa852a000-7f1fa8729000 ---p 00019000 08:03 789349                     /lib/x86_64-linux-gnu/libz.so.1.2.8
7f1fa8729000-7f1fa872a000 r--p 00018000 08:03 789349                     /lib/x86_64-linux-gnu/libz.so.1.2.8
7f1fa872a000-7f1fa872b000 rw-p 00019000 08:03 789349                     /lib/x86_64-linux-gnu/libz.so.1.2.8
7f1fa872b000-7f1fa88eb000 r-xp 00000000 08:03 789158                     /lib/x86_64-linux-gnu/libc-2.23.so
7f1fa88eb000-7f1fa8aeb000 ---p 001c0000 08:03 789158                     /lib/x86_64-linux-gnu/libc-2.23.so
7f1fa8aeb000-7f1fa8aef000 r--p 001c0000 08:03 789158                     /lib/x86_64-linux-gnu/libc-2.23.so
7f1fa8aef000-7f1fa8af1000 rw-p 001c4000 08:03 789158                     /lib/x86_64-linux-gnu/libc-2.23.so
7f1fa8af1000-7f1fa8af5000 rw-p 00000000 00:00 0 
7f1fa8af5000-7f1fa8b02000 r-xp 00000000 08:03 394711                     /usr/lib/jvm/java-8-openjdk-amd64/jre/lib/amd64/jli/libjli.so
7f1fa8b02000-7f1fa8d01000 ---p 0000d000 08:03 394711                     /usr/lib/jvm/java-8-openjdk-amd64/jre/lib/amd64/jli/libjli.so
7f1fa8d01000-7f1fa8d02000 r--p 0000c000 08:03 394711                     /usr/lib/jvm/java-8-openjdk-amd64/jre/lib/amd64/jli/libjli.so
7f1fa8d02000-7f1fa8d03000 rw-p 0000d000 08:03 394711                     /usr/lib/jvm/java-8-openjdk-amd64/jre/lib/amd64/jli/libjli.so
7f1fa8d03000-7f1fa8d29000 r-xp 00000000 08:03 789130                     /lib/x86_64-linux-gnu/ld-2.23.so
7f1fa8d2c000-7f1fa8d31000 r--s 0003c000 08:03 395045                     /usr/lib/jvm/java-8-openjdk-amd64/jre/lib/ext/sunjce_provider.jar
7f1fa8d31000-7f1fa8e02000 rw-p 00000000 00:00 0 
7f1fa8e02000-7f1fa8e05000 ---p 00000000 00:00 0 
7f1fa8e05000-7f1fa8f07000 rw-p 00000000 00:00 0 
7f1fa8f07000-7f1fa8f11000 r--s 00116000 08:03 395048                     /usr/lib/jvm/java-8-openjdk-amd64/jre/lib/ext/localedata.jar
7f1fa8f11000-7f1fa8f12000 r--s 0000a000 08:03 395046                     /usr/lib/jvm/java-8-openjdk-amd64/jre/lib/ext/jaccess.jar
7f1fa8f12000-7f1fa8f14000 r--s 00008000 08:03 395044                     /usr/lib/jvm/java-8-openjdk-amd64/jre/lib/ext/sunec.jar
7f1fa8f14000-7f1fa8f15000 r--s 00010000 08:03 395043                     /usr/lib/jvm/java-8-openjdk-amd64/jre/lib/ext/zipfs.jar
7f1fa8f15000-7f1fa8f17000 r--s 00001000 08:03 395047                     /usr/lib/jvm/java-8-openjdk-amd64/jre/lib/ext/dnsns.jar
7f1fa8f17000-7f1fa8f1a000 r--s 00039000 08:03 395049                     /usr/lib/jvm/java-8-openjdk-amd64/jre/lib/ext/sunpkcs11.jar
7f1fa8f1a000-7f1fa8f1d000 r--s 0000f000 08:03 395040                     /usr/lib/jvm/java-8-openjdk-amd64/jre/lib/ext/icedtea-sound.jar
7f1fa8f1d000-7f1fa8f25000 rw-s 00000000 08:03 1213962                    /tmp/hsperfdata_frank/1184
7f1fa8f25000-7f1fa8f26000 rw-p 00000000 00:00 0 
7f1fa8f26000-7f1fa8f27000 r--p 00000000 00:00 0 
7f1fa8f27000-7f1fa8f28000 rw-p 00000000 00:00 0 
7f1fa8f28000-7f1fa8f29000 r--p 00025000 08:03 789130                     /lib/x86_64-linux-gnu/ld-2.23.so
7f1fa8f29000-7f1fa8f2a000 rw-p 00026000 08:03 789130                     /lib/x86_64-linux-gnu/ld-2.23.so
7f1fa8f2a000-7f1fa8f2b000 rw-p 00000000 00:00 0 
7ffea3763000-7ffea3784000 rw-p 00000000 00:00 0                          [stack]
7ffea37bd000-7ffea37c0000 r--p 00000000 00:00 0                          [vvar]
7ffea37c0000-7ffea37c2000 r-xp 00000000 00:00 0                          [vdso]
ffffffffff600000-ffffffffff601000 r-xp 00000000 00:00 0                  [vsyscall]

VM Arguments:
jvm_args: -Dfile.encoding=UTF-8 
java_command: connect
java_class_path (initial): /home/frank/swimExtended/swim/examples/planDB_connect/bin
Launcher Type: SUN_STANDARD

Environment Variables:
PATH=/home/frank/bin:/home/frank/.local/bin:/usr/local/sbin:/usr/local/bin:/usr/sbin:/usr/bin:/sbin:/bin:/usr/games:/usr/local/games:/snap/bin
SHELL=/bin/bash
DISPLAY=:0

Signal Handlers:
SIGSEGV: [libjvm.so+0xa765a0], sa_mask[0]=11111111011111111101111111111110, sa_flags=SA_RESTART|SA_SIGINFO
SIGBUS: [libjvm.so+0xa765a0], sa_mask[0]=11111111011111111101111111111110, sa_flags=SA_RESTART|SA_SIGINFO
SIGFPE: [libjvm.so+0x8bd800], sa_mask[0]=11111111011111111101111111111110, sa_flags=SA_RESTART|SA_SIGINFO
SIGPIPE: [libjvm.so+0x8bd800], sa_mask[0]=11111111011111111101111111111110, sa_flags=SA_RESTART|SA_SIGINFO
SIGXFSZ: [libjvm.so+0x8bd800], sa_mask[0]=11111111011111111101111111111110, sa_flags=SA_RESTART|SA_SIGINFO
SIGILL: [libjvm.so+0x8bd800], sa_mask[0]=11111111011111111101111111111110, sa_flags=SA_RESTART|SA_SIGINFO
SIGUSR1: SIG_DFL, sa_mask[0]=00000000000000000000000000000000, sa_flags=none
SIGUSR2: [libjvm.so+0x8bd6b0], sa_mask[0]=00100000000000000000000000000000, sa_flags=SA_RESTART|SA_SIGINFO
SIGHUP: [libjvm.so+0x8bdd40], sa_mask[0]=11111111011111111101111111111110, sa_flags=SA_RESTART|SA_SIGINFO
SIGINT: [libjvm.so+0x8bdd40], sa_mask[0]=11111111011111111101111111111110, sa_flags=SA_RESTART|SA_SIGINFO
SIGTERM: [libjvm.so+0x8bdd40], sa_mask[0]=11111111011111111101111111111110, sa_flags=SA_RESTART|SA_SIGINFO
SIGQUIT: [libjvm.so+0x8bdd40], sa_mask[0]=11111111011111111101111111111110, sa_flags=SA_RESTART|SA_SIGINFO


---------------  S Y S T E M  ---------------

OS:DISTRIB_ID=Ubuntu
DISTRIB_RELEASE=16.04
DISTRIB_CODENAME=xenial
DISTRIB_DESCRIPTION="Ubuntu 16.04.6 LTS"

uname:Linux 4.15.0-47-generic #50~16.04.1-Ubuntu SMP Fri Mar 15 16:06:21 UTC 2019 x86_64
libc:glibc 2.23 NPTL 2.23 
rlimit: STACK 8192k, CORE 0k, NPROC 63237, NOFILE 1048576, AS infinity
load average:0.90 0.98 0.78

/proc/meminfo:
MemTotal:       16294960 kB
MemFree:         2488036 kB
MemAvailable:    5157724 kB
Buffers:          371480 kB
Cached:          3804252 kB
SwapCached:       641356 kB
Active:         10140972 kB
Inactive:        2925580 kB
Active(anon):    8752664 kB
Inactive(anon):  1522024 kB
Active(file):    1388308 kB
Inactive(file):  1403556 kB
Unevictable:         128 kB
Mlocked:             128 kB
SwapTotal:      20981756 kB
SwapFree:       18276756 kB
Dirty:               828 kB
Writeback:             0 kB
AnonPages:       8685304 kB
Mapped:          1338808 kB
Shmem:           1451368 kB
Slab:             351540 kB
SReclaimable:     219012 kB
SUnreclaim:       132528 kB
KernelStack:       29588 kB
PageTables:       158268 kB
NFS_Unstable:          0 kB
Bounce:                0 kB
WritebackTmp:          0 kB
CommitLimit:    29129236 kB
Committed_AS:   33004228 kB
VmallocTotal:   34359738367 kB
VmallocUsed:           0 kB
VmallocChunk:          0 kB
HardwareCorrupted:     0 kB
AnonHugePages:         0 kB
ShmemHugePages:        0 kB
ShmemPmdMapped:        0 kB
CmaTotal:              0 kB
CmaFree:               0 kB
HugePages_Total:       0
HugePages_Free:        0
HugePages_Rsvd:        0
HugePages_Surp:        0
Hugepagesize:       2048 kB
DirectMap4k:     1349308 kB
DirectMap2M:    15298560 kB
DirectMap1G:           0 kB

container (cgroup) information:
container_type: cgroupv1
cpu_cpuset_cpus: 0-11
cpu_memory_nodes: 0
active_processor_count: 12
cpu_quota: -1
cpu_period: 100000
cpu_shares: -1
memory_limit_in_bytes: -1
memory_and_swap_limit_in_bytes: -2
memory_soft_limit_in_bytes: -1
memory_usage_in_bytes: 13207371776
memory_max_usage_in_bytes: 389484544


CPU:total 12 (initial active 12) (6 cores per cpu, 2 threads per core) family 6 model 158 stepping 10, cmov, cx8, fxsr, mmx, sse, sse2, sse3, ssse3, sse4.1, sse4.2, popcnt, avx, avx2, aes, clmul, erms, 3dnowpref, lzcnt, ht, tsc, tscinvbit, bmi1, bmi2, adx

/proc/cpuinfo:
processor	: 0
vendor_id	: GenuineIntel
cpu family	: 6
model		: 158
model name	: Intel(R) Core(TM) i7-8750H CPU @ 2.20GHz
stepping	: 10
microcode	: 0x96
cpu MHz		: 1242.843
cache size	: 9216 KB
physical id	: 0
siblings	: 12
core id		: 0
cpu cores	: 6
apicid		: 0
initial apicid	: 0
fpu		: yes
fpu_exception	: yes
cpuid level	: 22
wp		: yes
flags		: fpu vme de pse tsc msr pae mce cx8 apic sep mtrr pge mca cmov pat pse36 clflush dts acpi mmx fxsr sse sse2 ss ht tm pbe syscall nx pdpe1gb rdtscp lm constant_tsc art arch_perfmon pebs bts rep_good nopl xtopology nonstop_tsc cpuid aperfmperf tsc_known_freq pni pclmulqdq dtes64 monitor ds_cpl vmx est tm2 ssse3 sdbg fma cx16 xtpr pdcm pcid sse4_1 sse4_2 x2apic movbe popcnt tsc_deadline_timer aes xsave avx f16c rdrand lahf_lm abm 3dnowprefetch cpuid_fault epb invpcid_single pti ssbd ibrs ibpb stibp tpr_shadow vnmi flexpriority ept vpid fsgsbase tsc_adjust bmi1 avx2 smep bmi2 erms invpcid mpx rdseed adx smap clflushopt intel_pt xsaveopt xsavec xgetbv1 xsaves dtherm ida arat pln pts hwp hwp_notify hwp_act_window hwp_epp flush_l1d
bugs		: cpu_meltdown spectre_v1 spectre_v2 spec_store_bypass l1tf
bogomips	: 4416.00
clflush size	: 64
cache_alignment	: 64
address sizes	: 39 bits physical, 48 bits virtual
power management:

processor	: 1
vendor_id	: GenuineIntel
cpu family	: 6
model		: 158
model name	: Intel(R) Core(TM) i7-8750H CPU @ 2.20GHz
stepping	: 10
microcode	: 0x96
cpu MHz		: 1199.327
cache size	: 9216 KB
physical id	: 0
siblings	: 12
core id		: 1
cpu cores	: 6
apicid		: 2
initial apicid	: 2
fpu		: yes
fpu_exception	: yes
cpuid level	: 22
wp		: yes
flags		: fpu vme de pse tsc msr pae mce cx8 apic sep mtrr pge mca cmov pat pse36 clflush dts acpi mmx fxsr sse sse2 ss ht tm pbe syscall nx pdpe1gb rdtscp lm constant_tsc art arch_perfmon pebs bts rep_good nopl xtopology nonstop_tsc cpuid aperfmperf tsc_known_freq pni pclmulqdq dtes64 monitor ds_cpl vmx est tm2 ssse3 sdbg fma cx16 xtpr pdcm pcid sse4_1 sse4_2 x2apic movbe popcnt tsc_deadline_timer aes xsave avx f16c rdrand lahf_lm abm 3dnowprefetch cpuid_fault epb invpcid_single pti ibrs ibpb stibp tpr_shadow vnmi flexpriority ept vpid fsgsbase tsc_adjust bmi1 avx2 smep bmi2 erms invpcid mpx rdseed adx smap clflushopt intel_pt xsaveopt xsavec xgetbv1 xsaves dtherm ida arat pln pts hwp hwp_notify hwp_act_window hwp_epp
bugs		: cpu_meltdown spectre_v1 spectre_v2 spec_store_bypass l1tf
bogomips	: 4416.00
clflush size	: 64
cache_alignment	: 64
address sizes	: 39 bits physical, 48 bits virtual
power management:

processor	: 2
vendor_id	: GenuineIntel
cpu family	: 6
model		: 158
model name	: Intel(R) Core(TM) i7-8750H CPU @ 2.20GHz
stepping	: 10
microcode	: 0x96
cpu MHz		: 1627.885
cache size	: 9216 KB
physical id	: 0
siblings	: 12
core id		: 2
cpu cores	: 6
apicid		: 4
initial apicid	: 4
fpu		: yes
fpu_exception	: yes
cpuid level	: 22
wp		: yes
flags		: fpu vme de pse tsc msr pae mce cx8 apic sep mtrr pge mca cmov pat pse36 clflush dts acpi mmx fxsr sse sse2 ss ht tm pbe syscall nx pdpe1gb rdtscp lm constant_tsc art arch_perfmon pebs bts rep_good nopl xtopology nonstop_tsc cpuid aperfmperf tsc_known_freq pni pclmulqdq dtes64 monitor ds_cpl vmx est tm2 ssse3 sdbg fma cx16 xtpr pdcm pcid sse4_1 sse4_2 x2apic movbe popcnt tsc_deadline_timer aes xsave avx f16c rdrand lahf_lm abm 3dnowprefetch cpuid_fault epb invpcid_single pti ibrs ibpb stibp tpr_shadow vnmi flexpriority ept vpid fsgsbase tsc_adjust bmi1 avx2 smep bmi2 erms invpcid mpx rdseed adx smap clflushopt intel_pt xsaveopt xsavec xgetbv1 xsaves dtherm ida arat pln pts hwp hwp_notify hwp_act_window hwp_epp
bugs		: cpu_meltdown spectre_v1 spectre_v2 spec_store_bypass l1tf
bogomips	: 4416.00
clflush size	: 64
cache_alignment	: 64
address sizes	: 39 bits physical, 48 bits virtual
power management:

processor	: 3
vendor_id	: GenuineIntel
cpu family	: 6
model		: 158
model name	: Intel(R) Core(TM) i7-8750H CPU @ 2.20GHz
stepping	: 10
microcode	: 0x96
cpu MHz		: 1154.058
cache size	: 9216 KB
physical id	: 0
siblings	: 12
core id		: 3
cpu cores	: 6
apicid		: 6
initial apicid	: 6
fpu		: yes
fpu_exception	: yes
cpuid level	: 22
wp		: yes
flags		: fpu vme de pse tsc msr pae mce cx8 apic sep mtrr pge mca cmov pat pse36 clflush dts acpi mmx fxsr sse sse2 ss ht tm pbe syscall nx pdpe1gb rdtscp lm constant_tsc art arch_perfmon pebs bts rep_good nopl xtopology nonstop_tsc cpuid aperfmperf tsc_known_freq pni pclmulqdq dtes64 monitor ds_cpl vmx est tm2 ssse3 sdbg fma cx16 xtpr pdcm pcid sse4_1 sse4_2 x2apic movbe popcnt tsc_deadline_timer aes xsave avx f16c rdrand lahf_lm abm 3dnowprefetch cpuid_fault epb invpcid_single pti ibrs ibpb stibp tpr_shadow vnmi flexpriority ept vpid fsgsbase tsc_adjust bmi1 avx2 smep bmi2 erms invpcid mpx rdseed adx smap clflushopt intel_pt xsaveopt xsavec xgetbv1 xsaves dtherm ida arat pln pts hwp hwp_notify hwp_act_window hwp_epp
bugs		: cpu_meltdown spectre_v1 spectre_v2 spec_store_bypass l1tf
bogomips	: 4416.00
clflush size	: 64
cache_alignment	: 64
address sizes	: 39 bits physical, 48 bits virtual
power management:

processor	: 4
vendor_id	: GenuineIntel
cpu family	: 6
model		: 158
model name	: Intel(R) Core(TM) i7-8750H CPU @ 2.20GHz
stepping	: 10
microcode	: 0x96
cpu MHz		: 3884.386
cache size	: 9216 KB
physical id	: 0
siblings	: 12
core id		: 4
cpu cores	: 6
apicid		: 8
initial apicid	: 8
fpu		: yes
fpu_exception	: yes
cpuid level	: 22
wp		: yes
flags		: fpu vme de pse tsc msr pae mce cx8 apic sep mtrr pge mca cmov pat pse36 clflush dts acpi mmx fxsr sse sse2 ss ht tm pbe syscall nx pdpe1gb rdtscp lm constant_tsc art arch_perfmon pebs bts rep_good nopl xtopology nonstop_tsc cpuid aperfmperf tsc_known_freq pni pclmulqdq dtes64 monitor ds_cpl vmx est tm2 ssse3 sdbg fma cx16 xtpr pdcm pcid sse4_1 sse4_2 x2apic movbe popcnt tsc_deadline_timer aes xsave avx f16c rdrand lahf_lm abm 3dnowprefetch cpuid_fault epb invpcid_single pti ibrs ibpb stibp tpr_shadow vnmi flexpriority ept vpid fsgsbase tsc_adjust bmi1 avx2 smep bmi2 erms invpcid mpx rdseed adx smap clflushopt intel_pt xsaveopt xsavec xgetbv1 xsaves dtherm ida arat pln pts hwp hwp_notify hwp_act_window hwp_epp
bugs		: cpu_meltdown spectre_v1 spectre_v2 spec_store_bypass l1tf
bogomips	: 4416.00
clflush size	: 64
cache_alignment	: 64
address sizes	: 39 bits physical, 48 bits virtual
power management:

processor	: 5
vendor_id	: GenuineIntel
cpu family	: 6
model		: 158
model name	: Intel(R) Core(TM) i7-8750H CPU @ 2.20GHz
stepping	: 10
microcode	: 0x96
cpu MHz		: 902.059
cache size	: 9216 KB
physical id	: 0
siblings	: 12
core id		: 5
cpu cores	: 6
apicid		: 10
initial apicid	: 10
fpu		: yes
fpu_exception	: yes
cpuid level	: 22
wp		: yes
flags		: fpu vme de pse tsc msr pae mce cx8 apic sep mtrr pge mca cmov pat pse36 clflush dts acpi mmx fxsr sse sse2 ss ht tm pbe syscall nx pdpe1gb rdtscp lm constant_tsc art arch_perfmon pebs bts rep_good nopl xtopology nonstop_tsc cpuid aperfmperf tsc_known_freq pni pclmulqdq dtes64 monitor ds_cpl vmx est tm2 ssse3 sdbg fma cx16 xtpr pdcm pcid sse4_1 sse4_2 x2apic movbe popcnt tsc_deadline_timer aes xsave avx f16c rdrand lahf_lm abm 3dnowprefetch cpuid_fault epb invpcid_single pti ibrs ibpb stibp tpr_shadow vnmi flexpriority ept vpid fsgsbase tsc_adjust bmi1 avx2 smep bmi2 erms invpcid mpx rdseed adx smap clflushopt intel_pt xsaveopt xsavec xgetbv1 xsaves dtherm ida arat pln pts hwp hwp_notify hwp_act_window hwp_epp
bugs		: cpu_meltdown spectre_v1 spectre_v2 spec_store_bypass l1tf
bogomips	: 4416.00
clflush size	: 64
cache_alignment	: 64
address sizes	: 39 bits physical, 48 bits virtual
power management:

processor	: 6
vendor_id	: GenuineIntel
cpu family	: 6
model		: 158
model name	: Intel(R) Core(TM) i7-8750H CPU @ 2.20GHz
stepping	: 10
microcode	: 0x96
cpu MHz		: 2002.424
cache size	: 9216 KB
physical id	: 0
siblings	: 12
core id		: 0
cpu cores	: 6
apicid		: 1
initial apicid	: 1
fpu		: yes
fpu_exception	: yes
cpuid level	: 22
wp		: yes
flags		: fpu vme de pse tsc msr pae mce cx8 apic sep mtrr pge mca cmov pat pse36 clflush dts acpi mmx fxsr sse sse2 ss ht tm pbe syscall nx pdpe1gb rdtscp lm constant_tsc art arch_perfmon pebs bts rep_good nopl xtopology nonstop_tsc cpuid aperfmperf tsc_known_freq pni pclmulqdq dtes64 monitor ds_cpl vmx est tm2 ssse3 sdbg fma cx16 xtpr pdcm pcid sse4_1 sse4_2 x2apic movbe popcnt tsc_deadline_timer aes xsave avx f16c rdrand lahf_lm abm 3dnowprefetch cpuid_fault epb invpcid_single pti ssbd ibrs ibpb stibp tpr_shadow vnmi flexpriority ept vpid fsgsbase tsc_adjust bmi1 avx2 smep bmi2 erms invpcid mpx rdseed adx smap clflushopt intel_pt xsaveopt xsavec xgetbv1 xsaves dtherm ida arat pln pts hwp hwp_notify hwp_act_window hwp_epp flush_l1d
bugs		: cpu_meltdown spectre_v1 spectre_v2 spec_store_bypass l1tf
bogomips	: 4416.00
clflush size	: 64
cache_alignment	: 64
address sizes	: 39 bits physical, 48 bits virtual
power management:

processor	: 7
vendor_id	: GenuineIntel
cpu family	: 6
model		: 158
model name	: Intel(R) Core(TM) i7-8750H CPU @ 2.20GHz
stepping	: 10
microcode	: 0x96
cpu MHz		: 2800.196
cache size	: 9216 KB
physical id	: 0
siblings	: 12
core id		: 1
cpu cores	: 6
apicid		: 3
initial apicid	: 3
fpu		: yes
fpu_exception	: yes
cpuid level	: 22
wp		: yes
flags		: fpu vme de pse tsc msr pae mce cx8 apic sep mtrr pge mca cmov pat pse36 clflush dts acpi mmx fxsr sse sse2 ss ht tm pbe syscall nx pdpe1gb rdtscp lm constant_tsc art arch_perfmon pebs bts rep_good nopl xtopology nonstop_tsc cpuid aperfmperf tsc_known_freq pni pclmulqdq dtes64 monitor ds_cpl vmx est tm2 ssse3 sdbg fma cx16 xtpr pdcm pcid sse4_1 sse4_2 x2apic movbe popcnt tsc_deadline_timer aes xsave avx f16c rdrand lahf_lm abm 3dnowprefetch cpuid_fault epb invpcid_single pti ssbd ibrs ibpb stibp tpr_shadow vnmi flexpriority ept vpid fsgsbase tsc_adjust bmi1 avx2 smep bmi2 erms invpcid mpx rdseed adx smap clflushopt intel_pt xsaveopt xsavec xgetbv1 xsaves dtherm ida arat pln pts hwp hwp_notify hwp_act_window hwp_epp flush_l1d
bugs		: cpu_meltdown spectre_v1 spectre_v2 spec_store_bypass l1tf
bogomips	: 4416.00
clflush size	: 64
cache_alignment	: 64
address sizes	: 39 bits physical, 48 bits virtual
power management:

processor	: 8
vendor_id	: GenuineIntel
cpu family	: 6
model		: 158
model name	: Intel(R) Core(TM) i7-8750H CPU @ 2.20GHz
stepping	: 10
microcode	: 0x96
cpu MHz		: 1419.600
cache size	: 9216 KB
physical id	: 0
siblings	: 12
core id		: 2
cpu cores	: 6
apicid		: 5
initial apicid	: 5
fpu		: yes
fpu_exception	: yes
cpuid level	: 22
wp		: yes
flags		: fpu vme de pse tsc msr pae mce cx8 apic sep mtrr pge mca cmov pat pse36 clflush dts acpi mmx fxsr sse sse2 ss ht tm pbe syscall nx pdpe1gb rdtscp lm constant_tsc art arch_perfmon pebs bts rep_good nopl xtopology nonstop_tsc cpuid aperfmperf tsc_known_freq pni pclmulqdq dtes64 monitor ds_cpl vmx est tm2 ssse3 sdbg fma cx16 xtpr pdcm pcid sse4_1 sse4_2 x2apic movbe popcnt tsc_deadline_timer aes xsave avx f16c rdrand lahf_lm abm 3dnowprefetch cpuid_fault epb invpcid_single pti ssbd ibrs ibpb stibp tpr_shadow vnmi flexpriority ept vpid fsgsbase tsc_adjust bmi1 avx2 smep bmi2 erms invpcid mpx rdseed adx smap clflushopt intel_pt xsaveopt xsavec xgetbv1 xsaves dtherm ida arat pln pts hwp hwp_notify hwp_act_window hwp_epp flush_l1d
bugs		: cpu_meltdown spectre_v1 spectre_v2 spec_store_bypass l1tf
bogomips	: 4416.00
clflush size	: 64
cache_alignment	: 64
address sizes	: 39 bits physical, 48 bits virtual
power management:

processor	: 9
vendor_id	: GenuineIntel
cpu family	: 6
model		: 158
model name	: Intel(R) Core(TM) i7-8750H CPU @ 2.20GHz
stepping	: 10
microcode	: 0x96
cpu MHz		: 3866.274
cache size	: 9216 KB
physical id	: 0
siblings	: 12
core id		: 3
cpu cores	: 6
apicid		: 7
initial apicid	: 7
fpu		: yes
fpu_exception	: yes
cpuid level	: 22
wp		: yes
flags		: fpu vme de pse tsc msr pae mce cx8 apic sep mtrr pge mca cmov pat pse36 clflush dts acpi mmx fxsr sse sse2 ss ht tm pbe syscall nx pdpe1gb rdtscp lm constant_tsc art arch_perfmon pebs bts rep_good nopl xtopology nonstop_tsc cpuid aperfmperf tsc_known_freq pni pclmulqdq dtes64 monitor ds_cpl vmx est tm2 ssse3 sdbg fma cx16 xtpr pdcm pcid sse4_1 sse4_2 x2apic movbe popcnt tsc_deadline_timer aes xsave avx f16c rdrand lahf_lm abm 3dnowprefetch cpuid_fault epb invpcid_single pti ssbd ibrs ibpb stibp tpr_shadow vnmi flexpriority ept vpid fsgsbase tsc_adjust bmi1 avx2 smep bmi2 erms invpcid mpx rdseed adx smap clflushopt intel_pt xsaveopt xsavec xgetbv1 xsaves dtherm ida arat pln pts hwp hwp_notify hwp_act_window hwp_epp flush_l1d
bugs		: cpu_meltdown spectre_v1 spectre_v2 spec_store_bypass l1tf
bogomips	: 4416.00
clflush size	: 64
cache_alignment	: 64
address sizes	: 39 bits physical, 48 bits virtual
power management:

processor	: 10
vendor_id	: GenuineIntel
cpu family	: 6
model		: 158
model name	: Intel(R) Core(TM) i7-8750H CPU @ 2.20GHz
stepping	: 10
microcode	: 0x96
cpu MHz		: 3816.136
cache size	: 9216 KB
physical id	: 0
siblings	: 12
core id		: 4
cpu cores	: 6
apicid		: 9
initial apicid	: 9
fpu		: yes
fpu_exception	: yes
cpuid level	: 22
wp		: yes
flags		: fpu vme de pse tsc msr pae mce cx8 apic sep mtrr pge mca cmov pat pse36 clflush dts acpi mmx fxsr sse sse2 ss ht tm pbe syscall nx pdpe1gb rdtscp lm constant_tsc art arch_perfmon pebs bts rep_good nopl xtopology nonstop_tsc cpuid aperfmperf tsc_known_freq pni pclmulqdq dtes64 monitor ds_cpl vmx est tm2 ssse3 sdbg fma cx16 xtpr pdcm pcid sse4_1 sse4_2 x2apic movbe popcnt tsc_deadline_timer aes xsave avx f16c rdrand lahf_lm abm 3dnowprefetch cpuid_fault epb invpcid_single pti ssbd ibrs ibpb stibp tpr_shadow vnmi flexpriority ept vpid fsgsbase tsc_adjust bmi1 avx2 smep bmi2 erms invpcid mpx rdseed adx smap clflushopt intel_pt xsaveopt xsavec xgetbv1 xsaves dtherm ida arat pln pts hwp hwp_notify hwp_act_window hwp_epp flush_l1d
bugs		: cpu_meltdown spectre_v1 spectre_v2 spec_store_bypass l1tf
bogomips	: 4416.00
clflush size	: 64
cache_alignment	: 64
address sizes	: 39 bits physical, 48 bits virtual
power management:

processor	: 11
vendor_id	: GenuineIntel
cpu family	: 6
model		: 158
model name	: Intel(R) Core(TM) i7-8750H CPU @ 2.20GHz
stepping	: 10
microcode	: 0x96
cpu MHz		: 3368.161
cache size	: 9216 KB
physical id	: 0
siblings	: 12
core id		: 5
cpu cores	: 6
apicid		: 11
initial apicid	: 11
fpu		: yes
fpu_exception	: yes
cpuid level	: 22
wp		: yes
flags		: fpu vme de pse tsc msr pae mce cx8 apic sep mtrr pge mca cmov pat pse36 clflush dts acpi mmx fxsr sse sse2 ss ht tm pbe syscall nx pdpe1gb rdtscp lm constant_tsc art arch_perfmon pebs bts rep_good nopl xtopology nonstop_tsc cpuid aperfmperf tsc_known_freq pni pclmulqdq dtes64 monitor ds_cpl vmx est tm2 ssse3 sdbg fma cx16 xtpr pdcm pcid sse4_1 sse4_2 x2apic movbe popcnt tsc_deadline_timer aes xsave avx f16c rdrand lahf_lm abm 3dnowprefetch cpuid_fault epb invpcid_single pti ssbd ibrs ibpb stibp tpr_shadow vnmi flexpriority ept vpid fsgsbase tsc_adjust bmi1 avx2 smep bmi2 erms invpcid mpx rdseed adx smap clflushopt intel_pt xsaveopt xsavec xgetbv1 xsaves dtherm ida arat pln pts hwp hwp_notify hwp_act_window hwp_epp flush_l1d
bugs		: cpu_meltdown spectre_v1 spectre_v2 spec_store_bypass l1tf
bogomips	: 4416.00
clflush size	: 64
cache_alignment	: 64
address sizes	: 39 bits physical, 48 bits virtual
power management:



Memory: 4k page, physical 16294960k(2486968k free), swap 20981756k(18276756k free)

vm_info: OpenJDK 64-Bit Server VM (25.212-b03) for linux-amd64 JRE (1.8.0_212-8u212-b03-0ubuntu1.16.04.1-b03), built on Apr 26 2019 02:02:50 by "buildd" with gcc 5.4.0 20160609

time: Wed Jun  5 22:35:11 2019
timezone: EDT
elapsed time: 0 seconds (0d 0h 0m 0s)

