#
# A fatal error has been detected by the Java Runtime Environment:
#
#  SIGSEGV (0xb) at pc=0x00007f2e098a3b3e, pid=2320, tid=0x00007f2e424fd700
#
# JRE version: OpenJDK Runtime Environment (8.0_212-b03) (build 1.8.0_212-8u212-b03-0ubuntu1.16.04.1-b03)
# Java VM: OpenJDK 64-Bit Server VM (25.212-b03 mixed mode linux-amd64 compressed oops)
# Problematic frame:
# C  [module.so+0x11b3e]  std::_Rb_tree<unsigned long, std::pair<unsigned long const, unsigned long>, std::_Select1st<std::pair<unsigned long const, unsigned long> >, std::less<unsigned long>, std::allocator<std::pair<unsigned long const, unsigned long> > >::_M_begin()+0xc
#
# Failed to write core dump. Core dumps have been disabled. To enable core dumping, try "ulimit -c unlimited" before starting Java again
#
# If you would like to submit a bug report, please visit:
#   http://bugreport.java.com/bugreport/crash.jsp
# The crash happened outside the Java Virtual Machine in native code.
# See problematic frame for where to report the bug.
#

---------------  T H R E A D  ---------------

Current thread (0x00007f2e3800a800):  JavaThread "main" [_thread_in_native, id=2325, stack(0x00007f2e423fd000,0x00007f2e424fe000)]

siginfo: si_signo: 11 (SIGSEGV), si_code: 1 (SEGV_MAPERR), si_addr: 0x0000000000000061

Registers:
RAX=0x0000000000000051, RBX=0x0000000000000059, RCX=0x0000000000000000, RDX=0x00007f2e424fc1f8
RSP=0x00007f2e424fc0e0, RBP=0x00007f2e424fc0e0, RSI=0x00007f2e424fc1f8, RDI=0x0000000000000051
R8 =0x00007f2e381492e0, R9 =0x00007f2e38149300, R10=0x00000000000000fc, R11=0x00007f2e098a3b32
R12=0x0000000000000000, R13=0x00007f2e3c7e5488, R14=0x00007f2e424fc958, R15=0x00007f2e3800a800
RIP=0x00007f2e098a3b3e, EFLAGS=0x0000000000010206, CSGSFS=0x002b000000000033, ERR=0x0000000000000004
  TRAPNO=0x000000000000000e

Top of Stack: (sp=0x00007f2e424fc0e0)
0x00007f2e424fc0e0:   00007f2e424fc110 00007f2e098a4658
0x00007f2e424fc0f0:   00007f2e424fc1f8 0000000000000051
0x00007f2e424fc100:   0000000000000018 0000000000000018
0x00007f2e424fc110:   00007f2e424fc130 00007f2e098a3d21
0x00007f2e424fc120:   00007f2e424fc1f8 0000000000000051
0x00007f2e424fc130:   00007f2e424fc1c0 00007f2e098a36d9
0x00007f2e424fc140:   00007f2e424fc1f8 0000000000000051
0x00007f2e424fc150:   00007f2e424fc820 0000000000000000
0x00007f2e424fc160:   00007f2e3c7e5488 00007f2e424fc958
0x00007f2e424fc170:   00007f2e3800a800 00007f2e41daa53c
0x00007f2e424fc180:   00007f2e424fc1c0 00007f2e098a179a
0x00007f2e424fc190:   00007f2e424fc240 3bc950bf9c0e3400
0x00007f2e424fc1a0:   0000000000000000 0000000000000018
0x00007f2e424fc1b0:   0000000000000000 00007f2e3c7e5488
0x00007f2e424fc1c0:   00007f2e424fc820 00007f2e098a1bd0
0x00007f2e424fc1d0:   00007f2e38141b30 0000000000000001
0x00007f2e424fc1e0:   000000000000018d 00017f2e098955f8
0x00007f2e424fc1f0:   0000000000000000 1bb4f007d5ad894d
0x00007f2e424fc200:   00007f2e38141b00 0000000000000016
0x00007f2e424fc210:   000000000000001e 00007f2e09895e15
0x00007f2e424fc220:   00007f2e38141b50 0000000000000050
0x00007f2e424fc230:   0000000000000124 00000000027fc2e5
0x00007f2e424fc240:   00007f2e381492e0 000000000000004e
0x00007f2e424fc250:   000000000000004e 00007f2e09892cd0
0x00007f2e424fc260:   00007f2e38141b50 00007f2e38141ba0
0x00007f2e424fc270:   00007f2e424fc280 0000000000000000
0x00007f2e424fc280:   0000000000000000 00007f2e424fc3b0
0x00007f2e424fc290:   00007f2e424fc2a0 0000000000000001
0x00007f2e424fc2a0:   00007f2e424f003a 00007f2e38141740
0x00007f2e424fc2b0:   00000000424f0000 0000000000000000
0x00007f2e424fc2c0:   00007f2e424fc2d0 0000000000000000
0x00007f2e424fc2d0:   00007f2e424fc400 00007f2e42308b1f 

Instructions: (pc=0x00007f2e098a3b3e)
0x00007f2e098a3b1e:   c7 e8 ac d0 ff ff 48 8b 45 f8 48 89 45 e0 eb ae
0x00007f2e098a3b2e:   90 c9 c3 90 55 48 89 e5 48 89 7d f8 48 8b 45 f8
0x00007f2e098a3b3e:   48 8b 40 10 5d c3 55 48 89 e5 48 83 ec 10 48 89
0x00007f2e098a3b4e:   7d f8 48 8b 45 f8 48 89 c7 e8 34 cc ff ff 48 89 

Register to memory mapping:

RAX=0x0000000000000051 is an unknown value
RBX=0x0000000000000059 is an unknown value
RCX=0x0000000000000000 is an unknown value
RDX=0x00007f2e424fc1f8 is pointing into the stack for thread: 0x00007f2e3800a800
RSP=0x00007f2e424fc0e0 is pointing into the stack for thread: 0x00007f2e3800a800
RBP=0x00007f2e424fc0e0 is pointing into the stack for thread: 0x00007f2e3800a800
RSI=0x00007f2e424fc1f8 is pointing into the stack for thread: 0x00007f2e3800a800
RDI=0x0000000000000051 is an unknown value
R8 =0x00007f2e381492e0 is an unknown value
R9 =0x00007f2e38149300 is an unknown value
R10=0x00000000000000fc is an unknown value
R11=0x00007f2e098a3b32: _ZNSt8_Rb_treeImSt4pairIKmmESt10_Select1stIS2_ESt4lessImESaIS2_EE8_M_beginEv+0 in /home/frank/swimExtended/swim/examples/planDB_connect/src/module.so at 0x00007f2e09892000
R12=0x0000000000000000 is an unknown value
R13={method} {0x00007f2e3c7e5488} 'PlanDB_populate_db' '(JLPlanDB;Ljava/lang/String;)Z' in 'DBJNI'
R14=0x00007f2e424fc958 is pointing into the stack for thread: 0x00007f2e3800a800
R15=0x00007f2e3800a800 is a thread


Stack: [0x00007f2e423fd000,0x00007f2e424fe000],  sp=0x00007f2e424fc0e0,  free space=1020k
Native frames: (J=compiled Java code, j=interpreted, Vv=VM code, C=native code)
C  [module.so+0x11b3e]  std::_Rb_tree<unsigned long, std::pair<unsigned long const, unsigned long>, std::_Select1st<std::pair<unsigned long const, unsigned long> >, std::less<unsigned long>, std::allocator<std::pair<unsigned long const, unsigned long> > >::_M_begin()+0xc
C  [module.so+0x12658]  std::_Rb_tree<unsigned long, std::pair<unsigned long const, unsigned long>, std::_Select1st<std::pair<unsigned long const, unsigned long> >, std::less<unsigned long>, std::allocator<std::pair<unsigned long const, unsigned long> > >::lower_bound(unsigned long const&)+0x2c
C  [module.so+0x11d21]  std::map<unsigned long, unsigned long, std::less<unsigned long>, std::allocator<std::pair<unsigned long const, unsigned long> > >::lower_bound(unsigned long const&)+0x23
C  [module.so+0x116d9]  std::map<unsigned long, unsigned long, std::less<unsigned long>, std::allocator<std::pair<unsigned long const, unsigned long> > >::operator[](unsigned long const&)+0x37
C  [module.so+0xfbd0]  PlanDB::populate_states(char const*)+0x418
C  [module.so+0x104af]  PlanDB::populate_db(char const*)+0x3d
C  [module.so+0x15055]  Java_DBJNI_PlanDB_1populate_1db+0x87
j  DBJNI.PlanDB_populate_db(JLPlanDB;Ljava/lang/String;)Z+0
j  PlanDB.populate_db(Ljava/lang/String;)Z+6
j  connect.main([Ljava/lang/String;)V+64
v  ~StubRoutines::call_stub
V  [libjvm.so+0x6679eb]
V  [libjvm.so+0x6896ae]
V  [libjvm.so+0x68bfdf]
C  [libjli.so+0x34e2]
C  [libjli.so+0x737d]
C  [libpthread.so.0+0x76ba]  start_thread+0xca

Java frames: (J=compiled Java code, j=interpreted, Vv=VM code)
j  DBJNI.PlanDB_populate_db(JLPlanDB;Ljava/lang/String;)Z+0
j  PlanDB.populate_db(Ljava/lang/String;)Z+6
j  connect.main([Ljava/lang/String;)V+64
v  ~StubRoutines::call_stub

---------------  P R O C E S S  ---------------

Java Threads: ( => current thread )
  0x00007f2e380d7000 JavaThread "Service Thread" daemon [_thread_blocked, id=2350, stack(0x00007f2e09be5000,0x00007f2e09ce6000)]
  0x00007f2e380cb800 JavaThread "C1 CompilerThread3" daemon [_thread_blocked, id=2349, stack(0x00007f2e09ce6000,0x00007f2e09de7000)]
  0x00007f2e380c9800 JavaThread "C2 CompilerThread2" daemon [_thread_blocked, id=2346, stack(0x00007f2e09de7000,0x00007f2e09ee8000)]
  0x00007f2e380c8000 JavaThread "C2 CompilerThread1" daemon [_thread_blocked, id=2345, stack(0x00007f2e09ee8000,0x00007f2e09fe9000)]
  0x00007f2e380c5000 JavaThread "C2 CompilerThread0" daemon [_thread_blocked, id=2341, stack(0x00007f2e09fe9000,0x00007f2e0a0ea000)]
  0x00007f2e380c3800 JavaThread "Signal Dispatcher" daemon [_thread_blocked, id=2340, stack(0x00007f2e0a0ea000,0x00007f2e0a1eb000)]
  0x00007f2e38090800 JavaThread "Finalizer" daemon [_thread_blocked, id=2338, stack(0x00007f2e0abaa000,0x00007f2e0acab000)]
  0x00007f2e3808e000 JavaThread "Reference Handler" daemon [_thread_blocked, id=2337, stack(0x00007f2e0acab000,0x00007f2e0adac000)]
=>0x00007f2e3800a800 JavaThread "main" [_thread_in_native, id=2325, stack(0x00007f2e423fd000,0x00007f2e424fe000)]

Other Threads:
  0x00007f2e38084800 VMThread [stack: 0x00007f2e0adac000,0x00007f2e0aead000] [id=2336]
  0x00007f2e380d9800 WatcherThread [stack: 0x00007f2e09ae4000,0x00007f2e09be5000] [id=2356]

VM state:not at safepoint (normal execution)

VM Mutex/Monitor currently owned by a thread: None

heap address: 0x00000006c7400000, size: 3980 MB, Compressed Oops mode: Zero based, Oop shift amount: 3
Narrow klass base: 0x0000000000000000, Narrow klass shift: 3
Compressed class space size: 1073741824 Address: 0x00000007c0000000

Heap:
 PSYoungGen      total 74752K, used 1290K [0x000000076d180000, 0x0000000772480000, 0x00000007c0000000)
  eden space 64512K, 2% used [0x000000076d180000,0x000000076d2c2900,0x0000000771080000)
  from space 10240K, 0% used [0x0000000771a80000,0x0000000771a80000,0x0000000772480000)
  to   space 10240K, 0% used [0x0000000771080000,0x0000000771080000,0x0000000771a80000)
 ParOldGen       total 171008K, used 0K [0x00000006c7400000, 0x00000006d1b00000, 0x000000076d180000)
  object space 171008K, 0% used [0x00000006c7400000,0x00000006c7400000,0x00000006d1b00000)
 Metaspace       used 2555K, capacity 4490K, committed 4864K, reserved 1056768K
  class space    used 270K, capacity 386K, committed 512K, reserved 1048576K

Card table byte_map: [0x00007f2e3e2e3000,0x00007f2e3eaaa000] byte_map_base: 0x00007f2e3aca9000

Marking Bits: (ParMarkBitMap*) 0x00007f2e416ce580
 Begin Bits: [0x00007f2dec3a0000, 0x00007f2df01d0000)
 End Bits:   [0x00007f2df01d0000, 0x00007f2df4000000)

Polling page: 0x00007f2e42521000

CodeCache: size=245760Kb used=1083Kb max_used=1083Kb free=244676Kb
 bounds [0x00007f2e29000000, 0x00007f2e29270000, 0x00007f2e38000000]
 total_blobs=247 nmethods=15 adapters=148
 compilation: enabled

Compilation events (10 events):
Event: 0.034 Thread 0x00007f2e380cb800   11       1       java.lang.ref.Reference::get (5 bytes)
Event: 0.034 Thread 0x00007f2e380cb800 nmethod 11 0x00007f2e2910bbd0 code [0x00007f2e2910bd20, 0x00007f2e2910be30]
Event: 0.034 Thread 0x00007f2e380cb800   12       1       java.lang.ThreadLocal::access$400 (5 bytes)
Event: 0.034 Thread 0x00007f2e380cb800 nmethod 12 0x00007f2e2910b910 code [0x00007f2e2910ba60, 0x00007f2e2910bb50]
Event: 0.036 Thread 0x00007f2e380cb800   13       3       java.lang.AbstractStringBuilder::append (50 bytes)
Event: 0.036 Thread 0x00007f2e380cb800 nmethod 13 0x00007f2e2910db90 code [0x00007f2e2910dd60, 0x00007f2e2910e4b8]
Event: 0.036 Thread 0x00007f2e380cb800   14       3       java.lang.String::getChars (62 bytes)
Event: 0.036 Thread 0x00007f2e380cb800 nmethod 14 0x00007f2e2910b110 code [0x00007f2e2910b2c0, 0x00007f2e2910b6f8]
Event: 0.037 Thread 0x00007f2e380cb800   15       3       java.lang.System::getSecurityManager (4 bytes)
Event: 0.037 Thread 0x00007f2e380cb800 nmethod 15 0x00007f2e2910e7d0 code [0x00007f2e2910e920, 0x00007f2e2910ea70]

GC Heap History (0 events):
No events

Deoptimization events (0 events):
No events

Classes redefined (0 events):
No events

Internal exceptions (2 events):
Event: 0.013 Thread 0x00007f2e3800a800 Exception <a 'java/lang/NoSuchMethodError': Method sun.misc.Unsafe.defineClass(Ljava/lang/String;[BII)Ljava/lang/Class; name or signature does not match> (0x000000076d187cb0) thrown at [/build/openjdk-8-lHVHKD/openjdk-8-8u212-b03/src/hotspot/src/share/vm/
Event: 0.014 Thread 0x00007f2e3800a800 Exception <a 'java/lang/NoSuchMethodError': Method sun.misc.Unsafe.prefetchRead(Ljava/lang/Object;J)V name or signature does not match> (0x000000076d187f98) thrown at [/build/openjdk-8-lHVHKD/openjdk-8-8u212-b03/src/hotspot/src/share/vm/prims/jni.cpp, lin

Events (10 events):
Event: 0.036 loading class java/nio/charset/CoderResult$Cache done
Event: 0.036 loading class java/nio/charset/CoderResult$1 done
Event: 0.036 loading class java/nio/charset/CoderResult$2
Event: 0.036 loading class java/nio/charset/CoderResult$2 done
Event: 0.037 loading class PlanDB
Event: 0.037 loading class PlanDB done
Event: 0.037 loading class java/lang/UnsupportedOperationException
Event: 0.037 loading class java/lang/UnsupportedOperationException done
Event: 0.037 loading class DBJNI
Event: 0.037 loading class DBJNI done


Dynamic libraries:
00400000-00401000 r-xp 00000000 08:03 525465                             /usr/lib/jvm/java-8-openjdk-amd64/jre/bin/java
00600000-00601000 r--p 00000000 08:03 525465                             /usr/lib/jvm/java-8-openjdk-amd64/jre/bin/java
00601000-00602000 rw-p 00001000 08:03 525465                             /usr/lib/jvm/java-8-openjdk-amd64/jre/bin/java
016d5000-016f6000 rw-p 00000000 00:00 0                                  [heap]
6c7400000-6d1b00000 rw-p 00000000 00:00 0 
6d1b00000-76d180000 ---p 00000000 00:00 0 
76d180000-772480000 rw-p 00000000 00:00 0 
772480000-7c0000000 ---p 00000000 00:00 0 
7c0000000-7c0080000 rw-p 00000000 00:00 0 
7c0080000-800000000 ---p 00000000 00:00 0 
7f2dc8000000-7f2dc8021000 rw-p 00000000 00:00 0 
7f2dc8021000-7f2dcc000000 ---p 00000000 00:00 0 
7f2dcc000000-7f2dcc021000 rw-p 00000000 00:00 0 
7f2dcc021000-7f2dd0000000 ---p 00000000 00:00 0 
7f2dd0000000-7f2dd0021000 rw-p 00000000 00:00 0 
7f2dd0021000-7f2dd4000000 ---p 00000000 00:00 0 
7f2dd4000000-7f2dd4021000 rw-p 00000000 00:00 0 
7f2dd4021000-7f2dd8000000 ---p 00000000 00:00 0 
7f2dd8000000-7f2dd804e000 rw-p 00000000 00:00 0 
7f2dd804e000-7f2ddc000000 ---p 00000000 00:00 0 
7f2ddc000000-7f2ddc021000 rw-p 00000000 00:00 0 
7f2ddc021000-7f2de0000000 ---p 00000000 00:00 0 
7f2de0000000-7f2de0021000 rw-p 00000000 00:00 0 
7f2de0021000-7f2de4000000 ---p 00000000 00:00 0 
7f2de4000000-7f2de4021000 rw-p 00000000 00:00 0 
7f2de4021000-7f2de8000000 ---p 00000000 00:00 0 
7f2de8000000-7f2de8021000 rw-p 00000000 00:00 0 
7f2de8021000-7f2dec000000 ---p 00000000 00:00 0 
7f2dec3a0000-7f2df4000000 rw-p 00000000 00:00 0 
7f2df4000000-7f2df4021000 rw-p 00000000 00:00 0 
7f2df4021000-7f2df8000000 ---p 00000000 00:00 0 
7f2df8000000-7f2df8021000 rw-p 00000000 00:00 0 
7f2df8021000-7f2dfc000000 ---p 00000000 00:00 0 
7f2dfc000000-7f2dfc021000 rw-p 00000000 00:00 0 
7f2dfc021000-7f2e00000000 ---p 00000000 00:00 0 
7f2e04000000-7f2e04021000 rw-p 00000000 00:00 0 
7f2e04021000-7f2e08000000 ---p 00000000 00:00 0 
7f2e09892000-7f2e098ad000 r-xp 00000000 08:05 6160843                    /home/frank/swimExtended/swim/examples/planDB_connect/src/module.so
7f2e098ad000-7f2e09aac000 ---p 0001b000 08:05 6160843                    /home/frank/swimExtended/swim/examples/planDB_connect/src/module.so
7f2e09aac000-7f2e09aad000 r--p 0001a000 08:05 6160843                    /home/frank/swimExtended/swim/examples/planDB_connect/src/module.so
7f2e09aad000-7f2e09aae000 rw-p 0001b000 08:05 6160843                    /home/frank/swimExtended/swim/examples/planDB_connect/src/module.so
7f2e09aae000-7f2e09ac9000 r--s 001d6000 08:03 395042                     /usr/lib/jvm/java-8-openjdk-amd64/jre/lib/ext/nashorn.jar
7f2e09ac9000-7f2e09ae4000 r--s 00394000 08:03 395041                     /usr/lib/jvm/java-8-openjdk-amd64/jre/lib/ext/cldrdata.jar
7f2e09ae4000-7f2e09ae5000 ---p 00000000 00:00 0 
7f2e09ae5000-7f2e09be5000 rw-p 00000000 00:00 0 
7f2e09be5000-7f2e09be8000 ---p 00000000 00:00 0 
7f2e09be8000-7f2e09ce6000 rw-p 00000000 00:00 0 
7f2e09ce6000-7f2e09ce9000 ---p 00000000 00:00 0 
7f2e09ce9000-7f2e09de7000 rw-p 00000000 00:00 0 
7f2e09de7000-7f2e09dea000 ---p 00000000 00:00 0 
7f2e09dea000-7f2e09ee8000 rw-p 00000000 00:00 0 
7f2e09ee8000-7f2e09eeb000 ---p 00000000 00:00 0 
7f2e09eeb000-7f2e09fe9000 rw-p 00000000 00:00 0 
7f2e09fe9000-7f2e09fec000 ---p 00000000 00:00 0 
7f2e09fec000-7f2e0a0ea000 rw-p 00000000 00:00 0 
7f2e0a0ea000-7f2e0a0ed000 ---p 00000000 00:00 0 
7f2e0a0ed000-7f2e0a1eb000 rw-p 00000000 00:00 0 
7f2e0a1eb000-7f2e0abaa000 r--p 00000000 08:03 400840                     /usr/lib/locale/locale-archive
7f2e0abaa000-7f2e0abad000 ---p 00000000 00:00 0 
7f2e0abad000-7f2e0acab000 rw-p 00000000 00:00 0 
7f2e0acab000-7f2e0acae000 ---p 00000000 00:00 0 
7f2e0acae000-7f2e0adac000 rw-p 00000000 00:00 0 
7f2e0adac000-7f2e0adad000 ---p 00000000 00:00 0 
7f2e0adad000-7f2e0c000000 rw-p 00000000 00:00 0 
7f2e0c000000-7f2e0c021000 rw-p 00000000 00:00 0 
7f2e0c021000-7f2e10000000 ---p 00000000 00:00 0 
7f2e10000000-7f2e10021000 rw-p 00000000 00:00 0 
7f2e10021000-7f2e14000000 ---p 00000000 00:00 0 
7f2e14000000-7f2e14021000 rw-p 00000000 00:00 0 
7f2e14021000-7f2e18000000 ---p 00000000 00:00 0 
7f2e18000000-7f2e18021000 rw-p 00000000 00:00 0 
7f2e18021000-7f2e1c000000 ---p 00000000 00:00 0 
7f2e1c000000-7f2e1c021000 rw-p 00000000 00:00 0 
7f2e1c021000-7f2e20000000 ---p 00000000 00:00 0 
7f2e20000000-7f2e20021000 rw-p 00000000 00:00 0 
7f2e20021000-7f2e24000000 ---p 00000000 00:00 0 
7f2e24000000-7f2e24021000 rw-p 00000000 00:00 0 
7f2e24021000-7f2e28000000 ---p 00000000 00:00 0 
7f2e2800a000-7f2e29000000 rw-p 00000000 00:00 0 
7f2e29000000-7f2e29270000 rwxp 00000000 00:00 0 
7f2e29270000-7f2e38000000 ---p 00000000 00:00 0 
7f2e38000000-7f2e3815f000 rw-p 00000000 00:00 0 
7f2e3815f000-7f2e3c000000 ---p 00000000 00:00 0 
7f2e3c00e000-7f2e3c19f000 rw-p 00000000 00:00 0 
7f2e3c19f000-7f2e3c36e000 r--s 03c3b000 08:03 394713                     /usr/lib/jvm/java-8-openjdk-amd64/jre/lib/rt.jar
7f2e3c36e000-7f2e3c824000 rw-p 00000000 00:00 0 
7f2e3c824000-7f2e3cbe4000 ---p 00000000 00:00 0 
7f2e3cbe4000-7f2e3d3aa000 rw-p 00000000 00:00 0 
7f2e3d3aa000-7f2e3d3ab000 ---p 00000000 00:00 0 
7f2e3d3ab000-7f2e3d4ab000 rw-p 00000000 00:00 0 
7f2e3d4ab000-7f2e3d4ac000 ---p 00000000 00:00 0 
7f2e3d4ac000-7f2e3d5ac000 rw-p 00000000 00:00 0 
7f2e3d5ac000-7f2e3d5ad000 ---p 00000000 00:00 0 
7f2e3d5ad000-7f2e3d6ad000 rw-p 00000000 00:00 0 
7f2e3d6ad000-7f2e3d6ae000 ---p 00000000 00:00 0 
7f2e3d6ae000-7f2e3d7ae000 rw-p 00000000 00:00 0 
7f2e3d7ae000-7f2e3d7af000 ---p 00000000 00:00 0 
7f2e3d7af000-7f2e3d8af000 rw-p 00000000 00:00 0 
7f2e3d8af000-7f2e3d8b0000 ---p 00000000 00:00 0 
7f2e3d8b0000-7f2e3d9b0000 rw-p 00000000 00:00 0 
7f2e3d9b0000-7f2e3d9b1000 ---p 00000000 00:00 0 
7f2e3d9b1000-7f2e3dab1000 rw-p 00000000 00:00 0 
7f2e3dab1000-7f2e3dab2000 ---p 00000000 00:00 0 
7f2e3dab2000-7f2e3dbb2000 rw-p 00000000 00:00 0 
7f2e3dbb2000-7f2e3dbb3000 ---p 00000000 00:00 0 
7f2e3dbb3000-7f2e3dcb3000 rw-p 00000000 00:00 0 
7f2e3dcb3000-7f2e3dcb4000 ---p 00000000 00:00 0 
7f2e3dcb4000-7f2e3de08000 rw-p 00000000 00:00 0 
7f2e3de08000-7f2e3e2e3000 ---p 00000000 00:00 0 
7f2e3e2e3000-7f2e3e337000 rw-p 00000000 00:00 0 
7f2e3e337000-7f2e3e811000 ---p 00000000 00:00 0 
7f2e3e811000-7f2e3e83c000 rw-p 00000000 00:00 0 
7f2e3e83c000-7f2e3eaa9000 ---p 00000000 00:00 0 
7f2e3eaa9000-7f2e3eab4000 rw-p 00000000 00:00 0 
7f2e3eab4000-7f2e3ee6a000 ---p 00000000 00:00 0 
7f2e3ee6a000-7f2e3ee72000 r-xp 00000000 08:03 394712                     /usr/lib/jvm/java-8-openjdk-amd64/jre/lib/amd64/libzip.so
7f2e3ee72000-7f2e3f071000 ---p 00008000 08:03 394712                     /usr/lib/jvm/java-8-openjdk-amd64/jre/lib/amd64/libzip.so
7f2e3f071000-7f2e3f072000 r--p 00007000 08:03 394712                     /usr/lib/jvm/java-8-openjdk-amd64/jre/lib/amd64/libzip.so
7f2e3f072000-7f2e3f073000 rw-p 00008000 08:03 394712                     /usr/lib/jvm/java-8-openjdk-amd64/jre/lib/amd64/libzip.so
7f2e3f073000-7f2e3f07e000 r-xp 00000000 08:03 789257                     /lib/x86_64-linux-gnu/libnss_files-2.23.so
7f2e3f07e000-7f2e3f27d000 ---p 0000b000 08:03 789257                     /lib/x86_64-linux-gnu/libnss_files-2.23.so
7f2e3f27d000-7f2e3f27e000 r--p 0000a000 08:03 789257                     /lib/x86_64-linux-gnu/libnss_files-2.23.so
7f2e3f27e000-7f2e3f27f000 rw-p 0000b000 08:03 789257                     /lib/x86_64-linux-gnu/libnss_files-2.23.so
7f2e3f27f000-7f2e3f285000 rw-p 00000000 00:00 0 
7f2e3f285000-7f2e3f290000 r-xp 00000000 08:03 789267                     /lib/x86_64-linux-gnu/libnss_nis-2.23.so
7f2e3f290000-7f2e3f48f000 ---p 0000b000 08:03 789267                     /lib/x86_64-linux-gnu/libnss_nis-2.23.so
7f2e3f48f000-7f2e3f490000 r--p 0000a000 08:03 789267                     /lib/x86_64-linux-gnu/libnss_nis-2.23.so
7f2e3f490000-7f2e3f491000 rw-p 0000b000 08:03 789267                     /lib/x86_64-linux-gnu/libnss_nis-2.23.so
7f2e3f491000-7f2e3f4a7000 r-xp 00000000 08:03 789251                     /lib/x86_64-linux-gnu/libnsl-2.23.so
7f2e3f4a7000-7f2e3f6a6000 ---p 00016000 08:03 789251                     /lib/x86_64-linux-gnu/libnsl-2.23.so
7f2e3f6a6000-7f2e3f6a7000 r--p 00015000 08:03 789251                     /lib/x86_64-linux-gnu/libnsl-2.23.so
7f2e3f6a7000-7f2e3f6a8000 rw-p 00016000 08:03 789251                     /lib/x86_64-linux-gnu/libnsl-2.23.so
7f2e3f6a8000-7f2e3f6aa000 rw-p 00000000 00:00 0 
7f2e3f6aa000-7f2e3f6b2000 r-xp 00000000 08:03 789253                     /lib/x86_64-linux-gnu/libnss_compat-2.23.so
7f2e3f6b2000-7f2e3f8b1000 ---p 00008000 08:03 789253                     /lib/x86_64-linux-gnu/libnss_compat-2.23.so
7f2e3f8b1000-7f2e3f8b2000 r--p 00007000 08:03 789253                     /lib/x86_64-linux-gnu/libnss_compat-2.23.so
7f2e3f8b2000-7f2e3f8b3000 rw-p 00008000 08:03 789253                     /lib/x86_64-linux-gnu/libnss_compat-2.23.so
7f2e3f8b3000-7f2e3f8df000 r-xp 00000000 08:03 394694                     /usr/lib/jvm/java-8-openjdk-amd64/jre/lib/amd64/libjava.so
7f2e3f8df000-7f2e3fade000 ---p 0002c000 08:03 394694                     /usr/lib/jvm/java-8-openjdk-amd64/jre/lib/amd64/libjava.so
7f2e3fade000-7f2e3fadf000 r--p 0002b000 08:03 394694                     /usr/lib/jvm/java-8-openjdk-amd64/jre/lib/amd64/libjava.so
7f2e3fadf000-7f2e3fae1000 rw-p 0002c000 08:03 394694                     /usr/lib/jvm/java-8-openjdk-amd64/jre/lib/amd64/libjava.so
7f2e3fae1000-7f2e3faf0000 r-xp 00000000 08:03 394683                     /usr/lib/jvm/java-8-openjdk-amd64/jre/lib/amd64/libverify.so
7f2e3faf0000-7f2e3fcef000 ---p 0000f000 08:03 394683                     /usr/lib/jvm/java-8-openjdk-amd64/jre/lib/amd64/libverify.so
7f2e3fcef000-7f2e3fcf1000 r--p 0000e000 08:03 394683                     /usr/lib/jvm/java-8-openjdk-amd64/jre/lib/amd64/libverify.so
7f2e3fcf1000-7f2e3fcf2000 rw-p 00010000 08:03 394683                     /usr/lib/jvm/java-8-openjdk-amd64/jre/lib/amd64/libverify.so
7f2e3fcf2000-7f2e3fcf9000 r-xp 00000000 08:03 789312                     /lib/x86_64-linux-gnu/librt-2.23.so
7f2e3fcf9000-7f2e3fef8000 ---p 00007000 08:03 789312                     /lib/x86_64-linux-gnu/librt-2.23.so
7f2e3fef8000-7f2e3fef9000 r--p 00006000 08:03 789312                     /lib/x86_64-linux-gnu/librt-2.23.so
7f2e3fef9000-7f2e3fefa000 rw-p 00007000 08:03 789312                     /lib/x86_64-linux-gnu/librt-2.23.so
7f2e3fefa000-7f2e3ff10000 r-xp 00000000 08:03 789196                     /lib/x86_64-linux-gnu/libgcc_s.so.1
7f2e3ff10000-7f2e4010f000 ---p 00016000 08:03 789196                     /lib/x86_64-linux-gnu/libgcc_s.so.1
7f2e4010f000-7f2e40110000 rw-p 00015000 08:03 789196                     /lib/x86_64-linux-gnu/libgcc_s.so.1
7f2e40110000-7f2e40218000 r-xp 00000000 08:03 789228                     /lib/x86_64-linux-gnu/libm-2.23.so
7f2e40218000-7f2e40417000 ---p 00108000 08:03 789228                     /lib/x86_64-linux-gnu/libm-2.23.so
7f2e40417000-7f2e40418000 r--p 00107000 08:03 789228                     /lib/x86_64-linux-gnu/libm-2.23.so
7f2e40418000-7f2e40419000 rw-p 00108000 08:03 789228                     /lib/x86_64-linux-gnu/libm-2.23.so
7f2e40419000-7f2e4058b000 r-xp 00000000 08:03 404352                     /usr/lib/x86_64-linux-gnu/libstdc++.so.6.0.21
7f2e4058b000-7f2e4078b000 ---p 00172000 08:03 404352                     /usr/lib/x86_64-linux-gnu/libstdc++.so.6.0.21
7f2e4078b000-7f2e40795000 r--p 00172000 08:03 404352                     /usr/lib/x86_64-linux-gnu/libstdc++.so.6.0.21
7f2e40795000-7f2e40797000 rw-p 0017c000 08:03 404352                     /usr/lib/x86_64-linux-gnu/libstdc++.so.6.0.21
7f2e40797000-7f2e4079b000 rw-p 00000000 00:00 0 
7f2e4079b000-7f2e413ff000 r-xp 00000000 08:03 394692                     /usr/lib/jvm/java-8-openjdk-amd64/jre/lib/amd64/server/libjvm.so
7f2e413ff000-7f2e415fe000 ---p 00c64000 08:03 394692                     /usr/lib/jvm/java-8-openjdk-amd64/jre/lib/amd64/server/libjvm.so
7f2e415fe000-7f2e41692000 r--p 00c63000 08:03 394692                     /usr/lib/jvm/java-8-openjdk-amd64/jre/lib/amd64/server/libjvm.so
7f2e41692000-7f2e416bb000 rw-p 00cf7000 08:03 394692                     /usr/lib/jvm/java-8-openjdk-amd64/jre/lib/amd64/server/libjvm.so
7f2e416bb000-7f2e416eb000 rw-p 00000000 00:00 0 
7f2e416eb000-7f2e41703000 r-xp 00000000 08:03 789304                     /lib/x86_64-linux-gnu/libpthread-2.23.so
7f2e41703000-7f2e41902000 ---p 00018000 08:03 789304                     /lib/x86_64-linux-gnu/libpthread-2.23.so
7f2e41902000-7f2e41903000 r--p 00017000 08:03 789304                     /lib/x86_64-linux-gnu/libpthread-2.23.so
7f2e41903000-7f2e41904000 rw-p 00018000 08:03 789304                     /lib/x86_64-linux-gnu/libpthread-2.23.so
7f2e41904000-7f2e41908000 rw-p 00000000 00:00 0 
7f2e41908000-7f2e4190b000 r-xp 00000000 08:03 789182                     /lib/x86_64-linux-gnu/libdl-2.23.so
7f2e4190b000-7f2e41b0a000 ---p 00003000 08:03 789182                     /lib/x86_64-linux-gnu/libdl-2.23.so
7f2e41b0a000-7f2e41b0b000 r--p 00002000 08:03 789182                     /lib/x86_64-linux-gnu/libdl-2.23.so
7f2e41b0b000-7f2e41b0c000 rw-p 00003000 08:03 789182                     /lib/x86_64-linux-gnu/libdl-2.23.so
7f2e41b0c000-7f2e41b25000 r-xp 00000000 08:03 789349                     /lib/x86_64-linux-gnu/libz.so.1.2.8
7f2e41b25000-7f2e41d24000 ---p 00019000 08:03 789349                     /lib/x86_64-linux-gnu/libz.so.1.2.8
7f2e41d24000-7f2e41d25000 r--p 00018000 08:03 789349                     /lib/x86_64-linux-gnu/libz.so.1.2.8
7f2e41d25000-7f2e41d26000 rw-p 00019000 08:03 789349                     /lib/x86_64-linux-gnu/libz.so.1.2.8
7f2e41d26000-7f2e41ee6000 r-xp 00000000 08:03 789158                     /lib/x86_64-linux-gnu/libc-2.23.so
7f2e41ee6000-7f2e420e6000 ---p 001c0000 08:03 789158                     /lib/x86_64-linux-gnu/libc-2.23.so
7f2e420e6000-7f2e420ea000 r--p 001c0000 08:03 789158                     /lib/x86_64-linux-gnu/libc-2.23.so
7f2e420ea000-7f2e420ec000 rw-p 001c4000 08:03 789158                     /lib/x86_64-linux-gnu/libc-2.23.so
7f2e420ec000-7f2e420f0000 rw-p 00000000 00:00 0 
7f2e420f0000-7f2e420fd000 r-xp 00000000 08:03 394711                     /usr/lib/jvm/java-8-openjdk-amd64/jre/lib/amd64/jli/libjli.so
7f2e420fd000-7f2e422fc000 ---p 0000d000 08:03 394711                     /usr/lib/jvm/java-8-openjdk-amd64/jre/lib/amd64/jli/libjli.so
7f2e422fc000-7f2e422fd000 r--p 0000c000 08:03 394711                     /usr/lib/jvm/java-8-openjdk-amd64/jre/lib/amd64/jli/libjli.so
7f2e422fd000-7f2e422fe000 rw-p 0000d000 08:03 394711                     /usr/lib/jvm/java-8-openjdk-amd64/jre/lib/amd64/jli/libjli.so
7f2e422fe000-7f2e42324000 r-xp 00000000 08:03 789130                     /lib/x86_64-linux-gnu/ld-2.23.so
7f2e42327000-7f2e4232c000 r--s 0003c000 08:03 395045                     /usr/lib/jvm/java-8-openjdk-amd64/jre/lib/ext/sunjce_provider.jar
7f2e4232c000-7f2e423fd000 rw-p 00000000 00:00 0 
7f2e423fd000-7f2e42400000 ---p 00000000 00:00 0 
7f2e42400000-7f2e42502000 rw-p 00000000 00:00 0 
7f2e42502000-7f2e4250c000 r--s 00116000 08:03 395048                     /usr/lib/jvm/java-8-openjdk-amd64/jre/lib/ext/localedata.jar
7f2e4250c000-7f2e4250d000 r--s 0000a000 08:03 395046                     /usr/lib/jvm/java-8-openjdk-amd64/jre/lib/ext/jaccess.jar
7f2e4250d000-7f2e4250f000 r--s 00008000 08:03 395044                     /usr/lib/jvm/java-8-openjdk-amd64/jre/lib/ext/sunec.jar
7f2e4250f000-7f2e42510000 r--s 00010000 08:03 395043                     /usr/lib/jvm/java-8-openjdk-amd64/jre/lib/ext/zipfs.jar
7f2e42510000-7f2e42512000 r--s 00001000 08:03 395047                     /usr/lib/jvm/java-8-openjdk-amd64/jre/lib/ext/dnsns.jar
7f2e42512000-7f2e42515000 r--s 00039000 08:03 395049                     /usr/lib/jvm/java-8-openjdk-amd64/jre/lib/ext/sunpkcs11.jar
7f2e42515000-7f2e42518000 r--s 0000f000 08:03 395040                     /usr/lib/jvm/java-8-openjdk-amd64/jre/lib/ext/icedtea-sound.jar
7f2e42518000-7f2e42520000 rw-s 00000000 08:03 1213962                    /tmp/hsperfdata_frank/2320
7f2e42520000-7f2e42521000 rw-p 00000000 00:00 0 
7f2e42521000-7f2e42522000 r--p 00000000 00:00 0 
7f2e42522000-7f2e42523000 rw-p 00000000 00:00 0 
7f2e42523000-7f2e42524000 r--p 00025000 08:03 789130                     /lib/x86_64-linux-gnu/ld-2.23.so
7f2e42524000-7f2e42525000 rw-p 00026000 08:03 789130                     /lib/x86_64-linux-gnu/ld-2.23.so
7f2e42525000-7f2e42526000 rw-p 00000000 00:00 0 
7fffe2969000-7fffe298a000 rw-p 00000000 00:00 0                          [stack]
7fffe29e6000-7fffe29e9000 r--p 00000000 00:00 0                          [vvar]
7fffe29e9000-7fffe29eb000 r-xp 00000000 00:00 0                          [vdso]
ffffffffff600000-ffffffffff601000 r-xp 00000000 00:00 0                  [vsyscall]

VM Arguments:
jvm_args: -Dfile.encoding=UTF-8 
java_command: connect
java_class_path (initial): /home/frank/swimExtended/swim/examples/planDB_connect/bin
Launcher Type: SUN_STANDARD

Environment Variables:
PATH=/home/frank/bin:/home/frank/.local/bin:/usr/local/sbin:/usr/local/bin:/usr/sbin:/usr/bin:/sbin:/bin:/usr/games:/usr/local/games:/snap/bin
SHELL=/bin/bash
DISPLAY=:0

Signal Handlers:
SIGSEGV: [libjvm.so+0xa765a0], sa_mask[0]=11111111011111111101111111111110, sa_flags=SA_RESTART|SA_SIGINFO
SIGBUS: [libjvm.so+0xa765a0], sa_mask[0]=11111111011111111101111111111110, sa_flags=SA_RESTART|SA_SIGINFO
SIGFPE: [libjvm.so+0x8bd800], sa_mask[0]=11111111011111111101111111111110, sa_flags=SA_RESTART|SA_SIGINFO
SIGPIPE: [libjvm.so+0x8bd800], sa_mask[0]=11111111011111111101111111111110, sa_flags=SA_RESTART|SA_SIGINFO
SIGXFSZ: [libjvm.so+0x8bd800], sa_mask[0]=11111111011111111101111111111110, sa_flags=SA_RESTART|SA_SIGINFO
SIGILL: [libjvm.so+0x8bd800], sa_mask[0]=11111111011111111101111111111110, sa_flags=SA_RESTART|SA_SIGINFO
SIGUSR1: SIG_DFL, sa_mask[0]=00000000000000000000000000000000, sa_flags=none
SIGUSR2: [libjvm.so+0x8bd6b0], sa_mask[0]=00100000000000000000000000000000, sa_flags=SA_RESTART|SA_SIGINFO
SIGHUP: [libjvm.so+0x8bdd40], sa_mask[0]=11111111011111111101111111111110, sa_flags=SA_RESTART|SA_SIGINFO
SIGINT: [libjvm.so+0x8bdd40], sa_mask[0]=11111111011111111101111111111110, sa_flags=SA_RESTART|SA_SIGINFO
SIGTERM: [libjvm.so+0x8bdd40], sa_mask[0]=11111111011111111101111111111110, sa_flags=SA_RESTART|SA_SIGINFO
SIGQUIT: [libjvm.so+0x8bdd40], sa_mask[0]=11111111011111111101111111111110, sa_flags=SA_RESTART|SA_SIGINFO


---------------  S Y S T E M  ---------------

OS:DISTRIB_ID=Ubuntu
DISTRIB_RELEASE=16.04
DISTRIB_CODENAME=xenial
DISTRIB_DESCRIPTION="Ubuntu 16.04.6 LTS"

uname:Linux 4.15.0-47-generic #50~16.04.1-Ubuntu SMP Fri Mar 15 16:06:21 UTC 2019 x86_64
libc:glibc 2.23 NPTL 2.23 
rlimit: STACK 8192k, CORE 0k, NPROC 63237, NOFILE 1048576, AS infinity
load average:1.43 1.10 0.91

/proc/meminfo:
MemTotal:       16294960 kB
MemFree:         2327864 kB
MemAvailable:    5003344 kB
Buffers:          372228 kB
Cached:          3828480 kB
SwapCached:       640168 kB
Active:         10271340 kB
Inactive:        2949524 kB
Active(anon):    8881924 kB
Inactive(anon):  1541452 kB
Active(file):    1389416 kB
Inactive(file):  1408072 kB
Unevictable:         128 kB
Mlocked:             128 kB
SwapTotal:      20981756 kB
SwapFree:       18278548 kB
Dirty:               944 kB
Writeback:             0 kB
AnonPages:       8814404 kB
Mapped:          1354928 kB
Shmem:           1470856 kB
Slab:             351792 kB
SReclaimable:     219180 kB
SUnreclaim:       132612 kB
KernelStack:       30212 kB
PageTables:       161444 kB
NFS_Unstable:          0 kB
Bounce:                0 kB
WritebackTmp:          0 kB
CommitLimit:    29129236 kB
Committed_AS:   33654176 kB
VmallocTotal:   34359738367 kB
VmallocUsed:           0 kB
VmallocChunk:          0 kB
HardwareCorrupted:     0 kB
AnonHugePages:         0 kB
ShmemHugePages:        0 kB
ShmemPmdMapped:        0 kB
CmaTotal:              0 kB
CmaFree:               0 kB
HugePages_Total:       0
HugePages_Free:        0
HugePages_Rsvd:        0
HugePages_Surp:        0
Hugepagesize:       2048 kB
DirectMap4k:     1349308 kB
DirectMap2M:    15298560 kB
DirectMap1G:           0 kB

container (cgroup) information:
container_type: cgroupv1
cpu_cpuset_cpus: 0-11
cpu_memory_nodes: 0
active_processor_count: 12
cpu_quota: -1
cpu_period: 100000
cpu_shares: -1
memory_limit_in_bytes: -1
memory_and_swap_limit_in_bytes: -2
memory_soft_limit_in_bytes: -1
memory_usage_in_bytes: 13365186560
memory_max_usage_in_bytes: 389484544


CPU:total 12 (initial active 12) (6 cores per cpu, 2 threads per core) family 6 model 158 stepping 10, cmov, cx8, fxsr, mmx, sse, sse2, sse3, ssse3, sse4.1, sse4.2, popcnt, avx, avx2, aes, clmul, erms, 3dnowpref, lzcnt, ht, tsc, tscinvbit, bmi1, bmi2, adx

/proc/cpuinfo:
processor	: 0
vendor_id	: GenuineIntel
cpu family	: 6
model		: 158
model name	: Intel(R) Core(TM) i7-8750H CPU @ 2.20GHz
stepping	: 10
microcode	: 0x96
cpu MHz		: 1651.237
cache size	: 9216 KB
physical id	: 0
siblings	: 12
core id		: 0
cpu cores	: 6
apicid		: 0
initial apicid	: 0
fpu		: yes
fpu_exception	: yes
cpuid level	: 22
wp		: yes
flags		: fpu vme de pse tsc msr pae mce cx8 apic sep mtrr pge mca cmov pat pse36 clflush dts acpi mmx fxsr sse sse2 ss ht tm pbe syscall nx pdpe1gb rdtscp lm constant_tsc art arch_perfmon pebs bts rep_good nopl xtopology nonstop_tsc cpuid aperfmperf tsc_known_freq pni pclmulqdq dtes64 monitor ds_cpl vmx est tm2 ssse3 sdbg fma cx16 xtpr pdcm pcid sse4_1 sse4_2 x2apic movbe popcnt tsc_deadline_timer aes xsave avx f16c rdrand lahf_lm abm 3dnowprefetch cpuid_fault epb invpcid_single pti ssbd ibrs ibpb stibp tpr_shadow vnmi flexpriority ept vpid fsgsbase tsc_adjust bmi1 avx2 smep bmi2 erms invpcid mpx rdseed adx smap clflushopt intel_pt xsaveopt xsavec xgetbv1 xsaves dtherm ida arat pln pts hwp hwp_notify hwp_act_window hwp_epp flush_l1d
bugs		: cpu_meltdown spectre_v1 spectre_v2 spec_store_bypass l1tf
bogomips	: 4416.00
clflush size	: 64
cache_alignment	: 64
address sizes	: 39 bits physical, 48 bits virtual
power management:

processor	: 1
vendor_id	: GenuineIntel
cpu family	: 6
model		: 158
model name	: Intel(R) Core(TM) i7-8750H CPU @ 2.20GHz
stepping	: 10
microcode	: 0x96
cpu MHz		: 2255.900
cache size	: 9216 KB
physical id	: 0
siblings	: 12
core id		: 1
cpu cores	: 6
apicid		: 2
initial apicid	: 2
fpu		: yes
fpu_exception	: yes
cpuid level	: 22
wp		: yes
flags		: fpu vme de pse tsc msr pae mce cx8 apic sep mtrr pge mca cmov pat pse36 clflush dts acpi mmx fxsr sse sse2 ss ht tm pbe syscall nx pdpe1gb rdtscp lm constant_tsc art arch_perfmon pebs bts rep_good nopl xtopology nonstop_tsc cpuid aperfmperf tsc_known_freq pni pclmulqdq dtes64 monitor ds_cpl vmx est tm2 ssse3 sdbg fma cx16 xtpr pdcm pcid sse4_1 sse4_2 x2apic movbe popcnt tsc_deadline_timer aes xsave avx f16c rdrand lahf_lm abm 3dnowprefetch cpuid_fault epb invpcid_single pti ibrs ibpb stibp tpr_shadow vnmi flexpriority ept vpid fsgsbase tsc_adjust bmi1 avx2 smep bmi2 erms invpcid mpx rdseed adx smap clflushopt intel_pt xsaveopt xsavec xgetbv1 xsaves dtherm ida arat pln pts hwp hwp_notify hwp_act_window hwp_epp
bugs		: cpu_meltdown spectre_v1 spectre_v2 spec_store_bypass l1tf
bogomips	: 4416.00
clflush size	: 64
cache_alignment	: 64
address sizes	: 39 bits physical, 48 bits virtual
power management:

processor	: 2
vendor_id	: GenuineIntel
cpu family	: 6
model		: 158
model name	: Intel(R) Core(TM) i7-8750H CPU @ 2.20GHz
stepping	: 10
microcode	: 0x96
cpu MHz		: 903.575
cache size	: 9216 KB
physical id	: 0
siblings	: 12
core id		: 2
cpu cores	: 6
apicid		: 4
initial apicid	: 4
fpu		: yes
fpu_exception	: yes
cpuid level	: 22
wp		: yes
flags		: fpu vme de pse tsc msr pae mce cx8 apic sep mtrr pge mca cmov pat pse36 clflush dts acpi mmx fxsr sse sse2 ss ht tm pbe syscall nx pdpe1gb rdtscp lm constant_tsc art arch_perfmon pebs bts rep_good nopl xtopology nonstop_tsc cpuid aperfmperf tsc_known_freq pni pclmulqdq dtes64 monitor ds_cpl vmx est tm2 ssse3 sdbg fma cx16 xtpr pdcm pcid sse4_1 sse4_2 x2apic movbe popcnt tsc_deadline_timer aes xsave avx f16c rdrand lahf_lm abm 3dnowprefetch cpuid_fault epb invpcid_single pti ibrs ibpb stibp tpr_shadow vnmi flexpriority ept vpid fsgsbase tsc_adjust bmi1 avx2 smep bmi2 erms invpcid mpx rdseed adx smap clflushopt intel_pt xsaveopt xsavec xgetbv1 xsaves dtherm ida arat pln pts hwp hwp_notify hwp_act_window hwp_epp
bugs		: cpu_meltdown spectre_v1 spectre_v2 spec_store_bypass l1tf
bogomips	: 4416.00
clflush size	: 64
cache_alignment	: 64
address sizes	: 39 bits physical, 48 bits virtual
power management:

processor	: 3
vendor_id	: GenuineIntel
cpu family	: 6
model		: 158
model name	: Intel(R) Core(TM) i7-8750H CPU @ 2.20GHz
stepping	: 10
microcode	: 0x96
cpu MHz		: 1010.568
cache size	: 9216 KB
physical id	: 0
siblings	: 12
core id		: 3
cpu cores	: 6
apicid		: 6
initial apicid	: 6
fpu		: yes
fpu_exception	: yes
cpuid level	: 22
wp		: yes
flags		: fpu vme de pse tsc msr pae mce cx8 apic sep mtrr pge mca cmov pat pse36 clflush dts acpi mmx fxsr sse sse2 ss ht tm pbe syscall nx pdpe1gb rdtscp lm constant_tsc art arch_perfmon pebs bts rep_good nopl xtopology nonstop_tsc cpuid aperfmperf tsc_known_freq pni pclmulqdq dtes64 monitor ds_cpl vmx est tm2 ssse3 sdbg fma cx16 xtpr pdcm pcid sse4_1 sse4_2 x2apic movbe popcnt tsc_deadline_timer aes xsave avx f16c rdrand lahf_lm abm 3dnowprefetch cpuid_fault epb invpcid_single pti ibrs ibpb stibp tpr_shadow vnmi flexpriority ept vpid fsgsbase tsc_adjust bmi1 avx2 smep bmi2 erms invpcid mpx rdseed adx smap clflushopt intel_pt xsaveopt xsavec xgetbv1 xsaves dtherm ida arat pln pts hwp hwp_notify hwp_act_window hwp_epp
bugs		: cpu_meltdown spectre_v1 spectre_v2 spec_store_bypass l1tf
bogomips	: 4416.00
clflush size	: 64
cache_alignment	: 64
address sizes	: 39 bits physical, 48 bits virtual
power management:

processor	: 4
vendor_id	: GenuineIntel
cpu family	: 6
model		: 158
model name	: Intel(R) Core(TM) i7-8750H CPU @ 2.20GHz
stepping	: 10
microcode	: 0x96
cpu MHz		: 1683.617
cache size	: 9216 KB
physical id	: 0
siblings	: 12
core id		: 4
cpu cores	: 6
apicid		: 8
initial apicid	: 8
fpu		: yes
fpu_exception	: yes
cpuid level	: 22
wp		: yes
flags		: fpu vme de pse tsc msr pae mce cx8 apic sep mtrr pge mca cmov pat pse36 clflush dts acpi mmx fxsr sse sse2 ss ht tm pbe syscall nx pdpe1gb rdtscp lm constant_tsc art arch_perfmon pebs bts rep_good nopl xtopology nonstop_tsc cpuid aperfmperf tsc_known_freq pni pclmulqdq dtes64 monitor ds_cpl vmx est tm2 ssse3 sdbg fma cx16 xtpr pdcm pcid sse4_1 sse4_2 x2apic movbe popcnt tsc_deadline_timer aes xsave avx f16c rdrand lahf_lm abm 3dnowprefetch cpuid_fault epb invpcid_single pti ibrs ibpb stibp tpr_shadow vnmi flexpriority ept vpid fsgsbase tsc_adjust bmi1 avx2 smep bmi2 erms invpcid mpx rdseed adx smap clflushopt intel_pt xsaveopt xsavec xgetbv1 xsaves dtherm ida arat pln pts hwp hwp_notify hwp_act_window hwp_epp
bugs		: cpu_meltdown spectre_v1 spectre_v2 spec_store_bypass l1tf
bogomips	: 4416.00
clflush size	: 64
cache_alignment	: 64
address sizes	: 39 bits physical, 48 bits virtual
power management:

processor	: 5
vendor_id	: GenuineIntel
cpu family	: 6
model		: 158
model name	: Intel(R) Core(TM) i7-8750H CPU @ 2.20GHz
stepping	: 10
microcode	: 0x96
cpu MHz		: 1528.920
cache size	: 9216 KB
physical id	: 0
siblings	: 12
core id		: 5
cpu cores	: 6
apicid		: 10
initial apicid	: 10
fpu		: yes
fpu_exception	: yes
cpuid level	: 22
wp		: yes
flags		: fpu vme de pse tsc msr pae mce cx8 apic sep mtrr pge mca cmov pat pse36 clflush dts acpi mmx fxsr sse sse2 ss ht tm pbe syscall nx pdpe1gb rdtscp lm constant_tsc art arch_perfmon pebs bts rep_good nopl xtopology nonstop_tsc cpuid aperfmperf tsc_known_freq pni pclmulqdq dtes64 monitor ds_cpl vmx est tm2 ssse3 sdbg fma cx16 xtpr pdcm pcid sse4_1 sse4_2 x2apic movbe popcnt tsc_deadline_timer aes xsave avx f16c rdrand lahf_lm abm 3dnowprefetch cpuid_fault epb invpcid_single pti ibrs ibpb stibp tpr_shadow vnmi flexpriority ept vpid fsgsbase tsc_adjust bmi1 avx2 smep bmi2 erms invpcid mpx rdseed adx smap clflushopt intel_pt xsaveopt xsavec xgetbv1 xsaves dtherm ida arat pln pts hwp hwp_notify hwp_act_window hwp_epp
bugs		: cpu_meltdown spectre_v1 spectre_v2 spec_store_bypass l1tf
bogomips	: 4416.00
clflush size	: 64
cache_alignment	: 64
address sizes	: 39 bits physical, 48 bits virtual
power management:

processor	: 6
vendor_id	: GenuineIntel
cpu family	: 6
model		: 158
model name	: Intel(R) Core(TM) i7-8750H CPU @ 2.20GHz
stepping	: 10
microcode	: 0x96
cpu MHz		: 1620.541
cache size	: 9216 KB
physical id	: 0
siblings	: 12
core id		: 0
cpu cores	: 6
apicid		: 1
initial apicid	: 1
fpu		: yes
fpu_exception	: yes
cpuid level	: 22
wp		: yes
flags		: fpu vme de pse tsc msr pae mce cx8 apic sep mtrr pge mca cmov pat pse36 clflush dts acpi mmx fxsr sse sse2 ss ht tm pbe syscall nx pdpe1gb rdtscp lm constant_tsc art arch_perfmon pebs bts rep_good nopl xtopology nonstop_tsc cpuid aperfmperf tsc_known_freq pni pclmulqdq dtes64 monitor ds_cpl vmx est tm2 ssse3 sdbg fma cx16 xtpr pdcm pcid sse4_1 sse4_2 x2apic movbe popcnt tsc_deadline_timer aes xsave avx f16c rdrand lahf_lm abm 3dnowprefetch cpuid_fault epb invpcid_single pti ssbd ibrs ibpb stibp tpr_shadow vnmi flexpriority ept vpid fsgsbase tsc_adjust bmi1 avx2 smep bmi2 erms invpcid mpx rdseed adx smap clflushopt intel_pt xsaveopt xsavec xgetbv1 xsaves dtherm ida arat pln pts hwp hwp_notify hwp_act_window hwp_epp flush_l1d
bugs		: cpu_meltdown spectre_v1 spectre_v2 spec_store_bypass l1tf
bogomips	: 4416.00
clflush size	: 64
cache_alignment	: 64
address sizes	: 39 bits physical, 48 bits virtual
power management:

processor	: 7
vendor_id	: GenuineIntel
cpu family	: 6
model		: 158
model name	: Intel(R) Core(TM) i7-8750H CPU @ 2.20GHz
stepping	: 10
microcode	: 0x96
cpu MHz		: 1273.673
cache size	: 9216 KB
physical id	: 0
siblings	: 12
core id		: 1
cpu cores	: 6
apicid		: 3
initial apicid	: 3
fpu		: yes
fpu_exception	: yes
cpuid level	: 22
wp		: yes
flags		: fpu vme de pse tsc msr pae mce cx8 apic sep mtrr pge mca cmov pat pse36 clflush dts acpi mmx fxsr sse sse2 ss ht tm pbe syscall nx pdpe1gb rdtscp lm constant_tsc art arch_perfmon pebs bts rep_good nopl xtopology nonstop_tsc cpuid aperfmperf tsc_known_freq pni pclmulqdq dtes64 monitor ds_cpl vmx est tm2 ssse3 sdbg fma cx16 xtpr pdcm pcid sse4_1 sse4_2 x2apic movbe popcnt tsc_deadline_timer aes xsave avx f16c rdrand lahf_lm abm 3dnowprefetch cpuid_fault epb invpcid_single pti ssbd ibrs ibpb stibp tpr_shadow vnmi flexpriority ept vpid fsgsbase tsc_adjust bmi1 avx2 smep bmi2 erms invpcid mpx rdseed adx smap clflushopt intel_pt xsaveopt xsavec xgetbv1 xsaves dtherm ida arat pln pts hwp hwp_notify hwp_act_window hwp_epp flush_l1d
bugs		: cpu_meltdown spectre_v1 spectre_v2 spec_store_bypass l1tf
bogomips	: 4416.00
clflush size	: 64
cache_alignment	: 64
address sizes	: 39 bits physical, 48 bits virtual
power management:

processor	: 8
vendor_id	: GenuineIntel
cpu family	: 6
model		: 158
model name	: Intel(R) Core(TM) i7-8750H CPU @ 2.20GHz
stepping	: 10
microcode	: 0x96
cpu MHz		: 3521.047
cache size	: 9216 KB
physical id	: 0
siblings	: 12
core id		: 2
cpu cores	: 6
apicid		: 5
initial apicid	: 5
fpu		: yes
fpu_exception	: yes
cpuid level	: 22
wp		: yes
flags		: fpu vme de pse tsc msr pae mce cx8 apic sep mtrr pge mca cmov pat pse36 clflush dts acpi mmx fxsr sse sse2 ss ht tm pbe syscall nx pdpe1gb rdtscp lm constant_tsc art arch_perfmon pebs bts rep_good nopl xtopology nonstop_tsc cpuid aperfmperf tsc_known_freq pni pclmulqdq dtes64 monitor ds_cpl vmx est tm2 ssse3 sdbg fma cx16 xtpr pdcm pcid sse4_1 sse4_2 x2apic movbe popcnt tsc_deadline_timer aes xsave avx f16c rdrand lahf_lm abm 3dnowprefetch cpuid_fault epb invpcid_single pti ssbd ibrs ibpb stibp tpr_shadow vnmi flexpriority ept vpid fsgsbase tsc_adjust bmi1 avx2 smep bmi2 erms invpcid mpx rdseed adx smap clflushopt intel_pt xsaveopt xsavec xgetbv1 xsaves dtherm ida arat pln pts hwp hwp_notify hwp_act_window hwp_epp flush_l1d
bugs		: cpu_meltdown spectre_v1 spectre_v2 spec_store_bypass l1tf
bogomips	: 4416.00
clflush size	: 64
cache_alignment	: 64
address sizes	: 39 bits physical, 48 bits virtual
power management:

processor	: 9
vendor_id	: GenuineIntel
cpu family	: 6
model		: 158
model name	: Intel(R) Core(TM) i7-8750H CPU @ 2.20GHz
stepping	: 10
microcode	: 0x96
cpu MHz		: 1246.439
cache size	: 9216 KB
physical id	: 0
siblings	: 12
core id		: 3
cpu cores	: 6
apicid		: 7
initial apicid	: 7
fpu		: yes
fpu_exception	: yes
cpuid level	: 22
wp		: yes
flags		: fpu vme de pse tsc msr pae mce cx8 apic sep mtrr pge mca cmov pat pse36 clflush dts acpi mmx fxsr sse sse2 ss ht tm pbe syscall nx pdpe1gb rdtscp lm constant_tsc art arch_perfmon pebs bts rep_good nopl xtopology nonstop_tsc cpuid aperfmperf tsc_known_freq pni pclmulqdq dtes64 monitor ds_cpl vmx est tm2 ssse3 sdbg fma cx16 xtpr pdcm pcid sse4_1 sse4_2 x2apic movbe popcnt tsc_deadline_timer aes xsave avx f16c rdrand lahf_lm abm 3dnowprefetch cpuid_fault epb invpcid_single pti ssbd ibrs ibpb stibp tpr_shadow vnmi flexpriority ept vpid fsgsbase tsc_adjust bmi1 avx2 smep bmi2 erms invpcid mpx rdseed adx smap clflushopt intel_pt xsaveopt xsavec xgetbv1 xsaves dtherm ida arat pln pts hwp hwp_notify hwp_act_window hwp_epp flush_l1d
bugs		: cpu_meltdown spectre_v1 spectre_v2 spec_store_bypass l1tf
bogomips	: 4416.00
clflush size	: 64
cache_alignment	: 64
address sizes	: 39 bits physical, 48 bits virtual
power management:

processor	: 10
vendor_id	: GenuineIntel
cpu family	: 6
model		: 158
model name	: Intel(R) Core(TM) i7-8750H CPU @ 2.20GHz
stepping	: 10
microcode	: 0x96
cpu MHz		: 3945.959
cache size	: 9216 KB
physical id	: 0
siblings	: 12
core id		: 4
cpu cores	: 6
apicid		: 9
initial apicid	: 9
fpu		: yes
fpu_exception	: yes
cpuid level	: 22
wp		: yes
flags		: fpu vme de pse tsc msr pae mce cx8 apic sep mtrr pge mca cmov pat pse36 clflush dts acpi mmx fxsr sse sse2 ss ht tm pbe syscall nx pdpe1gb rdtscp lm constant_tsc art arch_perfmon pebs bts rep_good nopl xtopology nonstop_tsc cpuid aperfmperf tsc_known_freq pni pclmulqdq dtes64 monitor ds_cpl vmx est tm2 ssse3 sdbg fma cx16 xtpr pdcm pcid sse4_1 sse4_2 x2apic movbe popcnt tsc_deadline_timer aes xsave avx f16c rdrand lahf_lm abm 3dnowprefetch cpuid_fault epb invpcid_single pti ssbd ibrs ibpb stibp tpr_shadow vnmi flexpriority ept vpid fsgsbase tsc_adjust bmi1 avx2 smep bmi2 erms invpcid mpx rdseed adx smap clflushopt intel_pt xsaveopt xsavec xgetbv1 xsaves dtherm ida arat pln pts hwp hwp_notify hwp_act_window hwp_epp flush_l1d
bugs		: cpu_meltdown spectre_v1 spectre_v2 spec_store_bypass l1tf
bogomips	: 4416.00
clflush size	: 64
cache_alignment	: 64
address sizes	: 39 bits physical, 48 bits virtual
power management:

processor	: 11
vendor_id	: GenuineIntel
cpu family	: 6
model		: 158
model name	: Intel(R) Core(TM) i7-8750H CPU @ 2.20GHz
stepping	: 10
microcode	: 0x96
cpu MHz		: 1245.028
cache size	: 9216 KB
physical id	: 0
siblings	: 12
core id		: 5
cpu cores	: 6
apicid		: 11
initial apicid	: 11
fpu		: yes
fpu_exception	: yes
cpuid level	: 22
wp		: yes
flags		: fpu vme de pse tsc msr pae mce cx8 apic sep mtrr pge mca cmov pat pse36 clflush dts acpi mmx fxsr sse sse2 ss ht tm pbe syscall nx pdpe1gb rdtscp lm constant_tsc art arch_perfmon pebs bts rep_good nopl xtopology nonstop_tsc cpuid aperfmperf tsc_known_freq pni pclmulqdq dtes64 monitor ds_cpl vmx est tm2 ssse3 sdbg fma cx16 xtpr pdcm pcid sse4_1 sse4_2 x2apic movbe popcnt tsc_deadline_timer aes xsave avx f16c rdrand lahf_lm abm 3dnowprefetch cpuid_fault epb invpcid_single pti ssbd ibrs ibpb stibp tpr_shadow vnmi flexpriority ept vpid fsgsbase tsc_adjust bmi1 avx2 smep bmi2 erms invpcid mpx rdseed adx smap clflushopt intel_pt xsaveopt xsavec xgetbv1 xsaves dtherm ida arat pln pts hwp hwp_notify hwp_act_window hwp_epp flush_l1d
bugs		: cpu_meltdown spectre_v1 spectre_v2 spec_store_bypass l1tf
bogomips	: 4416.00
clflush size	: 64
cache_alignment	: 64
address sizes	: 39 bits physical, 48 bits virtual
power management:



Memory: 4k page, physical 16294960k(2327492k free), swap 20981756k(18278548k free)

vm_info: OpenJDK 64-Bit Server VM (25.212-b03) for linux-amd64 JRE (1.8.0_212-8u212-b03-0ubuntu1.16.04.1-b03), built on Apr 26 2019 02:02:50 by "buildd" with gcc 5.4.0 20160609

time: Wed Jun  5 22:48:10 2019
timezone: EDT
elapsed time: 0 seconds (0d 0h 0m 0s)

