#
# A fatal error has been detected by the Java Runtime Environment:
#
#  SIGSEGV (0xb) at pc=0x00007f440c195c46, pid=5774, tid=0x00007f445827a700
#
# JRE version: OpenJDK Runtime Environment (8.0_212-b03) (build 1.8.0_212-8u212-b03-0ubuntu1.16.04.1-b03)
# Java VM: OpenJDK 64-Bit Server VM (25.212-b03 mixed mode linux-amd64 compressed oops)
# Problematic frame:
# C  [module.so+0x11c46]  std::_Rb_tree<unsigned long, std::pair<unsigned long const, unsigned long>, std::_Select1st<std::pair<unsigned long const, unsigned long> >, std::less<unsigned long>, std::allocator<std::pair<unsigned long const, unsigned long> > >::_M_begin()+0xc
#
# Failed to write core dump. Core dumps have been disabled. To enable core dumping, try "ulimit -c unlimited" before starting Java again
#
# If you would like to submit a bug report, please visit:
#   http://bugreport.java.com/bugreport/crash.jsp
# The crash happened outside the Java Virtual Machine in native code.
# See problematic frame for where to report the bug.
#

---------------  T H R E A D  ---------------

Current thread (0x00007f445000a800):  JavaThread "main" [_thread_in_native, id=5779, stack(0x00007f445817a000,0x00007f445827b000)]

siginfo: si_signo: 11 (SIGSEGV), si_code: 1 (SEGV_MAPERR), si_addr: 0x0000000000000061

Registers:
RAX=0x0000000000000051, RBX=0x0000000000000059, RCX=0x00007f4457b9a2dd, RDX=0x00007f44582791f8
RSP=0x00007f44582790e0, RBP=0x00007f44582790e0, RSI=0x00007f44582791f8, RDI=0x0000000000000051
R8 =0x00007f4457e69780, R9 =0x00007f445827a700, R10=0x00000000000000fd, R11=0x00007f440c195c3a
R12=0x0000000000000000, R13=0x00007f443b43b488, R14=0x00007f4458279958, R15=0x00007f445000a800
RIP=0x00007f440c195c46, EFLAGS=0x0000000000010206, CSGSFS=0x002b000000000033, ERR=0x0000000000000004
  TRAPNO=0x000000000000000e

Top of Stack: (sp=0x00007f44582790e0)
0x00007f44582790e0:   00007f4458279110 00007f440c196760
0x00007f44582790f0:   00007f44582791f8 0000000000000051
0x00007f4458279100:   1bb4f007d5ad894d 1bb4f007d5ad894d
0x00007f4458279110:   00007f4458279130 00007f440c195e29
0x00007f4458279120:   00007f44582791f8 0000000000000051
0x00007f4458279130:   00007f44582791c0 00007f440c1957e1
0x00007f4458279140:   00007f44582791f8 0000000000000051
0x00007f4458279150:   00007f445013e5d0 00007f443b43b488
0x00007f4458279160:   00007f4458279958 00007f4457b1d409
0x00007f4458279170:   00007f445000a801 00007f4457e68620
0x00007f4458279180:   00007f4458279820 0000000000000000
0x00007f4458279190:   00007f443b43b488 0ec1b745857d4000
0x00007f44582791a0:   00007f4457e68620 1bb4f007d5ad894d
0x00007f44582791b0:   0000000000000000 00007f443b43b488
0x00007f44582791c0:   00007f4458279820 00007f440c193c94
0x00007f44582791d0:   00007f4450139ea0 0000000000000001
0x00007f44582791e0:   000000000000018e 00017f440c187610
0x00007f44582791f0:   0000000000000000 1bb4f007d5ad894d
0x00007f4458279200:   00007f4450139e70 0000000000000016
0x00007f4458279210:   000000000000001e 00007f440c187e2d
0x00007f4458279220:   00007f4450139ec0 0000000000000050
0x00007f4458279230:   0000000000000124 00000000027fc2e5
0x00007f4458279240:   00007f44501415f0 000000000000004e
0x00007f4458279250:   000000000000004e 00007f440c184cd0
0x00007f4458279260:   00007f4450139ec0 00007f4450139f10
0x00007f4458279270:   00007f4458279280 0000000000000000
0x00007f4458279280:   0000000000000000 00007f44582793b0
0x00007f4458279290:   00007f44582792a0 0000000000000001
0x00007f44582792a0:   00007f445827003a 00007f4450139a40
0x00007f44582792b0:   0000000058270000 0000000000000000
0x00007f44582792c0:   00007f44582792d0 0000000000000000
0x00007f44582792d0:   00007f4458279400 00007f4458085b1f 

Instructions: (pc=0x00007f440c195c46)
0x00007f440c195c26:   c7 e8 e4 cf ff ff 48 8b 45 f8 48 89 45 e0 eb ae
0x00007f440c195c36:   90 c9 c3 90 55 48 89 e5 48 89 7d f8 48 8b 45 f8
0x00007f440c195c46:   48 8b 40 10 5d c3 55 48 89 e5 48 83 ec 10 48 89
0x00007f440c195c56:   7d f8 48 8b 45 f8 48 89 c7 e8 5c cb ff ff 48 89 

Register to memory mapping:

RAX=0x0000000000000051 is an unknown value
RBX=0x0000000000000059 is an unknown value
RCX=0x00007f4457b9a2dd: __write+0x2d in /lib/x86_64-linux-gnu/libc.so.6 at 0x00007f4457aa3000
RDX=0x00007f44582791f8 is pointing into the stack for thread: 0x00007f445000a800
RSP=0x00007f44582790e0 is pointing into the stack for thread: 0x00007f445000a800
RBP=0x00007f44582790e0 is pointing into the stack for thread: 0x00007f445000a800
RSI=0x00007f44582791f8 is pointing into the stack for thread: 0x00007f445000a800
RDI=0x0000000000000051 is an unknown value
R8 =0x00007f4457e69780: <offset 0x3c6780> in /lib/x86_64-linux-gnu/libc.so.6 at 0x00007f4457aa3000
R9 =0x00007f445827a700 is pointing into the stack for thread: 0x00007f445000a800
R10=0x00000000000000fd is an unknown value
R11=0x00007f440c195c3a: _ZNSt8_Rb_treeImSt4pairIKmmESt10_Select1stIS2_ESt4lessImESaIS2_EE8_M_beginEv+0 in /home/frank/swimExtended/swim/examples/planDB_connect/src/module.so at 0x00007f440c184000
R12=0x0000000000000000 is an unknown value
R13={method} {0x00007f443b43b488} 'PlanDB_populate_db' '(JLPlanDB;Ljava/lang/String;)Z' in 'DBJNI'
R14=0x00007f4458279958 is pointing into the stack for thread: 0x00007f445000a800
R15=0x00007f445000a800 is a thread


Stack: [0x00007f445817a000,0x00007f445827b000],  sp=0x00007f44582790e0,  free space=1020k
Native frames: (J=compiled Java code, j=interpreted, Vv=VM code, C=native code)
C  [module.so+0x11c46]  std::_Rb_tree<unsigned long, std::pair<unsigned long const, unsigned long>, std::_Select1st<std::pair<unsigned long const, unsigned long> >, std::less<unsigned long>, std::allocator<std::pair<unsigned long const, unsigned long> > >::_M_begin()+0xc
C  [module.so+0x12760]  std::_Rb_tree<unsigned long, std::pair<unsigned long const, unsigned long>, std::_Select1st<std::pair<unsigned long const, unsigned long> >, std::less<unsigned long>, std::allocator<std::pair<unsigned long const, unsigned long> > >::lower_bound(unsigned long const&)+0x2c
C  [module.so+0x11e29]  std::map<unsigned long, unsigned long, std::less<unsigned long>, std::allocator<std::pair<unsigned long const, unsigned long> > >::lower_bound(unsigned long const&)+0x23
C  [module.so+0x117e1]  std::map<unsigned long, unsigned long, std::less<unsigned long>, std::allocator<std::pair<unsigned long const, unsigned long> > >::operator[](unsigned long const&)+0x37
C  [module.so+0xfc94]  PlanDB::populate_states(char const*)+0x49c
C  [module.so+0x105b7]  PlanDB::populate_db(char const*)+0x3d
C  [module.so+0x1515d]  Java_DBJNI_PlanDB_1populate_1db+0x87
j  DBJNI.PlanDB_populate_db(JLPlanDB;Ljava/lang/String;)Z+0
j  PlanDB.populate_db(Ljava/lang/String;)Z+6
j  connect.main([Ljava/lang/String;)V+64
v  ~StubRoutines::call_stub
V  [libjvm.so+0x6679eb]
V  [libjvm.so+0x6896ae]
V  [libjvm.so+0x68bfdf]
C  [libjli.so+0x34e2]
C  [libjli.so+0x737d]
C  [libpthread.so.0+0x76ba]  start_thread+0xca

Java frames: (J=compiled Java code, j=interpreted, Vv=VM code)
j  DBJNI.PlanDB_populate_db(JLPlanDB;Ljava/lang/String;)Z+0
j  PlanDB.populate_db(Ljava/lang/String;)Z+6
j  connect.main([Ljava/lang/String;)V+64
v  ~StubRoutines::call_stub

---------------  P R O C E S S  ---------------

Java Threads: ( => current thread )
  0x00007f44500d7000 JavaThread "Service Thread" daemon [_thread_blocked, id=5798, stack(0x00007f4438318000,0x00007f4438419000)]
  0x00007f44500cb800 JavaThread "C1 CompilerThread3" daemon [_thread_blocked, id=5797, stack(0x00007f4438419000,0x00007f443851a000)]
  0x00007f44500c9800 JavaThread "C2 CompilerThread2" daemon [_thread_blocked, id=5796, stack(0x00007f443851a000,0x00007f443861b000)]
  0x00007f44500c8000 JavaThread "C2 CompilerThread1" daemon [_thread_blocked, id=5795, stack(0x00007f443861b000,0x00007f443871c000)]
  0x00007f44500c5000 JavaThread "C2 CompilerThread0" daemon [_thread_blocked, id=5794, stack(0x00007f443871c000,0x00007f443881d000)]
  0x00007f44500c3800 JavaThread "Signal Dispatcher" daemon [_thread_blocked, id=5793, stack(0x00007f443881d000,0x00007f443891e000)]
  0x00007f4450090800 JavaThread "Finalizer" daemon [_thread_blocked, id=5792, stack(0x00007f443891e000,0x00007f4438a1f000)]
  0x00007f445008e000 JavaThread "Reference Handler" daemon [_thread_blocked, id=5791, stack(0x00007f4438a1f000,0x00007f4438b20000)]
=>0x00007f445000a800 JavaThread "main" [_thread_in_native, id=5779, stack(0x00007f445817a000,0x00007f445827b000)]

Other Threads:
  0x00007f4450084800 VMThread [stack: 0x00007f4438b20000,0x00007f4438c21000] [id=5790]
  0x00007f44500d9800 WatcherThread [stack: 0x00007f4438217000,0x00007f4438318000] [id=5799]

VM state:not at safepoint (normal execution)

VM Mutex/Monitor currently owned by a thread: None

heap address: 0x00000006c7400000, size: 3980 MB, Compressed Oops mode: Zero based, Oop shift amount: 3
Narrow klass base: 0x0000000000000000, Narrow klass shift: 3
Compressed class space size: 1073741824 Address: 0x00000007c0000000

Heap:
 PSYoungGen      total 74752K, used 1290K [0x000000076d180000, 0x0000000772480000, 0x00000007c0000000)
  eden space 64512K, 2% used [0x000000076d180000,0x000000076d2c2900,0x0000000771080000)
  from space 10240K, 0% used [0x0000000771a80000,0x0000000771a80000,0x0000000772480000)
  to   space 10240K, 0% used [0x0000000771080000,0x0000000771080000,0x0000000771a80000)
 ParOldGen       total 171008K, used 0K [0x00000006c7400000, 0x00000006d1b00000, 0x000000076d180000)
  object space 171008K, 0% used [0x00000006c7400000,0x00000006c7400000,0x00000006d1b00000)
 Metaspace       used 2555K, capacity 4490K, committed 4864K, reserved 1056768K
  class space    used 270K, capacity 386K, committed 512K, reserved 1048576K

Card table byte_map: [0x00007f4454060000,0x00007f4454827000] byte_map_base: 0x00007f4450a26000

Marking Bits: (ParMarkBitMap*) 0x00007f445744b580
 Begin Bits: [0x00007f440c3a0000, 0x00007f44101d0000)
 End Bits:   [0x00007f44101d0000, 0x00007f4414000000)

Polling page: 0x00007f445829e000

CodeCache: size=245760Kb used=1083Kb max_used=1083Kb free=244677Kb
 bounds [0x00007f4441000000, 0x00007f4441270000, 0x00007f4450000000]
 total_blobs=247 nmethods=15 adapters=148
 compilation: enabled

Compilation events (10 events):
Event: 0.030 Thread 0x00007f44500cb800   10       3       java.lang.AbstractStringBuilder::ensureCapacityInternal (27 bytes)
Event: 0.030 Thread 0x00007f44500cb800 nmethod 10 0x00007f4441100fd0 code [0x00007f4441101160, 0x00007f44411015d8]
Event: 0.030 Thread 0x00007f44500cb800   12       1       java.lang.ThreadLocal::access$400 (5 bytes)
Event: 0.030 Thread 0x00007f44500cb800 nmethod 12 0x00007f4441100d10 code [0x00007f4441100e60, 0x00007f4441100f50]
Event: 0.032 Thread 0x00007f44500cb800   13       3       java.lang.AbstractStringBuilder::append (50 bytes)
Event: 0.032 Thread 0x00007f44500cb800 nmethod 13 0x00007f444110dc50 code [0x00007f444110de20, 0x00007f444110e578]
Event: 0.032 Thread 0x00007f44500cb800   14       3       java.lang.String::getChars (62 bytes)
Event: 0.032 Thread 0x00007f44500cb800 nmethod 14 0x00007f4441100510 code [0x00007f44411006c0, 0x00007f4441100af8]
Event: 0.033 Thread 0x00007f44500cb800   15       3       java.lang.System::getSecurityManager (4 bytes)
Event: 0.033 Thread 0x00007f44500cb800 nmethod 15 0x00007f444110e890 code [0x00007f444110e9e0, 0x00007f444110eb30]

GC Heap History (0 events):
No events

Deoptimization events (0 events):
No events

Classes redefined (0 events):
No events

Internal exceptions (2 events):
Event: 0.012 Thread 0x00007f445000a800 Exception <a 'java/lang/NoSuchMethodError': Method sun.misc.Unsafe.defineClass(Ljava/lang/String;[BII)Ljava/lang/Class; name or signature does not match> (0x000000076d187cb0) thrown at [/build/openjdk-8-lHVHKD/openjdk-8-8u212-b03/src/hotspot/src/share/vm/
Event: 0.012 Thread 0x00007f445000a800 Exception <a 'java/lang/NoSuchMethodError': Method sun.misc.Unsafe.prefetchRead(Ljava/lang/Object;J)V name or signature does not match> (0x000000076d187f98) thrown at [/build/openjdk-8-lHVHKD/openjdk-8-8u212-b03/src/hotspot/src/share/vm/prims/jni.cpp, lin

Events (10 events):
Event: 0.033 loading class java/nio/charset/CoderResult$Cache done
Event: 0.033 loading class java/nio/charset/CoderResult$1 done
Event: 0.033 loading class java/nio/charset/CoderResult$2
Event: 0.033 loading class java/nio/charset/CoderResult$2 done
Event: 0.033 loading class PlanDB
Event: 0.033 loading class PlanDB done
Event: 0.033 loading class java/lang/UnsupportedOperationException
Event: 0.033 loading class java/lang/UnsupportedOperationException done
Event: 0.034 loading class DBJNI
Event: 0.034 loading class DBJNI done


Dynamic libraries:
00400000-00401000 r-xp 00000000 08:03 525465                             /usr/lib/jvm/java-8-openjdk-amd64/jre/bin/java
00600000-00601000 r--p 00000000 08:03 525465                             /usr/lib/jvm/java-8-openjdk-amd64/jre/bin/java
00601000-00602000 rw-p 00001000 08:03 525465                             /usr/lib/jvm/java-8-openjdk-amd64/jre/bin/java
019fc000-01a1d000 rw-p 00000000 00:00 0                                  [heap]
6c7400000-6d1b00000 rw-p 00000000 00:00 0 
6d1b00000-76d180000 ---p 00000000 00:00 0 
76d180000-772480000 rw-p 00000000 00:00 0 
772480000-7c0000000 ---p 00000000 00:00 0 
7c0000000-7c0080000 rw-p 00000000 00:00 0 
7c0080000-800000000 ---p 00000000 00:00 0 
7f43dc000000-7f43dc021000 rw-p 00000000 00:00 0 
7f43dc021000-7f43e0000000 ---p 00000000 00:00 0 
7f43e4000000-7f43e4021000 rw-p 00000000 00:00 0 
7f43e4021000-7f43e8000000 ---p 00000000 00:00 0 
7f43e8000000-7f43e8021000 rw-p 00000000 00:00 0 
7f43e8021000-7f43ec000000 ---p 00000000 00:00 0 
7f43ec000000-7f43ec021000 rw-p 00000000 00:00 0 
7f43ec021000-7f43f0000000 ---p 00000000 00:00 0 
7f43f0000000-7f43f0021000 rw-p 00000000 00:00 0 
7f43f0021000-7f43f4000000 ---p 00000000 00:00 0 
7f43f4000000-7f43f4021000 rw-p 00000000 00:00 0 
7f43f4021000-7f43f8000000 ---p 00000000 00:00 0 
7f43f8000000-7f43f805e000 rw-p 00000000 00:00 0 
7f43f805e000-7f43fc000000 ---p 00000000 00:00 0 
7f43fc000000-7f43fc021000 rw-p 00000000 00:00 0 
7f43fc021000-7f4400000000 ---p 00000000 00:00 0 
7f4400000000-7f4400021000 rw-p 00000000 00:00 0 
7f4400021000-7f4404000000 ---p 00000000 00:00 0 
7f4407641000-7f4408000000 r--p 00000000 08:03 400840                     /usr/lib/locale/locale-archive
7f4408000000-7f4408021000 rw-p 00000000 00:00 0 
7f4408021000-7f440c000000 ---p 00000000 00:00 0 
7f440c184000-7f440c19f000 r-xp 00000000 08:05 6160843                    /home/frank/swimExtended/swim/examples/planDB_connect/src/module.so
7f440c19f000-7f440c39e000 ---p 0001b000 08:05 6160843                    /home/frank/swimExtended/swim/examples/planDB_connect/src/module.so
7f440c39e000-7f440c39f000 r--p 0001a000 08:05 6160843                    /home/frank/swimExtended/swim/examples/planDB_connect/src/module.so
7f440c39f000-7f440c3a0000 rw-p 0001b000 08:05 6160843                    /home/frank/swimExtended/swim/examples/planDB_connect/src/module.so
7f440c3a0000-7f4414000000 rw-p 00000000 00:00 0 
7f4414000000-7f4414021000 rw-p 00000000 00:00 0 
7f4414021000-7f4418000000 ---p 00000000 00:00 0 
7f4418000000-7f4418021000 rw-p 00000000 00:00 0 
7f4418021000-7f441c000000 ---p 00000000 00:00 0 
7f441c000000-7f441c021000 rw-p 00000000 00:00 0 
7f441c021000-7f4420000000 ---p 00000000 00:00 0 
7f4420000000-7f4420021000 rw-p 00000000 00:00 0 
7f4420021000-7f4424000000 ---p 00000000 00:00 0 
7f4424000000-7f4424021000 rw-p 00000000 00:00 0 
7f4424021000-7f4428000000 ---p 00000000 00:00 0 
7f4428000000-7f4428021000 rw-p 00000000 00:00 0 
7f4428021000-7f442c000000 ---p 00000000 00:00 0 
7f442c000000-7f442c021000 rw-p 00000000 00:00 0 
7f442c021000-7f4430000000 ---p 00000000 00:00 0 
7f4430000000-7f4430021000 rw-p 00000000 00:00 0 
7f4430021000-7f4434000000 ---p 00000000 00:00 0 
7f4434000000-7f4434021000 rw-p 00000000 00:00 0 
7f4434021000-7f4438000000 ---p 00000000 00:00 0 
7f44381e1000-7f44381fc000 r--s 001d6000 08:03 395042                     /usr/lib/jvm/java-8-openjdk-amd64/jre/lib/ext/nashorn.jar
7f44381fc000-7f4438217000 r--s 00394000 08:03 395041                     /usr/lib/jvm/java-8-openjdk-amd64/jre/lib/ext/cldrdata.jar
7f4438217000-7f4438218000 ---p 00000000 00:00 0 
7f4438218000-7f4438318000 rw-p 00000000 00:00 0 
7f4438318000-7f443831b000 ---p 00000000 00:00 0 
7f443831b000-7f4438419000 rw-p 00000000 00:00 0 
7f4438419000-7f443841c000 ---p 00000000 00:00 0 
7f443841c000-7f443851a000 rw-p 00000000 00:00 0 
7f443851a000-7f443851d000 ---p 00000000 00:00 0 
7f443851d000-7f443861b000 rw-p 00000000 00:00 0 
7f443861b000-7f443861e000 ---p 00000000 00:00 0 
7f443861e000-7f443871c000 rw-p 00000000 00:00 0 
7f443871c000-7f443871f000 ---p 00000000 00:00 0 
7f443871f000-7f443881d000 rw-p 00000000 00:00 0 
7f443881d000-7f4438820000 ---p 00000000 00:00 0 
7f4438820000-7f443891e000 rw-p 00000000 00:00 0 
7f443891e000-7f4438921000 ---p 00000000 00:00 0 
7f4438921000-7f4438a1f000 rw-p 00000000 00:00 0 
7f4438a1f000-7f4438a22000 ---p 00000000 00:00 0 
7f4438a22000-7f4438b20000 rw-p 00000000 00:00 0 
7f4438b20000-7f4438b21000 ---p 00000000 00:00 0 
7f4438b21000-7f443ae6b000 rw-p 00000000 00:00 0 
7f443ae6b000-7f443b03a000 r--s 03c3b000 08:03 394713                     /usr/lib/jvm/java-8-openjdk-amd64/jre/lib/rt.jar
7f443b03a000-7f443b47a000 rw-p 00000000 00:00 0 
7f443b47a000-7f443b83a000 ---p 00000000 00:00 0 
7f443b83a000-7f443c000000 rw-p 00000000 00:00 0 
7f443c000000-7f443c021000 rw-p 00000000 00:00 0 
7f443c021000-7f4440000000 ---p 00000000 00:00 0 
7f444000f000-7f44400c7000 rw-p 00000000 00:00 0 
7f44400c7000-7f44400c8000 ---p 00000000 00:00 0 
7f44400c8000-7f44401c8000 rw-p 00000000 00:00 0 
7f44401c8000-7f44401c9000 ---p 00000000 00:00 0 
7f44401c9000-7f44402c9000 rw-p 00000000 00:00 0 
7f44402c9000-7f44402ca000 ---p 00000000 00:00 0 
7f44402ca000-7f44403ca000 rw-p 00000000 00:00 0 
7f44403ca000-7f44403cb000 ---p 00000000 00:00 0 
7f44403cb000-7f44404cb000 rw-p 00000000 00:00 0 
7f44404cb000-7f44404cc000 ---p 00000000 00:00 0 
7f44404cc000-7f44405cc000 rw-p 00000000 00:00 0 
7f44405cc000-7f44405cd000 ---p 00000000 00:00 0 
7f44405cd000-7f44406cd000 rw-p 00000000 00:00 0 
7f44406cd000-7f44406ce000 ---p 00000000 00:00 0 
7f44406ce000-7f44407ce000 rw-p 00000000 00:00 0 
7f44407ce000-7f44407cf000 ---p 00000000 00:00 0 
7f44407cf000-7f44408cf000 rw-p 00000000 00:00 0 
7f44408cf000-7f44408d0000 ---p 00000000 00:00 0 
7f44408d0000-7f44409d0000 rw-p 00000000 00:00 0 
7f44409d0000-7f44409d1000 ---p 00000000 00:00 0 
7f44409d1000-7f4440b25000 rw-p 00000000 00:00 0 
7f4440b25000-7f4441000000 ---p 00000000 00:00 0 
7f4441000000-7f4441270000 rwxp 00000000 00:00 0 
7f4441270000-7f4450000000 ---p 00000000 00:00 0 
7f4450000000-7f4450157000 rw-p 00000000 00:00 0 
7f4450157000-7f4454000000 ---p 00000000 00:00 0 
7f4454012000-7f44540b4000 rw-p 00000000 00:00 0 
7f44540b4000-7f445458e000 ---p 00000000 00:00 0 
7f445458e000-7f44545b9000 rw-p 00000000 00:00 0 
7f44545b9000-7f4454826000 ---p 00000000 00:00 0 
7f4454826000-7f4454831000 rw-p 00000000 00:00 0 
7f4454831000-7f4454be7000 ---p 00000000 00:00 0 
7f4454be7000-7f4454bef000 r-xp 00000000 08:03 394712                     /usr/lib/jvm/java-8-openjdk-amd64/jre/lib/amd64/libzip.so
7f4454bef000-7f4454dee000 ---p 00008000 08:03 394712                     /usr/lib/jvm/java-8-openjdk-amd64/jre/lib/amd64/libzip.so
7f4454dee000-7f4454def000 r--p 00007000 08:03 394712                     /usr/lib/jvm/java-8-openjdk-amd64/jre/lib/amd64/libzip.so
7f4454def000-7f4454df0000 rw-p 00008000 08:03 394712                     /usr/lib/jvm/java-8-openjdk-amd64/jre/lib/amd64/libzip.so
7f4454df0000-7f4454dfb000 r-xp 00000000 08:03 789257                     /lib/x86_64-linux-gnu/libnss_files-2.23.so
7f4454dfb000-7f4454ffa000 ---p 0000b000 08:03 789257                     /lib/x86_64-linux-gnu/libnss_files-2.23.so
7f4454ffa000-7f4454ffb000 r--p 0000a000 08:03 789257                     /lib/x86_64-linux-gnu/libnss_files-2.23.so
7f4454ffb000-7f4454ffc000 rw-p 0000b000 08:03 789257                     /lib/x86_64-linux-gnu/libnss_files-2.23.so
7f4454ffc000-7f4455002000 rw-p 00000000 00:00 0 
7f4455002000-7f445500d000 r-xp 00000000 08:03 789267                     /lib/x86_64-linux-gnu/libnss_nis-2.23.so
7f445500d000-7f445520c000 ---p 0000b000 08:03 789267                     /lib/x86_64-linux-gnu/libnss_nis-2.23.so
7f445520c000-7f445520d000 r--p 0000a000 08:03 789267                     /lib/x86_64-linux-gnu/libnss_nis-2.23.so
7f445520d000-7f445520e000 rw-p 0000b000 08:03 789267                     /lib/x86_64-linux-gnu/libnss_nis-2.23.so
7f445520e000-7f4455224000 r-xp 00000000 08:03 789251                     /lib/x86_64-linux-gnu/libnsl-2.23.so
7f4455224000-7f4455423000 ---p 00016000 08:03 789251                     /lib/x86_64-linux-gnu/libnsl-2.23.so
7f4455423000-7f4455424000 r--p 00015000 08:03 789251                     /lib/x86_64-linux-gnu/libnsl-2.23.so
7f4455424000-7f4455425000 rw-p 00016000 08:03 789251                     /lib/x86_64-linux-gnu/libnsl-2.23.so
7f4455425000-7f4455427000 rw-p 00000000 00:00 0 
7f4455427000-7f445542f000 r-xp 00000000 08:03 789253                     /lib/x86_64-linux-gnu/libnss_compat-2.23.so
7f445542f000-7f445562e000 ---p 00008000 08:03 789253                     /lib/x86_64-linux-gnu/libnss_compat-2.23.so
7f445562e000-7f445562f000 r--p 00007000 08:03 789253                     /lib/x86_64-linux-gnu/libnss_compat-2.23.so
7f445562f000-7f4455630000 rw-p 00008000 08:03 789253                     /lib/x86_64-linux-gnu/libnss_compat-2.23.so
7f4455630000-7f445565c000 r-xp 00000000 08:03 394694                     /usr/lib/jvm/java-8-openjdk-amd64/jre/lib/amd64/libjava.so
7f445565c000-7f445585b000 ---p 0002c000 08:03 394694                     /usr/lib/jvm/java-8-openjdk-amd64/jre/lib/amd64/libjava.so
7f445585b000-7f445585c000 r--p 0002b000 08:03 394694                     /usr/lib/jvm/java-8-openjdk-amd64/jre/lib/amd64/libjava.so
7f445585c000-7f445585e000 rw-p 0002c000 08:03 394694                     /usr/lib/jvm/java-8-openjdk-amd64/jre/lib/amd64/libjava.so
7f445585e000-7f445586d000 r-xp 00000000 08:03 394683                     /usr/lib/jvm/java-8-openjdk-amd64/jre/lib/amd64/libverify.so
7f445586d000-7f4455a6c000 ---p 0000f000 08:03 394683                     /usr/lib/jvm/java-8-openjdk-amd64/jre/lib/amd64/libverify.so
7f4455a6c000-7f4455a6e000 r--p 0000e000 08:03 394683                     /usr/lib/jvm/java-8-openjdk-amd64/jre/lib/amd64/libverify.so
7f4455a6e000-7f4455a6f000 rw-p 00010000 08:03 394683                     /usr/lib/jvm/java-8-openjdk-amd64/jre/lib/amd64/libverify.so
7f4455a6f000-7f4455a76000 r-xp 00000000 08:03 789312                     /lib/x86_64-linux-gnu/librt-2.23.so
7f4455a76000-7f4455c75000 ---p 00007000 08:03 789312                     /lib/x86_64-linux-gnu/librt-2.23.so
7f4455c75000-7f4455c76000 r--p 00006000 08:03 789312                     /lib/x86_64-linux-gnu/librt-2.23.so
7f4455c76000-7f4455c77000 rw-p 00007000 08:03 789312                     /lib/x86_64-linux-gnu/librt-2.23.so
7f4455c77000-7f4455c8d000 r-xp 00000000 08:03 789196                     /lib/x86_64-linux-gnu/libgcc_s.so.1
7f4455c8d000-7f4455e8c000 ---p 00016000 08:03 789196                     /lib/x86_64-linux-gnu/libgcc_s.so.1
7f4455e8c000-7f4455e8d000 rw-p 00015000 08:03 789196                     /lib/x86_64-linux-gnu/libgcc_s.so.1
7f4455e8d000-7f4455f95000 r-xp 00000000 08:03 789228                     /lib/x86_64-linux-gnu/libm-2.23.so
7f4455f95000-7f4456194000 ---p 00108000 08:03 789228                     /lib/x86_64-linux-gnu/libm-2.23.so
7f4456194000-7f4456195000 r--p 00107000 08:03 789228                     /lib/x86_64-linux-gnu/libm-2.23.so
7f4456195000-7f4456196000 rw-p 00108000 08:03 789228                     /lib/x86_64-linux-gnu/libm-2.23.so
7f4456196000-7f4456308000 r-xp 00000000 08:03 404352                     /usr/lib/x86_64-linux-gnu/libstdc++.so.6.0.21
7f4456308000-7f4456508000 ---p 00172000 08:03 404352                     /usr/lib/x86_64-linux-gnu/libstdc++.so.6.0.21
7f4456508000-7f4456512000 r--p 00172000 08:03 404352                     /usr/lib/x86_64-linux-gnu/libstdc++.so.6.0.21
7f4456512000-7f4456514000 rw-p 0017c000 08:03 404352                     /usr/lib/x86_64-linux-gnu/libstdc++.so.6.0.21
7f4456514000-7f4456518000 rw-p 00000000 00:00 0 
7f4456518000-7f445717c000 r-xp 00000000 08:03 394692                     /usr/lib/jvm/java-8-openjdk-amd64/jre/lib/amd64/server/libjvm.so
7f445717c000-7f445737b000 ---p 00c64000 08:03 394692                     /usr/lib/jvm/java-8-openjdk-amd64/jre/lib/amd64/server/libjvm.so
7f445737b000-7f445740f000 r--p 00c63000 08:03 394692                     /usr/lib/jvm/java-8-openjdk-amd64/jre/lib/amd64/server/libjvm.so
7f445740f000-7f4457438000 rw-p 00cf7000 08:03 394692                     /usr/lib/jvm/java-8-openjdk-amd64/jre/lib/amd64/server/libjvm.so
7f4457438000-7f4457468000 rw-p 00000000 00:00 0 
7f4457468000-7f4457480000 r-xp 00000000 08:03 789304                     /lib/x86_64-linux-gnu/libpthread-2.23.so
7f4457480000-7f445767f000 ---p 00018000 08:03 789304                     /lib/x86_64-linux-gnu/libpthread-2.23.so
7f445767f000-7f4457680000 r--p 00017000 08:03 789304                     /lib/x86_64-linux-gnu/libpthread-2.23.so
7f4457680000-7f4457681000 rw-p 00018000 08:03 789304                     /lib/x86_64-linux-gnu/libpthread-2.23.so
7f4457681000-7f4457685000 rw-p 00000000 00:00 0 
7f4457685000-7f4457688000 r-xp 00000000 08:03 789182                     /lib/x86_64-linux-gnu/libdl-2.23.so
7f4457688000-7f4457887000 ---p 00003000 08:03 789182                     /lib/x86_64-linux-gnu/libdl-2.23.so
7f4457887000-7f4457888000 r--p 00002000 08:03 789182                     /lib/x86_64-linux-gnu/libdl-2.23.so
7f4457888000-7f4457889000 rw-p 00003000 08:03 789182                     /lib/x86_64-linux-gnu/libdl-2.23.so
7f4457889000-7f44578a2000 r-xp 00000000 08:03 789349                     /lib/x86_64-linux-gnu/libz.so.1.2.8
7f44578a2000-7f4457aa1000 ---p 00019000 08:03 789349                     /lib/x86_64-linux-gnu/libz.so.1.2.8
7f4457aa1000-7f4457aa2000 r--p 00018000 08:03 789349                     /lib/x86_64-linux-gnu/libz.so.1.2.8
7f4457aa2000-7f4457aa3000 rw-p 00019000 08:03 789349                     /lib/x86_64-linux-gnu/libz.so.1.2.8
7f4457aa3000-7f4457c63000 r-xp 00000000 08:03 789158                     /lib/x86_64-linux-gnu/libc-2.23.so
7f4457c63000-7f4457e63000 ---p 001c0000 08:03 789158                     /lib/x86_64-linux-gnu/libc-2.23.so
7f4457e63000-7f4457e67000 r--p 001c0000 08:03 789158                     /lib/x86_64-linux-gnu/libc-2.23.so
7f4457e67000-7f4457e69000 rw-p 001c4000 08:03 789158                     /lib/x86_64-linux-gnu/libc-2.23.so
7f4457e69000-7f4457e6d000 rw-p 00000000 00:00 0 
7f4457e6d000-7f4457e7a000 r-xp 00000000 08:03 394711                     /usr/lib/jvm/java-8-openjdk-amd64/jre/lib/amd64/jli/libjli.so
7f4457e7a000-7f4458079000 ---p 0000d000 08:03 394711                     /usr/lib/jvm/java-8-openjdk-amd64/jre/lib/amd64/jli/libjli.so
7f4458079000-7f445807a000 r--p 0000c000 08:03 394711                     /usr/lib/jvm/java-8-openjdk-amd64/jre/lib/amd64/jli/libjli.so
7f445807a000-7f445807b000 rw-p 0000d000 08:03 394711                     /usr/lib/jvm/java-8-openjdk-amd64/jre/lib/amd64/jli/libjli.so
7f445807b000-7f44580a1000 r-xp 00000000 08:03 789130                     /lib/x86_64-linux-gnu/ld-2.23.so
7f44580a4000-7f44580a9000 r--s 0003c000 08:03 395045                     /usr/lib/jvm/java-8-openjdk-amd64/jre/lib/ext/sunjce_provider.jar
7f44580a9000-7f445817a000 rw-p 00000000 00:00 0 
7f445817a000-7f445817d000 ---p 00000000 00:00 0 
7f445817d000-7f445827f000 rw-p 00000000 00:00 0 
7f445827f000-7f4458289000 r--s 00116000 08:03 395048                     /usr/lib/jvm/java-8-openjdk-amd64/jre/lib/ext/localedata.jar
7f4458289000-7f445828a000 r--s 0000a000 08:03 395046                     /usr/lib/jvm/java-8-openjdk-amd64/jre/lib/ext/jaccess.jar
7f445828a000-7f445828c000 r--s 00008000 08:03 395044                     /usr/lib/jvm/java-8-openjdk-amd64/jre/lib/ext/sunec.jar
7f445828c000-7f445828d000 r--s 00010000 08:03 395043                     /usr/lib/jvm/java-8-openjdk-amd64/jre/lib/ext/zipfs.jar
7f445828d000-7f445828f000 r--s 00001000 08:03 395047                     /usr/lib/jvm/java-8-openjdk-amd64/jre/lib/ext/dnsns.jar
7f445828f000-7f4458292000 r--s 00039000 08:03 395049                     /usr/lib/jvm/java-8-openjdk-amd64/jre/lib/ext/sunpkcs11.jar
7f4458292000-7f4458295000 r--s 0000f000 08:03 395040                     /usr/lib/jvm/java-8-openjdk-amd64/jre/lib/ext/icedtea-sound.jar
7f4458295000-7f445829d000 rw-s 00000000 08:03 1214495                    /tmp/hsperfdata_frank/5774
7f445829d000-7f445829e000 rw-p 00000000 00:00 0 
7f445829e000-7f445829f000 r--p 00000000 00:00 0 
7f445829f000-7f44582a0000 rw-p 00000000 00:00 0 
7f44582a0000-7f44582a1000 r--p 00025000 08:03 789130                     /lib/x86_64-linux-gnu/ld-2.23.so
7f44582a1000-7f44582a2000 rw-p 00026000 08:03 789130                     /lib/x86_64-linux-gnu/ld-2.23.so
7f44582a2000-7f44582a3000 rw-p 00000000 00:00 0 
7ffc36e29000-7ffc36e4a000 rw-p 00000000 00:00 0                          [stack]
7ffc36f44000-7ffc36f47000 r--p 00000000 00:00 0                          [vvar]
7ffc36f47000-7ffc36f49000 r-xp 00000000 00:00 0                          [vdso]
ffffffffff600000-ffffffffff601000 r-xp 00000000 00:00 0                  [vsyscall]

VM Arguments:
jvm_args: -Dfile.encoding=UTF-8 
java_command: connect
java_class_path (initial): /home/frank/swimExtended/swim/examples/planDB_connect/bin
Launcher Type: SUN_STANDARD

Environment Variables:
PATH=/home/frank/bin:/home/frank/.local/bin:/usr/local/sbin:/usr/local/bin:/usr/sbin:/usr/bin:/sbin:/bin:/usr/games:/usr/local/games:/snap/bin
SHELL=/bin/bash
DISPLAY=:0

Signal Handlers:
SIGSEGV: [libjvm.so+0xa765a0], sa_mask[0]=11111111011111111101111111111110, sa_flags=SA_RESTART|SA_SIGINFO
SIGBUS: [libjvm.so+0xa765a0], sa_mask[0]=11111111011111111101111111111110, sa_flags=SA_RESTART|SA_SIGINFO
SIGFPE: [libjvm.so+0x8bd800], sa_mask[0]=11111111011111111101111111111110, sa_flags=SA_RESTART|SA_SIGINFO
SIGPIPE: [libjvm.so+0x8bd800], sa_mask[0]=11111111011111111101111111111110, sa_flags=SA_RESTART|SA_SIGINFO
SIGXFSZ: [libjvm.so+0x8bd800], sa_mask[0]=11111111011111111101111111111110, sa_flags=SA_RESTART|SA_SIGINFO
SIGILL: [libjvm.so+0x8bd800], sa_mask[0]=11111111011111111101111111111110, sa_flags=SA_RESTART|SA_SIGINFO
SIGUSR1: SIG_DFL, sa_mask[0]=00000000000000000000000000000000, sa_flags=none
SIGUSR2: [libjvm.so+0x8bd6b0], sa_mask[0]=00100000000000000000000000000000, sa_flags=SA_RESTART|SA_SIGINFO
SIGHUP: [libjvm.so+0x8bdd40], sa_mask[0]=11111111011111111101111111111110, sa_flags=SA_RESTART|SA_SIGINFO
SIGINT: [libjvm.so+0x8bdd40], sa_mask[0]=11111111011111111101111111111110, sa_flags=SA_RESTART|SA_SIGINFO
SIGTERM: [libjvm.so+0x8bdd40], sa_mask[0]=11111111011111111101111111111110, sa_flags=SA_RESTART|SA_SIGINFO
SIGQUIT: [libjvm.so+0x8bdd40], sa_mask[0]=11111111011111111101111111111110, sa_flags=SA_RESTART|SA_SIGINFO


---------------  S Y S T E M  ---------------

OS:DISTRIB_ID=Ubuntu
DISTRIB_RELEASE=16.04
DISTRIB_CODENAME=xenial
DISTRIB_DESCRIPTION="Ubuntu 16.04.6 LTS"

uname:Linux 4.15.0-47-generic #50~16.04.1-Ubuntu SMP Fri Mar 15 16:06:21 UTC 2019 x86_64
libc:glibc 2.23 NPTL 2.23 
rlimit: STACK 8192k, CORE 0k, NPROC 63237, NOFILE 1048576, AS infinity
load average:1.59 1.74 1.51

/proc/meminfo:
MemTotal:       16294960 kB
MemFree:          707844 kB
MemAvailable:    3549376 kB
Buffers:          399652 kB
Cached:          4196900 kB
SwapCached:       635108 kB
Active:         11752596 kB
Inactive:        3066360 kB
Active(anon):   10119972 kB
Inactive(anon):  1749888 kB
Active(file):    1632624 kB
Inactive(file):  1316472 kB
Unevictable:         128 kB
Mlocked:             128 kB
SwapTotal:      20981756 kB
SwapFree:       18350812 kB
Dirty:              1564 kB
Writeback:             0 kB
AnonPages:      10022816 kB
Mapped:          1601192 kB
Shmem:           1720004 kB
Slab:             366144 kB
SReclaimable:     233624 kB
SUnreclaim:       132520 kB
KernelStack:       30480 kB
PageTables:       167392 kB
NFS_Unstable:          0 kB
Bounce:                0 kB
WritebackTmp:          0 kB
CommitLimit:    29129236 kB
Committed_AS:   34569464 kB
VmallocTotal:   34359738367 kB
VmallocUsed:           0 kB
VmallocChunk:          0 kB
HardwareCorrupted:     0 kB
AnonHugePages:         0 kB
ShmemHugePages:        0 kB
ShmemPmdMapped:        0 kB
CmaTotal:              0 kB
CmaFree:               0 kB
HugePages_Total:       0
HugePages_Free:        0
HugePages_Rsvd:        0
HugePages_Surp:        0
Hugepagesize:       2048 kB
DirectMap4k:     1412796 kB
DirectMap2M:    15235072 kB
DirectMap1G:           0 kB

container (cgroup) information:
container_type: cgroupv1
cpu_cpuset_cpus: 0-11
cpu_memory_nodes: 0
active_processor_count: 12
cpu_quota: -1
cpu_period: 100000
cpu_shares: -1
memory_limit_in_bytes: -1
memory_and_swap_limit_in_bytes: -2
memory_soft_limit_in_bytes: -1
memory_usage_in_bytes: 15007219712
memory_max_usage_in_bytes: 389484544


CPU:total 12 (initial active 12) (6 cores per cpu, 2 threads per core) family 6 model 158 stepping 10, cmov, cx8, fxsr, mmx, sse, sse2, sse3, ssse3, sse4.1, sse4.2, popcnt, avx, avx2, aes, clmul, erms, 3dnowpref, lzcnt, ht, tsc, tscinvbit, bmi1, bmi2, adx

/proc/cpuinfo:
processor	: 0
vendor_id	: GenuineIntel
cpu family	: 6
model		: 158
model name	: Intel(R) Core(TM) i7-8750H CPU @ 2.20GHz
stepping	: 10
microcode	: 0x96
cpu MHz		: 3941.612
cache size	: 9216 KB
physical id	: 0
siblings	: 12
core id		: 0
cpu cores	: 6
apicid		: 0
initial apicid	: 0
fpu		: yes
fpu_exception	: yes
cpuid level	: 22
wp		: yes
flags		: fpu vme de pse tsc msr pae mce cx8 apic sep mtrr pge mca cmov pat pse36 clflush dts acpi mmx fxsr sse sse2 ss ht tm pbe syscall nx pdpe1gb rdtscp lm constant_tsc art arch_perfmon pebs bts rep_good nopl xtopology nonstop_tsc cpuid aperfmperf tsc_known_freq pni pclmulqdq dtes64 monitor ds_cpl vmx est tm2 ssse3 sdbg fma cx16 xtpr pdcm pcid sse4_1 sse4_2 x2apic movbe popcnt tsc_deadline_timer aes xsave avx f16c rdrand lahf_lm abm 3dnowprefetch cpuid_fault epb invpcid_single pti ssbd ibrs ibpb stibp tpr_shadow vnmi flexpriority ept vpid fsgsbase tsc_adjust bmi1 avx2 smep bmi2 erms invpcid mpx rdseed adx smap clflushopt intel_pt xsaveopt xsavec xgetbv1 xsaves dtherm ida arat pln pts hwp hwp_notify hwp_act_window hwp_epp flush_l1d
bugs		: cpu_meltdown spectre_v1 spectre_v2 spec_store_bypass l1tf
bogomips	: 4416.00
clflush size	: 64
cache_alignment	: 64
address sizes	: 39 bits physical, 48 bits virtual
power management:

processor	: 1
vendor_id	: GenuineIntel
cpu family	: 6
model		: 158
model name	: Intel(R) Core(TM) i7-8750H CPU @ 2.20GHz
stepping	: 10
microcode	: 0x96
cpu MHz		: 3988.231
cache size	: 9216 KB
physical id	: 0
siblings	: 12
core id		: 1
cpu cores	: 6
apicid		: 2
initial apicid	: 2
fpu		: yes
fpu_exception	: yes
cpuid level	: 22
wp		: yes
flags		: fpu vme de pse tsc msr pae mce cx8 apic sep mtrr pge mca cmov pat pse36 clflush dts acpi mmx fxsr sse sse2 ss ht tm pbe syscall nx pdpe1gb rdtscp lm constant_tsc art arch_perfmon pebs bts rep_good nopl xtopology nonstop_tsc cpuid aperfmperf tsc_known_freq pni pclmulqdq dtes64 monitor ds_cpl vmx est tm2 ssse3 sdbg fma cx16 xtpr pdcm pcid sse4_1 sse4_2 x2apic movbe popcnt tsc_deadline_timer aes xsave avx f16c rdrand lahf_lm abm 3dnowprefetch cpuid_fault epb invpcid_single pti ibrs ibpb stibp tpr_shadow vnmi flexpriority ept vpid fsgsbase tsc_adjust bmi1 avx2 smep bmi2 erms invpcid mpx rdseed adx smap clflushopt intel_pt xsaveopt xsavec xgetbv1 xsaves dtherm ida arat pln pts hwp hwp_notify hwp_act_window hwp_epp
bugs		: cpu_meltdown spectre_v1 spectre_v2 spec_store_bypass l1tf
bogomips	: 4416.00
clflush size	: 64
cache_alignment	: 64
address sizes	: 39 bits physical, 48 bits virtual
power management:

processor	: 2
vendor_id	: GenuineIntel
cpu family	: 6
model		: 158
model name	: Intel(R) Core(TM) i7-8750H CPU @ 2.20GHz
stepping	: 10
microcode	: 0x96
cpu MHz		: 3972.319
cache size	: 9216 KB
physical id	: 0
siblings	: 12
core id		: 2
cpu cores	: 6
apicid		: 4
initial apicid	: 4
fpu		: yes
fpu_exception	: yes
cpuid level	: 22
wp		: yes
flags		: fpu vme de pse tsc msr pae mce cx8 apic sep mtrr pge mca cmov pat pse36 clflush dts acpi mmx fxsr sse sse2 ss ht tm pbe syscall nx pdpe1gb rdtscp lm constant_tsc art arch_perfmon pebs bts rep_good nopl xtopology nonstop_tsc cpuid aperfmperf tsc_known_freq pni pclmulqdq dtes64 monitor ds_cpl vmx est tm2 ssse3 sdbg fma cx16 xtpr pdcm pcid sse4_1 sse4_2 x2apic movbe popcnt tsc_deadline_timer aes xsave avx f16c rdrand lahf_lm abm 3dnowprefetch cpuid_fault epb invpcid_single pti ibrs ibpb stibp tpr_shadow vnmi flexpriority ept vpid fsgsbase tsc_adjust bmi1 avx2 smep bmi2 erms invpcid mpx rdseed adx smap clflushopt intel_pt xsaveopt xsavec xgetbv1 xsaves dtherm ida arat pln pts hwp hwp_notify hwp_act_window hwp_epp
bugs		: cpu_meltdown spectre_v1 spectre_v2 spec_store_bypass l1tf
bogomips	: 4416.00
clflush size	: 64
cache_alignment	: 64
address sizes	: 39 bits physical, 48 bits virtual
power management:

processor	: 3
vendor_id	: GenuineIntel
cpu family	: 6
model		: 158
model name	: Intel(R) Core(TM) i7-8750H CPU @ 2.20GHz
stepping	: 10
microcode	: 0x96
cpu MHz		: 3944.467
cache size	: 9216 KB
physical id	: 0
siblings	: 12
core id		: 3
cpu cores	: 6
apicid		: 6
initial apicid	: 6
fpu		: yes
fpu_exception	: yes
cpuid level	: 22
wp		: yes
flags		: fpu vme de pse tsc msr pae mce cx8 apic sep mtrr pge mca cmov pat pse36 clflush dts acpi mmx fxsr sse sse2 ss ht tm pbe syscall nx pdpe1gb rdtscp lm constant_tsc art arch_perfmon pebs bts rep_good nopl xtopology nonstop_tsc cpuid aperfmperf tsc_known_freq pni pclmulqdq dtes64 monitor ds_cpl vmx est tm2 ssse3 sdbg fma cx16 xtpr pdcm pcid sse4_1 sse4_2 x2apic movbe popcnt tsc_deadline_timer aes xsave avx f16c rdrand lahf_lm abm 3dnowprefetch cpuid_fault epb invpcid_single pti ibrs ibpb stibp tpr_shadow vnmi flexpriority ept vpid fsgsbase tsc_adjust bmi1 avx2 smep bmi2 erms invpcid mpx rdseed adx smap clflushopt intel_pt xsaveopt xsavec xgetbv1 xsaves dtherm ida arat pln pts hwp hwp_notify hwp_act_window hwp_epp
bugs		: cpu_meltdown spectre_v1 spectre_v2 spec_store_bypass l1tf
bogomips	: 4416.00
clflush size	: 64
cache_alignment	: 64
address sizes	: 39 bits physical, 48 bits virtual
power management:

processor	: 4
vendor_id	: GenuineIntel
cpu family	: 6
model		: 158
model name	: Intel(R) Core(TM) i7-8750H CPU @ 2.20GHz
stepping	: 10
microcode	: 0x96
cpu MHz		: 3974.567
cache size	: 9216 KB
physical id	: 0
siblings	: 12
core id		: 4
cpu cores	: 6
apicid		: 8
initial apicid	: 8
fpu		: yes
fpu_exception	: yes
cpuid level	: 22
wp		: yes
flags		: fpu vme de pse tsc msr pae mce cx8 apic sep mtrr pge mca cmov pat pse36 clflush dts acpi mmx fxsr sse sse2 ss ht tm pbe syscall nx pdpe1gb rdtscp lm constant_tsc art arch_perfmon pebs bts rep_good nopl xtopology nonstop_tsc cpuid aperfmperf tsc_known_freq pni pclmulqdq dtes64 monitor ds_cpl vmx est tm2 ssse3 sdbg fma cx16 xtpr pdcm pcid sse4_1 sse4_2 x2apic movbe popcnt tsc_deadline_timer aes xsave avx f16c rdrand lahf_lm abm 3dnowprefetch cpuid_fault epb invpcid_single pti ibrs ibpb stibp tpr_shadow vnmi flexpriority ept vpid fsgsbase tsc_adjust bmi1 avx2 smep bmi2 erms invpcid mpx rdseed adx smap clflushopt intel_pt xsaveopt xsavec xgetbv1 xsaves dtherm ida arat pln pts hwp hwp_notify hwp_act_window hwp_epp
bugs		: cpu_meltdown spectre_v1 spectre_v2 spec_store_bypass l1tf
bogomips	: 4416.00
clflush size	: 64
cache_alignment	: 64
address sizes	: 39 bits physical, 48 bits virtual
power management:

processor	: 5
vendor_id	: GenuineIntel
cpu family	: 6
model		: 158
model name	: Intel(R) Core(TM) i7-8750H CPU @ 2.20GHz
stepping	: 10
microcode	: 0x96
cpu MHz		: 3936.286
cache size	: 9216 KB
physical id	: 0
siblings	: 12
core id		: 5
cpu cores	: 6
apicid		: 10
initial apicid	: 10
fpu		: yes
fpu_exception	: yes
cpuid level	: 22
wp		: yes
flags		: fpu vme de pse tsc msr pae mce cx8 apic sep mtrr pge mca cmov pat pse36 clflush dts acpi mmx fxsr sse sse2 ss ht tm pbe syscall nx pdpe1gb rdtscp lm constant_tsc art arch_perfmon pebs bts rep_good nopl xtopology nonstop_tsc cpuid aperfmperf tsc_known_freq pni pclmulqdq dtes64 monitor ds_cpl vmx est tm2 ssse3 sdbg fma cx16 xtpr pdcm pcid sse4_1 sse4_2 x2apic movbe popcnt tsc_deadline_timer aes xsave avx f16c rdrand lahf_lm abm 3dnowprefetch cpuid_fault epb invpcid_single pti ibrs ibpb stibp tpr_shadow vnmi flexpriority ept vpid fsgsbase tsc_adjust bmi1 avx2 smep bmi2 erms invpcid mpx rdseed adx smap clflushopt intel_pt xsaveopt xsavec xgetbv1 xsaves dtherm ida arat pln pts hwp hwp_notify hwp_act_window hwp_epp
bugs		: cpu_meltdown spectre_v1 spectre_v2 spec_store_bypass l1tf
bogomips	: 4416.00
clflush size	: 64
cache_alignment	: 64
address sizes	: 39 bits physical, 48 bits virtual
power management:

processor	: 6
vendor_id	: GenuineIntel
cpu family	: 6
model		: 158
model name	: Intel(R) Core(TM) i7-8750H CPU @ 2.20GHz
stepping	: 10
microcode	: 0x96
cpu MHz		: 3995.613
cache size	: 9216 KB
physical id	: 0
siblings	: 12
core id		: 0
cpu cores	: 6
apicid		: 1
initial apicid	: 1
fpu		: yes
fpu_exception	: yes
cpuid level	: 22
wp		: yes
flags		: fpu vme de pse tsc msr pae mce cx8 apic sep mtrr pge mca cmov pat pse36 clflush dts acpi mmx fxsr sse sse2 ss ht tm pbe syscall nx pdpe1gb rdtscp lm constant_tsc art arch_perfmon pebs bts rep_good nopl xtopology nonstop_tsc cpuid aperfmperf tsc_known_freq pni pclmulqdq dtes64 monitor ds_cpl vmx est tm2 ssse3 sdbg fma cx16 xtpr pdcm pcid sse4_1 sse4_2 x2apic movbe popcnt tsc_deadline_timer aes xsave avx f16c rdrand lahf_lm abm 3dnowprefetch cpuid_fault epb invpcid_single pti ssbd ibrs ibpb stibp tpr_shadow vnmi flexpriority ept vpid fsgsbase tsc_adjust bmi1 avx2 smep bmi2 erms invpcid mpx rdseed adx smap clflushopt intel_pt xsaveopt xsavec xgetbv1 xsaves dtherm ida arat pln pts hwp hwp_notify hwp_act_window hwp_epp flush_l1d
bugs		: cpu_meltdown spectre_v1 spectre_v2 spec_store_bypass l1tf
bogomips	: 4416.00
clflush size	: 64
cache_alignment	: 64
address sizes	: 39 bits physical, 48 bits virtual
power management:

processor	: 7
vendor_id	: GenuineIntel
cpu family	: 6
model		: 158
model name	: Intel(R) Core(TM) i7-8750H CPU @ 2.20GHz
stepping	: 10
microcode	: 0x96
cpu MHz		: 3974.798
cache size	: 9216 KB
physical id	: 0
siblings	: 12
core id		: 1
cpu cores	: 6
apicid		: 3
initial apicid	: 3
fpu		: yes
fpu_exception	: yes
cpuid level	: 22
wp		: yes
flags		: fpu vme de pse tsc msr pae mce cx8 apic sep mtrr pge mca cmov pat pse36 clflush dts acpi mmx fxsr sse sse2 ss ht tm pbe syscall nx pdpe1gb rdtscp lm constant_tsc art arch_perfmon pebs bts rep_good nopl xtopology nonstop_tsc cpuid aperfmperf tsc_known_freq pni pclmulqdq dtes64 monitor ds_cpl vmx est tm2 ssse3 sdbg fma cx16 xtpr pdcm pcid sse4_1 sse4_2 x2apic movbe popcnt tsc_deadline_timer aes xsave avx f16c rdrand lahf_lm abm 3dnowprefetch cpuid_fault epb invpcid_single pti ssbd ibrs ibpb stibp tpr_shadow vnmi flexpriority ept vpid fsgsbase tsc_adjust bmi1 avx2 smep bmi2 erms invpcid mpx rdseed adx smap clflushopt intel_pt xsaveopt xsavec xgetbv1 xsaves dtherm ida arat pln pts hwp hwp_notify hwp_act_window hwp_epp flush_l1d
bugs		: cpu_meltdown spectre_v1 spectre_v2 spec_store_bypass l1tf
bogomips	: 4416.00
clflush size	: 64
cache_alignment	: 64
address sizes	: 39 bits physical, 48 bits virtual
power management:

processor	: 8
vendor_id	: GenuineIntel
cpu family	: 6
model		: 158
model name	: Intel(R) Core(TM) i7-8750H CPU @ 2.20GHz
stepping	: 10
microcode	: 0x96
cpu MHz		: 3978.584
cache size	: 9216 KB
physical id	: 0
siblings	: 12
core id		: 2
cpu cores	: 6
apicid		: 5
initial apicid	: 5
fpu		: yes
fpu_exception	: yes
cpuid level	: 22
wp		: yes
flags		: fpu vme de pse tsc msr pae mce cx8 apic sep mtrr pge mca cmov pat pse36 clflush dts acpi mmx fxsr sse sse2 ss ht tm pbe syscall nx pdpe1gb rdtscp lm constant_tsc art arch_perfmon pebs bts rep_good nopl xtopology nonstop_tsc cpuid aperfmperf tsc_known_freq pni pclmulqdq dtes64 monitor ds_cpl vmx est tm2 ssse3 sdbg fma cx16 xtpr pdcm pcid sse4_1 sse4_2 x2apic movbe popcnt tsc_deadline_timer aes xsave avx f16c rdrand lahf_lm abm 3dnowprefetch cpuid_fault epb invpcid_single pti ssbd ibrs ibpb stibp tpr_shadow vnmi flexpriority ept vpid fsgsbase tsc_adjust bmi1 avx2 smep bmi2 erms invpcid mpx rdseed adx smap clflushopt intel_pt xsaveopt xsavec xgetbv1 xsaves dtherm ida arat pln pts hwp hwp_notify hwp_act_window hwp_epp flush_l1d
bugs		: cpu_meltdown spectre_v1 spectre_v2 spec_store_bypass l1tf
bogomips	: 4416.00
clflush size	: 64
cache_alignment	: 64
address sizes	: 39 bits physical, 48 bits virtual
power management:

processor	: 9
vendor_id	: GenuineIntel
cpu family	: 6
model		: 158
model name	: Intel(R) Core(TM) i7-8750H CPU @ 2.20GHz
stepping	: 10
microcode	: 0x96
cpu MHz		: 3983.544
cache size	: 9216 KB
physical id	: 0
siblings	: 12
core id		: 3
cpu cores	: 6
apicid		: 7
initial apicid	: 7
fpu		: yes
fpu_exception	: yes
cpuid level	: 22
wp		: yes
flags		: fpu vme de pse tsc msr pae mce cx8 apic sep mtrr pge mca cmov pat pse36 clflush dts acpi mmx fxsr sse sse2 ss ht tm pbe syscall nx pdpe1gb rdtscp lm constant_tsc art arch_perfmon pebs bts rep_good nopl xtopology nonstop_tsc cpuid aperfmperf tsc_known_freq pni pclmulqdq dtes64 monitor ds_cpl vmx est tm2 ssse3 sdbg fma cx16 xtpr pdcm pcid sse4_1 sse4_2 x2apic movbe popcnt tsc_deadline_timer aes xsave avx f16c rdrand lahf_lm abm 3dnowprefetch cpuid_fault epb invpcid_single pti ssbd ibrs ibpb stibp tpr_shadow vnmi flexpriority ept vpid fsgsbase tsc_adjust bmi1 avx2 smep bmi2 erms invpcid mpx rdseed adx smap clflushopt intel_pt xsaveopt xsavec xgetbv1 xsaves dtherm ida arat pln pts hwp hwp_notify hwp_act_window hwp_epp flush_l1d
bugs		: cpu_meltdown spectre_v1 spectre_v2 spec_store_bypass l1tf
bogomips	: 4416.00
clflush size	: 64
cache_alignment	: 64
address sizes	: 39 bits physical, 48 bits virtual
power management:

processor	: 10
vendor_id	: GenuineIntel
cpu family	: 6
model		: 158
model name	: Intel(R) Core(TM) i7-8750H CPU @ 2.20GHz
stepping	: 10
microcode	: 0x96
cpu MHz		: 3996.602
cache size	: 9216 KB
physical id	: 0
siblings	: 12
core id		: 4
cpu cores	: 6
apicid		: 9
initial apicid	: 9
fpu		: yes
fpu_exception	: yes
cpuid level	: 22
wp		: yes
flags		: fpu vme de pse tsc msr pae mce cx8 apic sep mtrr pge mca cmov pat pse36 clflush dts acpi mmx fxsr sse sse2 ss ht tm pbe syscall nx pdpe1gb rdtscp lm constant_tsc art arch_perfmon pebs bts rep_good nopl xtopology nonstop_tsc cpuid aperfmperf tsc_known_freq pni pclmulqdq dtes64 monitor ds_cpl vmx est tm2 ssse3 sdbg fma cx16 xtpr pdcm pcid sse4_1 sse4_2 x2apic movbe popcnt tsc_deadline_timer aes xsave avx f16c rdrand lahf_lm abm 3dnowprefetch cpuid_fault epb invpcid_single pti ssbd ibrs ibpb stibp tpr_shadow vnmi flexpriority ept vpid fsgsbase tsc_adjust bmi1 avx2 smep bmi2 erms invpcid mpx rdseed adx smap clflushopt intel_pt xsaveopt xsavec xgetbv1 xsaves dtherm ida arat pln pts hwp hwp_notify hwp_act_window hwp_epp flush_l1d
bugs		: cpu_meltdown spectre_v1 spectre_v2 spec_store_bypass l1tf
bogomips	: 4416.00
clflush size	: 64
cache_alignment	: 64
address sizes	: 39 bits physical, 48 bits virtual
power management:

processor	: 11
vendor_id	: GenuineIntel
cpu family	: 6
model		: 158
model name	: Intel(R) Core(TM) i7-8750H CPU @ 2.20GHz
stepping	: 10
microcode	: 0x96
cpu MHz		: 3925.950
cache size	: 9216 KB
physical id	: 0
siblings	: 12
core id		: 5
cpu cores	: 6
apicid		: 11
initial apicid	: 11
fpu		: yes
fpu_exception	: yes
cpuid level	: 22
wp		: yes
flags		: fpu vme de pse tsc msr pae mce cx8 apic sep mtrr pge mca cmov pat pse36 clflush dts acpi mmx fxsr sse sse2 ss ht tm pbe syscall nx pdpe1gb rdtscp lm constant_tsc art arch_perfmon pebs bts rep_good nopl xtopology nonstop_tsc cpuid aperfmperf tsc_known_freq pni pclmulqdq dtes64 monitor ds_cpl vmx est tm2 ssse3 sdbg fma cx16 xtpr pdcm pcid sse4_1 sse4_2 x2apic movbe popcnt tsc_deadline_timer aes xsave avx f16c rdrand lahf_lm abm 3dnowprefetch cpuid_fault epb invpcid_single pti ssbd ibrs ibpb stibp tpr_shadow vnmi flexpriority ept vpid fsgsbase tsc_adjust bmi1 avx2 smep bmi2 erms invpcid mpx rdseed adx smap clflushopt intel_pt xsaveopt xsavec xgetbv1 xsaves dtherm ida arat pln pts hwp hwp_notify hwp_act_window hwp_epp flush_l1d
bugs		: cpu_meltdown spectre_v1 spectre_v2 spec_store_bypass l1tf
bogomips	: 4416.00
clflush size	: 64
cache_alignment	: 64
address sizes	: 39 bits physical, 48 bits virtual
power management:



Memory: 4k page, physical 16294960k(707852k free), swap 20981756k(18350812k free)

vm_info: OpenJDK 64-Bit Server VM (25.212-b03) for linux-amd64 JRE (1.8.0_212-8u212-b03-0ubuntu1.16.04.1-b03), built on Apr 26 2019 02:02:50 by "buildd" with gcc 5.4.0 20160609

time: Fri Jun  7 13:58:24 2019
timezone: EDT
elapsed time: 0 seconds (0d 0h 0m 0s)

