#
# A fatal error has been detected by the Java Runtime Environment:
#
#  SIGSEGV (0xb) at pc=0x00007fb0fef31c1a, pid=5295, tid=0x00007fb12fc0c700
#
# JRE version: OpenJDK Runtime Environment (8.0_212-b03) (build 1.8.0_212-8u212-b03-0ubuntu1.16.04.1-b03)
# Java VM: OpenJDK 64-Bit Server VM (25.212-b03 mixed mode linux-amd64 compressed oops)
# Problematic frame:
# C  [module.so+0x11c1a]  std::_Rb_tree<unsigned long, std::pair<unsigned long const, unsigned long>, std::_Select1st<std::pair<unsigned long const, unsigned long> >, std::less<unsigned long>, std::allocator<std::pair<unsigned long const, unsigned long> > >::_M_begin()+0xc
#
# Failed to write core dump. Core dumps have been disabled. To enable core dumping, try "ulimit -c unlimited" before starting Java again
#
# If you would like to submit a bug report, please visit:
#   http://bugreport.java.com/bugreport/crash.jsp
# The crash happened outside the Java Virtual Machine in native code.
# See problematic frame for where to report the bug.
#

---------------  T H R E A D  ---------------

Current thread (0x00007fb12800a800):  JavaThread "main" [_thread_in_native, id=5297, stack(0x00007fb12fb0c000,0x00007fb12fc0d000)]

siginfo: si_signo: 11 (SIGSEGV), si_code: 1 (SEGV_MAPERR), si_addr: 0x0000000000000061

Registers:
RAX=0x0000000000000051, RBX=0x0000000000000059, RCX=0x00007fb12f52c2dd, RDX=0x00007fb12fc0b1f8
RSP=0x00007fb12fc0b0e0, RBP=0x00007fb12fc0b0e0, RSI=0x00007fb12fc0b1f8, RDI=0x0000000000000051
R8 =0x00007fb12f7fb780, R9 =0x00007fb12fc0c700, R10=0x00000000000000fd, R11=0x00007fb0fef31c0e
R12=0x0000000000000000, R13=0x00007fb116e3c488, R14=0x00007fb12fc0b958, R15=0x00007fb12800a800
RIP=0x00007fb0fef31c1a, EFLAGS=0x0000000000010206, CSGSFS=0x002b000000000033, ERR=0x0000000000000004
  TRAPNO=0x000000000000000e

Top of Stack: (sp=0x00007fb12fc0b0e0)
0x00007fb12fc0b0e0:   00007fb12fc0b110 00007fb0fef32734
0x00007fb12fc0b0f0:   00007fb12fc0b1f8 0000000000000051
0x00007fb12fc0b100:   1bb4f007d5ad894d 1bb4f007d5ad894d
0x00007fb12fc0b110:   00007fb12fc0b130 00007fb0fef31dfd
0x00007fb12fc0b120:   00007fb12fc0b1f8 0000000000000051
0x00007fb12fc0b130:   00007fb12fc0b1c0 00007fb0fef317b5
0x00007fb12fc0b140:   00007fb12fc0b1f8 0000000000000051
0x00007fb12fc0b150:   00007fb12814e5a0 00007fb116e3c488
0x00007fb12fc0b160:   00007fb12fc0b958 00007fb12f4af409
0x00007fb12fc0b170:   00007fb12800a801 00007fb12f7fa620
0x00007fb12fc0b180:   00007fb12fc0b820 0000000000000000
0x00007fb12fc0b190:   00007fb116e3c488 1694f4ee5a58e000
0x00007fb12fc0b1a0:   00007fb12f7fa620 1bb4f007d5ad894d
0x00007fb12fc0b1b0:   0000000000000000 00007fb116e3c488
0x00007fb12fc0b1c0:   00007fb12fc0b820 00007fb0fef2fc94
0x00007fb12fc0b1d0:   00007fb128149e70 0000000000000001
0x00007fb12fc0b1e0:   000000000000018e 00017fb0fef23610
0x00007fb12fc0b1f0:   0000000000000000 1bb4f007d5ad894d
0x00007fb12fc0b200:   00007fb128149e40 0000000000000016
0x00007fb12fc0b210:   000000000000001e 00007fb0fef23e2d
0x00007fb12fc0b220:   00007fb128149e90 0000000000000050
0x00007fb12fc0b230:   0000000000000124 00000000027fc2e5
0x00007fb12fc0b240:   00007fb1281515c0 000000000000004e
0x00007fb12fc0b250:   000000000000004e 00007fb0fef20cd0
0x00007fb12fc0b260:   00007fb128149e90 00007fb128149ee0
0x00007fb12fc0b270:   00007fb12fc0b280 0000000000000000
0x00007fb12fc0b280:   0000000000000000 00007fb12fc0b3b0
0x00007fb12fc0b290:   00007fb12fc0b2a0 0000000000000001
0x00007fb12fc0b2a0:   00007fb12fc0003a 00007fb128149a10
0x00007fb12fc0b2b0:   000000002fc00000 0000000000000000
0x00007fb12fc0b2c0:   00007fb12fc0b2d0 0000000000000000
0x00007fb12fc0b2d0:   00007fb12fc0b400 00007fb12fa17b1f 

Instructions: (pc=0x00007fb0fef31c1a)
0x00007fb0fef31bfa:   c7 e8 10 d0 ff ff 48 8b 45 f8 48 89 45 e0 eb ae
0x00007fb0fef31c0a:   90 c9 c3 90 55 48 89 e5 48 89 7d f8 48 8b 45 f8
0x00007fb0fef31c1a:   48 8b 40 10 5d c3 55 48 89 e5 48 83 ec 10 48 89
0x00007fb0fef31c2a:   7d f8 48 8b 45 f8 48 89 c7 e8 88 cb ff ff 48 89 

Register to memory mapping:

RAX=0x0000000000000051 is an unknown value
RBX=0x0000000000000059 is an unknown value
RCX=0x00007fb12f52c2dd: __write+0x2d in /lib/x86_64-linux-gnu/libc.so.6 at 0x00007fb12f435000
RDX=0x00007fb12fc0b1f8 is pointing into the stack for thread: 0x00007fb12800a800
RSP=0x00007fb12fc0b0e0 is pointing into the stack for thread: 0x00007fb12800a800
RBP=0x00007fb12fc0b0e0 is pointing into the stack for thread: 0x00007fb12800a800
RSI=0x00007fb12fc0b1f8 is pointing into the stack for thread: 0x00007fb12800a800
RDI=0x0000000000000051 is an unknown value
R8 =0x00007fb12f7fb780: <offset 0x3c6780> in /lib/x86_64-linux-gnu/libc.so.6 at 0x00007fb12f435000
R9 =0x00007fb12fc0c700 is pointing into the stack for thread: 0x00007fb12800a800
R10=0x00000000000000fd is an unknown value
R11=0x00007fb0fef31c0e: _ZNSt8_Rb_treeImSt4pairIKmmESt10_Select1stIS2_ESt4lessImESaIS2_EE8_M_beginEv+0 in /home/frank/swimExtended/swim/examples/planDB_connect/src/module.so at 0x00007fb0fef20000
R12=0x0000000000000000 is an unknown value
R13={method} {0x00007fb116e3c488} 'PlanDB_populate_db' '(JLPlanDB;Ljava/lang/String;)Z' in 'DBJNI'
R14=0x00007fb12fc0b958 is pointing into the stack for thread: 0x00007fb12800a800
R15=0x00007fb12800a800 is a thread


Stack: [0x00007fb12fb0c000,0x00007fb12fc0d000],  sp=0x00007fb12fc0b0e0,  free space=1020k
Native frames: (J=compiled Java code, j=interpreted, Vv=VM code, C=native code)
C  [module.so+0x11c1a]  std::_Rb_tree<unsigned long, std::pair<unsigned long const, unsigned long>, std::_Select1st<std::pair<unsigned long const, unsigned long> >, std::less<unsigned long>, std::allocator<std::pair<unsigned long const, unsigned long> > >::_M_begin()+0xc
C  [module.so+0x12734]  std::_Rb_tree<unsigned long, std::pair<unsigned long const, unsigned long>, std::_Select1st<std::pair<unsigned long const, unsigned long> >, std::less<unsigned long>, std::allocator<std::pair<unsigned long const, unsigned long> > >::lower_bound(unsigned long const&)+0x2c
C  [module.so+0x11dfd]  std::map<unsigned long, unsigned long, std::less<unsigned long>, std::allocator<std::pair<unsigned long const, unsigned long> > >::lower_bound(unsigned long const&)+0x23
C  [module.so+0x117b5]  std::map<unsigned long, unsigned long, std::less<unsigned long>, std::allocator<std::pair<unsigned long const, unsigned long> > >::operator[](unsigned long const&)+0x37
C  [module.so+0xfc94]  PlanDB::populate_states(char const*)+0x49c
C  [module.so+0x1058b]  PlanDB::populate_db(char const*)+0x3d
C  [module.so+0x15131]  Java_DBJNI_PlanDB_1populate_1db+0x87
j  DBJNI.PlanDB_populate_db(JLPlanDB;Ljava/lang/String;)Z+0
j  PlanDB.populate_db(Ljava/lang/String;)Z+6
j  connect.main([Ljava/lang/String;)V+64
v  ~StubRoutines::call_stub
V  [libjvm.so+0x6679eb]
V  [libjvm.so+0x6896ae]
V  [libjvm.so+0x68bfdf]
C  [libjli.so+0x34e2]
C  [libjli.so+0x737d]
C  [libpthread.so.0+0x76ba]  start_thread+0xca

Java frames: (J=compiled Java code, j=interpreted, Vv=VM code)
j  DBJNI.PlanDB_populate_db(JLPlanDB;Ljava/lang/String;)Z+0
j  PlanDB.populate_db(Ljava/lang/String;)Z+6
j  connect.main([Ljava/lang/String;)V+64
v  ~StubRoutines::call_stub

---------------  P R O C E S S  ---------------

Java Threads: ( => current thread )
  0x00007fb1280d7000 JavaThread "Service Thread" daemon [_thread_blocked, id=5324, stack(0x00007fb0ff23d000,0x00007fb0ff33e000)]
  0x00007fb1280cb800 JavaThread "C1 CompilerThread3" daemon [_thread_blocked, id=5323, stack(0x00007fb0ff33e000,0x00007fb0ff43f000)]
  0x00007fb1280c9800 JavaThread "C2 CompilerThread2" daemon [_thread_blocked, id=5322, stack(0x00007fb0ff43f000,0x00007fb0ff540000)]
  0x00007fb1280c8000 JavaThread "C2 CompilerThread1" daemon [_thread_blocked, id=5321, stack(0x00007fb0ff540000,0x00007fb0ff641000)]
  0x00007fb1280c5000 JavaThread "C2 CompilerThread0" daemon [_thread_blocked, id=5320, stack(0x00007fb1140cf000,0x00007fb1141d0000)]
  0x00007fb1280c3800 JavaThread "Signal Dispatcher" daemon [_thread_blocked, id=5319, stack(0x00007fb1141d0000,0x00007fb1142d1000)]
  0x00007fb128090800 JavaThread "Finalizer" daemon [_thread_blocked, id=5318, stack(0x00007fb1142d1000,0x00007fb1143d2000)]
  0x00007fb12808e000 JavaThread "Reference Handler" daemon [_thread_blocked, id=5317, stack(0x00007fb1143d2000,0x00007fb1144d3000)]
=>0x00007fb12800a800 JavaThread "main" [_thread_in_native, id=5297, stack(0x00007fb12fb0c000,0x00007fb12fc0d000)]

Other Threads:
  0x00007fb128084800 VMThread [stack: 0x00007fb1144d3000,0x00007fb1145d4000] [id=5316]
  0x00007fb1280d9800 WatcherThread [stack: 0x00007fb0ff13c000,0x00007fb0ff23d000] [id=5325]

VM state:not at safepoint (normal execution)

VM Mutex/Monitor currently owned by a thread: None

heap address: 0x00000006c7400000, size: 3980 MB, Compressed Oops mode: Zero based, Oop shift amount: 3
Narrow klass base: 0x0000000000000000, Narrow klass shift: 3
Compressed class space size: 1073741824 Address: 0x00000007c0000000

Heap:
 PSYoungGen      total 74752K, used 1290K [0x000000076d180000, 0x0000000772480000, 0x00000007c0000000)
  eden space 64512K, 2% used [0x000000076d180000,0x000000076d2c2900,0x0000000771080000)
  from space 10240K, 0% used [0x0000000771a80000,0x0000000771a80000,0x0000000772480000)
  to   space 10240K, 0% used [0x0000000771080000,0x0000000771080000,0x0000000771a80000)
 ParOldGen       total 171008K, used 0K [0x00000006c7400000, 0x00000006d1b00000, 0x000000076d180000)
  object space 171008K, 0% used [0x00000006c7400000,0x00000006c7400000,0x00000006d1b00000)
 Metaspace       used 2555K, capacity 4490K, committed 4864K, reserved 1056768K
  class space    used 270K, capacity 386K, committed 512K, reserved 1048576K

Card table byte_map: [0x00007fb118839000,0x00007fb119000000] byte_map_base: 0x00007fb1151ff000

Marking Bits: (ParMarkBitMap*) 0x00007fb12eddd580
 Begin Bits: [0x00007fb0d83a0000, 0x00007fb0dc1d0000)
 End Bits:   [0x00007fb0dc1d0000, 0x00007fb0e0000000)

Polling page: 0x00007fb12fc30000

CodeCache: size=245760Kb used=1083Kb max_used=1083Kb free=244676Kb
 bounds [0x00007fb119000000, 0x00007fb119270000, 0x00007fb128000000]
 total_blobs=247 nmethods=15 adapters=148
 compilation: enabled

Compilation events (10 events):
Event: 0.100 Thread 0x00007fb1280cb800   11       1       java.lang.ref.Reference::get (5 bytes)
Event: 0.101 Thread 0x00007fb1280cb800 nmethod 11 0x00007fb11910ba90 code [0x00007fb11910bbe0, 0x00007fb11910bcf0]
Event: 0.101 Thread 0x00007fb1280cb800   12       1       java.lang.ThreadLocal::access$400 (5 bytes)
Event: 0.101 Thread 0x00007fb1280cb800 nmethod 12 0x00007fb11910b7d0 code [0x00007fb11910b920, 0x00007fb11910ba10]
Event: 0.102 Thread 0x00007fb1280cb800   13       3       java.lang.AbstractStringBuilder::append (50 bytes)
Event: 0.103 Thread 0x00007fb1280cb800 nmethod 13 0x00007fb11910dc50 code [0x00007fb11910de20, 0x00007fb11910e578]
Event: 0.103 Thread 0x00007fb1280cb800   14       3       java.lang.String::getChars (62 bytes)
Event: 0.103 Thread 0x00007fb1280cb800 nmethod 14 0x00007fb11910afd0 code [0x00007fb11910b180, 0x00007fb11910b5b8]
Event: 0.104 Thread 0x00007fb1280cb800   15       3       java.lang.System::getSecurityManager (4 bytes)
Event: 0.104 Thread 0x00007fb1280cb800 nmethod 15 0x00007fb11910e890 code [0x00007fb11910e9e0, 0x00007fb11910eb30]

GC Heap History (0 events):
No events

Deoptimization events (0 events):
No events

Classes redefined (0 events):
No events

Internal exceptions (2 events):
Event: 0.074 Thread 0x00007fb12800a800 Exception <a 'java/lang/NoSuchMethodError': Method sun.misc.Unsafe.defineClass(Ljava/lang/String;[BII)Ljava/lang/Class; name or signature does not match> (0x000000076d187cb0) thrown at [/build/openjdk-8-lHVHKD/openjdk-8-8u212-b03/src/hotspot/src/share/vm/
Event: 0.074 Thread 0x00007fb12800a800 Exception <a 'java/lang/NoSuchMethodError': Method sun.misc.Unsafe.prefetchRead(Ljava/lang/Object;J)V name or signature does not match> (0x000000076d187f98) thrown at [/build/openjdk-8-lHVHKD/openjdk-8-8u212-b03/src/hotspot/src/share/vm/prims/jni.cpp, lin

Events (10 events):
Event: 0.103 loading class java/nio/charset/CoderResult$Cache done
Event: 0.103 loading class java/nio/charset/CoderResult$1 done
Event: 0.103 loading class java/nio/charset/CoderResult$2
Event: 0.103 loading class java/nio/charset/CoderResult$2 done
Event: 0.103 loading class PlanDB
Event: 0.103 loading class PlanDB done
Event: 0.104 loading class java/lang/UnsupportedOperationException
Event: 0.104 loading class java/lang/UnsupportedOperationException done
Event: 0.104 loading class DBJNI
Event: 0.104 loading class DBJNI done


Dynamic libraries:
00400000-00401000 r-xp 00000000 08:03 525465                             /usr/lib/jvm/java-8-openjdk-amd64/jre/bin/java
00600000-00601000 r--p 00000000 08:03 525465                             /usr/lib/jvm/java-8-openjdk-amd64/jre/bin/java
00601000-00602000 rw-p 00001000 08:03 525465                             /usr/lib/jvm/java-8-openjdk-amd64/jre/bin/java
00e29000-00e4a000 rw-p 00000000 00:00 0                                  [heap]
6c7400000-6d1b00000 rw-p 00000000 00:00 0 
6d1b00000-76d180000 ---p 00000000 00:00 0 
76d180000-772480000 rw-p 00000000 00:00 0 
772480000-7c0000000 ---p 00000000 00:00 0 
7c0000000-7c0080000 rw-p 00000000 00:00 0 
7c0080000-800000000 ---p 00000000 00:00 0 
7fb0ac000000-7fb0ac021000 rw-p 00000000 00:00 0 
7fb0ac021000-7fb0b0000000 ---p 00000000 00:00 0 
7fb0b4000000-7fb0b402c000 rw-p 00000000 00:00 0 
7fb0b402c000-7fb0b8000000 ---p 00000000 00:00 0 
7fb0b8000000-7fb0b8021000 rw-p 00000000 00:00 0 
7fb0b8021000-7fb0bc000000 ---p 00000000 00:00 0 
7fb0bc000000-7fb0bc021000 rw-p 00000000 00:00 0 
7fb0bc021000-7fb0c0000000 ---p 00000000 00:00 0 
7fb0c0000000-7fb0c0021000 rw-p 00000000 00:00 0 
7fb0c0021000-7fb0c4000000 ---p 00000000 00:00 0 
7fb0c4000000-7fb0c4021000 rw-p 00000000 00:00 0 
7fb0c4021000-7fb0c8000000 ---p 00000000 00:00 0 
7fb0c8000000-7fb0c8046000 rw-p 00000000 00:00 0 
7fb0c8046000-7fb0cc000000 ---p 00000000 00:00 0 
7fb0cc000000-7fb0cc021000 rw-p 00000000 00:00 0 
7fb0cc021000-7fb0d0000000 ---p 00000000 00:00 0 
7fb0d0000000-7fb0d0021000 rw-p 00000000 00:00 0 
7fb0d0021000-7fb0d4000000 ---p 00000000 00:00 0 
7fb0d4000000-7fb0d4021000 rw-p 00000000 00:00 0 
7fb0d4021000-7fb0d8000000 ---p 00000000 00:00 0 
7fb0d83a0000-7fb0e0000000 rw-p 00000000 00:00 0 
7fb0e0000000-7fb0e0021000 rw-p 00000000 00:00 0 
7fb0e0021000-7fb0e4000000 ---p 00000000 00:00 0 
7fb0e4000000-7fb0e4021000 rw-p 00000000 00:00 0 
7fb0e4021000-7fb0e8000000 ---p 00000000 00:00 0 
7fb0e8000000-7fb0e8021000 rw-p 00000000 00:00 0 
7fb0e8021000-7fb0ec000000 ---p 00000000 00:00 0 
7fb0f0000000-7fb0f0021000 rw-p 00000000 00:00 0 
7fb0f0021000-7fb0f4000000 ---p 00000000 00:00 0 
7fb0f8000000-7fb0f8021000 rw-p 00000000 00:00 0 
7fb0f8021000-7fb0fc000000 ---p 00000000 00:00 0 
7fb0fef20000-7fb0fef3b000 r-xp 00000000 08:05 6160843                    /home/frank/swimExtended/swim/examples/planDB_connect/src/module.so
7fb0fef3b000-7fb0ff13a000 ---p 0001b000 08:05 6160843                    /home/frank/swimExtended/swim/examples/planDB_connect/src/module.so
7fb0ff13a000-7fb0ff13b000 r--p 0001a000 08:05 6160843                    /home/frank/swimExtended/swim/examples/planDB_connect/src/module.so
7fb0ff13b000-7fb0ff13c000 rw-p 0001b000 08:05 6160843                    /home/frank/swimExtended/swim/examples/planDB_connect/src/module.so
7fb0ff13c000-7fb0ff13d000 ---p 00000000 00:00 0 
7fb0ff13d000-7fb0ff23d000 rw-p 00000000 00:00 0 
7fb0ff23d000-7fb0ff240000 ---p 00000000 00:00 0 
7fb0ff240000-7fb0ff33e000 rw-p 00000000 00:00 0 
7fb0ff33e000-7fb0ff341000 ---p 00000000 00:00 0 
7fb0ff341000-7fb0ff43f000 rw-p 00000000 00:00 0 
7fb0ff43f000-7fb0ff442000 ---p 00000000 00:00 0 
7fb0ff442000-7fb0ff540000 rw-p 00000000 00:00 0 
7fb0ff540000-7fb0ff543000 ---p 00000000 00:00 0 
7fb0ff543000-7fb0ff641000 rw-p 00000000 00:00 0 
7fb0ff641000-7fb100000000 r--p 00000000 08:03 400840                     /usr/lib/locale/locale-archive
7fb100000000-7fb100021000 rw-p 00000000 00:00 0 
7fb100021000-7fb104000000 ---p 00000000 00:00 0 
7fb104000000-7fb104021000 rw-p 00000000 00:00 0 
7fb104021000-7fb108000000 ---p 00000000 00:00 0 
7fb108000000-7fb108021000 rw-p 00000000 00:00 0 
7fb108021000-7fb10c000000 ---p 00000000 00:00 0 
7fb10c000000-7fb10c021000 rw-p 00000000 00:00 0 
7fb10c021000-7fb110000000 ---p 00000000 00:00 0 
7fb110000000-7fb110021000 rw-p 00000000 00:00 0 
7fb110021000-7fb114000000 ---p 00000000 00:00 0 
7fb114099000-7fb1140b4000 r--s 001d6000 08:03 395042                     /usr/lib/jvm/java-8-openjdk-amd64/jre/lib/ext/nashorn.jar
7fb1140b4000-7fb1140cf000 r--s 00394000 08:03 395041                     /usr/lib/jvm/java-8-openjdk-amd64/jre/lib/ext/cldrdata.jar
7fb1140cf000-7fb1140d2000 ---p 00000000 00:00 0 
7fb1140d2000-7fb1141d0000 rw-p 00000000 00:00 0 
7fb1141d0000-7fb1141d3000 ---p 00000000 00:00 0 
7fb1141d3000-7fb1142d1000 rw-p 00000000 00:00 0 
7fb1142d1000-7fb1142d4000 ---p 00000000 00:00 0 
7fb1142d4000-7fb1143d2000 rw-p 00000000 00:00 0 
7fb1143d2000-7fb1143d5000 ---p 00000000 00:00 0 
7fb1143d5000-7fb1144d3000 rw-p 00000000 00:00 0 
7fb1144d3000-7fb1144d4000 ---p 00000000 00:00 0 
7fb1144d4000-7fb11686c000 rw-p 00000000 00:00 0 
7fb11686c000-7fb116a3b000 r--s 03c3b000 08:03 394713                     /usr/lib/jvm/java-8-openjdk-amd64/jre/lib/rt.jar
7fb116a3b000-7fb116e7b000 rw-p 00000000 00:00 0 
7fb116e7b000-7fb11723b000 ---p 00000000 00:00 0 
7fb11723b000-7fb117a01000 rw-p 00000000 00:00 0 
7fb117a01000-7fb117a02000 ---p 00000000 00:00 0 
7fb117a02000-7fb117b02000 rw-p 00000000 00:00 0 
7fb117b02000-7fb117b03000 ---p 00000000 00:00 0 
7fb117b03000-7fb117c03000 rw-p 00000000 00:00 0 
7fb117c03000-7fb117c04000 ---p 00000000 00:00 0 
7fb117c04000-7fb117d04000 rw-p 00000000 00:00 0 
7fb117d04000-7fb117d05000 ---p 00000000 00:00 0 
7fb117d05000-7fb117e05000 rw-p 00000000 00:00 0 
7fb117e05000-7fb117e06000 ---p 00000000 00:00 0 
7fb117e06000-7fb117f06000 rw-p 00000000 00:00 0 
7fb117f06000-7fb117f07000 ---p 00000000 00:00 0 
7fb117f07000-7fb118007000 rw-p 00000000 00:00 0 
7fb118007000-7fb118008000 ---p 00000000 00:00 0 
7fb118008000-7fb118108000 rw-p 00000000 00:00 0 
7fb118108000-7fb118109000 ---p 00000000 00:00 0 
7fb118109000-7fb118209000 rw-p 00000000 00:00 0 
7fb118209000-7fb11820a000 ---p 00000000 00:00 0 
7fb11820a000-7fb11835e000 rw-p 00000000 00:00 0 
7fb11835e000-7fb118839000 ---p 00000000 00:00 0 
7fb118839000-7fb11888d000 rw-p 00000000 00:00 0 
7fb11888d000-7fb118d67000 ---p 00000000 00:00 0 
7fb118d67000-7fb118d92000 rw-p 00000000 00:00 0 
7fb118d92000-7fb118fff000 ---p 00000000 00:00 0 
7fb118fff000-7fb119000000 rw-p 00000000 00:00 0 
7fb119000000-7fb119270000 rwxp 00000000 00:00 0 
7fb119270000-7fb128000000 ---p 00000000 00:00 0 
7fb128000000-7fb128167000 rw-p 00000000 00:00 0 
7fb128167000-7fb12c000000 ---p 00000000 00:00 0 
7fb12c000000-7fb12c0b8000 rw-p 00000000 00:00 0 
7fb12c0b8000-7fb12c0b9000 ---p 00000000 00:00 0 
7fb12c0b9000-7fb12c1c3000 rw-p 00000000 00:00 0 
7fb12c1c3000-7fb12c579000 ---p 00000000 00:00 0 
7fb12c579000-7fb12c581000 r-xp 00000000 08:03 394712                     /usr/lib/jvm/java-8-openjdk-amd64/jre/lib/amd64/libzip.so
7fb12c581000-7fb12c780000 ---p 00008000 08:03 394712                     /usr/lib/jvm/java-8-openjdk-amd64/jre/lib/amd64/libzip.so
7fb12c780000-7fb12c781000 r--p 00007000 08:03 394712                     /usr/lib/jvm/java-8-openjdk-amd64/jre/lib/amd64/libzip.so
7fb12c781000-7fb12c782000 rw-p 00008000 08:03 394712                     /usr/lib/jvm/java-8-openjdk-amd64/jre/lib/amd64/libzip.so
7fb12c782000-7fb12c78d000 r-xp 00000000 08:03 789257                     /lib/x86_64-linux-gnu/libnss_files-2.23.so
7fb12c78d000-7fb12c98c000 ---p 0000b000 08:03 789257                     /lib/x86_64-linux-gnu/libnss_files-2.23.so
7fb12c98c000-7fb12c98d000 r--p 0000a000 08:03 789257                     /lib/x86_64-linux-gnu/libnss_files-2.23.so
7fb12c98d000-7fb12c98e000 rw-p 0000b000 08:03 789257                     /lib/x86_64-linux-gnu/libnss_files-2.23.so
7fb12c98e000-7fb12c994000 rw-p 00000000 00:00 0 
7fb12c994000-7fb12c99f000 r-xp 00000000 08:03 789267                     /lib/x86_64-linux-gnu/libnss_nis-2.23.so
7fb12c99f000-7fb12cb9e000 ---p 0000b000 08:03 789267                     /lib/x86_64-linux-gnu/libnss_nis-2.23.so
7fb12cb9e000-7fb12cb9f000 r--p 0000a000 08:03 789267                     /lib/x86_64-linux-gnu/libnss_nis-2.23.so
7fb12cb9f000-7fb12cba0000 rw-p 0000b000 08:03 789267                     /lib/x86_64-linux-gnu/libnss_nis-2.23.so
7fb12cba0000-7fb12cbb6000 r-xp 00000000 08:03 789251                     /lib/x86_64-linux-gnu/libnsl-2.23.so
7fb12cbb6000-7fb12cdb5000 ---p 00016000 08:03 789251                     /lib/x86_64-linux-gnu/libnsl-2.23.so
7fb12cdb5000-7fb12cdb6000 r--p 00015000 08:03 789251                     /lib/x86_64-linux-gnu/libnsl-2.23.so
7fb12cdb6000-7fb12cdb7000 rw-p 00016000 08:03 789251                     /lib/x86_64-linux-gnu/libnsl-2.23.so
7fb12cdb7000-7fb12cdb9000 rw-p 00000000 00:00 0 
7fb12cdb9000-7fb12cdc1000 r-xp 00000000 08:03 789253                     /lib/x86_64-linux-gnu/libnss_compat-2.23.so
7fb12cdc1000-7fb12cfc0000 ---p 00008000 08:03 789253                     /lib/x86_64-linux-gnu/libnss_compat-2.23.so
7fb12cfc0000-7fb12cfc1000 r--p 00007000 08:03 789253                     /lib/x86_64-linux-gnu/libnss_compat-2.23.so
7fb12cfc1000-7fb12cfc2000 rw-p 00008000 08:03 789253                     /lib/x86_64-linux-gnu/libnss_compat-2.23.so
7fb12cfc2000-7fb12cfee000 r-xp 00000000 08:03 394694                     /usr/lib/jvm/java-8-openjdk-amd64/jre/lib/amd64/libjava.so
7fb12cfee000-7fb12d1ed000 ---p 0002c000 08:03 394694                     /usr/lib/jvm/java-8-openjdk-amd64/jre/lib/amd64/libjava.so
7fb12d1ed000-7fb12d1ee000 r--p 0002b000 08:03 394694                     /usr/lib/jvm/java-8-openjdk-amd64/jre/lib/amd64/libjava.so
7fb12d1ee000-7fb12d1f0000 rw-p 0002c000 08:03 394694                     /usr/lib/jvm/java-8-openjdk-amd64/jre/lib/amd64/libjava.so
7fb12d1f0000-7fb12d1ff000 r-xp 00000000 08:03 394683                     /usr/lib/jvm/java-8-openjdk-amd64/jre/lib/amd64/libverify.so
7fb12d1ff000-7fb12d3fe000 ---p 0000f000 08:03 394683                     /usr/lib/jvm/java-8-openjdk-amd64/jre/lib/amd64/libverify.so
7fb12d3fe000-7fb12d400000 r--p 0000e000 08:03 394683                     /usr/lib/jvm/java-8-openjdk-amd64/jre/lib/amd64/libverify.so
7fb12d400000-7fb12d401000 rw-p 00010000 08:03 394683                     /usr/lib/jvm/java-8-openjdk-amd64/jre/lib/amd64/libverify.so
7fb12d401000-7fb12d408000 r-xp 00000000 08:03 789312                     /lib/x86_64-linux-gnu/librt-2.23.so
7fb12d408000-7fb12d607000 ---p 00007000 08:03 789312                     /lib/x86_64-linux-gnu/librt-2.23.so
7fb12d607000-7fb12d608000 r--p 00006000 08:03 789312                     /lib/x86_64-linux-gnu/librt-2.23.so
7fb12d608000-7fb12d609000 rw-p 00007000 08:03 789312                     /lib/x86_64-linux-gnu/librt-2.23.so
7fb12d609000-7fb12d61f000 r-xp 00000000 08:03 789196                     /lib/x86_64-linux-gnu/libgcc_s.so.1
7fb12d61f000-7fb12d81e000 ---p 00016000 08:03 789196                     /lib/x86_64-linux-gnu/libgcc_s.so.1
7fb12d81e000-7fb12d81f000 rw-p 00015000 08:03 789196                     /lib/x86_64-linux-gnu/libgcc_s.so.1
7fb12d81f000-7fb12d927000 r-xp 00000000 08:03 789228                     /lib/x86_64-linux-gnu/libm-2.23.so
7fb12d927000-7fb12db26000 ---p 00108000 08:03 789228                     /lib/x86_64-linux-gnu/libm-2.23.so
7fb12db26000-7fb12db27000 r--p 00107000 08:03 789228                     /lib/x86_64-linux-gnu/libm-2.23.so
7fb12db27000-7fb12db28000 rw-p 00108000 08:03 789228                     /lib/x86_64-linux-gnu/libm-2.23.so
7fb12db28000-7fb12dc9a000 r-xp 00000000 08:03 404352                     /usr/lib/x86_64-linux-gnu/libstdc++.so.6.0.21
7fb12dc9a000-7fb12de9a000 ---p 00172000 08:03 404352                     /usr/lib/x86_64-linux-gnu/libstdc++.so.6.0.21
7fb12de9a000-7fb12dea4000 r--p 00172000 08:03 404352                     /usr/lib/x86_64-linux-gnu/libstdc++.so.6.0.21
7fb12dea4000-7fb12dea6000 rw-p 0017c000 08:03 404352                     /usr/lib/x86_64-linux-gnu/libstdc++.so.6.0.21
7fb12dea6000-7fb12deaa000 rw-p 00000000 00:00 0 
7fb12deaa000-7fb12eb0e000 r-xp 00000000 08:03 394692                     /usr/lib/jvm/java-8-openjdk-amd64/jre/lib/amd64/server/libjvm.so
7fb12eb0e000-7fb12ed0d000 ---p 00c64000 08:03 394692                     /usr/lib/jvm/java-8-openjdk-amd64/jre/lib/amd64/server/libjvm.so
7fb12ed0d000-7fb12eda1000 r--p 00c63000 08:03 394692                     /usr/lib/jvm/java-8-openjdk-amd64/jre/lib/amd64/server/libjvm.so
7fb12eda1000-7fb12edca000 rw-p 00cf7000 08:03 394692                     /usr/lib/jvm/java-8-openjdk-amd64/jre/lib/amd64/server/libjvm.so
7fb12edca000-7fb12edfa000 rw-p 00000000 00:00 0 
7fb12edfa000-7fb12ee12000 r-xp 00000000 08:03 789304                     /lib/x86_64-linux-gnu/libpthread-2.23.so
7fb12ee12000-7fb12f011000 ---p 00018000 08:03 789304                     /lib/x86_64-linux-gnu/libpthread-2.23.so
7fb12f011000-7fb12f012000 r--p 00017000 08:03 789304                     /lib/x86_64-linux-gnu/libpthread-2.23.so
7fb12f012000-7fb12f013000 rw-p 00018000 08:03 789304                     /lib/x86_64-linux-gnu/libpthread-2.23.so
7fb12f013000-7fb12f017000 rw-p 00000000 00:00 0 
7fb12f017000-7fb12f01a000 r-xp 00000000 08:03 789182                     /lib/x86_64-linux-gnu/libdl-2.23.so
7fb12f01a000-7fb12f219000 ---p 00003000 08:03 789182                     /lib/x86_64-linux-gnu/libdl-2.23.so
7fb12f219000-7fb12f21a000 r--p 00002000 08:03 789182                     /lib/x86_64-linux-gnu/libdl-2.23.so
7fb12f21a000-7fb12f21b000 rw-p 00003000 08:03 789182                     /lib/x86_64-linux-gnu/libdl-2.23.so
7fb12f21b000-7fb12f234000 r-xp 00000000 08:03 789349                     /lib/x86_64-linux-gnu/libz.so.1.2.8
7fb12f234000-7fb12f433000 ---p 00019000 08:03 789349                     /lib/x86_64-linux-gnu/libz.so.1.2.8
7fb12f433000-7fb12f434000 r--p 00018000 08:03 789349                     /lib/x86_64-linux-gnu/libz.so.1.2.8
7fb12f434000-7fb12f435000 rw-p 00019000 08:03 789349                     /lib/x86_64-linux-gnu/libz.so.1.2.8
7fb12f435000-7fb12f5f5000 r-xp 00000000 08:03 789158                     /lib/x86_64-linux-gnu/libc-2.23.so
7fb12f5f5000-7fb12f7f5000 ---p 001c0000 08:03 789158                     /lib/x86_64-linux-gnu/libc-2.23.so
7fb12f7f5000-7fb12f7f9000 r--p 001c0000 08:03 789158                     /lib/x86_64-linux-gnu/libc-2.23.so
7fb12f7f9000-7fb12f7fb000 rw-p 001c4000 08:03 789158                     /lib/x86_64-linux-gnu/libc-2.23.so
7fb12f7fb000-7fb12f7ff000 rw-p 00000000 00:00 0 
7fb12f7ff000-7fb12f80c000 r-xp 00000000 08:03 394711                     /usr/lib/jvm/java-8-openjdk-amd64/jre/lib/amd64/jli/libjli.so
7fb12f80c000-7fb12fa0b000 ---p 0000d000 08:03 394711                     /usr/lib/jvm/java-8-openjdk-amd64/jre/lib/amd64/jli/libjli.so
7fb12fa0b000-7fb12fa0c000 r--p 0000c000 08:03 394711                     /usr/lib/jvm/java-8-openjdk-amd64/jre/lib/amd64/jli/libjli.so
7fb12fa0c000-7fb12fa0d000 rw-p 0000d000 08:03 394711                     /usr/lib/jvm/java-8-openjdk-amd64/jre/lib/amd64/jli/libjli.so
7fb12fa0d000-7fb12fa33000 r-xp 00000000 08:03 789130                     /lib/x86_64-linux-gnu/ld-2.23.so
7fb12fa36000-7fb12fa3b000 r--s 0003c000 08:03 395045                     /usr/lib/jvm/java-8-openjdk-amd64/jre/lib/ext/sunjce_provider.jar
7fb12fa3b000-7fb12fb0c000 rw-p 00000000 00:00 0 
7fb12fb0c000-7fb12fb0f000 ---p 00000000 00:00 0 
7fb12fb0f000-7fb12fc11000 rw-p 00000000 00:00 0 
7fb12fc11000-7fb12fc1b000 r--s 00116000 08:03 395048                     /usr/lib/jvm/java-8-openjdk-amd64/jre/lib/ext/localedata.jar
7fb12fc1b000-7fb12fc1c000 r--s 0000a000 08:03 395046                     /usr/lib/jvm/java-8-openjdk-amd64/jre/lib/ext/jaccess.jar
7fb12fc1c000-7fb12fc1e000 r--s 00008000 08:03 395044                     /usr/lib/jvm/java-8-openjdk-amd64/jre/lib/ext/sunec.jar
7fb12fc1e000-7fb12fc1f000 r--s 00010000 08:03 395043                     /usr/lib/jvm/java-8-openjdk-amd64/jre/lib/ext/zipfs.jar
7fb12fc1f000-7fb12fc21000 r--s 00001000 08:03 395047                     /usr/lib/jvm/java-8-openjdk-amd64/jre/lib/ext/dnsns.jar
7fb12fc21000-7fb12fc24000 r--s 00039000 08:03 395049                     /usr/lib/jvm/java-8-openjdk-amd64/jre/lib/ext/sunpkcs11.jar
7fb12fc24000-7fb12fc27000 r--s 0000f000 08:03 395040                     /usr/lib/jvm/java-8-openjdk-amd64/jre/lib/ext/icedtea-sound.jar
7fb12fc27000-7fb12fc2f000 rw-s 00000000 08:03 1214269                    /tmp/hsperfdata_frank/5295
7fb12fc2f000-7fb12fc30000 rw-p 00000000 00:00 0 
7fb12fc30000-7fb12fc31000 r--p 00000000 00:00 0 
7fb12fc31000-7fb12fc32000 rw-p 00000000 00:00 0 
7fb12fc32000-7fb12fc33000 r--p 00025000 08:03 789130                     /lib/x86_64-linux-gnu/ld-2.23.so
7fb12fc33000-7fb12fc34000 rw-p 00026000 08:03 789130                     /lib/x86_64-linux-gnu/ld-2.23.so
7fb12fc34000-7fb12fc35000 rw-p 00000000 00:00 0 
7ffdd5df1000-7ffdd5e12000 rw-p 00000000 00:00 0                          [stack]
7ffdd5e67000-7ffdd5e6a000 r--p 00000000 00:00 0                          [vvar]
7ffdd5e6a000-7ffdd5e6c000 r-xp 00000000 00:00 0                          [vdso]
ffffffffff600000-ffffffffff601000 r-xp 00000000 00:00 0                  [vsyscall]

VM Arguments:
jvm_args: -Dfile.encoding=UTF-8 
java_command: connect
java_class_path (initial): /home/frank/swimExtended/swim/examples/planDB_connect/bin
Launcher Type: SUN_STANDARD

Environment Variables:
PATH=/home/frank/bin:/home/frank/.local/bin:/usr/local/sbin:/usr/local/bin:/usr/sbin:/usr/bin:/sbin:/bin:/usr/games:/usr/local/games:/snap/bin
SHELL=/bin/bash
DISPLAY=:0

Signal Handlers:
SIGSEGV: [libjvm.so+0xa765a0], sa_mask[0]=11111111011111111101111111111110, sa_flags=SA_RESTART|SA_SIGINFO
SIGBUS: [libjvm.so+0xa765a0], sa_mask[0]=11111111011111111101111111111110, sa_flags=SA_RESTART|SA_SIGINFO
SIGFPE: [libjvm.so+0x8bd800], sa_mask[0]=11111111011111111101111111111110, sa_flags=SA_RESTART|SA_SIGINFO
SIGPIPE: [libjvm.so+0x8bd800], sa_mask[0]=11111111011111111101111111111110, sa_flags=SA_RESTART|SA_SIGINFO
SIGXFSZ: [libjvm.so+0x8bd800], sa_mask[0]=11111111011111111101111111111110, sa_flags=SA_RESTART|SA_SIGINFO
SIGILL: [libjvm.so+0x8bd800], sa_mask[0]=11111111011111111101111111111110, sa_flags=SA_RESTART|SA_SIGINFO
SIGUSR1: SIG_DFL, sa_mask[0]=00000000000000000000000000000000, sa_flags=none
SIGUSR2: [libjvm.so+0x8bd6b0], sa_mask[0]=00100000000000000000000000000000, sa_flags=SA_RESTART|SA_SIGINFO
SIGHUP: [libjvm.so+0x8bdd40], sa_mask[0]=11111111011111111101111111111110, sa_flags=SA_RESTART|SA_SIGINFO
SIGINT: [libjvm.so+0x8bdd40], sa_mask[0]=11111111011111111101111111111110, sa_flags=SA_RESTART|SA_SIGINFO
SIGTERM: [libjvm.so+0x8bdd40], sa_mask[0]=11111111011111111101111111111110, sa_flags=SA_RESTART|SA_SIGINFO
SIGQUIT: [libjvm.so+0x8bdd40], sa_mask[0]=11111111011111111101111111111110, sa_flags=SA_RESTART|SA_SIGINFO


---------------  S Y S T E M  ---------------

OS:DISTRIB_ID=Ubuntu
DISTRIB_RELEASE=16.04
DISTRIB_CODENAME=xenial
DISTRIB_DESCRIPTION="Ubuntu 16.04.6 LTS"

uname:Linux 4.15.0-47-generic #50~16.04.1-Ubuntu SMP Fri Mar 15 16:06:21 UTC 2019 x86_64
libc:glibc 2.23 NPTL 2.23 
rlimit: STACK 8192k, CORE 0k, NPROC 63237, NOFILE 1048576, AS infinity
load average:1.37 1.65 1.43

/proc/meminfo:
MemTotal:       16294960 kB
MemFree:         1563680 kB
MemAvailable:    4406020 kB
Buffers:          399432 kB
Cached:          4218376 kB
SwapCached:       635404 kB
Active:         10743236 kB
Inactive:        3222996 kB
Active(anon):    9245896 kB
Inactive(anon):  1770152 kB
Active(file):    1497340 kB
Inactive(file):  1452844 kB
Unevictable:         128 kB
Mlocked:             128 kB
SwapTotal:      20981756 kB
SwapFree:       18344668 kB
Dirty:              1388 kB
Writeback:             0 kB
AnonPages:       9148644 kB
Mapped:          1585700 kB
Shmem:           1740152 kB
Slab:             365832 kB
SReclaimable:     233344 kB
SUnreclaim:       132488 kB
KernelStack:       30448 kB
PageTables:       165316 kB
NFS_Unstable:          0 kB
Bounce:                0 kB
WritebackTmp:          0 kB
CommitLimit:    29129236 kB
Committed_AS:   34504632 kB
VmallocTotal:   34359738367 kB
VmallocUsed:           0 kB
VmallocChunk:          0 kB
HardwareCorrupted:     0 kB
AnonHugePages:         0 kB
ShmemHugePages:        0 kB
ShmemPmdMapped:        0 kB
CmaTotal:              0 kB
CmaFree:               0 kB
HugePages_Total:       0
HugePages_Free:        0
HugePages_Rsvd:        0
HugePages_Surp:        0
Hugepagesize:       2048 kB
DirectMap4k:     1412796 kB
DirectMap2M:    15235072 kB
DirectMap1G:           0 kB

container (cgroup) information:
container_type: cgroupv1
cpu_cpuset_cpus: 0-11
cpu_memory_nodes: 0
active_processor_count: 12
cpu_quota: -1
cpu_period: 100000
cpu_shares: -1
memory_limit_in_bytes: -1
memory_and_swap_limit_in_bytes: -2
memory_soft_limit_in_bytes: -1
memory_usage_in_bytes: 14135537664
memory_max_usage_in_bytes: 389484544


CPU:total 12 (initial active 12) (6 cores per cpu, 2 threads per core) family 6 model 158 stepping 10, cmov, cx8, fxsr, mmx, sse, sse2, sse3, ssse3, sse4.1, sse4.2, popcnt, avx, avx2, aes, clmul, erms, 3dnowpref, lzcnt, ht, tsc, tscinvbit, bmi1, bmi2, adx

/proc/cpuinfo:
processor	: 0
vendor_id	: GenuineIntel
cpu family	: 6
model		: 158
model name	: Intel(R) Core(TM) i7-8750H CPU @ 2.20GHz
stepping	: 10
microcode	: 0x96
cpu MHz		: 1388.859
cache size	: 9216 KB
physical id	: 0
siblings	: 12
core id		: 0
cpu cores	: 6
apicid		: 0
initial apicid	: 0
fpu		: yes
fpu_exception	: yes
cpuid level	: 22
wp		: yes
flags		: fpu vme de pse tsc msr pae mce cx8 apic sep mtrr pge mca cmov pat pse36 clflush dts acpi mmx fxsr sse sse2 ss ht tm pbe syscall nx pdpe1gb rdtscp lm constant_tsc art arch_perfmon pebs bts rep_good nopl xtopology nonstop_tsc cpuid aperfmperf tsc_known_freq pni pclmulqdq dtes64 monitor ds_cpl vmx est tm2 ssse3 sdbg fma cx16 xtpr pdcm pcid sse4_1 sse4_2 x2apic movbe popcnt tsc_deadline_timer aes xsave avx f16c rdrand lahf_lm abm 3dnowprefetch cpuid_fault epb invpcid_single pti ssbd ibrs ibpb stibp tpr_shadow vnmi flexpriority ept vpid fsgsbase tsc_adjust bmi1 avx2 smep bmi2 erms invpcid mpx rdseed adx smap clflushopt intel_pt xsaveopt xsavec xgetbv1 xsaves dtherm ida arat pln pts hwp hwp_notify hwp_act_window hwp_epp flush_l1d
bugs		: cpu_meltdown spectre_v1 spectre_v2 spec_store_bypass l1tf
bogomips	: 4416.00
clflush size	: 64
cache_alignment	: 64
address sizes	: 39 bits physical, 48 bits virtual
power management:

processor	: 1
vendor_id	: GenuineIntel
cpu family	: 6
model		: 158
model name	: Intel(R) Core(TM) i7-8750H CPU @ 2.20GHz
stepping	: 10
microcode	: 0x96
cpu MHz		: 1280.416
cache size	: 9216 KB
physical id	: 0
siblings	: 12
core id		: 1
cpu cores	: 6
apicid		: 2
initial apicid	: 2
fpu		: yes
fpu_exception	: yes
cpuid level	: 22
wp		: yes
flags		: fpu vme de pse tsc msr pae mce cx8 apic sep mtrr pge mca cmov pat pse36 clflush dts acpi mmx fxsr sse sse2 ss ht tm pbe syscall nx pdpe1gb rdtscp lm constant_tsc art arch_perfmon pebs bts rep_good nopl xtopology nonstop_tsc cpuid aperfmperf tsc_known_freq pni pclmulqdq dtes64 monitor ds_cpl vmx est tm2 ssse3 sdbg fma cx16 xtpr pdcm pcid sse4_1 sse4_2 x2apic movbe popcnt tsc_deadline_timer aes xsave avx f16c rdrand lahf_lm abm 3dnowprefetch cpuid_fault epb invpcid_single pti ibrs ibpb stibp tpr_shadow vnmi flexpriority ept vpid fsgsbase tsc_adjust bmi1 avx2 smep bmi2 erms invpcid mpx rdseed adx smap clflushopt intel_pt xsaveopt xsavec xgetbv1 xsaves dtherm ida arat pln pts hwp hwp_notify hwp_act_window hwp_epp
bugs		: cpu_meltdown spectre_v1 spectre_v2 spec_store_bypass l1tf
bogomips	: 4416.00
clflush size	: 64
cache_alignment	: 64
address sizes	: 39 bits physical, 48 bits virtual
power management:

processor	: 2
vendor_id	: GenuineIntel
cpu family	: 6
model		: 158
model name	: Intel(R) Core(TM) i7-8750H CPU @ 2.20GHz
stepping	: 10
microcode	: 0x96
cpu MHz		: 1542.297
cache size	: 9216 KB
physical id	: 0
siblings	: 12
core id		: 2
cpu cores	: 6
apicid		: 4
initial apicid	: 4
fpu		: yes
fpu_exception	: yes
cpuid level	: 22
wp		: yes
flags		: fpu vme de pse tsc msr pae mce cx8 apic sep mtrr pge mca cmov pat pse36 clflush dts acpi mmx fxsr sse sse2 ss ht tm pbe syscall nx pdpe1gb rdtscp lm constant_tsc art arch_perfmon pebs bts rep_good nopl xtopology nonstop_tsc cpuid aperfmperf tsc_known_freq pni pclmulqdq dtes64 monitor ds_cpl vmx est tm2 ssse3 sdbg fma cx16 xtpr pdcm pcid sse4_1 sse4_2 x2apic movbe popcnt tsc_deadline_timer aes xsave avx f16c rdrand lahf_lm abm 3dnowprefetch cpuid_fault epb invpcid_single pti ibrs ibpb stibp tpr_shadow vnmi flexpriority ept vpid fsgsbase tsc_adjust bmi1 avx2 smep bmi2 erms invpcid mpx rdseed adx smap clflushopt intel_pt xsaveopt xsavec xgetbv1 xsaves dtherm ida arat pln pts hwp hwp_notify hwp_act_window hwp_epp
bugs		: cpu_meltdown spectre_v1 spectre_v2 spec_store_bypass l1tf
bogomips	: 4416.00
clflush size	: 64
cache_alignment	: 64
address sizes	: 39 bits physical, 48 bits virtual
power management:

processor	: 3
vendor_id	: GenuineIntel
cpu family	: 6
model		: 158
model name	: Intel(R) Core(TM) i7-8750H CPU @ 2.20GHz
stepping	: 10
microcode	: 0x96
cpu MHz		: 1194.771
cache size	: 9216 KB
physical id	: 0
siblings	: 12
core id		: 3
cpu cores	: 6
apicid		: 6
initial apicid	: 6
fpu		: yes
fpu_exception	: yes
cpuid level	: 22
wp		: yes
flags		: fpu vme de pse tsc msr pae mce cx8 apic sep mtrr pge mca cmov pat pse36 clflush dts acpi mmx fxsr sse sse2 ss ht tm pbe syscall nx pdpe1gb rdtscp lm constant_tsc art arch_perfmon pebs bts rep_good nopl xtopology nonstop_tsc cpuid aperfmperf tsc_known_freq pni pclmulqdq dtes64 monitor ds_cpl vmx est tm2 ssse3 sdbg fma cx16 xtpr pdcm pcid sse4_1 sse4_2 x2apic movbe popcnt tsc_deadline_timer aes xsave avx f16c rdrand lahf_lm abm 3dnowprefetch cpuid_fault epb invpcid_single pti ibrs ibpb stibp tpr_shadow vnmi flexpriority ept vpid fsgsbase tsc_adjust bmi1 avx2 smep bmi2 erms invpcid mpx rdseed adx smap clflushopt intel_pt xsaveopt xsavec xgetbv1 xsaves dtherm ida arat pln pts hwp hwp_notify hwp_act_window hwp_epp
bugs		: cpu_meltdown spectre_v1 spectre_v2 spec_store_bypass l1tf
bogomips	: 4416.00
clflush size	: 64
cache_alignment	: 64
address sizes	: 39 bits physical, 48 bits virtual
power management:

processor	: 4
vendor_id	: GenuineIntel
cpu family	: 6
model		: 158
model name	: Intel(R) Core(TM) i7-8750H CPU @ 2.20GHz
stepping	: 10
microcode	: 0x96
cpu MHz		: 1468.783
cache size	: 9216 KB
physical id	: 0
siblings	: 12
core id		: 4
cpu cores	: 6
apicid		: 8
initial apicid	: 8
fpu		: yes
fpu_exception	: yes
cpuid level	: 22
wp		: yes
flags		: fpu vme de pse tsc msr pae mce cx8 apic sep mtrr pge mca cmov pat pse36 clflush dts acpi mmx fxsr sse sse2 ss ht tm pbe syscall nx pdpe1gb rdtscp lm constant_tsc art arch_perfmon pebs bts rep_good nopl xtopology nonstop_tsc cpuid aperfmperf tsc_known_freq pni pclmulqdq dtes64 monitor ds_cpl vmx est tm2 ssse3 sdbg fma cx16 xtpr pdcm pcid sse4_1 sse4_2 x2apic movbe popcnt tsc_deadline_timer aes xsave avx f16c rdrand lahf_lm abm 3dnowprefetch cpuid_fault epb invpcid_single pti ibrs ibpb stibp tpr_shadow vnmi flexpriority ept vpid fsgsbase tsc_adjust bmi1 avx2 smep bmi2 erms invpcid mpx rdseed adx smap clflushopt intel_pt xsaveopt xsavec xgetbv1 xsaves dtherm ida arat pln pts hwp hwp_notify hwp_act_window hwp_epp
bugs		: cpu_meltdown spectre_v1 spectre_v2 spec_store_bypass l1tf
bogomips	: 4416.00
clflush size	: 64
cache_alignment	: 64
address sizes	: 39 bits physical, 48 bits virtual
power management:

processor	: 5
vendor_id	: GenuineIntel
cpu family	: 6
model		: 158
model name	: Intel(R) Core(TM) i7-8750H CPU @ 2.20GHz
stepping	: 10
microcode	: 0x96
cpu MHz		: 1512.671
cache size	: 9216 KB
physical id	: 0
siblings	: 12
core id		: 5
cpu cores	: 6
apicid		: 10
initial apicid	: 10
fpu		: yes
fpu_exception	: yes
cpuid level	: 22
wp		: yes
flags		: fpu vme de pse tsc msr pae mce cx8 apic sep mtrr pge mca cmov pat pse36 clflush dts acpi mmx fxsr sse sse2 ss ht tm pbe syscall nx pdpe1gb rdtscp lm constant_tsc art arch_perfmon pebs bts rep_good nopl xtopology nonstop_tsc cpuid aperfmperf tsc_known_freq pni pclmulqdq dtes64 monitor ds_cpl vmx est tm2 ssse3 sdbg fma cx16 xtpr pdcm pcid sse4_1 sse4_2 x2apic movbe popcnt tsc_deadline_timer aes xsave avx f16c rdrand lahf_lm abm 3dnowprefetch cpuid_fault epb invpcid_single pti ibrs ibpb stibp tpr_shadow vnmi flexpriority ept vpid fsgsbase tsc_adjust bmi1 avx2 smep bmi2 erms invpcid mpx rdseed adx smap clflushopt intel_pt xsaveopt xsavec xgetbv1 xsaves dtherm ida arat pln pts hwp hwp_notify hwp_act_window hwp_epp
bugs		: cpu_meltdown spectre_v1 spectre_v2 spec_store_bypass l1tf
bogomips	: 4416.00
clflush size	: 64
cache_alignment	: 64
address sizes	: 39 bits physical, 48 bits virtual
power management:

processor	: 6
vendor_id	: GenuineIntel
cpu family	: 6
model		: 158
model name	: Intel(R) Core(TM) i7-8750H CPU @ 2.20GHz
stepping	: 10
microcode	: 0x96
cpu MHz		: 1543.988
cache size	: 9216 KB
physical id	: 0
siblings	: 12
core id		: 0
cpu cores	: 6
apicid		: 1
initial apicid	: 1
fpu		: yes
fpu_exception	: yes
cpuid level	: 22
wp		: yes
flags		: fpu vme de pse tsc msr pae mce cx8 apic sep mtrr pge mca cmov pat pse36 clflush dts acpi mmx fxsr sse sse2 ss ht tm pbe syscall nx pdpe1gb rdtscp lm constant_tsc art arch_perfmon pebs bts rep_good nopl xtopology nonstop_tsc cpuid aperfmperf tsc_known_freq pni pclmulqdq dtes64 monitor ds_cpl vmx est tm2 ssse3 sdbg fma cx16 xtpr pdcm pcid sse4_1 sse4_2 x2apic movbe popcnt tsc_deadline_timer aes xsave avx f16c rdrand lahf_lm abm 3dnowprefetch cpuid_fault epb invpcid_single pti ssbd ibrs ibpb stibp tpr_shadow vnmi flexpriority ept vpid fsgsbase tsc_adjust bmi1 avx2 smep bmi2 erms invpcid mpx rdseed adx smap clflushopt intel_pt xsaveopt xsavec xgetbv1 xsaves dtherm ida arat pln pts hwp hwp_notify hwp_act_window hwp_epp flush_l1d
bugs		: cpu_meltdown spectre_v1 spectre_v2 spec_store_bypass l1tf
bogomips	: 4416.00
clflush size	: 64
cache_alignment	: 64
address sizes	: 39 bits physical, 48 bits virtual
power management:

processor	: 7
vendor_id	: GenuineIntel
cpu family	: 6
model		: 158
model name	: Intel(R) Core(TM) i7-8750H CPU @ 2.20GHz
stepping	: 10
microcode	: 0x96
cpu MHz		: 1259.833
cache size	: 9216 KB
physical id	: 0
siblings	: 12
core id		: 1
cpu cores	: 6
apicid		: 3
initial apicid	: 3
fpu		: yes
fpu_exception	: yes
cpuid level	: 22
wp		: yes
flags		: fpu vme de pse tsc msr pae mce cx8 apic sep mtrr pge mca cmov pat pse36 clflush dts acpi mmx fxsr sse sse2 ss ht tm pbe syscall nx pdpe1gb rdtscp lm constant_tsc art arch_perfmon pebs bts rep_good nopl xtopology nonstop_tsc cpuid aperfmperf tsc_known_freq pni pclmulqdq dtes64 monitor ds_cpl vmx est tm2 ssse3 sdbg fma cx16 xtpr pdcm pcid sse4_1 sse4_2 x2apic movbe popcnt tsc_deadline_timer aes xsave avx f16c rdrand lahf_lm abm 3dnowprefetch cpuid_fault epb invpcid_single pti ssbd ibrs ibpb stibp tpr_shadow vnmi flexpriority ept vpid fsgsbase tsc_adjust bmi1 avx2 smep bmi2 erms invpcid mpx rdseed adx smap clflushopt intel_pt xsaveopt xsavec xgetbv1 xsaves dtherm ida arat pln pts hwp hwp_notify hwp_act_window hwp_epp flush_l1d
bugs		: cpu_meltdown spectre_v1 spectre_v2 spec_store_bypass l1tf
bogomips	: 4416.00
clflush size	: 64
cache_alignment	: 64
address sizes	: 39 bits physical, 48 bits virtual
power management:

processor	: 8
vendor_id	: GenuineIntel
cpu family	: 6
model		: 158
model name	: Intel(R) Core(TM) i7-8750H CPU @ 2.20GHz
stepping	: 10
microcode	: 0x96
cpu MHz		: 1170.776
cache size	: 9216 KB
physical id	: 0
siblings	: 12
core id		: 2
cpu cores	: 6
apicid		: 5
initial apicid	: 5
fpu		: yes
fpu_exception	: yes
cpuid level	: 22
wp		: yes
flags		: fpu vme de pse tsc msr pae mce cx8 apic sep mtrr pge mca cmov pat pse36 clflush dts acpi mmx fxsr sse sse2 ss ht tm pbe syscall nx pdpe1gb rdtscp lm constant_tsc art arch_perfmon pebs bts rep_good nopl xtopology nonstop_tsc cpuid aperfmperf tsc_known_freq pni pclmulqdq dtes64 monitor ds_cpl vmx est tm2 ssse3 sdbg fma cx16 xtpr pdcm pcid sse4_1 sse4_2 x2apic movbe popcnt tsc_deadline_timer aes xsave avx f16c rdrand lahf_lm abm 3dnowprefetch cpuid_fault epb invpcid_single pti ssbd ibrs ibpb stibp tpr_shadow vnmi flexpriority ept vpid fsgsbase tsc_adjust bmi1 avx2 smep bmi2 erms invpcid mpx rdseed adx smap clflushopt intel_pt xsaveopt xsavec xgetbv1 xsaves dtherm ida arat pln pts hwp hwp_notify hwp_act_window hwp_epp flush_l1d
bugs		: cpu_meltdown spectre_v1 spectre_v2 spec_store_bypass l1tf
bogomips	: 4416.00
clflush size	: 64
cache_alignment	: 64
address sizes	: 39 bits physical, 48 bits virtual
power management:

processor	: 9
vendor_id	: GenuineIntel
cpu family	: 6
model		: 158
model name	: Intel(R) Core(TM) i7-8750H CPU @ 2.20GHz
stepping	: 10
microcode	: 0x96
cpu MHz		: 2147.686
cache size	: 9216 KB
physical id	: 0
siblings	: 12
core id		: 3
cpu cores	: 6
apicid		: 7
initial apicid	: 7
fpu		: yes
fpu_exception	: yes
cpuid level	: 22
wp		: yes
flags		: fpu vme de pse tsc msr pae mce cx8 apic sep mtrr pge mca cmov pat pse36 clflush dts acpi mmx fxsr sse sse2 ss ht tm pbe syscall nx pdpe1gb rdtscp lm constant_tsc art arch_perfmon pebs bts rep_good nopl xtopology nonstop_tsc cpuid aperfmperf tsc_known_freq pni pclmulqdq dtes64 monitor ds_cpl vmx est tm2 ssse3 sdbg fma cx16 xtpr pdcm pcid sse4_1 sse4_2 x2apic movbe popcnt tsc_deadline_timer aes xsave avx f16c rdrand lahf_lm abm 3dnowprefetch cpuid_fault epb invpcid_single pti ssbd ibrs ibpb stibp tpr_shadow vnmi flexpriority ept vpid fsgsbase tsc_adjust bmi1 avx2 smep bmi2 erms invpcid mpx rdseed adx smap clflushopt intel_pt xsaveopt xsavec xgetbv1 xsaves dtherm ida arat pln pts hwp hwp_notify hwp_act_window hwp_epp flush_l1d
bugs		: cpu_meltdown spectre_v1 spectre_v2 spec_store_bypass l1tf
bogomips	: 4416.00
clflush size	: 64
cache_alignment	: 64
address sizes	: 39 bits physical, 48 bits virtual
power management:

processor	: 10
vendor_id	: GenuineIntel
cpu family	: 6
model		: 158
model name	: Intel(R) Core(TM) i7-8750H CPU @ 2.20GHz
stepping	: 10
microcode	: 0x96
cpu MHz		: 1435.762
cache size	: 9216 KB
physical id	: 0
siblings	: 12
core id		: 4
cpu cores	: 6
apicid		: 9
initial apicid	: 9
fpu		: yes
fpu_exception	: yes
cpuid level	: 22
wp		: yes
flags		: fpu vme de pse tsc msr pae mce cx8 apic sep mtrr pge mca cmov pat pse36 clflush dts acpi mmx fxsr sse sse2 ss ht tm pbe syscall nx pdpe1gb rdtscp lm constant_tsc art arch_perfmon pebs bts rep_good nopl xtopology nonstop_tsc cpuid aperfmperf tsc_known_freq pni pclmulqdq dtes64 monitor ds_cpl vmx est tm2 ssse3 sdbg fma cx16 xtpr pdcm pcid sse4_1 sse4_2 x2apic movbe popcnt tsc_deadline_timer aes xsave avx f16c rdrand lahf_lm abm 3dnowprefetch cpuid_fault epb invpcid_single pti ssbd ibrs ibpb stibp tpr_shadow vnmi flexpriority ept vpid fsgsbase tsc_adjust bmi1 avx2 smep bmi2 erms invpcid mpx rdseed adx smap clflushopt intel_pt xsaveopt xsavec xgetbv1 xsaves dtherm ida arat pln pts hwp hwp_notify hwp_act_window hwp_epp flush_l1d
bugs		: cpu_meltdown spectre_v1 spectre_v2 spec_store_bypass l1tf
bogomips	: 4416.00
clflush size	: 64
cache_alignment	: 64
address sizes	: 39 bits physical, 48 bits virtual
power management:

processor	: 11
vendor_id	: GenuineIntel
cpu family	: 6
model		: 158
model name	: Intel(R) Core(TM) i7-8750H CPU @ 2.20GHz
stepping	: 10
microcode	: 0x96
cpu MHz		: 1257.803
cache size	: 9216 KB
physical id	: 0
siblings	: 12
core id		: 5
cpu cores	: 6
apicid		: 11
initial apicid	: 11
fpu		: yes
fpu_exception	: yes
cpuid level	: 22
wp		: yes
flags		: fpu vme de pse tsc msr pae mce cx8 apic sep mtrr pge mca cmov pat pse36 clflush dts acpi mmx fxsr sse sse2 ss ht tm pbe syscall nx pdpe1gb rdtscp lm constant_tsc art arch_perfmon pebs bts rep_good nopl xtopology nonstop_tsc cpuid aperfmperf tsc_known_freq pni pclmulqdq dtes64 monitor ds_cpl vmx est tm2 ssse3 sdbg fma cx16 xtpr pdcm pcid sse4_1 sse4_2 x2apic movbe popcnt tsc_deadline_timer aes xsave avx f16c rdrand lahf_lm abm 3dnowprefetch cpuid_fault epb invpcid_single pti ssbd ibrs ibpb stibp tpr_shadow vnmi flexpriority ept vpid fsgsbase tsc_adjust bmi1 avx2 smep bmi2 erms invpcid mpx rdseed adx smap clflushopt intel_pt xsaveopt xsavec xgetbv1 xsaves dtherm ida arat pln pts hwp hwp_notify hwp_act_window hwp_epp flush_l1d
bugs		: cpu_meltdown spectre_v1 spectre_v2 spec_store_bypass l1tf
bogomips	: 4416.00
clflush size	: 64
cache_alignment	: 64
address sizes	: 39 bits physical, 48 bits virtual
power management:



Memory: 4k page, physical 16294960k(1570184k free), swap 20981756k(18344668k free)

vm_info: OpenJDK 64-Bit Server VM (25.212-b03) for linux-amd64 JRE (1.8.0_212-8u212-b03-0ubuntu1.16.04.1-b03), built on Apr 26 2019 02:02:50 by "buildd" with gcc 5.4.0 20160609

time: Fri Jun  7 13:55:39 2019
timezone: EDT
elapsed time: 0 seconds (0d 0h 0m 0s)

