#
# A fatal error has been detected by the Java Runtime Environment:
#
#  SIGSEGV (0xb) at pc=0x00007fa4f4b7b9bb, pid=26421, tid=0x00007fa4f6b3e700
#
# JRE version: OpenJDK Runtime Environment (8.0_212-b03) (build 1.8.0_212-8u212-b03-0ubuntu1.16.04.1-b03)
# Java VM: OpenJDK 64-Bit Server VM (25.212-b03 mixed mode linux-amd64 compressed oops)
# Problematic frame:
# C  [libstdc++.so.6+0x1219bb]  std::__cxx11::basic_string<char, std::char_traits<char>, std::allocator<char> >::basic_string(std::__cxx11::basic_string<char, std::char_traits<char>, std::allocator<char> > const&)+0xb
#
# Failed to write core dump. Core dumps have been disabled. To enable core dumping, try "ulimit -c unlimited" before starting Java again
#
# If you would like to submit a bug report, please visit:
#   http://bugreport.java.com/bugreport/crash.jsp
# The crash happened outside the Java Virtual Machine in native code.
# See problematic frame for where to report the bug.
#

---------------  T H R E A D  ---------------

Current thread (0x00007fa4f000a800):  JavaThread "main" [_thread_in_native, id=26426, stack(0x00007fa4f6a3e000,0x00007fa4f6b3f000)]

siginfo: si_signo: 11 (SIGSEGV), si_code: 1 (SEGV_MAPERR), si_addr: 0x0000000000000000

Registers:
RAX=0x00007fa4f6b3d650, RBX=0x00007fa4dde05ae0, RCX=0x0000000000000007, RDX=0x0000000000000000
RSP=0x00007fa4f6b3d568, RBP=0x00007fa4f6b3d750, RSI=0x0000000000000000, RDI=0x00007fa4f6b3d640
R8 =0x00007fa4f6b3e700, R9 =0x0000000000000007, R10=0x000000000000025b, R11=0x00007fa4f63bc800
R12=0x0000000000000000, R13=0x00007fa4dde05ae0, R14=0x00007fa4f6b3d938, R15=0x00007fa4f000a800
RIP=0x00007fa4f4b7b9bb, EFLAGS=0x0000000000010202, CSGSFS=0x002b000000000033, ERR=0x0000000000000004
  TRAPNO=0x000000000000000e

Top of Stack: (sp=0x00007fa4f6b3d568)
0x00007fa4f6b3d568:   00007fa4f01418b0 0000000000000010
0x00007fa4f6b3d578:   00007fa4b22210b7 0000000100000002
0x00007fa4f6b3d588:   0000000000000000 00007fa4f6b3d840
0x00007fa4f6b3d598:   00007fa4f6b3d820 00007fa4f0141ff0
0x00007fa4f6b3d5a8:   00007fa4f6b3d7c0 0000000000000000
0x00007fa4f6b3d5b8:   0000000000000000 0000000000000002
0x00007fa4f6b3d5c8:   00007fa4b22284dc 00007fa4b22284ed
0x00007fa4f6b3d5d8:   00007fa4b22284f8 00007fa4b2228503
0x00007fa4f6b3d5e8:   00007fa4b2228536 0000000000000000
0x00007fa4f6b3d5f8:   0000000000000000 00007fa4f00080c0
0x00007fa4f6b3d608:   00007fa4f0000020 0000000000000001
0x00007fa4f6b3d618:   0000000000000000 0000000000000007
0x00007fa4f6b3d628:   00007fa4f6b3d6c0 0000000000000000
0x00007fa4f6b3d638:   00007fa4f63eb184 00007fa4f6b3d650
0x00007fa4f6b3d648:   0000000000000001 00007fa4f6b3d690
0x00007fa4f6b3d658:   4df48094bda36500 0000000000000000
0x00007fa4f6b3d668:   00007fa4f000a800 00007fa4f6b3d6c0
0x00007fa4f6b3d678:   00007fa4f0142020 00007fa4f6b3d720
0x00007fa4f6b3d688:   00007fa4f000a9e0 00007fa4f6b3d918
0x00007fa4f6b3d698:   00007fa4f6b3d938 00007fa4f000a800
0x00007fa4f6b3d6a8:   00007fa4f63eb53c 00007fa4e03ea220
0x00007fa4f6b3d6b8:   00007fa4f0142020 00007fa4f000a9e0
0x00007fa4f6b3d6c8:   00007fa4f6b3d918 00007fa4f6b3d938
0x00007fa4f6b3d6d8:   00007fa4f0142020 00007fa4f6b3d720
0x00007fa4f6b3d6e8:   00007fa4f000a9e0 00007fa4f6b3d918
0x00007fa4f6b3d6f8:   00007fa4f54524ff 0000000000000000
0x00007fa4f6b3d708:   00007fa4dde05ae0 0000000000000000
0x00007fa4f6b3d718:   4df48094bda36500 5230326c65646f6d
0x00007fa4f6b3d728:   00007fa400556546 0000000000000000
0x00007fa4f6b3d738:   4df48094bda36500 00007fa4dde05ae0
0x00007fa4f6b3d748:   0000000000000000 00007fa4f6b3d880
0x00007fa4f6b3d758:   00007fa4b22274e5 00007fa4f6b3d918 

Instructions: (pc=0x00007fa4f4b7b9bb)
0x00007fa4f4b7b99b:   eb 9d e8 4e 72 f6 ff 66 2e 0f 1f 84 00 00 00 00
0x00007fa4f4b7b9ab:   00 0f 1f 40 00 48 8d 47 10 48 83 ec 10 48 89 07
0x00007fa4f4b7b9bb:   48 8b 06 48 89 c2 48 03 56 08 6a 00 48 89 c6 e8
0x00007fa4f4b7b9cb:   d1 5c f6 ff 48 83 c4 18 c3 66 2e 0f 1f 84 00 00 

Register to memory mapping:

RAX=0x00007fa4f6b3d650 is pointing into the stack for thread: 0x00007fa4f000a800
RBX={method} {0x00007fa4dde05ae0} 'AdaptationPlanner_plan__SWIG_2' '(JLAdaptationPlanner;Ljava/lang/String;Ljava/lang/String;)J' in 'APJNI'
RCX=0x0000000000000007 is an unknown value
RDX=0x0000000000000000 is an unknown value
RSP=0x00007fa4f6b3d568 is pointing into the stack for thread: 0x00007fa4f000a800
RBP=0x00007fa4f6b3d750 is pointing into the stack for thread: 0x00007fa4f000a800
RSI=0x0000000000000000 is an unknown value
RDI=0x00007fa4f6b3d640 is pointing into the stack for thread: 0x00007fa4f000a800
R8 =0x00007fa4f6b3e700 is pointing into the stack for thread: 0x00007fa4f000a800
R9 =0x0000000000000007 is an unknown value
R10=0x000000000000025b is an unknown value
R11=0x00007fa4f63bc800: _IO_printf+0 in /lib/x86_64-linux-gnu/libc.so.6 at 0x00007fa4f6367000
R12=0x0000000000000000 is an unknown value
R13={method} {0x00007fa4dde05ae0} 'AdaptationPlanner_plan__SWIG_2' '(JLAdaptationPlanner;Ljava/lang/String;Ljava/lang/String;)J' in 'APJNI'
R14=0x00007fa4f6b3d938 is pointing into the stack for thread: 0x00007fa4f000a800
R15=0x00007fa4f000a800 is a thread


Stack: [0x00007fa4f6a3e000,0x00007fa4f6b3f000],  sp=0x00007fa4f6b3d568,  free space=1021k
Native frames: (J=compiled Java code, j=interpreted, Vv=VM code, C=native code)
C  [libstdc++.so.6+0x1219bb]  std::__cxx11::basic_string<char, std::char_traits<char>, std::allocator<char> >::basic_string(std::__cxx11::basic_string<char, std::char_traits<char>, std::allocator<char> > const&)+0xb
C  [module.so+0x1b4e5]  Java_APJNI_AdaptationPlanner_1plan_1_1SWIG_12+0x22a
j  APJNI.AdaptationPlanner_plan__SWIG_2(JLAdaptationPlanner;Ljava/lang/String;Ljava/lang/String;)J+0
j  AdaptationPlanner.plan(Ljava/lang/String;Ljava/lang/String;)LSWIGTYPE_p_std__vectorT_std__string_t;+11
j  connect.main([Ljava/lang/String;)V+72
v  ~StubRoutines::call_stub
V  [libjvm.so+0x6679eb]
V  [libjvm.so+0x6896ae]
V  [libjvm.so+0x68bfdf]
C  [libjli.so+0x34e2]
C  [libjli.so+0x737d]
C  [libpthread.so.0+0x76ba]  start_thread+0xca

Java frames: (J=compiled Java code, j=interpreted, Vv=VM code)
j  APJNI.AdaptationPlanner_plan__SWIG_2(JLAdaptationPlanner;Ljava/lang/String;Ljava/lang/String;)J+0
j  AdaptationPlanner.plan(Ljava/lang/String;Ljava/lang/String;)LSWIGTYPE_p_std__vectorT_std__string_t;+11
j  connect.main([Ljava/lang/String;)V+72
v  ~StubRoutines::call_stub

---------------  P R O C E S S  ---------------

Java Threads: ( => current thread )
  0x00007fa4f00d7000 JavaThread "Service Thread" daemon [_thread_blocked, id=26445, stack(0x00007fa4b2530000,0x00007fa4b2631000)]
  0x00007fa4f00cb800 JavaThread "C1 CompilerThread3" daemon [_thread_blocked, id=26444, stack(0x00007fa4b2631000,0x00007fa4b2732000)]
  0x00007fa4f00c9800 JavaThread "C2 CompilerThread2" daemon [_thread_blocked, id=26443, stack(0x00007fa4b2732000,0x00007fa4b2833000)]
  0x00007fa4f00c8000 JavaThread "C2 CompilerThread1" daemon [_thread_blocked, id=26442, stack(0x00007fa4b2833000,0x00007fa4b2934000)]
  0x00007fa4f00c5000 JavaThread "C2 CompilerThread0" daemon [_thread_blocked, id=26441, stack(0x00007fa4b2934000,0x00007fa4b2a35000)]
  0x00007fa4f00c3800 JavaThread "Signal Dispatcher" daemon [_thread_blocked, id=26440, stack(0x00007fa4b2a35000,0x00007fa4b2b36000)]
  0x00007fa4f0090800 JavaThread "Finalizer" daemon [_thread_blocked, id=26439, stack(0x00007fa4b34f5000,0x00007fa4b35f6000)]
  0x00007fa4f008e000 JavaThread "Reference Handler" daemon [_thread_blocked, id=26438, stack(0x00007fa4b35f6000,0x00007fa4b36f7000)]
=>0x00007fa4f000a800 JavaThread "main" [_thread_in_native, id=26426, stack(0x00007fa4f6a3e000,0x00007fa4f6b3f000)]

Other Threads:
  0x00007fa4f0084800 VMThread [stack: 0x00007fa4b36f7000,0x00007fa4b37f8000] [id=26437]
  0x00007fa4f00d9800 WatcherThread [stack: 0x00007fa4b242f000,0x00007fa4b2530000] [id=26446]

VM state:not at safepoint (normal execution)

VM Mutex/Monitor currently owned by a thread: None

heap address: 0x00000006c7400000, size: 3980 MB, Compressed Oops mode: Zero based, Oop shift amount: 3
Narrow klass base: 0x0000000000000000, Narrow klass shift: 3
Compressed class space size: 1073741824 Address: 0x00000007c0000000

Heap:
 PSYoungGen      total 74752K, used 1290K [0x000000076d180000, 0x0000000772480000, 0x00000007c0000000)
  eden space 64512K, 2% used [0x000000076d180000,0x000000076d2c2900,0x0000000771080000)
  from space 10240K, 0% used [0x0000000771a80000,0x0000000771a80000,0x0000000772480000)
  to   space 10240K, 0% used [0x0000000771080000,0x0000000771080000,0x0000000771a80000)
 ParOldGen       total 171008K, used 0K [0x00000006c7400000, 0x00000006d1b00000, 0x000000076d180000)
  object space 171008K, 0% used [0x00000006c7400000,0x00000006c7400000,0x00000006d1b00000)
 Metaspace       used 2560K, capacity 4496K, committed 4864K, reserved 1056768K
  class space    used 270K, capacity 388K, committed 512K, reserved 1048576K

Card table byte_map: [0x00007fa4df802000,0x00007fa4dffc9000] byte_map_base: 0x00007fa4dc1c8000

Marking Bits: (ParMarkBitMap*) 0x00007fa4f5d0f580
 Begin Bits: [0x00007fa4b83a0000, 0x00007fa4bc1d0000)
 End Bits:   [0x00007fa4bc1d0000, 0x00007fa4c0000000)

Polling page: 0x00007fa4f6b62000

CodeCache: size=245760Kb used=1090Kb max_used=1090Kb free=244669Kb
 bounds [0x00007fa4e0389000, 0x00007fa4e05f9000, 0x00007fa4ef389000]
 total_blobs=252 nmethods=17 adapters=151
 compilation: enabled

Compilation events (10 events):
Event: 0.035 Thread 0x00007fa4f00cb800 nmethod 10 0x00007fa4e0494490 code [0x00007fa4e0494620, 0x00007fa4e0494a98]
Event: 0.035 Thread 0x00007fa4f00cb800   12       1       java.lang.ThreadLocal::access$400 (5 bytes)
Event: 0.035 Thread 0x00007fa4f00cb800 nmethod 12 0x00007fa4e04941d0 code [0x00007fa4e0494320, 0x00007fa4e0494410]
Event: 0.037 Thread 0x00007fa4f00cb800   13       3       java.lang.AbstractStringBuilder::append (50 bytes)
Event: 0.037 Thread 0x00007fa4f00cb800 nmethod 13 0x00007fa4e0496850 code [0x00007fa4e0496a20, 0x00007fa4e0497178]
Event: 0.037 Thread 0x00007fa4f00cb800   14       3       java.lang.String::getChars (62 bytes)
Event: 0.037 Thread 0x00007fa4f00cb800 nmethod 14 0x00007fa4e0497490 code [0x00007fa4e0497640, 0x00007fa4e0497a78]
Event: 0.038 Thread 0x00007fa4f00cb800   15       3       java.lang.System::getSecurityManager (4 bytes)
Event: 0.038 Thread 0x00007fa4f00cb800 nmethod 15 0x00007fa4e0493ed0 code [0x00007fa4e0494020, 0x00007fa4e0494170]
Event: 0.039 Thread 0x00007fa4f00cb800   16       3       sun.nio.cs.UTF_8$Encoder::encode (359 bytes)

GC Heap History (0 events):
No events

Deoptimization events (0 events):
No events

Classes redefined (0 events):
No events

Internal exceptions (2 events):
Event: 0.014 Thread 0x00007fa4f000a800 Exception <a 'java/lang/NoSuchMethodError': Method sun.misc.Unsafe.defineClass(Ljava/lang/String;[BII)Ljava/lang/Class; name or signature does not match> (0x000000076d187cb0) thrown at [/build/openjdk-8-lHVHKD/openjdk-8-8u212-b03/src/hotspot/src/share/vm/
Event: 0.014 Thread 0x00007fa4f000a800 Exception <a 'java/lang/NoSuchMethodError': Method sun.misc.Unsafe.prefetchRead(Ljava/lang/Object;J)V name or signature does not match> (0x000000076d187f98) thrown at [/build/openjdk-8-lHVHKD/openjdk-8-8u212-b03/src/hotspot/src/share/vm/prims/jni.cpp, lin

Events (10 events):
Event: 0.038 loading class java/nio/charset/CoderResult$2
Event: 0.038 loading class java/nio/charset/CoderResult$2 done
Event: 0.038 loading class AdaptationPlanner
Event: 0.038 loading class AdaptationPlanner done
Event: 0.038 loading class APJNI
Event: 0.038 loading class APJNI done
Event: 0.039 loading class SWIGTYPE_p_std__string
Event: 0.039 loading class SWIGTYPE_p_std__string done
Event: 0.039 loading class SWIGTYPE_p_std__vectorT_std__string_t
Event: 0.039 loading class SWIGTYPE_p_std__vectorT_std__string_t done


Dynamic libraries:
00400000-00401000 r-xp 00000000 08:03 525465                             /usr/lib/jvm/java-8-openjdk-amd64/jre/bin/java
00600000-00601000 r--p 00000000 08:03 525465                             /usr/lib/jvm/java-8-openjdk-amd64/jre/bin/java
00601000-00602000 rw-p 00001000 08:03 525465                             /usr/lib/jvm/java-8-openjdk-amd64/jre/bin/java
00833000-00854000 rw-p 00000000 00:00 0                                  [heap]
6c7400000-6d1b00000 rw-p 00000000 00:00 0 
6d1b00000-76d180000 ---p 00000000 00:00 0 
76d180000-772480000 rw-p 00000000 00:00 0 
772480000-7c0000000 ---p 00000000 00:00 0 
7c0000000-7c0080000 rw-p 00000000 00:00 0 
7c0080000-800000000 ---p 00000000 00:00 0 
7fa47c000000-7fa47c021000 rw-p 00000000 00:00 0 
7fa47c021000-7fa480000000 ---p 00000000 00:00 0 
7fa484000000-7fa484021000 rw-p 00000000 00:00 0 
7fa484021000-7fa488000000 ---p 00000000 00:00 0 
7fa488000000-7fa488021000 rw-p 00000000 00:00 0 
7fa488021000-7fa48c000000 ---p 00000000 00:00 0 
7fa48c000000-7fa48c021000 rw-p 00000000 00:00 0 
7fa48c021000-7fa490000000 ---p 00000000 00:00 0 
7fa490000000-7fa490021000 rw-p 00000000 00:00 0 
7fa490021000-7fa494000000 ---p 00000000 00:00 0 
7fa494000000-7fa494021000 rw-p 00000000 00:00 0 
7fa494021000-7fa498000000 ---p 00000000 00:00 0 
7fa498000000-7fa498056000 rw-p 00000000 00:00 0 
7fa498056000-7fa49c000000 ---p 00000000 00:00 0 
7fa49c000000-7fa49c021000 rw-p 00000000 00:00 0 
7fa49c021000-7fa4a0000000 ---p 00000000 00:00 0 
7fa4a0000000-7fa4a0021000 rw-p 00000000 00:00 0 
7fa4a0021000-7fa4a4000000 ---p 00000000 00:00 0 
7fa4a4000000-7fa4a4021000 rw-p 00000000 00:00 0 
7fa4a4021000-7fa4a8000000 ---p 00000000 00:00 0 
7fa4a8000000-7fa4a8021000 rw-p 00000000 00:00 0 
7fa4a8021000-7fa4ac000000 ---p 00000000 00:00 0 
7fa4ac000000-7fa4ac021000 rw-p 00000000 00:00 0 
7fa4ac021000-7fa4b0000000 ---p 00000000 00:00 0 
7fa4b220c000-7fa4b222d000 r-xp 00000000 08:05 6030287                    /home/frank/swimExtended/swim/examples/prism_fix_path/src/module.so
7fa4b222d000-7fa4b242d000 ---p 00021000 08:05 6030287                    /home/frank/swimExtended/swim/examples/prism_fix_path/src/module.so
7fa4b242d000-7fa4b242e000 r--p 00021000 08:05 6030287                    /home/frank/swimExtended/swim/examples/prism_fix_path/src/module.so
7fa4b242e000-7fa4b242f000 rw-p 00022000 08:05 6030287                    /home/frank/swimExtended/swim/examples/prism_fix_path/src/module.so
7fa4b242f000-7fa4b2430000 ---p 00000000 00:00 0 
7fa4b2430000-7fa4b2530000 rw-p 00000000 00:00 0 
7fa4b2530000-7fa4b2533000 ---p 00000000 00:00 0 
7fa4b2533000-7fa4b2631000 rw-p 00000000 00:00 0 
7fa4b2631000-7fa4b2634000 ---p 00000000 00:00 0 
7fa4b2634000-7fa4b2732000 rw-p 00000000 00:00 0 
7fa4b2732000-7fa4b2735000 ---p 00000000 00:00 0 
7fa4b2735000-7fa4b2833000 rw-p 00000000 00:00 0 
7fa4b2833000-7fa4b2836000 ---p 00000000 00:00 0 
7fa4b2836000-7fa4b2934000 rw-p 00000000 00:00 0 
7fa4b2934000-7fa4b2937000 ---p 00000000 00:00 0 
7fa4b2937000-7fa4b2a35000 rw-p 00000000 00:00 0 
7fa4b2a35000-7fa4b2a38000 ---p 00000000 00:00 0 
7fa4b2a38000-7fa4b2b36000 rw-p 00000000 00:00 0 
7fa4b2b36000-7fa4b34f5000 r--p 00000000 08:03 400840                     /usr/lib/locale/locale-archive
7fa4b34f5000-7fa4b34f8000 ---p 00000000 00:00 0 
7fa4b34f8000-7fa4b35f6000 rw-p 00000000 00:00 0 
7fa4b35f6000-7fa4b35f9000 ---p 00000000 00:00 0 
7fa4b35f9000-7fa4b36f7000 rw-p 00000000 00:00 0 
7fa4b36f7000-7fa4b36f8000 ---p 00000000 00:00 0 
7fa4b36f8000-7fa4b4000000 rw-p 00000000 00:00 0 
7fa4b4000000-7fa4b4021000 rw-p 00000000 00:00 0 
7fa4b4021000-7fa4b8000000 ---p 00000000 00:00 0 
7fa4b8067000-7fa4b8082000 r--s 001d6000 08:03 395042                     /usr/lib/jvm/java-8-openjdk-amd64/jre/lib/ext/nashorn.jar
7fa4b8082000-7fa4b809d000 r--s 00394000 08:03 395041                     /usr/lib/jvm/java-8-openjdk-amd64/jre/lib/ext/cldrdata.jar
7fa4b809d000-7fa4c0000000 rw-p 00000000 00:00 0 
7fa4c0000000-7fa4c0021000 rw-p 00000000 00:00 0 
7fa4c0021000-7fa4c4000000 ---p 00000000 00:00 0 
7fa4c4000000-7fa4c4021000 rw-p 00000000 00:00 0 
7fa4c4021000-7fa4c8000000 ---p 00000000 00:00 0 
7fa4c8000000-7fa4c8021000 rw-p 00000000 00:00 0 
7fa4c8021000-7fa4cc000000 ---p 00000000 00:00 0 
7fa4cc000000-7fa4cc021000 rw-p 00000000 00:00 0 
7fa4cc021000-7fa4d0000000 ---p 00000000 00:00 0 
7fa4d0000000-7fa4d0021000 rw-p 00000000 00:00 0 
7fa4d0021000-7fa4d4000000 ---p 00000000 00:00 0 
7fa4d4000000-7fa4d4021000 rw-p 00000000 00:00 0 
7fa4d4021000-7fa4d8000000 ---p 00000000 00:00 0 
7fa4d8000000-7fa4d8021000 rw-p 00000000 00:00 0 
7fa4d8021000-7fa4dc000000 ---p 00000000 00:00 0 
7fa4dc011000-7fa4dd7bf000 rw-p 00000000 00:00 0 
7fa4dd7bf000-7fa4dd98e000 r--s 03c3b000 08:03 394713                     /usr/lib/jvm/java-8-openjdk-amd64/jre/lib/rt.jar
7fa4dd98e000-7fa4dde44000 rw-p 00000000 00:00 0 
7fa4dde44000-7fa4de204000 ---p 00000000 00:00 0 
7fa4de204000-7fa4de9ca000 rw-p 00000000 00:00 0 
7fa4de9ca000-7fa4de9cb000 ---p 00000000 00:00 0 
7fa4de9cb000-7fa4deacb000 rw-p 00000000 00:00 0 
7fa4deacb000-7fa4deacc000 ---p 00000000 00:00 0 
7fa4deacc000-7fa4debcc000 rw-p 00000000 00:00 0 
7fa4debcc000-7fa4debcd000 ---p 00000000 00:00 0 
7fa4debcd000-7fa4deccd000 rw-p 00000000 00:00 0 
7fa4deccd000-7fa4decce000 ---p 00000000 00:00 0 
7fa4decce000-7fa4dedce000 rw-p 00000000 00:00 0 
7fa4dedce000-7fa4dedcf000 ---p 00000000 00:00 0 
7fa4dedcf000-7fa4deecf000 rw-p 00000000 00:00 0 
7fa4deecf000-7fa4deed0000 ---p 00000000 00:00 0 
7fa4deed0000-7fa4defd0000 rw-p 00000000 00:00 0 
7fa4defd0000-7fa4defd1000 ---p 00000000 00:00 0 
7fa4defd1000-7fa4df0d1000 rw-p 00000000 00:00 0 
7fa4df0d1000-7fa4df0d2000 ---p 00000000 00:00 0 
7fa4df0d2000-7fa4df1d2000 rw-p 00000000 00:00 0 
7fa4df1d2000-7fa4df1d3000 ---p 00000000 00:00 0 
7fa4df1d3000-7fa4df327000 rw-p 00000000 00:00 0 
7fa4df327000-7fa4df802000 ---p 00000000 00:00 0 
7fa4df802000-7fa4df856000 rw-p 00000000 00:00 0 
7fa4df856000-7fa4dfd30000 ---p 00000000 00:00 0 
7fa4dfd30000-7fa4dfd5b000 rw-p 00000000 00:00 0 
7fa4dfd5b000-7fa4dffc8000 ---p 00000000 00:00 0 
7fa4dffc8000-7fa4dffd3000 rw-p 00000000 00:00 0 
7fa4dffd3000-7fa4e0389000 ---p 00000000 00:00 0 
7fa4e0389000-7fa4e05f9000 rwxp 00000000 00:00 0 
7fa4e05f9000-7fa4ef389000 ---p 00000000 00:00 0 
7fa4ef389000-7fa4ef391000 r-xp 00000000 08:03 394712                     /usr/lib/jvm/java-8-openjdk-amd64/jre/lib/amd64/libzip.so
7fa4ef391000-7fa4ef590000 ---p 00008000 08:03 394712                     /usr/lib/jvm/java-8-openjdk-amd64/jre/lib/amd64/libzip.so
7fa4ef590000-7fa4ef591000 r--p 00007000 08:03 394712                     /usr/lib/jvm/java-8-openjdk-amd64/jre/lib/amd64/libzip.so
7fa4ef591000-7fa4ef592000 rw-p 00008000 08:03 394712                     /usr/lib/jvm/java-8-openjdk-amd64/jre/lib/amd64/libzip.so
7fa4ef592000-7fa4ef59d000 r-xp 00000000 08:03 789257                     /lib/x86_64-linux-gnu/libnss_files-2.23.so
7fa4ef59d000-7fa4ef79c000 ---p 0000b000 08:03 789257                     /lib/x86_64-linux-gnu/libnss_files-2.23.so
7fa4ef79c000-7fa4ef79d000 r--p 0000a000 08:03 789257                     /lib/x86_64-linux-gnu/libnss_files-2.23.so
7fa4ef79d000-7fa4ef79e000 rw-p 0000b000 08:03 789257                     /lib/x86_64-linux-gnu/libnss_files-2.23.so
7fa4ef79e000-7fa4ef7a4000 rw-p 00000000 00:00 0 
7fa4ef7a4000-7fa4ef7af000 r-xp 00000000 08:03 789267                     /lib/x86_64-linux-gnu/libnss_nis-2.23.so
7fa4ef7af000-7fa4ef9ae000 ---p 0000b000 08:03 789267                     /lib/x86_64-linux-gnu/libnss_nis-2.23.so
7fa4ef9ae000-7fa4ef9af000 r--p 0000a000 08:03 789267                     /lib/x86_64-linux-gnu/libnss_nis-2.23.so
7fa4ef9af000-7fa4ef9b0000 rw-p 0000b000 08:03 789267                     /lib/x86_64-linux-gnu/libnss_nis-2.23.so
7fa4ef9b0000-7fa4ef9c6000 r-xp 00000000 08:03 789251                     /lib/x86_64-linux-gnu/libnsl-2.23.so
7fa4ef9c6000-7fa4efbc5000 ---p 00016000 08:03 789251                     /lib/x86_64-linux-gnu/libnsl-2.23.so
7fa4efbc5000-7fa4efbc6000 r--p 00015000 08:03 789251                     /lib/x86_64-linux-gnu/libnsl-2.23.so
7fa4efbc6000-7fa4efbc7000 rw-p 00016000 08:03 789251                     /lib/x86_64-linux-gnu/libnsl-2.23.so
7fa4efbc7000-7fa4efbc9000 rw-p 00000000 00:00 0 
7fa4efbc9000-7fa4efbd1000 r-xp 00000000 08:03 789253                     /lib/x86_64-linux-gnu/libnss_compat-2.23.so
7fa4efbd1000-7fa4efdd0000 ---p 00008000 08:03 789253                     /lib/x86_64-linux-gnu/libnss_compat-2.23.so
7fa4efdd0000-7fa4efdd1000 r--p 00007000 08:03 789253                     /lib/x86_64-linux-gnu/libnss_compat-2.23.so
7fa4efdd1000-7fa4efdd2000 rw-p 00008000 08:03 789253                     /lib/x86_64-linux-gnu/libnss_compat-2.23.so
7fa4efdd2000-7fa4efdfe000 r-xp 00000000 08:03 394694                     /usr/lib/jvm/java-8-openjdk-amd64/jre/lib/amd64/libjava.so
7fa4efdfe000-7fa4efffd000 ---p 0002c000 08:03 394694                     /usr/lib/jvm/java-8-openjdk-amd64/jre/lib/amd64/libjava.so
7fa4efffd000-7fa4efffe000 r--p 0002b000 08:03 394694                     /usr/lib/jvm/java-8-openjdk-amd64/jre/lib/amd64/libjava.so
7fa4efffe000-7fa4f0000000 rw-p 0002c000 08:03 394694                     /usr/lib/jvm/java-8-openjdk-amd64/jre/lib/amd64/libjava.so
7fa4f0000000-7fa4f0160000 rw-p 00000000 00:00 0 
7fa4f0160000-7fa4f4000000 ---p 00000000 00:00 0 
7fa4f4000000-7fa4f4021000 rw-p 00000000 00:00 0 
7fa4f4021000-7fa4f4022000 ---p 00000000 00:00 0 
7fa4f4022000-7fa4f4122000 rw-p 00000000 00:00 0 
7fa4f4122000-7fa4f4131000 r-xp 00000000 08:03 394683                     /usr/lib/jvm/java-8-openjdk-amd64/jre/lib/amd64/libverify.so
7fa4f4131000-7fa4f4330000 ---p 0000f000 08:03 394683                     /usr/lib/jvm/java-8-openjdk-amd64/jre/lib/amd64/libverify.so
7fa4f4330000-7fa4f4332000 r--p 0000e000 08:03 394683                     /usr/lib/jvm/java-8-openjdk-amd64/jre/lib/amd64/libverify.so
7fa4f4332000-7fa4f4333000 rw-p 00010000 08:03 394683                     /usr/lib/jvm/java-8-openjdk-amd64/jre/lib/amd64/libverify.so
7fa4f4333000-7fa4f433a000 r-xp 00000000 08:03 789312                     /lib/x86_64-linux-gnu/librt-2.23.so
7fa4f433a000-7fa4f4539000 ---p 00007000 08:03 789312                     /lib/x86_64-linux-gnu/librt-2.23.so
7fa4f4539000-7fa4f453a000 r--p 00006000 08:03 789312                     /lib/x86_64-linux-gnu/librt-2.23.so
7fa4f453a000-7fa4f453b000 rw-p 00007000 08:03 789312                     /lib/x86_64-linux-gnu/librt-2.23.so
7fa4f453b000-7fa4f4551000 r-xp 00000000 08:03 789196                     /lib/x86_64-linux-gnu/libgcc_s.so.1
7fa4f4551000-7fa4f4750000 ---p 00016000 08:03 789196                     /lib/x86_64-linux-gnu/libgcc_s.so.1
7fa4f4750000-7fa4f4751000 rw-p 00015000 08:03 789196                     /lib/x86_64-linux-gnu/libgcc_s.so.1
7fa4f4751000-7fa4f4859000 r-xp 00000000 08:03 789228                     /lib/x86_64-linux-gnu/libm-2.23.so
7fa4f4859000-7fa4f4a58000 ---p 00108000 08:03 789228                     /lib/x86_64-linux-gnu/libm-2.23.so
7fa4f4a58000-7fa4f4a59000 r--p 00107000 08:03 789228                     /lib/x86_64-linux-gnu/libm-2.23.so
7fa4f4a59000-7fa4f4a5a000 rw-p 00108000 08:03 789228                     /lib/x86_64-linux-gnu/libm-2.23.so
7fa4f4a5a000-7fa4f4bcc000 r-xp 00000000 08:03 404352                     /usr/lib/x86_64-linux-gnu/libstdc++.so.6.0.21
7fa4f4bcc000-7fa4f4dcc000 ---p 00172000 08:03 404352                     /usr/lib/x86_64-linux-gnu/libstdc++.so.6.0.21
7fa4f4dcc000-7fa4f4dd6000 r--p 00172000 08:03 404352                     /usr/lib/x86_64-linux-gnu/libstdc++.so.6.0.21
7fa4f4dd6000-7fa4f4dd8000 rw-p 0017c000 08:03 404352                     /usr/lib/x86_64-linux-gnu/libstdc++.so.6.0.21
7fa4f4dd8000-7fa4f4ddc000 rw-p 00000000 00:00 0 
7fa4f4ddc000-7fa4f5a40000 r-xp 00000000 08:03 394692                     /usr/lib/jvm/java-8-openjdk-amd64/jre/lib/amd64/server/libjvm.so
7fa4f5a40000-7fa4f5c3f000 ---p 00c64000 08:03 394692                     /usr/lib/jvm/java-8-openjdk-amd64/jre/lib/amd64/server/libjvm.so
7fa4f5c3f000-7fa4f5cd3000 r--p 00c63000 08:03 394692                     /usr/lib/jvm/java-8-openjdk-amd64/jre/lib/amd64/server/libjvm.so
7fa4f5cd3000-7fa4f5cfc000 rw-p 00cf7000 08:03 394692                     /usr/lib/jvm/java-8-openjdk-amd64/jre/lib/amd64/server/libjvm.so
7fa4f5cfc000-7fa4f5d2c000 rw-p 00000000 00:00 0 
7fa4f5d2c000-7fa4f5d44000 r-xp 00000000 08:03 789304                     /lib/x86_64-linux-gnu/libpthread-2.23.so
7fa4f5d44000-7fa4f5f43000 ---p 00018000 08:03 789304                     /lib/x86_64-linux-gnu/libpthread-2.23.so
7fa4f5f43000-7fa4f5f44000 r--p 00017000 08:03 789304                     /lib/x86_64-linux-gnu/libpthread-2.23.so
7fa4f5f44000-7fa4f5f45000 rw-p 00018000 08:03 789304                     /lib/x86_64-linux-gnu/libpthread-2.23.so
7fa4f5f45000-7fa4f5f49000 rw-p 00000000 00:00 0 
7fa4f5f49000-7fa4f5f4c000 r-xp 00000000 08:03 789182                     /lib/x86_64-linux-gnu/libdl-2.23.so
7fa4f5f4c000-7fa4f614b000 ---p 00003000 08:03 789182                     /lib/x86_64-linux-gnu/libdl-2.23.so
7fa4f614b000-7fa4f614c000 r--p 00002000 08:03 789182                     /lib/x86_64-linux-gnu/libdl-2.23.so
7fa4f614c000-7fa4f614d000 rw-p 00003000 08:03 789182                     /lib/x86_64-linux-gnu/libdl-2.23.so
7fa4f614d000-7fa4f6166000 r-xp 00000000 08:03 789349                     /lib/x86_64-linux-gnu/libz.so.1.2.8
7fa4f6166000-7fa4f6365000 ---p 00019000 08:03 789349                     /lib/x86_64-linux-gnu/libz.so.1.2.8
7fa4f6365000-7fa4f6366000 r--p 00018000 08:03 789349                     /lib/x86_64-linux-gnu/libz.so.1.2.8
7fa4f6366000-7fa4f6367000 rw-p 00019000 08:03 789349                     /lib/x86_64-linux-gnu/libz.so.1.2.8
7fa4f6367000-7fa4f6527000 r-xp 00000000 08:03 789158                     /lib/x86_64-linux-gnu/libc-2.23.so
7fa4f6527000-7fa4f6727000 ---p 001c0000 08:03 789158                     /lib/x86_64-linux-gnu/libc-2.23.so
7fa4f6727000-7fa4f672b000 r--p 001c0000 08:03 789158                     /lib/x86_64-linux-gnu/libc-2.23.so
7fa4f672b000-7fa4f672d000 rw-p 001c4000 08:03 789158                     /lib/x86_64-linux-gnu/libc-2.23.so
7fa4f672d000-7fa4f6731000 rw-p 00000000 00:00 0 
7fa4f6731000-7fa4f673e000 r-xp 00000000 08:03 394711                     /usr/lib/jvm/java-8-openjdk-amd64/jre/lib/amd64/jli/libjli.so
7fa4f673e000-7fa4f693d000 ---p 0000d000 08:03 394711                     /usr/lib/jvm/java-8-openjdk-amd64/jre/lib/amd64/jli/libjli.so
7fa4f693d000-7fa4f693e000 r--p 0000c000 08:03 394711                     /usr/lib/jvm/java-8-openjdk-amd64/jre/lib/amd64/jli/libjli.so
7fa4f693e000-7fa4f693f000 rw-p 0000d000 08:03 394711                     /usr/lib/jvm/java-8-openjdk-amd64/jre/lib/amd64/jli/libjli.so
7fa4f693f000-7fa4f6965000 r-xp 00000000 08:03 789130                     /lib/x86_64-linux-gnu/ld-2.23.so
7fa4f6968000-7fa4f696d000 r--s 0003c000 08:03 395045                     /usr/lib/jvm/java-8-openjdk-amd64/jre/lib/ext/sunjce_provider.jar
7fa4f696d000-7fa4f6a3e000 rw-p 00000000 00:00 0 
7fa4f6a3e000-7fa4f6a41000 ---p 00000000 00:00 0 
7fa4f6a41000-7fa4f6b43000 rw-p 00000000 00:00 0 
7fa4f6b43000-7fa4f6b4d000 r--s 00116000 08:03 395048                     /usr/lib/jvm/java-8-openjdk-amd64/jre/lib/ext/localedata.jar
7fa4f6b4d000-7fa4f6b4e000 r--s 0000a000 08:03 395046                     /usr/lib/jvm/java-8-openjdk-amd64/jre/lib/ext/jaccess.jar
7fa4f6b4e000-7fa4f6b50000 r--s 00008000 08:03 395044                     /usr/lib/jvm/java-8-openjdk-amd64/jre/lib/ext/sunec.jar
7fa4f6b50000-7fa4f6b51000 r--s 00010000 08:03 395043                     /usr/lib/jvm/java-8-openjdk-amd64/jre/lib/ext/zipfs.jar
7fa4f6b51000-7fa4f6b53000 r--s 00001000 08:03 395047                     /usr/lib/jvm/java-8-openjdk-amd64/jre/lib/ext/dnsns.jar
7fa4f6b53000-7fa4f6b56000 r--s 00039000 08:03 395049                     /usr/lib/jvm/java-8-openjdk-amd64/jre/lib/ext/sunpkcs11.jar
7fa4f6b56000-7fa4f6b59000 r--s 0000f000 08:03 395040                     /usr/lib/jvm/java-8-openjdk-amd64/jre/lib/ext/icedtea-sound.jar
7fa4f6b59000-7fa4f6b61000 rw-s 00000000 08:03 1213946                    /tmp/hsperfdata_frank/26421
7fa4f6b61000-7fa4f6b62000 rw-p 00000000 00:00 0 
7fa4f6b62000-7fa4f6b63000 r--p 00000000 00:00 0 
7fa4f6b63000-7fa4f6b64000 rw-p 00000000 00:00 0 
7fa4f6b64000-7fa4f6b65000 r--p 00025000 08:03 789130                     /lib/x86_64-linux-gnu/ld-2.23.so
7fa4f6b65000-7fa4f6b66000 rw-p 00026000 08:03 789130                     /lib/x86_64-linux-gnu/ld-2.23.so
7fa4f6b66000-7fa4f6b67000 rw-p 00000000 00:00 0 
7fff25ab5000-7fff25ad6000 rw-p 00000000 00:00 0                          [stack]
7fff25bd5000-7fff25bd8000 r--p 00000000 00:00 0                          [vvar]
7fff25bd8000-7fff25bda000 r-xp 00000000 00:00 0                          [vdso]
ffffffffff600000-ffffffffff601000 r-xp 00000000 00:00 0                  [vsyscall]

VM Arguments:
jvm_args: -Dfile.encoding=UTF-8 
java_command: connect
java_class_path (initial): /home/frank/swimExtended/swim/examples/prism_fix_path/bin
Launcher Type: SUN_STANDARD

Environment Variables:
PATH=/home/frank/bin:/home/frank/.local/bin:/usr/local/sbin:/usr/local/bin:/usr/sbin:/usr/bin:/sbin:/bin:/usr/games:/usr/local/games:/snap/bin
SHELL=/bin/bash
DISPLAY=:0

Signal Handlers:
SIGSEGV: [libjvm.so+0xa765a0], sa_mask[0]=11111111011111111101111111111110, sa_flags=SA_RESTART|SA_SIGINFO
SIGBUS: [libjvm.so+0xa765a0], sa_mask[0]=11111111011111111101111111111110, sa_flags=SA_RESTART|SA_SIGINFO
SIGFPE: [libjvm.so+0x8bd800], sa_mask[0]=11111111011111111101111111111110, sa_flags=SA_RESTART|SA_SIGINFO
SIGPIPE: [libjvm.so+0x8bd800], sa_mask[0]=11111111011111111101111111111110, sa_flags=SA_RESTART|SA_SIGINFO
SIGXFSZ: [libjvm.so+0x8bd800], sa_mask[0]=11111111011111111101111111111110, sa_flags=SA_RESTART|SA_SIGINFO
SIGILL: [libjvm.so+0x8bd800], sa_mask[0]=11111111011111111101111111111110, sa_flags=SA_RESTART|SA_SIGINFO
SIGUSR1: SIG_DFL, sa_mask[0]=00000000000000000000000000000000, sa_flags=none
SIGUSR2: [libjvm.so+0x8bd6b0], sa_mask[0]=00100000000000000000000000000000, sa_flags=SA_RESTART|SA_SIGINFO
SIGHUP: [libjvm.so+0x8bdd40], sa_mask[0]=11111111011111111101111111111110, sa_flags=SA_RESTART|SA_SIGINFO
SIGINT: [libjvm.so+0x8bdd40], sa_mask[0]=11111111011111111101111111111110, sa_flags=SA_RESTART|SA_SIGINFO
SIGTERM: [libjvm.so+0x8bdd40], sa_mask[0]=11111111011111111101111111111110, sa_flags=SA_RESTART|SA_SIGINFO
SIGQUIT: [libjvm.so+0x8bdd40], sa_mask[0]=11111111011111111101111111111110, sa_flags=SA_RESTART|SA_SIGINFO


---------------  S Y S T E M  ---------------

OS:DISTRIB_ID=Ubuntu
DISTRIB_RELEASE=16.04
DISTRIB_CODENAME=xenial
DISTRIB_DESCRIPTION="Ubuntu 16.04.6 LTS"

uname:Linux 4.15.0-47-generic #50~16.04.1-Ubuntu SMP Fri Mar 15 16:06:21 UTC 2019 x86_64
libc:glibc 2.23 NPTL 2.23 
rlimit: STACK 8192k, CORE 0k, NPROC 63237, NOFILE 1048576, AS infinity
load average:1.52 1.59 1.62

/proc/meminfo:
MemTotal:       16294960 kB
MemFree:         3222400 kB
MemAvailable:    6797024 kB
Buffers:          428688 kB
Cached:          4552420 kB
SwapCached:            0 kB
Active:          9744976 kB
Inactive:        2571296 kB
Active(anon):    7347280 kB
Inactive(anon):  1363844 kB
Active(file):    2397696 kB
Inactive(file):  1207452 kB
Unevictable:         128 kB
Mlocked:             128 kB
SwapTotal:      20981756 kB
SwapFree:       20981756 kB
Dirty:              1412 kB
Writeback:             0 kB
AnonPages:       7335476 kB
Mapped:          1520972 kB
Shmem:           1441064 kB
Slab:             417516 kB
SReclaimable:     310664 kB
SUnreclaim:       106852 kB
KernelStack:       25304 kB
PageTables:       122564 kB
NFS_Unstable:          0 kB
Bounce:                0 kB
WritebackTmp:          0 kB
CommitLimit:    29129236 kB
Committed_AS:   24544164 kB
VmallocTotal:   34359738367 kB
VmallocUsed:           0 kB
VmallocChunk:          0 kB
HardwareCorrupted:     0 kB
AnonHugePages:         0 kB
ShmemHugePages:        0 kB
ShmemPmdMapped:        0 kB
CmaTotal:              0 kB
CmaFree:               0 kB
HugePages_Total:       0
HugePages_Free:        0
HugePages_Rsvd:        0
HugePages_Surp:        0
Hugepagesize:       2048 kB
DirectMap4k:      550588 kB
DirectMap2M:    16097280 kB
DirectMap1G:           0 kB

container (cgroup) information:
container_type: cgroupv1
cpu_cpuset_cpus: 0-11
cpu_memory_nodes: 0
active_processor_count: 12
cpu_quota: -1
cpu_period: 100000
cpu_shares: -1
memory_limit_in_bytes: -1
memory_and_swap_limit_in_bytes: -2
memory_soft_limit_in_bytes: -1
memory_usage_in_bytes: 12612681728
memory_max_usage_in_bytes: 0


CPU:total 12 (initial active 12) (6 cores per cpu, 2 threads per core) family 6 model 158 stepping 10, cmov, cx8, fxsr, mmx, sse, sse2, sse3, ssse3, sse4.1, sse4.2, popcnt, avx, avx2, aes, clmul, erms, 3dnowpref, lzcnt, ht, tsc, tscinvbit, bmi1, bmi2, adx

/proc/cpuinfo:
processor	: 0
vendor_id	: GenuineIntel
cpu family	: 6
model		: 158
model name	: Intel(R) Core(TM) i7-8750H CPU @ 2.20GHz
stepping	: 10
microcode	: 0x96
cpu MHz		: 1298.905
cache size	: 9216 KB
physical id	: 0
siblings	: 12
core id		: 0
cpu cores	: 6
apicid		: 0
initial apicid	: 0
fpu		: yes
fpu_exception	: yes
cpuid level	: 22
wp		: yes
flags		: fpu vme de pse tsc msr pae mce cx8 apic sep mtrr pge mca cmov pat pse36 clflush dts acpi mmx fxsr sse sse2 ss ht tm pbe syscall nx pdpe1gb rdtscp lm constant_tsc art arch_perfmon pebs bts rep_good nopl xtopology nonstop_tsc cpuid aperfmperf tsc_known_freq pni pclmulqdq dtes64 monitor ds_cpl vmx est tm2 ssse3 sdbg fma cx16 xtpr pdcm pcid sse4_1 sse4_2 x2apic movbe popcnt tsc_deadline_timer aes xsave avx f16c rdrand lahf_lm abm 3dnowprefetch cpuid_fault epb invpcid_single pti ssbd ibrs ibpb stibp tpr_shadow vnmi flexpriority ept vpid fsgsbase tsc_adjust bmi1 avx2 smep bmi2 erms invpcid mpx rdseed adx smap clflushopt intel_pt xsaveopt xsavec xgetbv1 xsaves dtherm ida arat pln pts hwp hwp_notify hwp_act_window hwp_epp flush_l1d
bugs		: cpu_meltdown spectre_v1 spectre_v2 spec_store_bypass l1tf
bogomips	: 4416.00
clflush size	: 64
cache_alignment	: 64
address sizes	: 39 bits physical, 48 bits virtual
power management:

processor	: 1
vendor_id	: GenuineIntel
cpu family	: 6
model		: 158
model name	: Intel(R) Core(TM) i7-8750H CPU @ 2.20GHz
stepping	: 10
microcode	: 0x96
cpu MHz		: 1299.919
cache size	: 9216 KB
physical id	: 0
siblings	: 12
core id		: 1
cpu cores	: 6
apicid		: 2
initial apicid	: 2
fpu		: yes
fpu_exception	: yes
cpuid level	: 22
wp		: yes
flags		: fpu vme de pse tsc msr pae mce cx8 apic sep mtrr pge mca cmov pat pse36 clflush dts acpi mmx fxsr sse sse2 ss ht tm pbe syscall nx pdpe1gb rdtscp lm constant_tsc art arch_perfmon pebs bts rep_good nopl xtopology nonstop_tsc cpuid aperfmperf tsc_known_freq pni pclmulqdq dtes64 monitor ds_cpl vmx est tm2 ssse3 sdbg fma cx16 xtpr pdcm pcid sse4_1 sse4_2 x2apic movbe popcnt tsc_deadline_timer aes xsave avx f16c rdrand lahf_lm abm 3dnowprefetch cpuid_fault epb invpcid_single pti ibrs ibpb stibp tpr_shadow vnmi flexpriority ept vpid fsgsbase tsc_adjust bmi1 avx2 smep bmi2 erms invpcid mpx rdseed adx smap clflushopt intel_pt xsaveopt xsavec xgetbv1 xsaves dtherm ida arat pln pts hwp hwp_notify hwp_act_window hwp_epp
bugs		: cpu_meltdown spectre_v1 spectre_v2 spec_store_bypass l1tf
bogomips	: 4416.00
clflush size	: 64
cache_alignment	: 64
address sizes	: 39 bits physical, 48 bits virtual
power management:

processor	: 2
vendor_id	: GenuineIntel
cpu family	: 6
model		: 158
model name	: Intel(R) Core(TM) i7-8750H CPU @ 2.20GHz
stepping	: 10
microcode	: 0x96
cpu MHz		: 1189.566
cache size	: 9216 KB
physical id	: 0
siblings	: 12
core id		: 2
cpu cores	: 6
apicid		: 4
initial apicid	: 4
fpu		: yes
fpu_exception	: yes
cpuid level	: 22
wp		: yes
flags		: fpu vme de pse tsc msr pae mce cx8 apic sep mtrr pge mca cmov pat pse36 clflush dts acpi mmx fxsr sse sse2 ss ht tm pbe syscall nx pdpe1gb rdtscp lm constant_tsc art arch_perfmon pebs bts rep_good nopl xtopology nonstop_tsc cpuid aperfmperf tsc_known_freq pni pclmulqdq dtes64 monitor ds_cpl vmx est tm2 ssse3 sdbg fma cx16 xtpr pdcm pcid sse4_1 sse4_2 x2apic movbe popcnt tsc_deadline_timer aes xsave avx f16c rdrand lahf_lm abm 3dnowprefetch cpuid_fault epb invpcid_single pti ibrs ibpb stibp tpr_shadow vnmi flexpriority ept vpid fsgsbase tsc_adjust bmi1 avx2 smep bmi2 erms invpcid mpx rdseed adx smap clflushopt intel_pt xsaveopt xsavec xgetbv1 xsaves dtherm ida arat pln pts hwp hwp_notify hwp_act_window hwp_epp
bugs		: cpu_meltdown spectre_v1 spectre_v2 spec_store_bypass l1tf
bogomips	: 4416.00
clflush size	: 64
cache_alignment	: 64
address sizes	: 39 bits physical, 48 bits virtual
power management:

processor	: 3
vendor_id	: GenuineIntel
cpu family	: 6
model		: 158
model name	: Intel(R) Core(TM) i7-8750H CPU @ 2.20GHz
stepping	: 10
microcode	: 0x96
cpu MHz		: 1222.705
cache size	: 9216 KB
physical id	: 0
siblings	: 12
core id		: 3
cpu cores	: 6
apicid		: 6
initial apicid	: 6
fpu		: yes
fpu_exception	: yes
cpuid level	: 22
wp		: yes
flags		: fpu vme de pse tsc msr pae mce cx8 apic sep mtrr pge mca cmov pat pse36 clflush dts acpi mmx fxsr sse sse2 ss ht tm pbe syscall nx pdpe1gb rdtscp lm constant_tsc art arch_perfmon pebs bts rep_good nopl xtopology nonstop_tsc cpuid aperfmperf tsc_known_freq pni pclmulqdq dtes64 monitor ds_cpl vmx est tm2 ssse3 sdbg fma cx16 xtpr pdcm pcid sse4_1 sse4_2 x2apic movbe popcnt tsc_deadline_timer aes xsave avx f16c rdrand lahf_lm abm 3dnowprefetch cpuid_fault epb invpcid_single pti ibrs ibpb stibp tpr_shadow vnmi flexpriority ept vpid fsgsbase tsc_adjust bmi1 avx2 smep bmi2 erms invpcid mpx rdseed adx smap clflushopt intel_pt xsaveopt xsavec xgetbv1 xsaves dtherm ida arat pln pts hwp hwp_notify hwp_act_window hwp_epp
bugs		: cpu_meltdown spectre_v1 spectre_v2 spec_store_bypass l1tf
bogomips	: 4416.00
clflush size	: 64
cache_alignment	: 64
address sizes	: 39 bits physical, 48 bits virtual
power management:

processor	: 4
vendor_id	: GenuineIntel
cpu family	: 6
model		: 158
model name	: Intel(R) Core(TM) i7-8750H CPU @ 2.20GHz
stepping	: 10
microcode	: 0x96
cpu MHz		: 1436.985
cache size	: 9216 KB
physical id	: 0
siblings	: 12
core id		: 4
cpu cores	: 6
apicid		: 8
initial apicid	: 8
fpu		: yes
fpu_exception	: yes
cpuid level	: 22
wp		: yes
flags		: fpu vme de pse tsc msr pae mce cx8 apic sep mtrr pge mca cmov pat pse36 clflush dts acpi mmx fxsr sse sse2 ss ht tm pbe syscall nx pdpe1gb rdtscp lm constant_tsc art arch_perfmon pebs bts rep_good nopl xtopology nonstop_tsc cpuid aperfmperf tsc_known_freq pni pclmulqdq dtes64 monitor ds_cpl vmx est tm2 ssse3 sdbg fma cx16 xtpr pdcm pcid sse4_1 sse4_2 x2apic movbe popcnt tsc_deadline_timer aes xsave avx f16c rdrand lahf_lm abm 3dnowprefetch cpuid_fault epb invpcid_single pti ibrs ibpb stibp tpr_shadow vnmi flexpriority ept vpid fsgsbase tsc_adjust bmi1 avx2 smep bmi2 erms invpcid mpx rdseed adx smap clflushopt intel_pt xsaveopt xsavec xgetbv1 xsaves dtherm ida arat pln pts hwp hwp_notify hwp_act_window hwp_epp
bugs		: cpu_meltdown spectre_v1 spectre_v2 spec_store_bypass l1tf
bogomips	: 4416.00
clflush size	: 64
cache_alignment	: 64
address sizes	: 39 bits physical, 48 bits virtual
power management:

processor	: 5
vendor_id	: GenuineIntel
cpu family	: 6
model		: 158
model name	: Intel(R) Core(TM) i7-8750H CPU @ 2.20GHz
stepping	: 10
microcode	: 0x96
cpu MHz		: 1202.381
cache size	: 9216 KB
physical id	: 0
siblings	: 12
core id		: 5
cpu cores	: 6
apicid		: 10
initial apicid	: 10
fpu		: yes
fpu_exception	: yes
cpuid level	: 22
wp		: yes
flags		: fpu vme de pse tsc msr pae mce cx8 apic sep mtrr pge mca cmov pat pse36 clflush dts acpi mmx fxsr sse sse2 ss ht tm pbe syscall nx pdpe1gb rdtscp lm constant_tsc art arch_perfmon pebs bts rep_good nopl xtopology nonstop_tsc cpuid aperfmperf tsc_known_freq pni pclmulqdq dtes64 monitor ds_cpl vmx est tm2 ssse3 sdbg fma cx16 xtpr pdcm pcid sse4_1 sse4_2 x2apic movbe popcnt tsc_deadline_timer aes xsave avx f16c rdrand lahf_lm abm 3dnowprefetch cpuid_fault epb invpcid_single pti ibrs ibpb stibp tpr_shadow vnmi flexpriority ept vpid fsgsbase tsc_adjust bmi1 avx2 smep bmi2 erms invpcid mpx rdseed adx smap clflushopt intel_pt xsaveopt xsavec xgetbv1 xsaves dtherm ida arat pln pts hwp hwp_notify hwp_act_window hwp_epp
bugs		: cpu_meltdown spectre_v1 spectre_v2 spec_store_bypass l1tf
bogomips	: 4416.00
clflush size	: 64
cache_alignment	: 64
address sizes	: 39 bits physical, 48 bits virtual
power management:

processor	: 6
vendor_id	: GenuineIntel
cpu family	: 6
model		: 158
model name	: Intel(R) Core(TM) i7-8750H CPU @ 2.20GHz
stepping	: 10
microcode	: 0x96
cpu MHz		: 1242.453
cache size	: 9216 KB
physical id	: 0
siblings	: 12
core id		: 0
cpu cores	: 6
apicid		: 1
initial apicid	: 1
fpu		: yes
fpu_exception	: yes
cpuid level	: 22
wp		: yes
flags		: fpu vme de pse tsc msr pae mce cx8 apic sep mtrr pge mca cmov pat pse36 clflush dts acpi mmx fxsr sse sse2 ss ht tm pbe syscall nx pdpe1gb rdtscp lm constant_tsc art arch_perfmon pebs bts rep_good nopl xtopology nonstop_tsc cpuid aperfmperf tsc_known_freq pni pclmulqdq dtes64 monitor ds_cpl vmx est tm2 ssse3 sdbg fma cx16 xtpr pdcm pcid sse4_1 sse4_2 x2apic movbe popcnt tsc_deadline_timer aes xsave avx f16c rdrand lahf_lm abm 3dnowprefetch cpuid_fault epb invpcid_single pti ssbd ibrs ibpb stibp tpr_shadow vnmi flexpriority ept vpid fsgsbase tsc_adjust bmi1 avx2 smep bmi2 erms invpcid mpx rdseed adx smap clflushopt intel_pt xsaveopt xsavec xgetbv1 xsaves dtherm ida arat pln pts hwp hwp_notify hwp_act_window hwp_epp flush_l1d
bugs		: cpu_meltdown spectre_v1 spectre_v2 spec_store_bypass l1tf
bogomips	: 4416.00
clflush size	: 64
cache_alignment	: 64
address sizes	: 39 bits physical, 48 bits virtual
power management:

processor	: 7
vendor_id	: GenuineIntel
cpu family	: 6
model		: 158
model name	: Intel(R) Core(TM) i7-8750H CPU @ 2.20GHz
stepping	: 10
microcode	: 0x96
cpu MHz		: 1209.691
cache size	: 9216 KB
physical id	: 0
siblings	: 12
core id		: 1
cpu cores	: 6
apicid		: 3
initial apicid	: 3
fpu		: yes
fpu_exception	: yes
cpuid level	: 22
wp		: yes
flags		: fpu vme de pse tsc msr pae mce cx8 apic sep mtrr pge mca cmov pat pse36 clflush dts acpi mmx fxsr sse sse2 ss ht tm pbe syscall nx pdpe1gb rdtscp lm constant_tsc art arch_perfmon pebs bts rep_good nopl xtopology nonstop_tsc cpuid aperfmperf tsc_known_freq pni pclmulqdq dtes64 monitor ds_cpl vmx est tm2 ssse3 sdbg fma cx16 xtpr pdcm pcid sse4_1 sse4_2 x2apic movbe popcnt tsc_deadline_timer aes xsave avx f16c rdrand lahf_lm abm 3dnowprefetch cpuid_fault epb invpcid_single pti ssbd ibrs ibpb stibp tpr_shadow vnmi flexpriority ept vpid fsgsbase tsc_adjust bmi1 avx2 smep bmi2 erms invpcid mpx rdseed adx smap clflushopt intel_pt xsaveopt xsavec xgetbv1 xsaves dtherm ida arat pln pts hwp hwp_notify hwp_act_window hwp_epp flush_l1d
bugs		: cpu_meltdown spectre_v1 spectre_v2 spec_store_bypass l1tf
bogomips	: 4416.00
clflush size	: 64
cache_alignment	: 64
address sizes	: 39 bits physical, 48 bits virtual
power management:

processor	: 8
vendor_id	: GenuineIntel
cpu family	: 6
model		: 158
model name	: Intel(R) Core(TM) i7-8750H CPU @ 2.20GHz
stepping	: 10
microcode	: 0x96
cpu MHz		: 1280.744
cache size	: 9216 KB
physical id	: 0
siblings	: 12
core id		: 2
cpu cores	: 6
apicid		: 5
initial apicid	: 5
fpu		: yes
fpu_exception	: yes
cpuid level	: 22
wp		: yes
flags		: fpu vme de pse tsc msr pae mce cx8 apic sep mtrr pge mca cmov pat pse36 clflush dts acpi mmx fxsr sse sse2 ss ht tm pbe syscall nx pdpe1gb rdtscp lm constant_tsc art arch_perfmon pebs bts rep_good nopl xtopology nonstop_tsc cpuid aperfmperf tsc_known_freq pni pclmulqdq dtes64 monitor ds_cpl vmx est tm2 ssse3 sdbg fma cx16 xtpr pdcm pcid sse4_1 sse4_2 x2apic movbe popcnt tsc_deadline_timer aes xsave avx f16c rdrand lahf_lm abm 3dnowprefetch cpuid_fault epb invpcid_single pti ssbd ibrs ibpb stibp tpr_shadow vnmi flexpriority ept vpid fsgsbase tsc_adjust bmi1 avx2 smep bmi2 erms invpcid mpx rdseed adx smap clflushopt intel_pt xsaveopt xsavec xgetbv1 xsaves dtherm ida arat pln pts hwp hwp_notify hwp_act_window hwp_epp flush_l1d
bugs		: cpu_meltdown spectre_v1 spectre_v2 spec_store_bypass l1tf
bogomips	: 4416.00
clflush size	: 64
cache_alignment	: 64
address sizes	: 39 bits physical, 48 bits virtual
power management:

processor	: 9
vendor_id	: GenuineIntel
cpu family	: 6
model		: 158
model name	: Intel(R) Core(TM) i7-8750H CPU @ 2.20GHz
stepping	: 10
microcode	: 0x96
cpu MHz		: 1238.159
cache size	: 9216 KB
physical id	: 0
siblings	: 12
core id		: 3
cpu cores	: 6
apicid		: 7
initial apicid	: 7
fpu		: yes
fpu_exception	: yes
cpuid level	: 22
wp		: yes
flags		: fpu vme de pse tsc msr pae mce cx8 apic sep mtrr pge mca cmov pat pse36 clflush dts acpi mmx fxsr sse sse2 ss ht tm pbe syscall nx pdpe1gb rdtscp lm constant_tsc art arch_perfmon pebs bts rep_good nopl xtopology nonstop_tsc cpuid aperfmperf tsc_known_freq pni pclmulqdq dtes64 monitor ds_cpl vmx est tm2 ssse3 sdbg fma cx16 xtpr pdcm pcid sse4_1 sse4_2 x2apic movbe popcnt tsc_deadline_timer aes xsave avx f16c rdrand lahf_lm abm 3dnowprefetch cpuid_fault epb invpcid_single pti ssbd ibrs ibpb stibp tpr_shadow vnmi flexpriority ept vpid fsgsbase tsc_adjust bmi1 avx2 smep bmi2 erms invpcid mpx rdseed adx smap clflushopt intel_pt xsaveopt xsavec xgetbv1 xsaves dtherm ida arat pln pts hwp hwp_notify hwp_act_window hwp_epp flush_l1d
bugs		: cpu_meltdown spectre_v1 spectre_v2 spec_store_bypass l1tf
bogomips	: 4416.00
clflush size	: 64
cache_alignment	: 64
address sizes	: 39 bits physical, 48 bits virtual
power management:

processor	: 10
vendor_id	: GenuineIntel
cpu family	: 6
model		: 158
model name	: Intel(R) Core(TM) i7-8750H CPU @ 2.20GHz
stepping	: 10
microcode	: 0x96
cpu MHz		: 1172.374
cache size	: 9216 KB
physical id	: 0
siblings	: 12
core id		: 4
cpu cores	: 6
apicid		: 9
initial apicid	: 9
fpu		: yes
fpu_exception	: yes
cpuid level	: 22
wp		: yes
flags		: fpu vme de pse tsc msr pae mce cx8 apic sep mtrr pge mca cmov pat pse36 clflush dts acpi mmx fxsr sse sse2 ss ht tm pbe syscall nx pdpe1gb rdtscp lm constant_tsc art arch_perfmon pebs bts rep_good nopl xtopology nonstop_tsc cpuid aperfmperf tsc_known_freq pni pclmulqdq dtes64 monitor ds_cpl vmx est tm2 ssse3 sdbg fma cx16 xtpr pdcm pcid sse4_1 sse4_2 x2apic movbe popcnt tsc_deadline_timer aes xsave avx f16c rdrand lahf_lm abm 3dnowprefetch cpuid_fault epb invpcid_single pti ssbd ibrs ibpb stibp tpr_shadow vnmi flexpriority ept vpid fsgsbase tsc_adjust bmi1 avx2 smep bmi2 erms invpcid mpx rdseed adx smap clflushopt intel_pt xsaveopt xsavec xgetbv1 xsaves dtherm ida arat pln pts hwp hwp_notify hwp_act_window hwp_epp flush_l1d
bugs		: cpu_meltdown spectre_v1 spectre_v2 spec_store_bypass l1tf
bogomips	: 4416.00
clflush size	: 64
cache_alignment	: 64
address sizes	: 39 bits physical, 48 bits virtual
power management:

processor	: 11
vendor_id	: GenuineIntel
cpu family	: 6
model		: 158
model name	: Intel(R) Core(TM) i7-8750H CPU @ 2.20GHz
stepping	: 10
microcode	: 0x96
cpu MHz		: 1206.603
cache size	: 9216 KB
physical id	: 0
siblings	: 12
core id		: 5
cpu cores	: 6
apicid		: 11
initial apicid	: 11
fpu		: yes
fpu_exception	: yes
cpuid level	: 22
wp		: yes
flags		: fpu vme de pse tsc msr pae mce cx8 apic sep mtrr pge mca cmov pat pse36 clflush dts acpi mmx fxsr sse sse2 ss ht tm pbe syscall nx pdpe1gb rdtscp lm constant_tsc art arch_perfmon pebs bts rep_good nopl xtopology nonstop_tsc cpuid aperfmperf tsc_known_freq pni pclmulqdq dtes64 monitor ds_cpl vmx est tm2 ssse3 sdbg fma cx16 xtpr pdcm pcid sse4_1 sse4_2 x2apic movbe popcnt tsc_deadline_timer aes xsave avx f16c rdrand lahf_lm abm 3dnowprefetch cpuid_fault epb invpcid_single pti ssbd ibrs ibpb stibp tpr_shadow vnmi flexpriority ept vpid fsgsbase tsc_adjust bmi1 avx2 smep bmi2 erms invpcid mpx rdseed adx smap clflushopt intel_pt xsaveopt xsavec xgetbv1 xsaves dtherm ida arat pln pts hwp hwp_notify hwp_act_window hwp_epp flush_l1d
bugs		: cpu_meltdown spectre_v1 spectre_v2 spec_store_bypass l1tf
bogomips	: 4416.00
clflush size	: 64
cache_alignment	: 64
address sizes	: 39 bits physical, 48 bits virtual
power management:



Memory: 4k page, physical 16294960k(3222400k free), swap 20981756k(20981756k free)

vm_info: OpenJDK 64-Bit Server VM (25.212-b03) for linux-amd64 JRE (1.8.0_212-8u212-b03-0ubuntu1.16.04.1-b03), built on Apr 26 2019 02:02:50 by "buildd" with gcc 5.4.0 20160609

time: Mon May 27 14:42:04 2019
timezone: EDT
elapsed time: 0 seconds (0d 0h 0m 0s)

