#
# A fatal error has been detected by the Java Runtime Environment:
#
#  SIGSEGV (0xb) at pc=0x00007f0f16742a2b, pid=32467, tid=0x00007f0f18705700
#
# JRE version: OpenJDK Runtime Environment (8.0_212-b03) (build 1.8.0_212-8u212-b03-0ubuntu1.16.04.1-b03)
# Java VM: OpenJDK 64-Bit Server VM (25.212-b03 mixed mode linux-amd64 compressed oops)
# Problematic frame:
# C  [libstdc++.so.6+0x121a2b]  std::__cxx11::basic_string<char, std::char_traits<char>, std::allocator<char> > std::operator+<char, std::char_traits<char>, std::allocator<char> >(std::__cxx11::basic_string<char, std::char_traits<char>, std::allocator<char> > const&, std::__cxx11::basic_string<char, std::char_traits<char>, std::allocator<char> > const&)+0x2b
#
# Failed to write core dump. Core dumps have been disabled. To enable core dumping, try "ulimit -c unlimited" before starting Java again
#
# If you would like to submit a bug report, please visit:
#   http://bugreport.java.com/bugreport/crash.jsp
# The crash happened outside the Java Virtual Machine in native code.
# See problematic frame for where to report the bug.
#

---------------  T H R E A D  ---------------

Current thread (0x00007f0f1000a800):  JavaThread "main" [_thread_in_native, id=32469, stack(0x00007f0f18605000,0x00007f0f18706000)]

siginfo: si_signo: 11 (SIGSEGV), si_code: 1 (SEGV_MAPERR), si_addr: 0x0000000000000000

Registers:
RAX=0x0000000000000000, RBX=0x00007f0f18704190, RCX=0x00007f0f10000020, RDX=0xb28ded9ec7bd3900
RSP=0x00007f0f18704110, RBP=0x0000000000000000, RSI=0x00007f0f1013a470, RDI=0x00007f0f1013a310
R8 =0x0000000000000000, R9 =0x0000000000000000, R10=0x0000000000000000, R11=0x00007f0f16742a00
R12=0x00007f0f187041a0, R13=0x00007f0ed743bae0, R14=0x00007f0f18704938, R15=0x00007f0f1000a800
RIP=0x00007f0f16742a2b, EFLAGS=0x0000000000010202, CSGSFS=0x002b000000000033, ERR=0x0000000000000004
  TRAPNO=0x000000000000000e

Top of Stack: (sp=0x00007f0f18704110)
0x00007f0f18704110:   0000000000000001 00007f0f187045d0
0x00007f0f18704120:   0000000000000000 00007f0ea7df101d
0x00007f0f18704130:   00007f0ea7de0f00 0000000000000000
0x00007f0f18704140:   00007f0f18704670 00007f0f1013a100
0x00007f0f18704150:   00007f0f1013a6a0 0000000000000035
0x00007f0f18704160:   0000000000000035 00007f0f1013a1c0
0x00007f0f18704170:   00007f0f1013a470 0000000000000036
0x00007f0f18704180:   000000000000006a 00007f0f1013a100
0x00007f0f18704190:   00007f0f1013a310 0000000000000036
0x00007f0f187041a0:   0000000000000036 00007f0ed743bae0
0x00007f0f187041b0:   72662f656d6f682f 6d6977732f6b6e61
0x00007f0f187041c0:   6465646e65747845 78652f6d6977732f
0x00007f0f187041d0:   702f73656c706d61 7869665f6d736972
0x00007f0f187041e0:   000000687461705f 00007f0ea7de0f00
0x00007f0f187041f0:   00007f0f187045c0 00007f0f1851df5a
0x00007f0f18704200:   0000000000000000 00007f0f1802590d
0x00007f0f18704210:   0000000000000000 00007f0f10000030
0x00007f0f18704220:   0000000000000000 00007f0f1013a1c0
0x00007f0f18704230:   0000000000000000 0000000000000000
0x00007f0f18704240:   0000000000000000 0000000000000000
0x00007f0f18704250:   0000000000000000 0000ffff00001fa0
0x00007f0f18704260:   0000000000000000 ff00000000000000
0x00007f0f18704270:   736c61662c657572 2c302c302c302c65
0x00007f0f18704280:   3334203439383334 6170203120323838
0x00007f0f18704290:   3220226b636f6c64 226c616e6966223d
0x00007f0f187042a0:   72636e692c6f675f 6d6d694465736165
0x00007f0f187042b0:   6e692c6f675f7265 6944657361657263
0x00007f0f187042c0:   6573755f72656d6d 6165726365642c64
0x00007f0f187042d0:   72656d6d69446573 726365642c6f675f
0x00007f0f187042e0:   0000000000000000 0000000000000000
0x00007f0f187042f0:   0000000000000000 0000000000000000
0x00007f0f18704300:   0000000000000000 0000000000000000 

Instructions: (pc=0x00007f0f16742a2b)
0x00007f0f16742a0b:   48 89 fb 4c 89 27 48 8b 06 48 83 ec 08 48 89 c2
0x00007f0f16742a1b:   48 03 56 08 6a 00 48 89 c6 e8 77 5c f6 ff 58 5a
0x00007f0f16742a2b:   48 8b 75 00 48 8b 55 08 48 89 df e8 e5 6a f6 ff
0x00007f0f16742a3b:   48 89 d8 5b 5d 41 5c c3 48 89 c5 48 8b 3b 4c 39 

Register to memory mapping:

RAX=0x0000000000000000 is an unknown value
RBX=0x00007f0f18704190 is pointing into the stack for thread: 0x00007f0f1000a800
RCX=0x00007f0f10000020 is an unknown value
RDX=0xb28ded9ec7bd3900 is an unknown value
RSP=0x00007f0f18704110 is pointing into the stack for thread: 0x00007f0f1000a800
RBP=0x0000000000000000 is an unknown value
RSI=0x00007f0f1013a470 is an unknown value
RDI=0x00007f0f1013a310 is an unknown value
R8 =0x0000000000000000 is an unknown value
R9 =0x0000000000000000 is an unknown value
R10=0x0000000000000000 is an unknown value
R11=0x00007f0f16742a00: _ZStplIcSt11char_traitsIcESaIcEENSt7__cxx1112basic_stringIT_T0_T1_EERKS8_SA_+0 in /usr/lib/x86_64-linux-gnu/libstdc++.so.6 at 0x00007f0f16621000
R12=0x00007f0f187041a0 is pointing into the stack for thread: 0x00007f0f1000a800
R13={method} {0x00007f0ed743bae0} 'AdaptationPlanner_plan__SWIG_2' '(JLAdaptationPlanner;Ljava/lang/String;Ljava/lang/String;)J' in 'APJNI'
R14=0x00007f0f18704938 is pointing into the stack for thread: 0x00007f0f1000a800
R15=0x00007f0f1000a800 is a thread


Stack: [0x00007f0f18605000,0x00007f0f18706000],  sp=0x00007f0f18704110,  free space=1020k
Native frames: (J=compiled Java code, j=interpreted, Vv=VM code, C=native code)
C  [libstdc++.so.6+0x121a2b]  std::__cxx11::basic_string<char, std::char_traits<char>, std::allocator<char> > std::operator+<char, std::char_traits<char>, std::allocator<char> >(std::__cxx11::basic_string<char, std::char_traits<char>, std::allocator<char> > const&, std::__cxx11::basic_string<char, std::char_traits<char>, std::allocator<char> > const&)+0x2b

Java frames: (J=compiled Java code, j=interpreted, Vv=VM code)
j  APJNI.AdaptationPlanner_plan__SWIG_2(JLAdaptationPlanner;Ljava/lang/String;Ljava/lang/String;)J+0
j  AdaptationPlanner.plan(Ljava/lang/String;Ljava/lang/String;)LSWIGTYPE_p_std__vectorT_std__string_t;+11
j  connect.main([Ljava/lang/String;)V+72
v  ~StubRoutines::call_stub

---------------  P R O C E S S  ---------------

Java Threads: ( => current thread )
  0x00007f0f100d7000 JavaThread "Service Thread" daemon [_thread_blocked, id=32492, stack(0x00007f0ed4156000,0x00007f0ed4257000)]
  0x00007f0f100cb800 JavaThread "C1 CompilerThread3" daemon [_thread_blocked, id=32491, stack(0x00007f0ed4257000,0x00007f0ed4358000)]
  0x00007f0f100c9800 JavaThread "C2 CompilerThread2" daemon [_thread_blocked, id=32490, stack(0x00007f0ed4358000,0x00007f0ed4459000)]
  0x00007f0f100c8000 JavaThread "C2 CompilerThread1" daemon [_thread_blocked, id=32489, stack(0x00007f0ed4459000,0x00007f0ed455a000)]
  0x00007f0f100c5000 JavaThread "C2 CompilerThread0" daemon [_thread_blocked, id=32488, stack(0x00007f0ed455a000,0x00007f0ed465b000)]
  0x00007f0f100c3800 JavaThread "Signal Dispatcher" daemon [_thread_blocked, id=32487, stack(0x00007f0ed465b000,0x00007f0ed475c000)]
  0x00007f0f10090800 JavaThread "Finalizer" daemon [_thread_blocked, id=32486, stack(0x00007f0ed511b000,0x00007f0ed521c000)]
  0x00007f0f1008e000 JavaThread "Reference Handler" daemon [_thread_blocked, id=32485, stack(0x00007f0ed521c000,0x00007f0ed531d000)]
=>0x00007f0f1000a800 JavaThread "main" [_thread_in_native, id=32469, stack(0x00007f0f18605000,0x00007f0f18706000)]

Other Threads:
  0x00007f0f10084800 VMThread [stack: 0x00007f0ed531d000,0x00007f0ed541e000] [id=32484]
  0x00007f0f100d9800 WatcherThread [stack: 0x00007f0ed4055000,0x00007f0ed4156000] [id=32493]

VM state:not at safepoint (normal execution)

VM Mutex/Monitor currently owned by a thread: None

heap address: 0x00000006c7400000, size: 3980 MB, Compressed Oops mode: Zero based, Oop shift amount: 3
Narrow klass base: 0x0000000000000000, Narrow klass shift: 3
Compressed class space size: 1073741824 Address: 0x00000007c0000000

Heap:
 PSYoungGen      total 74752K, used 1290K [0x000000076d180000, 0x0000000772480000, 0x00000007c0000000)
  eden space 64512K, 2% used [0x000000076d180000,0x000000076d2c2900,0x0000000771080000)
  from space 10240K, 0% used [0x0000000771a80000,0x0000000771a80000,0x0000000772480000)
  to   space 10240K, 0% used [0x0000000771080000,0x0000000771080000,0x0000000771a80000)
 ParOldGen       total 171008K, used 0K [0x00000006c7400000, 0x00000006d1b00000, 0x000000076d180000)
  object space 171008K, 0% used [0x00000006c7400000,0x00000006c7400000,0x00000006d1b00000)
 Metaspace       used 2560K, capacity 4496K, committed 4864K, reserved 1056768K
  class space    used 270K, capacity 388K, committed 512K, reserved 1048576K

Card table byte_map: [0x00007f0f144eb000,0x00007f0f14cb2000] byte_map_base: 0x00007f0f10eb1000

Marking Bits: (ParMarkBitMap*) 0x00007f0f178d6580
 Begin Bits: [0x00007f0edc3a0000, 0x00007f0ee01d0000)
 End Bits:   [0x00007f0ee01d0000, 0x00007f0ee4000000)

Polling page: 0x00007f0f18729000

CodeCache: size=245760Kb used=1090Kb max_used=1090Kb free=244669Kb
 bounds [0x00007f0f01000000, 0x00007f0f01270000, 0x00007f0f10000000]
 total_blobs=252 nmethods=17 adapters=151
 compilation: enabled

Compilation events (10 events):
Event: 0.036 Thread 0x00007f0f100cb800   13       3       java.lang.AbstractStringBuilder::append (50 bytes)
Event: 0.036 Thread 0x00007f0f100cb800 nmethod 13 0x00007f0f0110d6d0 code [0x00007f0f0110d8a0, 0x00007f0f0110dff8]
Event: 0.036 Thread 0x00007f0f100cb800   14       3       java.lang.String::getChars (62 bytes)
Event: 0.037 Thread 0x00007f0f100cb800 nmethod 14 0x00007f0f0110e310 code [0x00007f0f0110e4c0, 0x00007f0f0110e8f8]
Event: 0.037 Thread 0x00007f0f100cb800   15       3       java.lang.System::getSecurityManager (4 bytes)
Event: 0.037 Thread 0x00007f0f100cb800 nmethod 15 0x00007f0f0110ab50 code [0x00007f0f0110aca0, 0x00007f0f0110adf0]
Event: 0.038 Thread 0x00007f0f100cb800   16       3       sun.nio.cs.UTF_8$Encoder::encode (359 bytes)
Event: 0.039 Thread 0x00007f0f100cb800 nmethod 16 0x00007f0f0110f4d0 code [0x00007f0f0110f6c0, 0x00007f0f011101f8]
Event: 0.039 Thread 0x00007f0f100cb800   17       3       java.lang.StringBuilder::append (8 bytes)
Event: 0.039 Thread 0x00007f0f100cb800 nmethod 17 0x00007f0f01110850 code [0x00007f0f011109c0, 0x00007f0f01110b48]

GC Heap History (0 events):
No events

Deoptimization events (0 events):
No events

Classes redefined (0 events):
No events

Internal exceptions (2 events):
Event: 0.014 Thread 0x00007f0f1000a800 Exception <a 'java/lang/NoSuchMethodError': Method sun.misc.Unsafe.defineClass(Ljava/lang/String;[BII)Ljava/lang/Class; name or signature does not match> (0x000000076d187cb0) thrown at [/build/openjdk-8-lHVHKD/openjdk-8-8u212-b03/src/hotspot/src/share/vm/
Event: 0.014 Thread 0x00007f0f1000a800 Exception <a 'java/lang/NoSuchMethodError': Method sun.misc.Unsafe.prefetchRead(Ljava/lang/Object;J)V name or signature does not match> (0x000000076d187f98) thrown at [/build/openjdk-8-lHVHKD/openjdk-8-8u212-b03/src/hotspot/src/share/vm/prims/jni.cpp, lin

Events (10 events):
Event: 0.037 loading class java/nio/charset/CoderResult$2
Event: 0.037 loading class java/nio/charset/CoderResult$2 done
Event: 0.037 loading class AdaptationPlanner
Event: 0.037 loading class AdaptationPlanner done
Event: 0.037 loading class APJNI
Event: 0.037 loading class APJNI done
Event: 0.038 loading class SWIGTYPE_p_std__string
Event: 0.038 loading class SWIGTYPE_p_std__string done
Event: 0.038 loading class SWIGTYPE_p_std__vectorT_std__string_t
Event: 0.038 loading class SWIGTYPE_p_std__vectorT_std__string_t done


Dynamic libraries:
00400000-00401000 r-xp 00000000 08:03 525465                             /usr/lib/jvm/java-8-openjdk-amd64/jre/bin/java
00600000-00601000 r--p 00000000 08:03 525465                             /usr/lib/jvm/java-8-openjdk-amd64/jre/bin/java
00601000-00602000 rw-p 00001000 08:03 525465                             /usr/lib/jvm/java-8-openjdk-amd64/jre/bin/java
00772000-00793000 rw-p 00000000 00:00 0                                  [heap]
6c7400000-6d1b00000 rw-p 00000000 00:00 0 
6d1b00000-76d180000 ---p 00000000 00:00 0 
76d180000-772480000 rw-p 00000000 00:00 0 
772480000-7c0000000 ---p 00000000 00:00 0 
7c0000000-7c0080000 rw-p 00000000 00:00 0 
7c0080000-800000000 ---p 00000000 00:00 0 
7f0ea0000000-7f0ea0021000 rw-p 00000000 00:00 0 
7f0ea0021000-7f0ea4000000 ---p 00000000 00:00 0 
7f0ea7ddd000-7f0ea7dfe000 r-xp 00000000 08:05 6030287                    /home/frank/swimExtended/swim/examples/prism_fix_path/src/module.so
7f0ea7dfe000-7f0ea7ffe000 ---p 00021000 08:05 6030287                    /home/frank/swimExtended/swim/examples/prism_fix_path/src/module.so
7f0ea7ffe000-7f0ea7fff000 r--p 00021000 08:05 6030287                    /home/frank/swimExtended/swim/examples/prism_fix_path/src/module.so
7f0ea7fff000-7f0ea8000000 rw-p 00022000 08:05 6030287                    /home/frank/swimExtended/swim/examples/prism_fix_path/src/module.so
7f0ea8000000-7f0ea802d000 rw-p 00000000 00:00 0 
7f0ea802d000-7f0eac000000 ---p 00000000 00:00 0 
7f0eac000000-7f0eac021000 rw-p 00000000 00:00 0 
7f0eac021000-7f0eb0000000 ---p 00000000 00:00 0 
7f0eb0000000-7f0eb0021000 rw-p 00000000 00:00 0 
7f0eb0021000-7f0eb4000000 ---p 00000000 00:00 0 
7f0eb4000000-7f0eb4021000 rw-p 00000000 00:00 0 
7f0eb4021000-7f0eb8000000 ---p 00000000 00:00 0 
7f0eb8000000-7f0eb8021000 rw-p 00000000 00:00 0 
7f0eb8021000-7f0ebc000000 ---p 00000000 00:00 0 
7f0ebc000000-7f0ebc04e000 rw-p 00000000 00:00 0 
7f0ebc04e000-7f0ec0000000 ---p 00000000 00:00 0 
7f0ec0000000-7f0ec0021000 rw-p 00000000 00:00 0 
7f0ec0021000-7f0ec4000000 ---p 00000000 00:00 0 
7f0ec4000000-7f0ec4021000 rw-p 00000000 00:00 0 
7f0ec4021000-7f0ec8000000 ---p 00000000 00:00 0 
7f0ec8000000-7f0ec8021000 rw-p 00000000 00:00 0 
7f0ec8021000-7f0ecc000000 ---p 00000000 00:00 0 
7f0ecc000000-7f0ecc021000 rw-p 00000000 00:00 0 
7f0ecc021000-7f0ed0000000 ---p 00000000 00:00 0 
7f0ed0000000-7f0ed0021000 rw-p 00000000 00:00 0 
7f0ed0021000-7f0ed4000000 ---p 00000000 00:00 0 
7f0ed4055000-7f0ed4056000 ---p 00000000 00:00 0 
7f0ed4056000-7f0ed4156000 rw-p 00000000 00:00 0 
7f0ed4156000-7f0ed4159000 ---p 00000000 00:00 0 
7f0ed4159000-7f0ed4257000 rw-p 00000000 00:00 0 
7f0ed4257000-7f0ed425a000 ---p 00000000 00:00 0 
7f0ed425a000-7f0ed4358000 rw-p 00000000 00:00 0 
7f0ed4358000-7f0ed435b000 ---p 00000000 00:00 0 
7f0ed435b000-7f0ed4459000 rw-p 00000000 00:00 0 
7f0ed4459000-7f0ed445c000 ---p 00000000 00:00 0 
7f0ed445c000-7f0ed455a000 rw-p 00000000 00:00 0 
7f0ed455a000-7f0ed455d000 ---p 00000000 00:00 0 
7f0ed455d000-7f0ed465b000 rw-p 00000000 00:00 0 
7f0ed465b000-7f0ed465e000 ---p 00000000 00:00 0 
7f0ed465e000-7f0ed475c000 rw-p 00000000 00:00 0 
7f0ed475c000-7f0ed511b000 r--p 00000000 08:03 400840                     /usr/lib/locale/locale-archive
7f0ed511b000-7f0ed511e000 ---p 00000000 00:00 0 
7f0ed511e000-7f0ed521c000 rw-p 00000000 00:00 0 
7f0ed521c000-7f0ed521f000 ---p 00000000 00:00 0 
7f0ed521f000-7f0ed531d000 rw-p 00000000 00:00 0 
7f0ed531d000-7f0ed531e000 ---p 00000000 00:00 0 
7f0ed531e000-7f0ed747a000 rw-p 00000000 00:00 0 
7f0ed747a000-7f0ed783a000 ---p 00000000 00:00 0 
7f0ed783a000-7f0ed8000000 rw-p 00000000 00:00 0 
7f0ed8000000-7f0ed8021000 rw-p 00000000 00:00 0 
7f0ed8021000-7f0edc000000 ---p 00000000 00:00 0 
7f0edc004000-7f0edc01f000 r--s 001d6000 08:03 395042                     /usr/lib/jvm/java-8-openjdk-amd64/jre/lib/ext/nashorn.jar
7f0edc01f000-7f0edc03a000 r--s 00394000 08:03 395041                     /usr/lib/jvm/java-8-openjdk-amd64/jre/lib/ext/cldrdata.jar
7f0edc03a000-7f0ee4000000 rw-p 00000000 00:00 0 
7f0ee4000000-7f0ee4021000 rw-p 00000000 00:00 0 
7f0ee4021000-7f0ee8000000 ---p 00000000 00:00 0 
7f0ee8000000-7f0ee8021000 rw-p 00000000 00:00 0 
7f0ee8021000-7f0eec000000 ---p 00000000 00:00 0 
7f0eec000000-7f0eec021000 rw-p 00000000 00:00 0 
7f0eec021000-7f0ef0000000 ---p 00000000 00:00 0 
7f0ef0000000-7f0ef0021000 rw-p 00000000 00:00 0 
7f0ef0021000-7f0ef4000000 ---p 00000000 00:00 0 
7f0ef4000000-7f0ef4021000 rw-p 00000000 00:00 0 
7f0ef4021000-7f0ef8000000 ---p 00000000 00:00 0 
7f0ef8000000-7f0ef8021000 rw-p 00000000 00:00 0 
7f0ef8021000-7f0efc000000 ---p 00000000 00:00 0 
7f0efc000000-7f0efc021000 rw-p 00000000 00:00 0 
7f0efc021000-7f0f00000000 ---p 00000000 00:00 0 
7f0f00013000-7f0f002fc000 rw-p 00000000 00:00 0 
7f0f002fc000-7f0f004cb000 r--s 03c3b000 08:03 394713                     /usr/lib/jvm/java-8-openjdk-amd64/jre/lib/rt.jar
7f0f004cb000-7f0f004cc000 ---p 00000000 00:00 0 
7f0f004cc000-7f0f005cc000 rw-p 00000000 00:00 0 
7f0f005cc000-7f0f005cd000 ---p 00000000 00:00 0 
7f0f005cd000-7f0f006cd000 rw-p 00000000 00:00 0 
7f0f006cd000-7f0f006ce000 ---p 00000000 00:00 0 
7f0f006ce000-7f0f007ce000 rw-p 00000000 00:00 0 
7f0f007ce000-7f0f007cf000 ---p 00000000 00:00 0 
7f0f007cf000-7f0f008cf000 rw-p 00000000 00:00 0 
7f0f008cf000-7f0f008d0000 ---p 00000000 00:00 0 
7f0f008d0000-7f0f009d0000 rw-p 00000000 00:00 0 
7f0f009d0000-7f0f009d1000 ---p 00000000 00:00 0 
7f0f009d1000-7f0f00b25000 rw-p 00000000 00:00 0 
7f0f00b25000-7f0f01000000 ---p 00000000 00:00 0 
7f0f01000000-7f0f01270000 rwxp 00000000 00:00 0 
7f0f01270000-7f0f10000000 ---p 00000000 00:00 0 
7f0f10000000-7f0f10158000 rw-p 00000000 00:00 0 
7f0f10158000-7f0f14000000 ---p 00000000 00:00 0 
7f0f14002000-7f0f140e7000 rw-p 00000000 00:00 0 
7f0f140e7000-7f0f140e8000 ---p 00000000 00:00 0 
7f0f140e8000-7f0f141e8000 rw-p 00000000 00:00 0 
7f0f141e8000-7f0f141e9000 ---p 00000000 00:00 0 
7f0f141e9000-7f0f142e9000 rw-p 00000000 00:00 0 
7f0f142e9000-7f0f142ea000 ---p 00000000 00:00 0 
7f0f142ea000-7f0f143ea000 rw-p 00000000 00:00 0 
7f0f143ea000-7f0f143eb000 ---p 00000000 00:00 0 
7f0f143eb000-7f0f1453f000 rw-p 00000000 00:00 0 
7f0f1453f000-7f0f14a19000 ---p 00000000 00:00 0 
7f0f14a19000-7f0f14a44000 rw-p 00000000 00:00 0 
7f0f14a44000-7f0f14cb1000 ---p 00000000 00:00 0 
7f0f14cb1000-7f0f14cbc000 rw-p 00000000 00:00 0 
7f0f14cbc000-7f0f15072000 ---p 00000000 00:00 0 
7f0f15072000-7f0f1507a000 r-xp 00000000 08:03 394712                     /usr/lib/jvm/java-8-openjdk-amd64/jre/lib/amd64/libzip.so
7f0f1507a000-7f0f15279000 ---p 00008000 08:03 394712                     /usr/lib/jvm/java-8-openjdk-amd64/jre/lib/amd64/libzip.so
7f0f15279000-7f0f1527a000 r--p 00007000 08:03 394712                     /usr/lib/jvm/java-8-openjdk-amd64/jre/lib/amd64/libzip.so
7f0f1527a000-7f0f1527b000 rw-p 00008000 08:03 394712                     /usr/lib/jvm/java-8-openjdk-amd64/jre/lib/amd64/libzip.so
7f0f1527b000-7f0f15286000 r-xp 00000000 08:03 789257                     /lib/x86_64-linux-gnu/libnss_files-2.23.so
7f0f15286000-7f0f15485000 ---p 0000b000 08:03 789257                     /lib/x86_64-linux-gnu/libnss_files-2.23.so
7f0f15485000-7f0f15486000 r--p 0000a000 08:03 789257                     /lib/x86_64-linux-gnu/libnss_files-2.23.so
7f0f15486000-7f0f15487000 rw-p 0000b000 08:03 789257                     /lib/x86_64-linux-gnu/libnss_files-2.23.so
7f0f15487000-7f0f1548d000 rw-p 00000000 00:00 0 
7f0f1548d000-7f0f15498000 r-xp 00000000 08:03 789267                     /lib/x86_64-linux-gnu/libnss_nis-2.23.so
7f0f15498000-7f0f15697000 ---p 0000b000 08:03 789267                     /lib/x86_64-linux-gnu/libnss_nis-2.23.so
7f0f15697000-7f0f15698000 r--p 0000a000 08:03 789267                     /lib/x86_64-linux-gnu/libnss_nis-2.23.so
7f0f15698000-7f0f15699000 rw-p 0000b000 08:03 789267                     /lib/x86_64-linux-gnu/libnss_nis-2.23.so
7f0f15699000-7f0f156af000 r-xp 00000000 08:03 789251                     /lib/x86_64-linux-gnu/libnsl-2.23.so
7f0f156af000-7f0f158ae000 ---p 00016000 08:03 789251                     /lib/x86_64-linux-gnu/libnsl-2.23.so
7f0f158ae000-7f0f158af000 r--p 00015000 08:03 789251                     /lib/x86_64-linux-gnu/libnsl-2.23.so
7f0f158af000-7f0f158b0000 rw-p 00016000 08:03 789251                     /lib/x86_64-linux-gnu/libnsl-2.23.so
7f0f158b0000-7f0f158b2000 rw-p 00000000 00:00 0 
7f0f158b2000-7f0f158ba000 r-xp 00000000 08:03 789253                     /lib/x86_64-linux-gnu/libnss_compat-2.23.so
7f0f158ba000-7f0f15ab9000 ---p 00008000 08:03 789253                     /lib/x86_64-linux-gnu/libnss_compat-2.23.so
7f0f15ab9000-7f0f15aba000 r--p 00007000 08:03 789253                     /lib/x86_64-linux-gnu/libnss_compat-2.23.so
7f0f15aba000-7f0f15abb000 rw-p 00008000 08:03 789253                     /lib/x86_64-linux-gnu/libnss_compat-2.23.so
7f0f15abb000-7f0f15ae7000 r-xp 00000000 08:03 394694                     /usr/lib/jvm/java-8-openjdk-amd64/jre/lib/amd64/libjava.so
7f0f15ae7000-7f0f15ce6000 ---p 0002c000 08:03 394694                     /usr/lib/jvm/java-8-openjdk-amd64/jre/lib/amd64/libjava.so
7f0f15ce6000-7f0f15ce7000 r--p 0002b000 08:03 394694                     /usr/lib/jvm/java-8-openjdk-amd64/jre/lib/amd64/libjava.so
7f0f15ce7000-7f0f15ce9000 rw-p 0002c000 08:03 394694                     /usr/lib/jvm/java-8-openjdk-amd64/jre/lib/amd64/libjava.so
7f0f15ce9000-7f0f15cf8000 r-xp 00000000 08:03 394683                     /usr/lib/jvm/java-8-openjdk-amd64/jre/lib/amd64/libverify.so
7f0f15cf8000-7f0f15ef7000 ---p 0000f000 08:03 394683                     /usr/lib/jvm/java-8-openjdk-amd64/jre/lib/amd64/libverify.so
7f0f15ef7000-7f0f15ef9000 r--p 0000e000 08:03 394683                     /usr/lib/jvm/java-8-openjdk-amd64/jre/lib/amd64/libverify.so
7f0f15ef9000-7f0f15efa000 rw-p 00010000 08:03 394683                     /usr/lib/jvm/java-8-openjdk-amd64/jre/lib/amd64/libverify.so
7f0f15efa000-7f0f15f01000 r-xp 00000000 08:03 789312                     /lib/x86_64-linux-gnu/librt-2.23.so
7f0f15f01000-7f0f16100000 ---p 00007000 08:03 789312                     /lib/x86_64-linux-gnu/librt-2.23.so
7f0f16100000-7f0f16101000 r--p 00006000 08:03 789312                     /lib/x86_64-linux-gnu/librt-2.23.so
7f0f16101000-7f0f16102000 rw-p 00007000 08:03 789312                     /lib/x86_64-linux-gnu/librt-2.23.so
7f0f16102000-7f0f16118000 r-xp 00000000 08:03 789196                     /lib/x86_64-linux-gnu/libgcc_s.so.1
7f0f16118000-7f0f16317000 ---p 00016000 08:03 789196                     /lib/x86_64-linux-gnu/libgcc_s.so.1
7f0f16317000-7f0f16318000 rw-p 00015000 08:03 789196                     /lib/x86_64-linux-gnu/libgcc_s.so.1
7f0f16318000-7f0f16420000 r-xp 00000000 08:03 789228                     /lib/x86_64-linux-gnu/libm-2.23.so
7f0f16420000-7f0f1661f000 ---p 00108000 08:03 789228                     /lib/x86_64-linux-gnu/libm-2.23.so
7f0f1661f000-7f0f16620000 r--p 00107000 08:03 789228                     /lib/x86_64-linux-gnu/libm-2.23.so
7f0f16620000-7f0f16621000 rw-p 00108000 08:03 789228                     /lib/x86_64-linux-gnu/libm-2.23.so
7f0f16621000-7f0f16793000 r-xp 00000000 08:03 404352                     /usr/lib/x86_64-linux-gnu/libstdc++.so.6.0.21
7f0f16793000-7f0f16993000 ---p 00172000 08:03 404352                     /usr/lib/x86_64-linux-gnu/libstdc++.so.6.0.21
7f0f16993000-7f0f1699d000 r--p 00172000 08:03 404352                     /usr/lib/x86_64-linux-gnu/libstdc++.so.6.0.21
7f0f1699d000-7f0f1699f000 rw-p 0017c000 08:03 404352                     /usr/lib/x86_64-linux-gnu/libstdc++.so.6.0.21
7f0f1699f000-7f0f169a3000 rw-p 00000000 00:00 0 
7f0f169a3000-7f0f17607000 r-xp 00000000 08:03 394692                     /usr/lib/jvm/java-8-openjdk-amd64/jre/lib/amd64/server/libjvm.so
7f0f17607000-7f0f17806000 ---p 00c64000 08:03 394692                     /usr/lib/jvm/java-8-openjdk-amd64/jre/lib/amd64/server/libjvm.so
7f0f17806000-7f0f1789a000 r--p 00c63000 08:03 394692                     /usr/lib/jvm/java-8-openjdk-amd64/jre/lib/amd64/server/libjvm.so
7f0f1789a000-7f0f178c3000 rw-p 00cf7000 08:03 394692                     /usr/lib/jvm/java-8-openjdk-amd64/jre/lib/amd64/server/libjvm.so
7f0f178c3000-7f0f178f3000 rw-p 00000000 00:00 0 
7f0f178f3000-7f0f1790b000 r-xp 00000000 08:03 789304                     /lib/x86_64-linux-gnu/libpthread-2.23.so
7f0f1790b000-7f0f17b0a000 ---p 00018000 08:03 789304                     /lib/x86_64-linux-gnu/libpthread-2.23.so
7f0f17b0a000-7f0f17b0b000 r--p 00017000 08:03 789304                     /lib/x86_64-linux-gnu/libpthread-2.23.so
7f0f17b0b000-7f0f17b0c000 rw-p 00018000 08:03 789304                     /lib/x86_64-linux-gnu/libpthread-2.23.so
7f0f17b0c000-7f0f17b10000 rw-p 00000000 00:00 0 
7f0f17b10000-7f0f17b13000 r-xp 00000000 08:03 789182                     /lib/x86_64-linux-gnu/libdl-2.23.so
7f0f17b13000-7f0f17d12000 ---p 00003000 08:03 789182                     /lib/x86_64-linux-gnu/libdl-2.23.so
7f0f17d12000-7f0f17d13000 r--p 00002000 08:03 789182                     /lib/x86_64-linux-gnu/libdl-2.23.so
7f0f17d13000-7f0f17d14000 rw-p 00003000 08:03 789182                     /lib/x86_64-linux-gnu/libdl-2.23.so
7f0f17d14000-7f0f17d2d000 r-xp 00000000 08:03 789349                     /lib/x86_64-linux-gnu/libz.so.1.2.8
7f0f17d2d000-7f0f17f2c000 ---p 00019000 08:03 789349                     /lib/x86_64-linux-gnu/libz.so.1.2.8
7f0f17f2c000-7f0f17f2d000 r--p 00018000 08:03 789349                     /lib/x86_64-linux-gnu/libz.so.1.2.8
7f0f17f2d000-7f0f17f2e000 rw-p 00019000 08:03 789349                     /lib/x86_64-linux-gnu/libz.so.1.2.8
7f0f17f2e000-7f0f180ee000 r-xp 00000000 08:03 789158                     /lib/x86_64-linux-gnu/libc-2.23.so
7f0f180ee000-7f0f182ee000 ---p 001c0000 08:03 789158                     /lib/x86_64-linux-gnu/libc-2.23.so
7f0f182ee000-7f0f182f2000 r--p 001c0000 08:03 789158                     /lib/x86_64-linux-gnu/libc-2.23.so
7f0f182f2000-7f0f182f4000 rw-p 001c4000 08:03 789158                     /lib/x86_64-linux-gnu/libc-2.23.so
7f0f182f4000-7f0f182f8000 rw-p 00000000 00:00 0 
7f0f182f8000-7f0f18305000 r-xp 00000000 08:03 394711                     /usr/lib/jvm/java-8-openjdk-amd64/jre/lib/amd64/jli/libjli.so
7f0f18305000-7f0f18504000 ---p 0000d000 08:03 394711                     /usr/lib/jvm/java-8-openjdk-amd64/jre/lib/amd64/jli/libjli.so
7f0f18504000-7f0f18505000 r--p 0000c000 08:03 394711                     /usr/lib/jvm/java-8-openjdk-amd64/jre/lib/amd64/jli/libjli.so
7f0f18505000-7f0f18506000 rw-p 0000d000 08:03 394711                     /usr/lib/jvm/java-8-openjdk-amd64/jre/lib/amd64/jli/libjli.so
7f0f18506000-7f0f1852c000 r-xp 00000000 08:03 789130                     /lib/x86_64-linux-gnu/ld-2.23.so
7f0f1852f000-7f0f18534000 r--s 0003c000 08:03 395045                     /usr/lib/jvm/java-8-openjdk-amd64/jre/lib/ext/sunjce_provider.jar
7f0f18534000-7f0f18605000 rw-p 00000000 00:00 0 
7f0f18605000-7f0f18608000 ---p 00000000 00:00 0 
7f0f18608000-7f0f1870a000 rw-p 00000000 00:00 0 
7f0f1870a000-7f0f18714000 r--s 00116000 08:03 395048                     /usr/lib/jvm/java-8-openjdk-amd64/jre/lib/ext/localedata.jar
7f0f18714000-7f0f18715000 r--s 0000a000 08:03 395046                     /usr/lib/jvm/java-8-openjdk-amd64/jre/lib/ext/jaccess.jar
7f0f18715000-7f0f18717000 r--s 00008000 08:03 395044                     /usr/lib/jvm/java-8-openjdk-amd64/jre/lib/ext/sunec.jar
7f0f18717000-7f0f18718000 r--s 00010000 08:03 395043                     /usr/lib/jvm/java-8-openjdk-amd64/jre/lib/ext/zipfs.jar
7f0f18718000-7f0f1871a000 r--s 00001000 08:03 395047                     /usr/lib/jvm/java-8-openjdk-amd64/jre/lib/ext/dnsns.jar
7f0f1871a000-7f0f1871d000 r--s 00039000 08:03 395049                     /usr/lib/jvm/java-8-openjdk-amd64/jre/lib/ext/sunpkcs11.jar
7f0f1871d000-7f0f18720000 r--s 0000f000 08:03 395040                     /usr/lib/jvm/java-8-openjdk-amd64/jre/lib/ext/icedtea-sound.jar
7f0f18720000-7f0f18728000 rw-s 00000000 08:03 1213932                    /tmp/hsperfdata_frank/32467
7f0f18728000-7f0f18729000 rw-p 00000000 00:00 0 
7f0f18729000-7f0f1872a000 r--p 00000000 00:00 0 
7f0f1872a000-7f0f1872b000 rw-p 00000000 00:00 0 
7f0f1872b000-7f0f1872c000 r--p 00025000 08:03 789130                     /lib/x86_64-linux-gnu/ld-2.23.so
7f0f1872c000-7f0f1872d000 rw-p 00026000 08:03 789130                     /lib/x86_64-linux-gnu/ld-2.23.so
7f0f1872d000-7f0f1872e000 rw-p 00000000 00:00 0 
7ffd39211000-7ffd39232000 rw-p 00000000 00:00 0                          [stack]
7ffd392c3000-7ffd392c6000 r--p 00000000 00:00 0                          [vvar]
7ffd392c6000-7ffd392c8000 r-xp 00000000 00:00 0                          [vdso]
ffffffffff600000-ffffffffff601000 r-xp 00000000 00:00 0                  [vsyscall]

VM Arguments:
jvm_args: -Dfile.encoding=UTF-8 
java_command: connect
java_class_path (initial): /home/frank/swimExtended/swim/examples/prism_fix_path/bin
Launcher Type: SUN_STANDARD

Environment Variables:
PATH=/home/frank/bin:/home/frank/.local/bin:/usr/local/sbin:/usr/local/bin:/usr/sbin:/usr/bin:/sbin:/bin:/usr/games:/usr/local/games:/snap/bin
SHELL=/bin/bash
DISPLAY=:0

Signal Handlers:
SIGSEGV: [libjvm.so+0xa765a0], sa_mask[0]=11111111011111111101111111111110, sa_flags=SA_RESTART|SA_SIGINFO
SIGBUS: [libjvm.so+0xa765a0], sa_mask[0]=11111111011111111101111111111110, sa_flags=SA_RESTART|SA_SIGINFO
SIGFPE: [libjvm.so+0x8bd800], sa_mask[0]=11111111011111111101111111111110, sa_flags=SA_RESTART|SA_SIGINFO
SIGPIPE: [libjvm.so+0x8bd800], sa_mask[0]=11111111011111111101111111111110, sa_flags=SA_RESTART|SA_SIGINFO
SIGXFSZ: [libjvm.so+0x8bd800], sa_mask[0]=11111111011111111101111111111110, sa_flags=SA_RESTART|SA_SIGINFO
SIGILL: [libjvm.so+0x8bd800], sa_mask[0]=11111111011111111101111111111110, sa_flags=SA_RESTART|SA_SIGINFO
SIGUSR1: SIG_DFL, sa_mask[0]=00000000000000000000000000000000, sa_flags=none
SIGUSR2: [libjvm.so+0x8bd6b0], sa_mask[0]=00100000000000000000000000000000, sa_flags=SA_RESTART|SA_SIGINFO
SIGHUP: [libjvm.so+0x8bdd40], sa_mask[0]=11111111011111111101111111111110, sa_flags=SA_RESTART|SA_SIGINFO
SIGINT: [libjvm.so+0x8bdd40], sa_mask[0]=11111111011111111101111111111110, sa_flags=SA_RESTART|SA_SIGINFO
SIGTERM: [libjvm.so+0x8bdd40], sa_mask[0]=11111111011111111101111111111110, sa_flags=SA_RESTART|SA_SIGINFO
SIGQUIT: [libjvm.so+0x8bdd40], sa_mask[0]=11111111011111111101111111111110, sa_flags=SA_RESTART|SA_SIGINFO


---------------  S Y S T E M  ---------------

OS:DISTRIB_ID=Ubuntu
DISTRIB_RELEASE=16.04
DISTRIB_CODENAME=xenial
DISTRIB_DESCRIPTION="Ubuntu 16.04.6 LTS"

uname:Linux 4.15.0-47-generic #50~16.04.1-Ubuntu SMP Fri Mar 15 16:06:21 UTC 2019 x86_64
libc:glibc 2.23 NPTL 2.23 
rlimit: STACK 8192k, CORE 0k, NPROC 63237, NOFILE 1048576, AS infinity
load average:0.69 1.09 1.06

/proc/meminfo:
MemTotal:       16294960 kB
MemFree:         3227480 kB
MemAvailable:    7355268 kB
Buffers:          370500 kB
Cached:          5026704 kB
SwapCached:            0 kB
Active:          8592976 kB
Inactive:        3733724 kB
Active(anon):    6803168 kB
Inactive(anon):  1373164 kB
Active(file):    1789808 kB
Inactive(file):  2360560 kB
Unevictable:         128 kB
Mlocked:             128 kB
SwapTotal:      20981756 kB
SwapFree:       20981756 kB
Dirty:               296 kB
Writeback:             0 kB
AnonPages:       6929648 kB
Mapped:          1419476 kB
Shmem:           1394288 kB
Slab:             412584 kB
SReclaimable:     318608 kB
SUnreclaim:        93976 kB
KernelStack:       24400 kB
PageTables:       115356 kB
NFS_Unstable:          0 kB
Bounce:                0 kB
WritebackTmp:          0 kB
CommitLimit:    29129236 kB
Committed_AS:   22981252 kB
VmallocTotal:   34359738367 kB
VmallocUsed:           0 kB
VmallocChunk:          0 kB
HardwareCorrupted:     0 kB
AnonHugePages:         0 kB
ShmemHugePages:        0 kB
ShmemPmdMapped:        0 kB
CmaTotal:              0 kB
CmaFree:               0 kB
HugePages_Total:       0
HugePages_Free:        0
HugePages_Rsvd:        0
HugePages_Surp:        0
Hugepagesize:       2048 kB
DirectMap4k:      462524 kB
DirectMap2M:    15136768 kB
DirectMap1G:     1048576 kB

container (cgroup) information:
container_type: cgroupv1
cpu_cpuset_cpus: 0-11
cpu_memory_nodes: 0
active_processor_count: 12
cpu_quota: -1
cpu_period: 100000
cpu_shares: -1
memory_limit_in_bytes: -1
memory_and_swap_limit_in_bytes: -2
memory_soft_limit_in_bytes: -1
memory_usage_in_bytes: 12622848000
memory_max_usage_in_bytes: 0


CPU:total 12 (initial active 12) (6 cores per cpu, 2 threads per core) family 6 model 158 stepping 10, cmov, cx8, fxsr, mmx, sse, sse2, sse3, ssse3, sse4.1, sse4.2, popcnt, avx, avx2, aes, clmul, erms, 3dnowpref, lzcnt, ht, tsc, tscinvbit, bmi1, bmi2, adx

/proc/cpuinfo:
processor	: 0
vendor_id	: GenuineIntel
cpu family	: 6
model		: 158
model name	: Intel(R) Core(TM) i7-8750H CPU @ 2.20GHz
stepping	: 10
microcode	: 0x96
cpu MHz		: 4000.140
cache size	: 9216 KB
physical id	: 0
siblings	: 12
core id		: 0
cpu cores	: 6
apicid		: 0
initial apicid	: 0
fpu		: yes
fpu_exception	: yes
cpuid level	: 22
wp		: yes
flags		: fpu vme de pse tsc msr pae mce cx8 apic sep mtrr pge mca cmov pat pse36 clflush dts acpi mmx fxsr sse sse2 ss ht tm pbe syscall nx pdpe1gb rdtscp lm constant_tsc art arch_perfmon pebs bts rep_good nopl xtopology nonstop_tsc cpuid aperfmperf tsc_known_freq pni pclmulqdq dtes64 monitor ds_cpl vmx est tm2 ssse3 sdbg fma cx16 xtpr pdcm pcid sse4_1 sse4_2 x2apic movbe popcnt tsc_deadline_timer aes xsave avx f16c rdrand lahf_lm abm 3dnowprefetch cpuid_fault epb invpcid_single pti ssbd ibrs ibpb stibp tpr_shadow vnmi flexpriority ept vpid fsgsbase tsc_adjust bmi1 avx2 smep bmi2 erms invpcid mpx rdseed adx smap clflushopt intel_pt xsaveopt xsavec xgetbv1 xsaves dtherm ida arat pln pts hwp hwp_notify hwp_act_window hwp_epp flush_l1d
bugs		: cpu_meltdown spectre_v1 spectre_v2 spec_store_bypass l1tf
bogomips	: 4416.00
clflush size	: 64
cache_alignment	: 64
address sizes	: 39 bits physical, 48 bits virtual
power management:

processor	: 1
vendor_id	: GenuineIntel
cpu family	: 6
model		: 158
model name	: Intel(R) Core(TM) i7-8750H CPU @ 2.20GHz
stepping	: 10
microcode	: 0x96
cpu MHz		: 4000.541
cache size	: 9216 KB
physical id	: 0
siblings	: 12
core id		: 1
cpu cores	: 6
apicid		: 2
initial apicid	: 2
fpu		: yes
fpu_exception	: yes
cpuid level	: 22
wp		: yes
flags		: fpu vme de pse tsc msr pae mce cx8 apic sep mtrr pge mca cmov pat pse36 clflush dts acpi mmx fxsr sse sse2 ss ht tm pbe syscall nx pdpe1gb rdtscp lm constant_tsc art arch_perfmon pebs bts rep_good nopl xtopology nonstop_tsc cpuid aperfmperf tsc_known_freq pni pclmulqdq dtes64 monitor ds_cpl vmx est tm2 ssse3 sdbg fma cx16 xtpr pdcm pcid sse4_1 sse4_2 x2apic movbe popcnt tsc_deadline_timer aes xsave avx f16c rdrand lahf_lm abm 3dnowprefetch cpuid_fault epb invpcid_single pti ibrs ibpb stibp tpr_shadow vnmi flexpriority ept vpid fsgsbase tsc_adjust bmi1 avx2 smep bmi2 erms invpcid mpx rdseed adx smap clflushopt intel_pt xsaveopt xsavec xgetbv1 xsaves dtherm ida arat pln pts hwp hwp_notify hwp_act_window hwp_epp
bugs		: cpu_meltdown spectre_v1 spectre_v2 spec_store_bypass l1tf
bogomips	: 4416.00
clflush size	: 64
cache_alignment	: 64
address sizes	: 39 bits physical, 48 bits virtual
power management:

processor	: 2
vendor_id	: GenuineIntel
cpu family	: 6
model		: 158
model name	: Intel(R) Core(TM) i7-8750H CPU @ 2.20GHz
stepping	: 10
microcode	: 0x96
cpu MHz		: 4000.094
cache size	: 9216 KB
physical id	: 0
siblings	: 12
core id		: 2
cpu cores	: 6
apicid		: 4
initial apicid	: 4
fpu		: yes
fpu_exception	: yes
cpuid level	: 22
wp		: yes
flags		: fpu vme de pse tsc msr pae mce cx8 apic sep mtrr pge mca cmov pat pse36 clflush dts acpi mmx fxsr sse sse2 ss ht tm pbe syscall nx pdpe1gb rdtscp lm constant_tsc art arch_perfmon pebs bts rep_good nopl xtopology nonstop_tsc cpuid aperfmperf tsc_known_freq pni pclmulqdq dtes64 monitor ds_cpl vmx est tm2 ssse3 sdbg fma cx16 xtpr pdcm pcid sse4_1 sse4_2 x2apic movbe popcnt tsc_deadline_timer aes xsave avx f16c rdrand lahf_lm abm 3dnowprefetch cpuid_fault epb invpcid_single pti ibrs ibpb stibp tpr_shadow vnmi flexpriority ept vpid fsgsbase tsc_adjust bmi1 avx2 smep bmi2 erms invpcid mpx rdseed adx smap clflushopt intel_pt xsaveopt xsavec xgetbv1 xsaves dtherm ida arat pln pts hwp hwp_notify hwp_act_window hwp_epp
bugs		: cpu_meltdown spectre_v1 spectre_v2 spec_store_bypass l1tf
bogomips	: 4416.00
clflush size	: 64
cache_alignment	: 64
address sizes	: 39 bits physical, 48 bits virtual
power management:

processor	: 3
vendor_id	: GenuineIntel
cpu family	: 6
model		: 158
model name	: Intel(R) Core(TM) i7-8750H CPU @ 2.20GHz
stepping	: 10
microcode	: 0x96
cpu MHz		: 4000.938
cache size	: 9216 KB
physical id	: 0
siblings	: 12
core id		: 3
cpu cores	: 6
apicid		: 6
initial apicid	: 6
fpu		: yes
fpu_exception	: yes
cpuid level	: 22
wp		: yes
flags		: fpu vme de pse tsc msr pae mce cx8 apic sep mtrr pge mca cmov pat pse36 clflush dts acpi mmx fxsr sse sse2 ss ht tm pbe syscall nx pdpe1gb rdtscp lm constant_tsc art arch_perfmon pebs bts rep_good nopl xtopology nonstop_tsc cpuid aperfmperf tsc_known_freq pni pclmulqdq dtes64 monitor ds_cpl vmx est tm2 ssse3 sdbg fma cx16 xtpr pdcm pcid sse4_1 sse4_2 x2apic movbe popcnt tsc_deadline_timer aes xsave avx f16c rdrand lahf_lm abm 3dnowprefetch cpuid_fault epb invpcid_single pti ibrs ibpb stibp tpr_shadow vnmi flexpriority ept vpid fsgsbase tsc_adjust bmi1 avx2 smep bmi2 erms invpcid mpx rdseed adx smap clflushopt intel_pt xsaveopt xsavec xgetbv1 xsaves dtherm ida arat pln pts hwp hwp_notify hwp_act_window hwp_epp
bugs		: cpu_meltdown spectre_v1 spectre_v2 spec_store_bypass l1tf
bogomips	: 4416.00
clflush size	: 64
cache_alignment	: 64
address sizes	: 39 bits physical, 48 bits virtual
power management:

processor	: 4
vendor_id	: GenuineIntel
cpu family	: 6
model		: 158
model name	: Intel(R) Core(TM) i7-8750H CPU @ 2.20GHz
stepping	: 10
microcode	: 0x96
cpu MHz		: 4000.054
cache size	: 9216 KB
physical id	: 0
siblings	: 12
core id		: 4
cpu cores	: 6
apicid		: 8
initial apicid	: 8
fpu		: yes
fpu_exception	: yes
cpuid level	: 22
wp		: yes
flags		: fpu vme de pse tsc msr pae mce cx8 apic sep mtrr pge mca cmov pat pse36 clflush dts acpi mmx fxsr sse sse2 ss ht tm pbe syscall nx pdpe1gb rdtscp lm constant_tsc art arch_perfmon pebs bts rep_good nopl xtopology nonstop_tsc cpuid aperfmperf tsc_known_freq pni pclmulqdq dtes64 monitor ds_cpl vmx est tm2 ssse3 sdbg fma cx16 xtpr pdcm pcid sse4_1 sse4_2 x2apic movbe popcnt tsc_deadline_timer aes xsave avx f16c rdrand lahf_lm abm 3dnowprefetch cpuid_fault epb invpcid_single pti ibrs ibpb stibp tpr_shadow vnmi flexpriority ept vpid fsgsbase tsc_adjust bmi1 avx2 smep bmi2 erms invpcid mpx rdseed adx smap clflushopt intel_pt xsaveopt xsavec xgetbv1 xsaves dtherm ida arat pln pts hwp hwp_notify hwp_act_window hwp_epp
bugs		: cpu_meltdown spectre_v1 spectre_v2 spec_store_bypass l1tf
bogomips	: 4416.00
clflush size	: 64
cache_alignment	: 64
address sizes	: 39 bits physical, 48 bits virtual
power management:

processor	: 5
vendor_id	: GenuineIntel
cpu family	: 6
model		: 158
model name	: Intel(R) Core(TM) i7-8750H CPU @ 2.20GHz
stepping	: 10
microcode	: 0x96
cpu MHz		: 4001.271
cache size	: 9216 KB
physical id	: 0
siblings	: 12
core id		: 5
cpu cores	: 6
apicid		: 10
initial apicid	: 10
fpu		: yes
fpu_exception	: yes
cpuid level	: 22
wp		: yes
flags		: fpu vme de pse tsc msr pae mce cx8 apic sep mtrr pge mca cmov pat pse36 clflush dts acpi mmx fxsr sse sse2 ss ht tm pbe syscall nx pdpe1gb rdtscp lm constant_tsc art arch_perfmon pebs bts rep_good nopl xtopology nonstop_tsc cpuid aperfmperf tsc_known_freq pni pclmulqdq dtes64 monitor ds_cpl vmx est tm2 ssse3 sdbg fma cx16 xtpr pdcm pcid sse4_1 sse4_2 x2apic movbe popcnt tsc_deadline_timer aes xsave avx f16c rdrand lahf_lm abm 3dnowprefetch cpuid_fault epb invpcid_single pti ibrs ibpb stibp tpr_shadow vnmi flexpriority ept vpid fsgsbase tsc_adjust bmi1 avx2 smep bmi2 erms invpcid mpx rdseed adx smap clflushopt intel_pt xsaveopt xsavec xgetbv1 xsaves dtherm ida arat pln pts hwp hwp_notify hwp_act_window hwp_epp
bugs		: cpu_meltdown spectre_v1 spectre_v2 spec_store_bypass l1tf
bogomips	: 4416.00
clflush size	: 64
cache_alignment	: 64
address sizes	: 39 bits physical, 48 bits virtual
power management:

processor	: 6
vendor_id	: GenuineIntel
cpu family	: 6
model		: 158
model name	: Intel(R) Core(TM) i7-8750H CPU @ 2.20GHz
stepping	: 10
microcode	: 0x96
cpu MHz		: 4000.056
cache size	: 9216 KB
physical id	: 0
siblings	: 12
core id		: 0
cpu cores	: 6
apicid		: 1
initial apicid	: 1
fpu		: yes
fpu_exception	: yes
cpuid level	: 22
wp		: yes
flags		: fpu vme de pse tsc msr pae mce cx8 apic sep mtrr pge mca cmov pat pse36 clflush dts acpi mmx fxsr sse sse2 ss ht tm pbe syscall nx pdpe1gb rdtscp lm constant_tsc art arch_perfmon pebs bts rep_good nopl xtopology nonstop_tsc cpuid aperfmperf tsc_known_freq pni pclmulqdq dtes64 monitor ds_cpl vmx est tm2 ssse3 sdbg fma cx16 xtpr pdcm pcid sse4_1 sse4_2 x2apic movbe popcnt tsc_deadline_timer aes xsave avx f16c rdrand lahf_lm abm 3dnowprefetch cpuid_fault epb invpcid_single pti ssbd ibrs ibpb stibp tpr_shadow vnmi flexpriority ept vpid fsgsbase tsc_adjust bmi1 avx2 smep bmi2 erms invpcid mpx rdseed adx smap clflushopt intel_pt xsaveopt xsavec xgetbv1 xsaves dtherm ida arat pln pts hwp hwp_notify hwp_act_window hwp_epp flush_l1d
bugs		: cpu_meltdown spectre_v1 spectre_v2 spec_store_bypass l1tf
bogomips	: 4416.00
clflush size	: 64
cache_alignment	: 64
address sizes	: 39 bits physical, 48 bits virtual
power management:

processor	: 7
vendor_id	: GenuineIntel
cpu family	: 6
model		: 158
model name	: Intel(R) Core(TM) i7-8750H CPU @ 2.20GHz
stepping	: 10
microcode	: 0x96
cpu MHz		: 4000.042
cache size	: 9216 KB
physical id	: 0
siblings	: 12
core id		: 1
cpu cores	: 6
apicid		: 3
initial apicid	: 3
fpu		: yes
fpu_exception	: yes
cpuid level	: 22
wp		: yes
flags		: fpu vme de pse tsc msr pae mce cx8 apic sep mtrr pge mca cmov pat pse36 clflush dts acpi mmx fxsr sse sse2 ss ht tm pbe syscall nx pdpe1gb rdtscp lm constant_tsc art arch_perfmon pebs bts rep_good nopl xtopology nonstop_tsc cpuid aperfmperf tsc_known_freq pni pclmulqdq dtes64 monitor ds_cpl vmx est tm2 ssse3 sdbg fma cx16 xtpr pdcm pcid sse4_1 sse4_2 x2apic movbe popcnt tsc_deadline_timer aes xsave avx f16c rdrand lahf_lm abm 3dnowprefetch cpuid_fault epb invpcid_single pti ssbd ibrs ibpb stibp tpr_shadow vnmi flexpriority ept vpid fsgsbase tsc_adjust bmi1 avx2 smep bmi2 erms invpcid mpx rdseed adx smap clflushopt intel_pt xsaveopt xsavec xgetbv1 xsaves dtherm ida arat pln pts hwp hwp_notify hwp_act_window hwp_epp flush_l1d
bugs		: cpu_meltdown spectre_v1 spectre_v2 spec_store_bypass l1tf
bogomips	: 4416.00
clflush size	: 64
cache_alignment	: 64
address sizes	: 39 bits physical, 48 bits virtual
power management:

processor	: 8
vendor_id	: GenuineIntel
cpu family	: 6
model		: 158
model name	: Intel(R) Core(TM) i7-8750H CPU @ 2.20GHz
stepping	: 10
microcode	: 0x96
cpu MHz		: 4000.310
cache size	: 9216 KB
physical id	: 0
siblings	: 12
core id		: 2
cpu cores	: 6
apicid		: 5
initial apicid	: 5
fpu		: yes
fpu_exception	: yes
cpuid level	: 22
wp		: yes
flags		: fpu vme de pse tsc msr pae mce cx8 apic sep mtrr pge mca cmov pat pse36 clflush dts acpi mmx fxsr sse sse2 ss ht tm pbe syscall nx pdpe1gb rdtscp lm constant_tsc art arch_perfmon pebs bts rep_good nopl xtopology nonstop_tsc cpuid aperfmperf tsc_known_freq pni pclmulqdq dtes64 monitor ds_cpl vmx est tm2 ssse3 sdbg fma cx16 xtpr pdcm pcid sse4_1 sse4_2 x2apic movbe popcnt tsc_deadline_timer aes xsave avx f16c rdrand lahf_lm abm 3dnowprefetch cpuid_fault epb invpcid_single pti ssbd ibrs ibpb stibp tpr_shadow vnmi flexpriority ept vpid fsgsbase tsc_adjust bmi1 avx2 smep bmi2 erms invpcid mpx rdseed adx smap clflushopt intel_pt xsaveopt xsavec xgetbv1 xsaves dtherm ida arat pln pts hwp hwp_notify hwp_act_window hwp_epp flush_l1d
bugs		: cpu_meltdown spectre_v1 spectre_v2 spec_store_bypass l1tf
bogomips	: 4416.00
clflush size	: 64
cache_alignment	: 64
address sizes	: 39 bits physical, 48 bits virtual
power management:

processor	: 9
vendor_id	: GenuineIntel
cpu family	: 6
model		: 158
model name	: Intel(R) Core(TM) i7-8750H CPU @ 2.20GHz
stepping	: 10
microcode	: 0x96
cpu MHz		: 4000.720
cache size	: 9216 KB
physical id	: 0
siblings	: 12
core id		: 3
cpu cores	: 6
apicid		: 7
initial apicid	: 7
fpu		: yes
fpu_exception	: yes
cpuid level	: 22
wp		: yes
flags		: fpu vme de pse tsc msr pae mce cx8 apic sep mtrr pge mca cmov pat pse36 clflush dts acpi mmx fxsr sse sse2 ss ht tm pbe syscall nx pdpe1gb rdtscp lm constant_tsc art arch_perfmon pebs bts rep_good nopl xtopology nonstop_tsc cpuid aperfmperf tsc_known_freq pni pclmulqdq dtes64 monitor ds_cpl vmx est tm2 ssse3 sdbg fma cx16 xtpr pdcm pcid sse4_1 sse4_2 x2apic movbe popcnt tsc_deadline_timer aes xsave avx f16c rdrand lahf_lm abm 3dnowprefetch cpuid_fault epb invpcid_single pti ssbd ibrs ibpb stibp tpr_shadow vnmi flexpriority ept vpid fsgsbase tsc_adjust bmi1 avx2 smep bmi2 erms invpcid mpx rdseed adx smap clflushopt intel_pt xsaveopt xsavec xgetbv1 xsaves dtherm ida arat pln pts hwp hwp_notify hwp_act_window hwp_epp flush_l1d
bugs		: cpu_meltdown spectre_v1 spectre_v2 spec_store_bypass l1tf
bogomips	: 4416.00
clflush size	: 64
cache_alignment	: 64
address sizes	: 39 bits physical, 48 bits virtual
power management:

processor	: 10
vendor_id	: GenuineIntel
cpu family	: 6
model		: 158
model name	: Intel(R) Core(TM) i7-8750H CPU @ 2.20GHz
stepping	: 10
microcode	: 0x96
cpu MHz		: 4009.407
cache size	: 9216 KB
physical id	: 0
siblings	: 12
core id		: 4
cpu cores	: 6
apicid		: 9
initial apicid	: 9
fpu		: yes
fpu_exception	: yes
cpuid level	: 22
wp		: yes
flags		: fpu vme de pse tsc msr pae mce cx8 apic sep mtrr pge mca cmov pat pse36 clflush dts acpi mmx fxsr sse sse2 ss ht tm pbe syscall nx pdpe1gb rdtscp lm constant_tsc art arch_perfmon pebs bts rep_good nopl xtopology nonstop_tsc cpuid aperfmperf tsc_known_freq pni pclmulqdq dtes64 monitor ds_cpl vmx est tm2 ssse3 sdbg fma cx16 xtpr pdcm pcid sse4_1 sse4_2 x2apic movbe popcnt tsc_deadline_timer aes xsave avx f16c rdrand lahf_lm abm 3dnowprefetch cpuid_fault epb invpcid_single pti ssbd ibrs ibpb stibp tpr_shadow vnmi flexpriority ept vpid fsgsbase tsc_adjust bmi1 avx2 smep bmi2 erms invpcid mpx rdseed adx smap clflushopt intel_pt xsaveopt xsavec xgetbv1 xsaves dtherm ida arat pln pts hwp hwp_notify hwp_act_window hwp_epp flush_l1d
bugs		: cpu_meltdown spectre_v1 spectre_v2 spec_store_bypass l1tf
bogomips	: 4416.00
clflush size	: 64
cache_alignment	: 64
address sizes	: 39 bits physical, 48 bits virtual
power management:

processor	: 11
vendor_id	: GenuineIntel
cpu family	: 6
model		: 158
model name	: Intel(R) Core(TM) i7-8750H CPU @ 2.20GHz
stepping	: 10
microcode	: 0x96
cpu MHz		: 4000.927
cache size	: 9216 KB
physical id	: 0
siblings	: 12
core id		: 5
cpu cores	: 6
apicid		: 11
initial apicid	: 11
fpu		: yes
fpu_exception	: yes
cpuid level	: 22
wp		: yes
flags		: fpu vme de pse tsc msr pae mce cx8 apic sep mtrr pge mca cmov pat pse36 clflush dts acpi mmx fxsr sse sse2 ss ht tm pbe syscall nx pdpe1gb rdtscp lm constant_tsc art arch_perfmon pebs bts rep_good nopl xtopology nonstop_tsc cpuid aperfmperf tsc_known_freq pni pclmulqdq dtes64 monitor ds_cpl vmx est tm2 ssse3 sdbg fma cx16 xtpr pdcm pcid sse4_1 sse4_2 x2apic movbe popcnt tsc_deadline_timer aes xsave avx f16c rdrand lahf_lm abm 3dnowprefetch cpuid_fault epb invpcid_single pti ssbd ibrs ibpb stibp tpr_shadow vnmi flexpriority ept vpid fsgsbase tsc_adjust bmi1 avx2 smep bmi2 erms invpcid mpx rdseed adx smap clflushopt intel_pt xsaveopt xsavec xgetbv1 xsaves dtherm ida arat pln pts hwp hwp_notify hwp_act_window hwp_epp flush_l1d
bugs		: cpu_meltdown spectre_v1 spectre_v2 spec_store_bypass l1tf
bogomips	: 4416.00
clflush size	: 64
cache_alignment	: 64
address sizes	: 39 bits physical, 48 bits virtual
power management:



Memory: 4k page, physical 16294960k(3227480k free), swap 20981756k(20981756k free)

vm_info: OpenJDK 64-Bit Server VM (25.212-b03) for linux-amd64 JRE (1.8.0_212-8u212-b03-0ubuntu1.16.04.1-b03), built on Apr 26 2019 02:02:50 by "buildd" with gcc 5.4.0 20160609

time: Sat May 25 14:59:58 2019
timezone: EDT
elapsed time: 1 seconds (0d 0h 0m 1s)

