#
# A fatal error has been detected by the Java Runtime Environment:
#
#  SIGSEGV (0xb) at pc=0x00007f837a9439bb, pid=26332, tid=0x00007f837c906700
#
# JRE version: OpenJDK Runtime Environment (8.0_212-b03) (build 1.8.0_212-8u212-b03-0ubuntu1.16.04.1-b03)
# Java VM: OpenJDK 64-Bit Server VM (25.212-b03 mixed mode linux-amd64 compressed oops)
# Problematic frame:
# C  [libstdc++.so.6+0x1219bb]  std::__cxx11::basic_string<char, std::char_traits<char>, std::allocator<char> >::basic_string(std::__cxx11::basic_string<char, std::char_traits<char>, std::allocator<char> > const&)+0xb
#
# Failed to write core dump. Core dumps have been disabled. To enable core dumping, try "ulimit -c unlimited" before starting Java again
#
# If you would like to submit a bug report, please visit:
#   http://bugreport.java.com/bugreport/crash.jsp
# The crash happened outside the Java Virtual Machine in native code.
# See problematic frame for where to report the bug.
#

---------------  T H R E A D  ---------------

Current thread (0x00007f837400a800):  JavaThread "main" [_thread_in_native, id=26338, stack(0x00007f837c806000,0x00007f837c907000)]

siginfo: si_signo: 11 (SIGSEGV), si_code: 1 (SEGV_MAPERR), si_addr: 0x0000000000000000

Registers:
RAX=0x00007f837c905650, RBX=0x00007f833b43bae0, RCX=0x0000000000000008, RDX=0x0000000000000000
RSP=0x00007f837c905568, RBP=0x00007f837c905750, RSI=0x0000000000000000, RDI=0x00007f837c905640
R8 =0x00007f837c906700, R9 =0x0000000000000008, R10=0x000000000000025b, R11=0x00007f837c184800
R12=0x0000000000000000, R13=0x00007f833b43bae0, R14=0x00007f837c905938, R15=0x00007f837400a800
RIP=0x00007f837a9439bb, EFLAGS=0x0000000000010202, CSGSFS=0x002b000000000033, ERR=0x0000000000000004
  TRAPNO=0x000000000000000e

Top of Stack: (sp=0x00007f837c905568)
0x00007f837c905568:   00007f83741417a0 0000000000000010
0x00007f837c905578:   00007f83380490b7 0000000100000002
0x00007f837c905588:   0000000000000000 00007f837c905840
0x00007f837c905598:   00007f837c905820 00007f8374141ee0
0x00007f837c9055a8:   00007f837c9057c0 0000000000000000
0x00007f837c9055b8:   0000000000000000 0000000000000002
0x00007f837c9055c8:   00007f83380504dc 00007f83380504ed
0x00007f837c9055d8:   00007f83380504f8 00007f8338050503
0x00007f837c9055e8:   00007f8338050536 0000000000000000
0x00007f837c9055f8:   0000000000000000 00007f83740080c0
0x00007f837c905608:   00007f8374000020 0000000000000001
0x00007f837c905618:   0000000000000000 0000000000000007
0x00007f837c905628:   00007f837c9056c0 0000000000000000
0x00007f837c905638:   00007f837c1b3184 00007f837c905650
0x00007f837c905648:   0000000000000001 00007f837c905690
0x00007f837c905658:   ab3158c266966600 0000000000000000
0x00007f837c905668:   00007f837400a800 00007f837c9056c0
0x00007f837c905678:   00007f8374141f10 00007f837c905720
0x00007f837c905688:   00007f837400a9e0 00007f837c905918
0x00007f837c905698:   00007f837c905938 00007f837400a800
0x00007f837c9056a8:   00007f837c1b353c 00007f8365061220
0x00007f837c9056b8:   00007f8374141f10 00007f837400a9e0
0x00007f837c9056c8:   00007f837c905918 00007f837c905938
0x00007f837c9056d8:   00007f8374141f10 00007f837c905720
0x00007f837c9056e8:   00007f837400a9e0 00007f837c905918
0x00007f837c9056f8:   00007f837b21a4ff 0000000000000000
0x00007f837c905708:   00007f833b43bae0 0000000000000000
0x00007f837c905718:   ab3158c266966600 6f55506c65646f6d
0x00007f837c905728:   00007f83004b744d 0000000000000000
0x00007f837c905738:   ab3158c266966600 00007f833b43bae0
0x00007f837c905748:   0000000000000000 00007f837c905880
0x00007f837c905758:   00007f833804f4e5 00007f837c905918 

Instructions: (pc=0x00007f837a9439bb)
0x00007f837a94399b:   eb 9d e8 4e 72 f6 ff 66 2e 0f 1f 84 00 00 00 00
0x00007f837a9439ab:   00 0f 1f 40 00 48 8d 47 10 48 83 ec 10 48 89 07
0x00007f837a9439bb:   48 8b 06 48 89 c2 48 03 56 08 6a 00 48 89 c6 e8
0x00007f837a9439cb:   d1 5c f6 ff 48 83 c4 18 c3 66 2e 0f 1f 84 00 00 

Register to memory mapping:

RAX=0x00007f837c905650 is pointing into the stack for thread: 0x00007f837400a800
RBX={method} {0x00007f833b43bae0} 'AdaptationPlanner_plan__SWIG_2' '(JLAdaptationPlanner;Ljava/lang/String;Ljava/lang/String;)J' in 'APJNI'
RCX=0x0000000000000008 is an unknown value
RDX=0x0000000000000000 is an unknown value
RSP=0x00007f837c905568 is pointing into the stack for thread: 0x00007f837400a800
RBP=0x00007f837c905750 is pointing into the stack for thread: 0x00007f837400a800
RSI=0x0000000000000000 is an unknown value
RDI=0x00007f837c905640 is pointing into the stack for thread: 0x00007f837400a800
R8 =0x00007f837c906700 is pointing into the stack for thread: 0x00007f837400a800
R9 =0x0000000000000008 is an unknown value
R10=0x000000000000025b is an unknown value
R11=0x00007f837c184800: _IO_printf+0 in /lib/x86_64-linux-gnu/libc.so.6 at 0x00007f837c12f000
R12=0x0000000000000000 is an unknown value
R13={method} {0x00007f833b43bae0} 'AdaptationPlanner_plan__SWIG_2' '(JLAdaptationPlanner;Ljava/lang/String;Ljava/lang/String;)J' in 'APJNI'
R14=0x00007f837c905938 is pointing into the stack for thread: 0x00007f837400a800
R15=0x00007f837400a800 is a thread


Stack: [0x00007f837c806000,0x00007f837c907000],  sp=0x00007f837c905568,  free space=1021k
Native frames: (J=compiled Java code, j=interpreted, Vv=VM code, C=native code)
C  [libstdc++.so.6+0x1219bb]  std::__cxx11::basic_string<char, std::char_traits<char>, std::allocator<char> >::basic_string(std::__cxx11::basic_string<char, std::char_traits<char>, std::allocator<char> > const&)+0xb
C  [module.so+0x1b4e5]  Java_APJNI_AdaptationPlanner_1plan_1_1SWIG_12+0x22a
j  APJNI.AdaptationPlanner_plan__SWIG_2(JLAdaptationPlanner;Ljava/lang/String;Ljava/lang/String;)J+0
j  AdaptationPlanner.plan(Ljava/lang/String;Ljava/lang/String;)LSWIGTYPE_p_std__vectorT_std__string_t;+11
j  connect.main([Ljava/lang/String;)V+72
v  ~StubRoutines::call_stub
V  [libjvm.so+0x6679eb]
V  [libjvm.so+0x6896ae]
V  [libjvm.so+0x68bfdf]
C  [libjli.so+0x34e2]
C  [libjli.so+0x737d]
C  [libpthread.so.0+0x76ba]  start_thread+0xca

Java frames: (J=compiled Java code, j=interpreted, Vv=VM code)
j  APJNI.AdaptationPlanner_plan__SWIG_2(JLAdaptationPlanner;Ljava/lang/String;Ljava/lang/String;)J+0
j  AdaptationPlanner.plan(Ljava/lang/String;Ljava/lang/String;)LSWIGTYPE_p_std__vectorT_std__string_t;+11
j  connect.main([Ljava/lang/String;)V+72
v  ~StubRoutines::call_stub

---------------  P R O C E S S  ---------------

Java Threads: ( => current thread )
  0x00007f83740d7000 JavaThread "Service Thread" daemon [_thread_blocked, id=26357, stack(0x00007f8338358000,0x00007f8338459000)]
  0x00007f83740cb800 JavaThread "C1 CompilerThread3" daemon [_thread_blocked, id=26356, stack(0x00007f8338459000,0x00007f833855a000)]
  0x00007f83740c9800 JavaThread "C2 CompilerThread2" daemon [_thread_blocked, id=26355, stack(0x00007f833855a000,0x00007f833865b000)]
  0x00007f83740c8000 JavaThread "C2 CompilerThread1" daemon [_thread_blocked, id=26354, stack(0x00007f833865b000,0x00007f833875c000)]
  0x00007f83740c5000 JavaThread "C2 CompilerThread0" daemon [_thread_blocked, id=26353, stack(0x00007f833875c000,0x00007f833885d000)]
  0x00007f83740c3800 JavaThread "Signal Dispatcher" daemon [_thread_blocked, id=26352, stack(0x00007f833885d000,0x00007f833895e000)]
  0x00007f8374090800 JavaThread "Finalizer" daemon [_thread_blocked, id=26351, stack(0x00007f833931d000,0x00007f833941e000)]
  0x00007f837408e000 JavaThread "Reference Handler" daemon [_thread_blocked, id=26350, stack(0x00007f833941e000,0x00007f833951f000)]
=>0x00007f837400a800 JavaThread "main" [_thread_in_native, id=26338, stack(0x00007f837c806000,0x00007f837c907000)]

Other Threads:
  0x00007f8374084800 VMThread [stack: 0x00007f833951f000,0x00007f8339620000] [id=26349]
  0x00007f83740d9800 WatcherThread [stack: 0x00007f8338257000,0x00007f8338358000] [id=26358]

VM state:not at safepoint (normal execution)

VM Mutex/Monitor currently owned by a thread: None

heap address: 0x00000006c7400000, size: 3980 MB, Compressed Oops mode: Zero based, Oop shift amount: 3
Narrow klass base: 0x0000000000000000, Narrow klass shift: 3
Compressed class space size: 1073741824 Address: 0x00000007c0000000

Heap:
 PSYoungGen      total 74752K, used 1290K [0x000000076d180000, 0x0000000772480000, 0x00000007c0000000)
  eden space 64512K, 2% used [0x000000076d180000,0x000000076d2c2900,0x0000000771080000)
  from space 10240K, 0% used [0x0000000771a80000,0x0000000771a80000,0x0000000772480000)
  to   space 10240K, 0% used [0x0000000771080000,0x0000000771080000,0x0000000771a80000)
 ParOldGen       total 171008K, used 0K [0x00000006c7400000, 0x00000006d1b00000, 0x000000076d180000)
  object space 171008K, 0% used [0x00000006c7400000,0x00000006c7400000,0x00000006d1b00000)
 Metaspace       used 2560K, capacity 4496K, committed 4864K, reserved 1056768K
  class space    used 270K, capacity 388K, committed 512K, reserved 1048576K

Card table byte_map: [0x00007f83786ec000,0x00007f8378eb3000] byte_map_base: 0x00007f83750b2000

Marking Bits: (ParMarkBitMap*) 0x00007f837bad7580
 Begin Bits: [0x00007f83403a0000, 0x00007f83441d0000)
 End Bits:   [0x00007f83441d0000, 0x00007f8348000000)

Polling page: 0x00007f837c92a000

CodeCache: size=245760Kb used=1090Kb max_used=1090Kb free=244669Kb
 bounds [0x00007f8365000000, 0x00007f8365270000, 0x00007f8374000000]
 total_blobs=252 nmethods=17 adapters=151
 compilation: enabled

Compilation events (10 events):
Event: 0.035 Thread 0x00007f83740cb800 nmethod 11 0x00007f836510b150 code [0x00007f836510b2a0, 0x00007f836510b3b0]
Event: 0.035 Thread 0x00007f83740cb800   12       1       java.lang.ThreadLocal::access$400 (5 bytes)
Event: 0.035 Thread 0x00007f83740cb800 nmethod 12 0x00007f836510ae90 code [0x00007f836510afe0, 0x00007f836510b0d0]
Event: 0.037 Thread 0x00007f83740cb800   13       3       java.lang.AbstractStringBuilder::append (50 bytes)
Event: 0.037 Thread 0x00007f83740cb800 nmethod 13 0x00007f836510d710 code [0x00007f836510d8e0, 0x00007f836510e038]
Event: 0.037 Thread 0x00007f83740cb800   14       3       java.lang.String::getChars (62 bytes)
Event: 0.038 Thread 0x00007f83740cb800 nmethod 14 0x00007f836510e350 code [0x00007f836510e500, 0x00007f836510e938]
Event: 0.039 Thread 0x00007f83740cb800   15       3       java.lang.System::getSecurityManager (4 bytes)
Event: 0.039 Thread 0x00007f83740cb800 nmethod 15 0x00007f836510ab90 code [0x00007f836510ace0, 0x00007f836510ae30]
Event: 0.039 Thread 0x00007f83740cb800   16       3       sun.nio.cs.UTF_8$Encoder::encode (359 bytes)

GC Heap History (0 events):
No events

Deoptimization events (0 events):
No events

Classes redefined (0 events):
No events

Internal exceptions (2 events):
Event: 0.014 Thread 0x00007f837400a800 Exception <a 'java/lang/NoSuchMethodError': Method sun.misc.Unsafe.defineClass(Ljava/lang/String;[BII)Ljava/lang/Class; name or signature does not match> (0x000000076d187cb0) thrown at [/build/openjdk-8-lHVHKD/openjdk-8-8u212-b03/src/hotspot/src/share/vm/
Event: 0.014 Thread 0x00007f837400a800 Exception <a 'java/lang/NoSuchMethodError': Method sun.misc.Unsafe.prefetchRead(Ljava/lang/Object;J)V name or signature does not match> (0x000000076d187f98) thrown at [/build/openjdk-8-lHVHKD/openjdk-8-8u212-b03/src/hotspot/src/share/vm/prims/jni.cpp, lin

Events (10 events):
Event: 0.038 loading class java/nio/charset/CoderResult$2
Event: 0.038 loading class java/nio/charset/CoderResult$2 done
Event: 0.038 loading class AdaptationPlanner
Event: 0.038 loading class AdaptationPlanner done
Event: 0.039 loading class APJNI
Event: 0.039 loading class APJNI done
Event: 0.039 loading class SWIGTYPE_p_std__string
Event: 0.039 loading class SWIGTYPE_p_std__string done
Event: 0.039 loading class SWIGTYPE_p_std__vectorT_std__string_t
Event: 0.039 loading class SWIGTYPE_p_std__vectorT_std__string_t done


Dynamic libraries:
00400000-00401000 r-xp 00000000 08:03 525465                             /usr/lib/jvm/java-8-openjdk-amd64/jre/bin/java
00600000-00601000 r--p 00000000 08:03 525465                             /usr/lib/jvm/java-8-openjdk-amd64/jre/bin/java
00601000-00602000 rw-p 00001000 08:03 525465                             /usr/lib/jvm/java-8-openjdk-amd64/jre/bin/java
025d1000-025f2000 rw-p 00000000 00:00 0                                  [heap]
6c7400000-6d1b00000 rw-p 00000000 00:00 0 
6d1b00000-76d180000 ---p 00000000 00:00 0 
76d180000-772480000 rw-p 00000000 00:00 0 
772480000-7c0000000 ---p 00000000 00:00 0 
7c0000000-7c0080000 rw-p 00000000 00:00 0 
7c0080000-800000000 ---p 00000000 00:00 0 
7f8304000000-7f8304021000 rw-p 00000000 00:00 0 
7f8304021000-7f8308000000 ---p 00000000 00:00 0 
7f830c000000-7f830c025000 rw-p 00000000 00:00 0 
7f830c025000-7f8310000000 ---p 00000000 00:00 0 
7f8310000000-7f8310021000 rw-p 00000000 00:00 0 
7f8310021000-7f8314000000 ---p 00000000 00:00 0 
7f8314000000-7f8314021000 rw-p 00000000 00:00 0 
7f8314021000-7f8318000000 ---p 00000000 00:00 0 
7f8318000000-7f8318021000 rw-p 00000000 00:00 0 
7f8318021000-7f831c000000 ---p 00000000 00:00 0 
7f831c000000-7f831c021000 rw-p 00000000 00:00 0 
7f831c021000-7f8320000000 ---p 00000000 00:00 0 
7f8320000000-7f8320056000 rw-p 00000000 00:00 0 
7f8320056000-7f8324000000 ---p 00000000 00:00 0 
7f8324000000-7f8324021000 rw-p 00000000 00:00 0 
7f8324021000-7f8328000000 ---p 00000000 00:00 0 
7f8328000000-7f8328021000 rw-p 00000000 00:00 0 
7f8328021000-7f832c000000 ---p 00000000 00:00 0 
7f832c000000-7f832c021000 rw-p 00000000 00:00 0 
7f832c021000-7f8330000000 ---p 00000000 00:00 0 
7f8330000000-7f8330021000 rw-p 00000000 00:00 0 
7f8330021000-7f8334000000 ---p 00000000 00:00 0 
7f8334000000-7f8334021000 rw-p 00000000 00:00 0 
7f8334021000-7f8338000000 ---p 00000000 00:00 0 
7f8338034000-7f8338055000 r-xp 00000000 08:05 6030287                    /home/frank/swimExtended/swim/examples/prism_fix_path/src/module.so
7f8338055000-7f8338255000 ---p 00021000 08:05 6030287                    /home/frank/swimExtended/swim/examples/prism_fix_path/src/module.so
7f8338255000-7f8338256000 r--p 00021000 08:05 6030287                    /home/frank/swimExtended/swim/examples/prism_fix_path/src/module.so
7f8338256000-7f8338257000 rw-p 00022000 08:05 6030287                    /home/frank/swimExtended/swim/examples/prism_fix_path/src/module.so
7f8338257000-7f8338258000 ---p 00000000 00:00 0 
7f8338258000-7f8338358000 rw-p 00000000 00:00 0 
7f8338358000-7f833835b000 ---p 00000000 00:00 0 
7f833835b000-7f8338459000 rw-p 00000000 00:00 0 
7f8338459000-7f833845c000 ---p 00000000 00:00 0 
7f833845c000-7f833855a000 rw-p 00000000 00:00 0 
7f833855a000-7f833855d000 ---p 00000000 00:00 0 
7f833855d000-7f833865b000 rw-p 00000000 00:00 0 
7f833865b000-7f833865e000 ---p 00000000 00:00 0 
7f833865e000-7f833875c000 rw-p 00000000 00:00 0 
7f833875c000-7f833875f000 ---p 00000000 00:00 0 
7f833875f000-7f833885d000 rw-p 00000000 00:00 0 
7f833885d000-7f8338860000 ---p 00000000 00:00 0 
7f8338860000-7f833895e000 rw-p 00000000 00:00 0 
7f833895e000-7f833931d000 r--p 00000000 08:03 400840                     /usr/lib/locale/locale-archive
7f833931d000-7f8339320000 ---p 00000000 00:00 0 
7f8339320000-7f833941e000 rw-p 00000000 00:00 0 
7f833941e000-7f8339421000 ---p 00000000 00:00 0 
7f8339421000-7f833951f000 rw-p 00000000 00:00 0 
7f833951f000-7f8339520000 ---p 00000000 00:00 0 
7f8339520000-7f833b47a000 rw-p 00000000 00:00 0 
7f833b47a000-7f833b83a000 ---p 00000000 00:00 0 
7f833b83a000-7f833c000000 rw-p 00000000 00:00 0 
7f833c000000-7f833c021000 rw-p 00000000 00:00 0 
7f833c021000-7f8340000000 ---p 00000000 00:00 0 
7f8340004000-7f834001f000 r--s 001d6000 08:03 395042                     /usr/lib/jvm/java-8-openjdk-amd64/jre/lib/ext/nashorn.jar
7f834001f000-7f834003a000 r--s 00394000 08:03 395041                     /usr/lib/jvm/java-8-openjdk-amd64/jre/lib/ext/cldrdata.jar
7f834003a000-7f8348000000 rw-p 00000000 00:00 0 
7f8348000000-7f8348021000 rw-p 00000000 00:00 0 
7f8348021000-7f834c000000 ---p 00000000 00:00 0 
7f834c000000-7f834c021000 rw-p 00000000 00:00 0 
7f834c021000-7f8350000000 ---p 00000000 00:00 0 
7f8350000000-7f8350021000 rw-p 00000000 00:00 0 
7f8350021000-7f8354000000 ---p 00000000 00:00 0 
7f8354000000-7f8354021000 rw-p 00000000 00:00 0 
7f8354021000-7f8358000000 ---p 00000000 00:00 0 
7f8358000000-7f8358021000 rw-p 00000000 00:00 0 
7f8358021000-7f835c000000 ---p 00000000 00:00 0 
7f835c000000-7f835c021000 rw-p 00000000 00:00 0 
7f835c021000-7f8360000000 ---p 00000000 00:00 0 
7f8360000000-7f8360021000 rw-p 00000000 00:00 0 
7f8360021000-7f8364000000 ---p 00000000 00:00 0 
7f8364010000-7f8364528000 rw-p 00000000 00:00 0 
7f8364528000-7f83646f7000 r--s 03c3b000 08:03 394713                     /usr/lib/jvm/java-8-openjdk-amd64/jre/lib/rt.jar
7f83646f7000-7f83646f8000 ---p 00000000 00:00 0 
7f83646f8000-7f83647f8000 rw-p 00000000 00:00 0 
7f83647f8000-7f83647f9000 ---p 00000000 00:00 0 
7f83647f9000-7f83648f9000 rw-p 00000000 00:00 0 
7f83648f9000-7f83648fa000 ---p 00000000 00:00 0 
7f83648fa000-7f83649fa000 rw-p 00000000 00:00 0 
7f83649fa000-7f83649fb000 ---p 00000000 00:00 0 
7f83649fb000-7f8364afb000 rw-p 00000000 00:00 0 
7f8364afb000-7f8364afc000 ---p 00000000 00:00 0 
7f8364afc000-7f8364bfc000 rw-p 00000000 00:00 0 
7f8364bfc000-7f8364bfd000 ---p 00000000 00:00 0 
7f8364bfd000-7f8364cfd000 rw-p 00000000 00:00 0 
7f8364cfd000-7f8364cfe000 ---p 00000000 00:00 0 
7f8364cfe000-7f8364dfe000 rw-p 00000000 00:00 0 
7f8364dfe000-7f8364dff000 ---p 00000000 00:00 0 
7f8364dff000-7f8364eff000 rw-p 00000000 00:00 0 
7f8364eff000-7f8364f00000 ---p 00000000 00:00 0 
7f8364f00000-7f8365000000 rw-p 00000000 00:00 0 
7f8365000000-7f8365270000 rwxp 00000000 00:00 0 
7f8365270000-7f8374000000 ---p 00000000 00:00 0 
7f8374000000-7f8374160000 rw-p 00000000 00:00 0 
7f8374160000-7f8378000000 ---p 00000000 00:00 0 
7f8378004000-7f83780bc000 rw-p 00000000 00:00 0 
7f83780bc000-7f83780bd000 ---p 00000000 00:00 0 
7f83780bd000-7f8378211000 rw-p 00000000 00:00 0 
7f8378211000-7f83786ec000 ---p 00000000 00:00 0 
7f83786ec000-7f8378740000 rw-p 00000000 00:00 0 
7f8378740000-7f8378c1a000 ---p 00000000 00:00 0 
7f8378c1a000-7f8378c45000 rw-p 00000000 00:00 0 
7f8378c45000-7f8378eb2000 ---p 00000000 00:00 0 
7f8378eb2000-7f8378ebd000 rw-p 00000000 00:00 0 
7f8378ebd000-7f8379273000 ---p 00000000 00:00 0 
7f8379273000-7f837927b000 r-xp 00000000 08:03 394712                     /usr/lib/jvm/java-8-openjdk-amd64/jre/lib/amd64/libzip.so
7f837927b000-7f837947a000 ---p 00008000 08:03 394712                     /usr/lib/jvm/java-8-openjdk-amd64/jre/lib/amd64/libzip.so
7f837947a000-7f837947b000 r--p 00007000 08:03 394712                     /usr/lib/jvm/java-8-openjdk-amd64/jre/lib/amd64/libzip.so
7f837947b000-7f837947c000 rw-p 00008000 08:03 394712                     /usr/lib/jvm/java-8-openjdk-amd64/jre/lib/amd64/libzip.so
7f837947c000-7f8379487000 r-xp 00000000 08:03 789257                     /lib/x86_64-linux-gnu/libnss_files-2.23.so
7f8379487000-7f8379686000 ---p 0000b000 08:03 789257                     /lib/x86_64-linux-gnu/libnss_files-2.23.so
7f8379686000-7f8379687000 r--p 0000a000 08:03 789257                     /lib/x86_64-linux-gnu/libnss_files-2.23.so
7f8379687000-7f8379688000 rw-p 0000b000 08:03 789257                     /lib/x86_64-linux-gnu/libnss_files-2.23.so
7f8379688000-7f837968e000 rw-p 00000000 00:00 0 
7f837968e000-7f8379699000 r-xp 00000000 08:03 789267                     /lib/x86_64-linux-gnu/libnss_nis-2.23.so
7f8379699000-7f8379898000 ---p 0000b000 08:03 789267                     /lib/x86_64-linux-gnu/libnss_nis-2.23.so
7f8379898000-7f8379899000 r--p 0000a000 08:03 789267                     /lib/x86_64-linux-gnu/libnss_nis-2.23.so
7f8379899000-7f837989a000 rw-p 0000b000 08:03 789267                     /lib/x86_64-linux-gnu/libnss_nis-2.23.so
7f837989a000-7f83798b0000 r-xp 00000000 08:03 789251                     /lib/x86_64-linux-gnu/libnsl-2.23.so
7f83798b0000-7f8379aaf000 ---p 00016000 08:03 789251                     /lib/x86_64-linux-gnu/libnsl-2.23.so
7f8379aaf000-7f8379ab0000 r--p 00015000 08:03 789251                     /lib/x86_64-linux-gnu/libnsl-2.23.so
7f8379ab0000-7f8379ab1000 rw-p 00016000 08:03 789251                     /lib/x86_64-linux-gnu/libnsl-2.23.so
7f8379ab1000-7f8379ab3000 rw-p 00000000 00:00 0 
7f8379ab3000-7f8379abb000 r-xp 00000000 08:03 789253                     /lib/x86_64-linux-gnu/libnss_compat-2.23.so
7f8379abb000-7f8379cba000 ---p 00008000 08:03 789253                     /lib/x86_64-linux-gnu/libnss_compat-2.23.so
7f8379cba000-7f8379cbb000 r--p 00007000 08:03 789253                     /lib/x86_64-linux-gnu/libnss_compat-2.23.so
7f8379cbb000-7f8379cbc000 rw-p 00008000 08:03 789253                     /lib/x86_64-linux-gnu/libnss_compat-2.23.so
7f8379cbc000-7f8379ce8000 r-xp 00000000 08:03 394694                     /usr/lib/jvm/java-8-openjdk-amd64/jre/lib/amd64/libjava.so
7f8379ce8000-7f8379ee7000 ---p 0002c000 08:03 394694                     /usr/lib/jvm/java-8-openjdk-amd64/jre/lib/amd64/libjava.so
7f8379ee7000-7f8379ee8000 r--p 0002b000 08:03 394694                     /usr/lib/jvm/java-8-openjdk-amd64/jre/lib/amd64/libjava.so
7f8379ee8000-7f8379eea000 rw-p 0002c000 08:03 394694                     /usr/lib/jvm/java-8-openjdk-amd64/jre/lib/amd64/libjava.so
7f8379eea000-7f8379ef9000 r-xp 00000000 08:03 394683                     /usr/lib/jvm/java-8-openjdk-amd64/jre/lib/amd64/libverify.so
7f8379ef9000-7f837a0f8000 ---p 0000f000 08:03 394683                     /usr/lib/jvm/java-8-openjdk-amd64/jre/lib/amd64/libverify.so
7f837a0f8000-7f837a0fa000 r--p 0000e000 08:03 394683                     /usr/lib/jvm/java-8-openjdk-amd64/jre/lib/amd64/libverify.so
7f837a0fa000-7f837a0fb000 rw-p 00010000 08:03 394683                     /usr/lib/jvm/java-8-openjdk-amd64/jre/lib/amd64/libverify.so
7f837a0fb000-7f837a102000 r-xp 00000000 08:03 789312                     /lib/x86_64-linux-gnu/librt-2.23.so
7f837a102000-7f837a301000 ---p 00007000 08:03 789312                     /lib/x86_64-linux-gnu/librt-2.23.so
7f837a301000-7f837a302000 r--p 00006000 08:03 789312                     /lib/x86_64-linux-gnu/librt-2.23.so
7f837a302000-7f837a303000 rw-p 00007000 08:03 789312                     /lib/x86_64-linux-gnu/librt-2.23.so
7f837a303000-7f837a319000 r-xp 00000000 08:03 789196                     /lib/x86_64-linux-gnu/libgcc_s.so.1
7f837a319000-7f837a518000 ---p 00016000 08:03 789196                     /lib/x86_64-linux-gnu/libgcc_s.so.1
7f837a518000-7f837a519000 rw-p 00015000 08:03 789196                     /lib/x86_64-linux-gnu/libgcc_s.so.1
7f837a519000-7f837a621000 r-xp 00000000 08:03 789228                     /lib/x86_64-linux-gnu/libm-2.23.so
7f837a621000-7f837a820000 ---p 00108000 08:03 789228                     /lib/x86_64-linux-gnu/libm-2.23.so
7f837a820000-7f837a821000 r--p 00107000 08:03 789228                     /lib/x86_64-linux-gnu/libm-2.23.so
7f837a821000-7f837a822000 rw-p 00108000 08:03 789228                     /lib/x86_64-linux-gnu/libm-2.23.so
7f837a822000-7f837a994000 r-xp 00000000 08:03 404352                     /usr/lib/x86_64-linux-gnu/libstdc++.so.6.0.21
7f837a994000-7f837ab94000 ---p 00172000 08:03 404352                     /usr/lib/x86_64-linux-gnu/libstdc++.so.6.0.21
7f837ab94000-7f837ab9e000 r--p 00172000 08:03 404352                     /usr/lib/x86_64-linux-gnu/libstdc++.so.6.0.21
7f837ab9e000-7f837aba0000 rw-p 0017c000 08:03 404352                     /usr/lib/x86_64-linux-gnu/libstdc++.so.6.0.21
7f837aba0000-7f837aba4000 rw-p 00000000 00:00 0 
7f837aba4000-7f837b808000 r-xp 00000000 08:03 394692                     /usr/lib/jvm/java-8-openjdk-amd64/jre/lib/amd64/server/libjvm.so
7f837b808000-7f837ba07000 ---p 00c64000 08:03 394692                     /usr/lib/jvm/java-8-openjdk-amd64/jre/lib/amd64/server/libjvm.so
7f837ba07000-7f837ba9b000 r--p 00c63000 08:03 394692                     /usr/lib/jvm/java-8-openjdk-amd64/jre/lib/amd64/server/libjvm.so
7f837ba9b000-7f837bac4000 rw-p 00cf7000 08:03 394692                     /usr/lib/jvm/java-8-openjdk-amd64/jre/lib/amd64/server/libjvm.so
7f837bac4000-7f837baf4000 rw-p 00000000 00:00 0 
7f837baf4000-7f837bb0c000 r-xp 00000000 08:03 789304                     /lib/x86_64-linux-gnu/libpthread-2.23.so
7f837bb0c000-7f837bd0b000 ---p 00018000 08:03 789304                     /lib/x86_64-linux-gnu/libpthread-2.23.so
7f837bd0b000-7f837bd0c000 r--p 00017000 08:03 789304                     /lib/x86_64-linux-gnu/libpthread-2.23.so
7f837bd0c000-7f837bd0d000 rw-p 00018000 08:03 789304                     /lib/x86_64-linux-gnu/libpthread-2.23.so
7f837bd0d000-7f837bd11000 rw-p 00000000 00:00 0 
7f837bd11000-7f837bd14000 r-xp 00000000 08:03 789182                     /lib/x86_64-linux-gnu/libdl-2.23.so
7f837bd14000-7f837bf13000 ---p 00003000 08:03 789182                     /lib/x86_64-linux-gnu/libdl-2.23.so
7f837bf13000-7f837bf14000 r--p 00002000 08:03 789182                     /lib/x86_64-linux-gnu/libdl-2.23.so
7f837bf14000-7f837bf15000 rw-p 00003000 08:03 789182                     /lib/x86_64-linux-gnu/libdl-2.23.so
7f837bf15000-7f837bf2e000 r-xp 00000000 08:03 789349                     /lib/x86_64-linux-gnu/libz.so.1.2.8
7f837bf2e000-7f837c12d000 ---p 00019000 08:03 789349                     /lib/x86_64-linux-gnu/libz.so.1.2.8
7f837c12d000-7f837c12e000 r--p 00018000 08:03 789349                     /lib/x86_64-linux-gnu/libz.so.1.2.8
7f837c12e000-7f837c12f000 rw-p 00019000 08:03 789349                     /lib/x86_64-linux-gnu/libz.so.1.2.8
7f837c12f000-7f837c2ef000 r-xp 00000000 08:03 789158                     /lib/x86_64-linux-gnu/libc-2.23.so
7f837c2ef000-7f837c4ef000 ---p 001c0000 08:03 789158                     /lib/x86_64-linux-gnu/libc-2.23.so
7f837c4ef000-7f837c4f3000 r--p 001c0000 08:03 789158                     /lib/x86_64-linux-gnu/libc-2.23.so
7f837c4f3000-7f837c4f5000 rw-p 001c4000 08:03 789158                     /lib/x86_64-linux-gnu/libc-2.23.so
7f837c4f5000-7f837c4f9000 rw-p 00000000 00:00 0 
7f837c4f9000-7f837c506000 r-xp 00000000 08:03 394711                     /usr/lib/jvm/java-8-openjdk-amd64/jre/lib/amd64/jli/libjli.so
7f837c506000-7f837c705000 ---p 0000d000 08:03 394711                     /usr/lib/jvm/java-8-openjdk-amd64/jre/lib/amd64/jli/libjli.so
7f837c705000-7f837c706000 r--p 0000c000 08:03 394711                     /usr/lib/jvm/java-8-openjdk-amd64/jre/lib/amd64/jli/libjli.so
7f837c706000-7f837c707000 rw-p 0000d000 08:03 394711                     /usr/lib/jvm/java-8-openjdk-amd64/jre/lib/amd64/jli/libjli.so
7f837c707000-7f837c72d000 r-xp 00000000 08:03 789130                     /lib/x86_64-linux-gnu/ld-2.23.so
7f837c730000-7f837c735000 r--s 0003c000 08:03 395045                     /usr/lib/jvm/java-8-openjdk-amd64/jre/lib/ext/sunjce_provider.jar
7f837c735000-7f837c806000 rw-p 00000000 00:00 0 
7f837c806000-7f837c809000 ---p 00000000 00:00 0 
7f837c809000-7f837c90b000 rw-p 00000000 00:00 0 
7f837c90b000-7f837c915000 r--s 00116000 08:03 395048                     /usr/lib/jvm/java-8-openjdk-amd64/jre/lib/ext/localedata.jar
7f837c915000-7f837c916000 r--s 0000a000 08:03 395046                     /usr/lib/jvm/java-8-openjdk-amd64/jre/lib/ext/jaccess.jar
7f837c916000-7f837c918000 r--s 00008000 08:03 395044                     /usr/lib/jvm/java-8-openjdk-amd64/jre/lib/ext/sunec.jar
7f837c918000-7f837c919000 r--s 00010000 08:03 395043                     /usr/lib/jvm/java-8-openjdk-amd64/jre/lib/ext/zipfs.jar
7f837c919000-7f837c91b000 r--s 00001000 08:03 395047                     /usr/lib/jvm/java-8-openjdk-amd64/jre/lib/ext/dnsns.jar
7f837c91b000-7f837c91e000 r--s 00039000 08:03 395049                     /usr/lib/jvm/java-8-openjdk-amd64/jre/lib/ext/sunpkcs11.jar
7f837c91e000-7f837c921000 r--s 0000f000 08:03 395040                     /usr/lib/jvm/java-8-openjdk-amd64/jre/lib/ext/icedtea-sound.jar
7f837c921000-7f837c929000 rw-s 00000000 08:03 1213946                    /tmp/hsperfdata_frank/26332
7f837c929000-7f837c92a000 rw-p 00000000 00:00 0 
7f837c92a000-7f837c92b000 r--p 00000000 00:00 0 
7f837c92b000-7f837c92c000 rw-p 00000000 00:00 0 
7f837c92c000-7f837c92d000 r--p 00025000 08:03 789130                     /lib/x86_64-linux-gnu/ld-2.23.so
7f837c92d000-7f837c92e000 rw-p 00026000 08:03 789130                     /lib/x86_64-linux-gnu/ld-2.23.so
7f837c92e000-7f837c92f000 rw-p 00000000 00:00 0 
7fff02772000-7fff02793000 rw-p 00000000 00:00 0                          [stack]
7fff027b3000-7fff027b6000 r--p 00000000 00:00 0                          [vvar]
7fff027b6000-7fff027b8000 r-xp 00000000 00:00 0                          [vdso]
ffffffffff600000-ffffffffff601000 r-xp 00000000 00:00 0                  [vsyscall]

VM Arguments:
jvm_args: -Dfile.encoding=UTF-8 
java_command: connect
java_class_path (initial): /home/frank/swimExtended/swim/examples/prism_fix_path/bin
Launcher Type: SUN_STANDARD

Environment Variables:
PATH=/home/frank/bin:/home/frank/.local/bin:/usr/local/sbin:/usr/local/bin:/usr/sbin:/usr/bin:/sbin:/bin:/usr/games:/usr/local/games:/snap/bin
SHELL=/bin/bash
DISPLAY=:0

Signal Handlers:
SIGSEGV: [libjvm.so+0xa765a0], sa_mask[0]=11111111011111111101111111111110, sa_flags=SA_RESTART|SA_SIGINFO
SIGBUS: [libjvm.so+0xa765a0], sa_mask[0]=11111111011111111101111111111110, sa_flags=SA_RESTART|SA_SIGINFO
SIGFPE: [libjvm.so+0x8bd800], sa_mask[0]=11111111011111111101111111111110, sa_flags=SA_RESTART|SA_SIGINFO
SIGPIPE: [libjvm.so+0x8bd800], sa_mask[0]=11111111011111111101111111111110, sa_flags=SA_RESTART|SA_SIGINFO
SIGXFSZ: [libjvm.so+0x8bd800], sa_mask[0]=11111111011111111101111111111110, sa_flags=SA_RESTART|SA_SIGINFO
SIGILL: [libjvm.so+0x8bd800], sa_mask[0]=11111111011111111101111111111110, sa_flags=SA_RESTART|SA_SIGINFO
SIGUSR1: SIG_DFL, sa_mask[0]=00000000000000000000000000000000, sa_flags=none
SIGUSR2: [libjvm.so+0x8bd6b0], sa_mask[0]=00100000000000000000000000000000, sa_flags=SA_RESTART|SA_SIGINFO
SIGHUP: [libjvm.so+0x8bdd40], sa_mask[0]=11111111011111111101111111111110, sa_flags=SA_RESTART|SA_SIGINFO
SIGINT: [libjvm.so+0x8bdd40], sa_mask[0]=11111111011111111101111111111110, sa_flags=SA_RESTART|SA_SIGINFO
SIGTERM: [libjvm.so+0x8bdd40], sa_mask[0]=11111111011111111101111111111110, sa_flags=SA_RESTART|SA_SIGINFO
SIGQUIT: [libjvm.so+0x8bdd40], sa_mask[0]=11111111011111111101111111111110, sa_flags=SA_RESTART|SA_SIGINFO


---------------  S Y S T E M  ---------------

OS:DISTRIB_ID=Ubuntu
DISTRIB_RELEASE=16.04
DISTRIB_CODENAME=xenial
DISTRIB_DESCRIPTION="Ubuntu 16.04.6 LTS"

uname:Linux 4.15.0-47-generic #50~16.04.1-Ubuntu SMP Fri Mar 15 16:06:21 UTC 2019 x86_64
libc:glibc 2.23 NPTL 2.23 
rlimit: STACK 8192k, CORE 0k, NPROC 63237, NOFILE 1048576, AS infinity
load average:1.64 1.62 1.63

/proc/meminfo:
MemTotal:       16294960 kB
MemFree:         3223168 kB
MemAvailable:    6797420 kB
Buffers:          428664 kB
Cached:          4556484 kB
SwapCached:            0 kB
Active:          9740712 kB
Inactive:        2575384 kB
Active(anon):    7343064 kB
Inactive(anon):  1368236 kB
Active(file):    2397648 kB
Inactive(file):  1207148 kB
Unevictable:         128 kB
Mlocked:             128 kB
SwapTotal:      20981756 kB
SwapFree:       20981756 kB
Dirty:              1904 kB
Writeback:             0 kB
AnonPages:       7331208 kB
Mapped:          1520648 kB
Shmem:           1445456 kB
Slab:             417464 kB
SReclaimable:     310644 kB
SUnreclaim:       106820 kB
KernelStack:       25484 kB
PageTables:       122508 kB
NFS_Unstable:          0 kB
Bounce:                0 kB
WritebackTmp:          0 kB
CommitLimit:    29129236 kB
Committed_AS:   24615860 kB
VmallocTotal:   34359738367 kB
VmallocUsed:           0 kB
VmallocChunk:          0 kB
HardwareCorrupted:     0 kB
AnonHugePages:         0 kB
ShmemHugePages:        0 kB
ShmemPmdMapped:        0 kB
CmaTotal:              0 kB
CmaFree:               0 kB
HugePages_Total:       0
HugePages_Free:        0
HugePages_Rsvd:        0
HugePages_Surp:        0
Hugepagesize:       2048 kB
DirectMap4k:      550588 kB
DirectMap2M:    16097280 kB
DirectMap1G:           0 kB

container (cgroup) information:
container_type: cgroupv1
cpu_cpuset_cpus: 0-11
cpu_memory_nodes: 0
active_processor_count: 12
cpu_quota: -1
cpu_period: 100000
cpu_shares: -1
memory_limit_in_bytes: -1
memory_and_swap_limit_in_bytes: -2
memory_soft_limit_in_bytes: -1
memory_usage_in_bytes: 12612603904
memory_max_usage_in_bytes: 0


CPU:total 12 (initial active 12) (6 cores per cpu, 2 threads per core) family 6 model 158 stepping 10, cmov, cx8, fxsr, mmx, sse, sse2, sse3, ssse3, sse4.1, sse4.2, popcnt, avx, avx2, aes, clmul, erms, 3dnowpref, lzcnt, ht, tsc, tscinvbit, bmi1, bmi2, adx

/proc/cpuinfo:
processor	: 0
vendor_id	: GenuineIntel
cpu family	: 6
model		: 158
model name	: Intel(R) Core(TM) i7-8750H CPU @ 2.20GHz
stepping	: 10
microcode	: 0x96
cpu MHz		: 1574.795
cache size	: 9216 KB
physical id	: 0
siblings	: 12
core id		: 0
cpu cores	: 6
apicid		: 0
initial apicid	: 0
fpu		: yes
fpu_exception	: yes
cpuid level	: 22
wp		: yes
flags		: fpu vme de pse tsc msr pae mce cx8 apic sep mtrr pge mca cmov pat pse36 clflush dts acpi mmx fxsr sse sse2 ss ht tm pbe syscall nx pdpe1gb rdtscp lm constant_tsc art arch_perfmon pebs bts rep_good nopl xtopology nonstop_tsc cpuid aperfmperf tsc_known_freq pni pclmulqdq dtes64 monitor ds_cpl vmx est tm2 ssse3 sdbg fma cx16 xtpr pdcm pcid sse4_1 sse4_2 x2apic movbe popcnt tsc_deadline_timer aes xsave avx f16c rdrand lahf_lm abm 3dnowprefetch cpuid_fault epb invpcid_single pti ssbd ibrs ibpb stibp tpr_shadow vnmi flexpriority ept vpid fsgsbase tsc_adjust bmi1 avx2 smep bmi2 erms invpcid mpx rdseed adx smap clflushopt intel_pt xsaveopt xsavec xgetbv1 xsaves dtherm ida arat pln pts hwp hwp_notify hwp_act_window hwp_epp flush_l1d
bugs		: cpu_meltdown spectre_v1 spectre_v2 spec_store_bypass l1tf
bogomips	: 4416.00
clflush size	: 64
cache_alignment	: 64
address sizes	: 39 bits physical, 48 bits virtual
power management:

processor	: 1
vendor_id	: GenuineIntel
cpu family	: 6
model		: 158
model name	: Intel(R) Core(TM) i7-8750H CPU @ 2.20GHz
stepping	: 10
microcode	: 0x96
cpu MHz		: 900.088
cache size	: 9216 KB
physical id	: 0
siblings	: 12
core id		: 1
cpu cores	: 6
apicid		: 2
initial apicid	: 2
fpu		: yes
fpu_exception	: yes
cpuid level	: 22
wp		: yes
flags		: fpu vme de pse tsc msr pae mce cx8 apic sep mtrr pge mca cmov pat pse36 clflush dts acpi mmx fxsr sse sse2 ss ht tm pbe syscall nx pdpe1gb rdtscp lm constant_tsc art arch_perfmon pebs bts rep_good nopl xtopology nonstop_tsc cpuid aperfmperf tsc_known_freq pni pclmulqdq dtes64 monitor ds_cpl vmx est tm2 ssse3 sdbg fma cx16 xtpr pdcm pcid sse4_1 sse4_2 x2apic movbe popcnt tsc_deadline_timer aes xsave avx f16c rdrand lahf_lm abm 3dnowprefetch cpuid_fault epb invpcid_single pti ibrs ibpb stibp tpr_shadow vnmi flexpriority ept vpid fsgsbase tsc_adjust bmi1 avx2 smep bmi2 erms invpcid mpx rdseed adx smap clflushopt intel_pt xsaveopt xsavec xgetbv1 xsaves dtherm ida arat pln pts hwp hwp_notify hwp_act_window hwp_epp
bugs		: cpu_meltdown spectre_v1 spectre_v2 spec_store_bypass l1tf
bogomips	: 4416.00
clflush size	: 64
cache_alignment	: 64
address sizes	: 39 bits physical, 48 bits virtual
power management:

processor	: 2
vendor_id	: GenuineIntel
cpu family	: 6
model		: 158
model name	: Intel(R) Core(TM) i7-8750H CPU @ 2.20GHz
stepping	: 10
microcode	: 0x96
cpu MHz		: 1660.824
cache size	: 9216 KB
physical id	: 0
siblings	: 12
core id		: 2
cpu cores	: 6
apicid		: 4
initial apicid	: 4
fpu		: yes
fpu_exception	: yes
cpuid level	: 22
wp		: yes
flags		: fpu vme de pse tsc msr pae mce cx8 apic sep mtrr pge mca cmov pat pse36 clflush dts acpi mmx fxsr sse sse2 ss ht tm pbe syscall nx pdpe1gb rdtscp lm constant_tsc art arch_perfmon pebs bts rep_good nopl xtopology nonstop_tsc cpuid aperfmperf tsc_known_freq pni pclmulqdq dtes64 monitor ds_cpl vmx est tm2 ssse3 sdbg fma cx16 xtpr pdcm pcid sse4_1 sse4_2 x2apic movbe popcnt tsc_deadline_timer aes xsave avx f16c rdrand lahf_lm abm 3dnowprefetch cpuid_fault epb invpcid_single pti ibrs ibpb stibp tpr_shadow vnmi flexpriority ept vpid fsgsbase tsc_adjust bmi1 avx2 smep bmi2 erms invpcid mpx rdseed adx smap clflushopt intel_pt xsaveopt xsavec xgetbv1 xsaves dtherm ida arat pln pts hwp hwp_notify hwp_act_window hwp_epp
bugs		: cpu_meltdown spectre_v1 spectre_v2 spec_store_bypass l1tf
bogomips	: 4416.00
clflush size	: 64
cache_alignment	: 64
address sizes	: 39 bits physical, 48 bits virtual
power management:

processor	: 3
vendor_id	: GenuineIntel
cpu family	: 6
model		: 158
model name	: Intel(R) Core(TM) i7-8750H CPU @ 2.20GHz
stepping	: 10
microcode	: 0x96
cpu MHz		: 1006.898
cache size	: 9216 KB
physical id	: 0
siblings	: 12
core id		: 3
cpu cores	: 6
apicid		: 6
initial apicid	: 6
fpu		: yes
fpu_exception	: yes
cpuid level	: 22
wp		: yes
flags		: fpu vme de pse tsc msr pae mce cx8 apic sep mtrr pge mca cmov pat pse36 clflush dts acpi mmx fxsr sse sse2 ss ht tm pbe syscall nx pdpe1gb rdtscp lm constant_tsc art arch_perfmon pebs bts rep_good nopl xtopology nonstop_tsc cpuid aperfmperf tsc_known_freq pni pclmulqdq dtes64 monitor ds_cpl vmx est tm2 ssse3 sdbg fma cx16 xtpr pdcm pcid sse4_1 sse4_2 x2apic movbe popcnt tsc_deadline_timer aes xsave avx f16c rdrand lahf_lm abm 3dnowprefetch cpuid_fault epb invpcid_single pti ibrs ibpb stibp tpr_shadow vnmi flexpriority ept vpid fsgsbase tsc_adjust bmi1 avx2 smep bmi2 erms invpcid mpx rdseed adx smap clflushopt intel_pt xsaveopt xsavec xgetbv1 xsaves dtherm ida arat pln pts hwp hwp_notify hwp_act_window hwp_epp
bugs		: cpu_meltdown spectre_v1 spectre_v2 spec_store_bypass l1tf
bogomips	: 4416.00
clflush size	: 64
cache_alignment	: 64
address sizes	: 39 bits physical, 48 bits virtual
power management:

processor	: 4
vendor_id	: GenuineIntel
cpu family	: 6
model		: 158
model name	: Intel(R) Core(TM) i7-8750H CPU @ 2.20GHz
stepping	: 10
microcode	: 0x96
cpu MHz		: 913.826
cache size	: 9216 KB
physical id	: 0
siblings	: 12
core id		: 4
cpu cores	: 6
apicid		: 8
initial apicid	: 8
fpu		: yes
fpu_exception	: yes
cpuid level	: 22
wp		: yes
flags		: fpu vme de pse tsc msr pae mce cx8 apic sep mtrr pge mca cmov pat pse36 clflush dts acpi mmx fxsr sse sse2 ss ht tm pbe syscall nx pdpe1gb rdtscp lm constant_tsc art arch_perfmon pebs bts rep_good nopl xtopology nonstop_tsc cpuid aperfmperf tsc_known_freq pni pclmulqdq dtes64 monitor ds_cpl vmx est tm2 ssse3 sdbg fma cx16 xtpr pdcm pcid sse4_1 sse4_2 x2apic movbe popcnt tsc_deadline_timer aes xsave avx f16c rdrand lahf_lm abm 3dnowprefetch cpuid_fault epb invpcid_single pti ibrs ibpb stibp tpr_shadow vnmi flexpriority ept vpid fsgsbase tsc_adjust bmi1 avx2 smep bmi2 erms invpcid mpx rdseed adx smap clflushopt intel_pt xsaveopt xsavec xgetbv1 xsaves dtherm ida arat pln pts hwp hwp_notify hwp_act_window hwp_epp
bugs		: cpu_meltdown spectre_v1 spectre_v2 spec_store_bypass l1tf
bogomips	: 4416.00
clflush size	: 64
cache_alignment	: 64
address sizes	: 39 bits physical, 48 bits virtual
power management:

processor	: 5
vendor_id	: GenuineIntel
cpu family	: 6
model		: 158
model name	: Intel(R) Core(TM) i7-8750H CPU @ 2.20GHz
stepping	: 10
microcode	: 0x96
cpu MHz		: 885.651
cache size	: 9216 KB
physical id	: 0
siblings	: 12
core id		: 5
cpu cores	: 6
apicid		: 10
initial apicid	: 10
fpu		: yes
fpu_exception	: yes
cpuid level	: 22
wp		: yes
flags		: fpu vme de pse tsc msr pae mce cx8 apic sep mtrr pge mca cmov pat pse36 clflush dts acpi mmx fxsr sse sse2 ss ht tm pbe syscall nx pdpe1gb rdtscp lm constant_tsc art arch_perfmon pebs bts rep_good nopl xtopology nonstop_tsc cpuid aperfmperf tsc_known_freq pni pclmulqdq dtes64 monitor ds_cpl vmx est tm2 ssse3 sdbg fma cx16 xtpr pdcm pcid sse4_1 sse4_2 x2apic movbe popcnt tsc_deadline_timer aes xsave avx f16c rdrand lahf_lm abm 3dnowprefetch cpuid_fault epb invpcid_single pti ibrs ibpb stibp tpr_shadow vnmi flexpriority ept vpid fsgsbase tsc_adjust bmi1 avx2 smep bmi2 erms invpcid mpx rdseed adx smap clflushopt intel_pt xsaveopt xsavec xgetbv1 xsaves dtherm ida arat pln pts hwp hwp_notify hwp_act_window hwp_epp
bugs		: cpu_meltdown spectre_v1 spectre_v2 spec_store_bypass l1tf
bogomips	: 4416.00
clflush size	: 64
cache_alignment	: 64
address sizes	: 39 bits physical, 48 bits virtual
power management:

processor	: 6
vendor_id	: GenuineIntel
cpu family	: 6
model		: 158
model name	: Intel(R) Core(TM) i7-8750H CPU @ 2.20GHz
stepping	: 10
microcode	: 0x96
cpu MHz		: 886.175
cache size	: 9216 KB
physical id	: 0
siblings	: 12
core id		: 0
cpu cores	: 6
apicid		: 1
initial apicid	: 1
fpu		: yes
fpu_exception	: yes
cpuid level	: 22
wp		: yes
flags		: fpu vme de pse tsc msr pae mce cx8 apic sep mtrr pge mca cmov pat pse36 clflush dts acpi mmx fxsr sse sse2 ss ht tm pbe syscall nx pdpe1gb rdtscp lm constant_tsc art arch_perfmon pebs bts rep_good nopl xtopology nonstop_tsc cpuid aperfmperf tsc_known_freq pni pclmulqdq dtes64 monitor ds_cpl vmx est tm2 ssse3 sdbg fma cx16 xtpr pdcm pcid sse4_1 sse4_2 x2apic movbe popcnt tsc_deadline_timer aes xsave avx f16c rdrand lahf_lm abm 3dnowprefetch cpuid_fault epb invpcid_single pti ssbd ibrs ibpb stibp tpr_shadow vnmi flexpriority ept vpid fsgsbase tsc_adjust bmi1 avx2 smep bmi2 erms invpcid mpx rdseed adx smap clflushopt intel_pt xsaveopt xsavec xgetbv1 xsaves dtherm ida arat pln pts hwp hwp_notify hwp_act_window hwp_epp flush_l1d
bugs		: cpu_meltdown spectre_v1 spectre_v2 spec_store_bypass l1tf
bogomips	: 4416.00
clflush size	: 64
cache_alignment	: 64
address sizes	: 39 bits physical, 48 bits virtual
power management:

processor	: 7
vendor_id	: GenuineIntel
cpu family	: 6
model		: 158
model name	: Intel(R) Core(TM) i7-8750H CPU @ 2.20GHz
stepping	: 10
microcode	: 0x96
cpu MHz		: 1857.358
cache size	: 9216 KB
physical id	: 0
siblings	: 12
core id		: 1
cpu cores	: 6
apicid		: 3
initial apicid	: 3
fpu		: yes
fpu_exception	: yes
cpuid level	: 22
wp		: yes
flags		: fpu vme de pse tsc msr pae mce cx8 apic sep mtrr pge mca cmov pat pse36 clflush dts acpi mmx fxsr sse sse2 ss ht tm pbe syscall nx pdpe1gb rdtscp lm constant_tsc art arch_perfmon pebs bts rep_good nopl xtopology nonstop_tsc cpuid aperfmperf tsc_known_freq pni pclmulqdq dtes64 monitor ds_cpl vmx est tm2 ssse3 sdbg fma cx16 xtpr pdcm pcid sse4_1 sse4_2 x2apic movbe popcnt tsc_deadline_timer aes xsave avx f16c rdrand lahf_lm abm 3dnowprefetch cpuid_fault epb invpcid_single pti ssbd ibrs ibpb stibp tpr_shadow vnmi flexpriority ept vpid fsgsbase tsc_adjust bmi1 avx2 smep bmi2 erms invpcid mpx rdseed adx smap clflushopt intel_pt xsaveopt xsavec xgetbv1 xsaves dtherm ida arat pln pts hwp hwp_notify hwp_act_window hwp_epp flush_l1d
bugs		: cpu_meltdown spectre_v1 spectre_v2 spec_store_bypass l1tf
bogomips	: 4416.00
clflush size	: 64
cache_alignment	: 64
address sizes	: 39 bits physical, 48 bits virtual
power management:

processor	: 8
vendor_id	: GenuineIntel
cpu family	: 6
model		: 158
model name	: Intel(R) Core(TM) i7-8750H CPU @ 2.20GHz
stepping	: 10
microcode	: 0x96
cpu MHz		: 1127.524
cache size	: 9216 KB
physical id	: 0
siblings	: 12
core id		: 2
cpu cores	: 6
apicid		: 5
initial apicid	: 5
fpu		: yes
fpu_exception	: yes
cpuid level	: 22
wp		: yes
flags		: fpu vme de pse tsc msr pae mce cx8 apic sep mtrr pge mca cmov pat pse36 clflush dts acpi mmx fxsr sse sse2 ss ht tm pbe syscall nx pdpe1gb rdtscp lm constant_tsc art arch_perfmon pebs bts rep_good nopl xtopology nonstop_tsc cpuid aperfmperf tsc_known_freq pni pclmulqdq dtes64 monitor ds_cpl vmx est tm2 ssse3 sdbg fma cx16 xtpr pdcm pcid sse4_1 sse4_2 x2apic movbe popcnt tsc_deadline_timer aes xsave avx f16c rdrand lahf_lm abm 3dnowprefetch cpuid_fault epb invpcid_single pti ssbd ibrs ibpb stibp tpr_shadow vnmi flexpriority ept vpid fsgsbase tsc_adjust bmi1 avx2 smep bmi2 erms invpcid mpx rdseed adx smap clflushopt intel_pt xsaveopt xsavec xgetbv1 xsaves dtherm ida arat pln pts hwp hwp_notify hwp_act_window hwp_epp flush_l1d
bugs		: cpu_meltdown spectre_v1 spectre_v2 spec_store_bypass l1tf
bogomips	: 4416.00
clflush size	: 64
cache_alignment	: 64
address sizes	: 39 bits physical, 48 bits virtual
power management:

processor	: 9
vendor_id	: GenuineIntel
cpu family	: 6
model		: 158
model name	: Intel(R) Core(TM) i7-8750H CPU @ 2.20GHz
stepping	: 10
microcode	: 0x96
cpu MHz		: 933.420
cache size	: 9216 KB
physical id	: 0
siblings	: 12
core id		: 3
cpu cores	: 6
apicid		: 7
initial apicid	: 7
fpu		: yes
fpu_exception	: yes
cpuid level	: 22
wp		: yes
flags		: fpu vme de pse tsc msr pae mce cx8 apic sep mtrr pge mca cmov pat pse36 clflush dts acpi mmx fxsr sse sse2 ss ht tm pbe syscall nx pdpe1gb rdtscp lm constant_tsc art arch_perfmon pebs bts rep_good nopl xtopology nonstop_tsc cpuid aperfmperf tsc_known_freq pni pclmulqdq dtes64 monitor ds_cpl vmx est tm2 ssse3 sdbg fma cx16 xtpr pdcm pcid sse4_1 sse4_2 x2apic movbe popcnt tsc_deadline_timer aes xsave avx f16c rdrand lahf_lm abm 3dnowprefetch cpuid_fault epb invpcid_single pti ssbd ibrs ibpb stibp tpr_shadow vnmi flexpriority ept vpid fsgsbase tsc_adjust bmi1 avx2 smep bmi2 erms invpcid mpx rdseed adx smap clflushopt intel_pt xsaveopt xsavec xgetbv1 xsaves dtherm ida arat pln pts hwp hwp_notify hwp_act_window hwp_epp flush_l1d
bugs		: cpu_meltdown spectre_v1 spectre_v2 spec_store_bypass l1tf
bogomips	: 4416.00
clflush size	: 64
cache_alignment	: 64
address sizes	: 39 bits physical, 48 bits virtual
power management:

processor	: 10
vendor_id	: GenuineIntel
cpu family	: 6
model		: 158
model name	: Intel(R) Core(TM) i7-8750H CPU @ 2.20GHz
stepping	: 10
microcode	: 0x96
cpu MHz		: 804.099
cache size	: 9216 KB
physical id	: 0
siblings	: 12
core id		: 4
cpu cores	: 6
apicid		: 9
initial apicid	: 9
fpu		: yes
fpu_exception	: yes
cpuid level	: 22
wp		: yes
flags		: fpu vme de pse tsc msr pae mce cx8 apic sep mtrr pge mca cmov pat pse36 clflush dts acpi mmx fxsr sse sse2 ss ht tm pbe syscall nx pdpe1gb rdtscp lm constant_tsc art arch_perfmon pebs bts rep_good nopl xtopology nonstop_tsc cpuid aperfmperf tsc_known_freq pni pclmulqdq dtes64 monitor ds_cpl vmx est tm2 ssse3 sdbg fma cx16 xtpr pdcm pcid sse4_1 sse4_2 x2apic movbe popcnt tsc_deadline_timer aes xsave avx f16c rdrand lahf_lm abm 3dnowprefetch cpuid_fault epb invpcid_single pti ssbd ibrs ibpb stibp tpr_shadow vnmi flexpriority ept vpid fsgsbase tsc_adjust bmi1 avx2 smep bmi2 erms invpcid mpx rdseed adx smap clflushopt intel_pt xsaveopt xsavec xgetbv1 xsaves dtherm ida arat pln pts hwp hwp_notify hwp_act_window hwp_epp flush_l1d
bugs		: cpu_meltdown spectre_v1 spectre_v2 spec_store_bypass l1tf
bogomips	: 4416.00
clflush size	: 64
cache_alignment	: 64
address sizes	: 39 bits physical, 48 bits virtual
power management:

processor	: 11
vendor_id	: GenuineIntel
cpu family	: 6
model		: 158
model name	: Intel(R) Core(TM) i7-8750H CPU @ 2.20GHz
stepping	: 10
microcode	: 0x96
cpu MHz		: 832.940
cache size	: 9216 KB
physical id	: 0
siblings	: 12
core id		: 5
cpu cores	: 6
apicid		: 11
initial apicid	: 11
fpu		: yes
fpu_exception	: yes
cpuid level	: 22
wp		: yes
flags		: fpu vme de pse tsc msr pae mce cx8 apic sep mtrr pge mca cmov pat pse36 clflush dts acpi mmx fxsr sse sse2 ss ht tm pbe syscall nx pdpe1gb rdtscp lm constant_tsc art arch_perfmon pebs bts rep_good nopl xtopology nonstop_tsc cpuid aperfmperf tsc_known_freq pni pclmulqdq dtes64 monitor ds_cpl vmx est tm2 ssse3 sdbg fma cx16 xtpr pdcm pcid sse4_1 sse4_2 x2apic movbe popcnt tsc_deadline_timer aes xsave avx f16c rdrand lahf_lm abm 3dnowprefetch cpuid_fault epb invpcid_single pti ssbd ibrs ibpb stibp tpr_shadow vnmi flexpriority ept vpid fsgsbase tsc_adjust bmi1 avx2 smep bmi2 erms invpcid mpx rdseed adx smap clflushopt intel_pt xsaveopt xsavec xgetbv1 xsaves dtherm ida arat pln pts hwp hwp_notify hwp_act_window hwp_epp flush_l1d
bugs		: cpu_meltdown spectre_v1 spectre_v2 spec_store_bypass l1tf
bogomips	: 4416.00
clflush size	: 64
cache_alignment	: 64
address sizes	: 39 bits physical, 48 bits virtual
power management:



Memory: 4k page, physical 16294960k(3222920k free), swap 20981756k(20981756k free)

vm_info: OpenJDK 64-Bit Server VM (25.212-b03) for linux-amd64 JRE (1.8.0_212-8u212-b03-0ubuntu1.16.04.1-b03), built on Apr 26 2019 02:02:50 by "buildd" with gcc 5.4.0 20160609

time: Mon May 27 14:41:25 2019
timezone: EDT
elapsed time: 0 seconds (0d 0h 0m 0s)

