#
# A fatal error has been detected by the Java Runtime Environment:
#
#  SIGSEGV (0xb) at pc=0x00007f2011f88a2b, pid=29927, tid=0x00007f2013f4b700
#
# JRE version: OpenJDK Runtime Environment (8.0_212-b03) (build 1.8.0_212-8u212-b03-0ubuntu1.16.04.1-b03)
# Java VM: OpenJDK 64-Bit Server VM (25.212-b03 mixed mode linux-amd64 compressed oops)
# Problematic frame:
# C  [libstdc++.so.6+0x121a2b]  std::__cxx11::basic_string<char, std::char_traits<char>, std::allocator<char> > std::operator+<char, std::char_traits<char>, std::allocator<char> >(std::__cxx11::basic_string<char, std::char_traits<char>, std::allocator<char> > const&, std::__cxx11::basic_string<char, std::char_traits<char>, std::allocator<char> > const&)+0x2b
#
# Failed to write core dump. Core dumps have been disabled. To enable core dumping, try "ulimit -c unlimited" before starting Java again
#
# If you would like to submit a bug report, please visit:
#   http://bugreport.java.com/bugreport/crash.jsp
# The crash happened outside the Java Virtual Machine in native code.
# See problematic frame for where to report the bug.
#

---------------  T H R E A D  ---------------

Current thread (0x00007f200c00a800):  JavaThread "main" [_thread_in_native, id=29934, stack(0x00007f2013e4b000,0x00007f2013f4c000)]

siginfo: si_signo: 11 (SIGSEGV), si_code: 1 (SEGV_MAPERR), si_addr: 0x0000000000000000

Registers:
RAX=0x0000000000000000, RBX=0x00007f2013f4a190, RCX=0x00007f200c000020, RDX=0xf7dd234b6724f100
RSP=0x00007f2013f4a110, RBP=0x0000000000000000, RSI=0x00007f200c141f70, RDI=0x00007f200c141e10
R8 =0x0000000000000000, R9 =0x0000000000000000, R10=0x0000000000000000, R11=0x00007f2011f88a00
R12=0x00007f2013f4a1a0, R13=0x00007f1ffb13fae0, R14=0x00007f2013f4a938, R15=0x00007f200c00a800
RIP=0x00007f2011f88a2b, EFLAGS=0x0000000000010202, CSGSFS=0x002b000000000033, ERR=0x0000000000000004
  TRAPNO=0x000000000000000e

Top of Stack: (sp=0x00007f2013f4a110)
0x00007f2013f4a110:   0000000000000001 00007f2013f4a5d0
0x00007f2013f4a120:   0000000000000000 00007f1fe323001d
0x00007f2013f4a130:   00007f1fe321ff00 0000000000000000
0x00007f2013f4a140:   00007f2013f4a670 00007f200c141c00
0x00007f2013f4a150:   00007f200c1421a0 0000000000000035
0x00007f2013f4a160:   0000000000000035 00007f200c141cc0
0x00007f2013f4a170:   00007f200c141f70 0000000000000036
0x00007f2013f4a180:   000000000000006a 00007f200c141c00
0x00007f2013f4a190:   00007f200c141e10 0000000000000036
0x00007f2013f4a1a0:   0000000000000036 00007f1ffb13fae0
0x00007f2013f4a1b0:   72662f656d6f682f 6d6977732f6b6e61
0x00007f2013f4a1c0:   6465646e65747845 78652f6d6977732f
0x00007f2013f4a1d0:   702f73656c706d61 7869665f6d736972
0x00007f2013f4a1e0:   000000687461705f 00007f1fe321ff00
0x00007f2013f4a1f0:   00007f2013f4a5c0 00007f2013d63f5a
0x00007f2013f4a200:   0000000000000000 00007f201386b90d
0x00007f2013f4a210:   0000000000000000 00007f200c000030
0x00007f2013f4a220:   0000000000000000 00007f200c141cc0
0x00007f2013f4a230:   0000000000000000 0000000000000000
0x00007f2013f4a240:   0000000000000000 0000000000000000
0x00007f2013f4a250:   0000000000000000 0000ffff00001fa0
0x00007f2013f4a260:   0000000000000000 ff00000000000000
0x00007f2013f4a270:   736c61662c657572 2c302c302c302c65
0x00007f2013f4a280:   3334203439383334 6170203120323838
0x00007f2013f4a290:   3220226b636f6c64 226c616e6966223d
0x00007f2013f4a2a0:   72636e692c6f675f 6d6d694465736165
0x00007f2013f4a2b0:   6e692c6f675f7265 6944657361657263
0x00007f2013f4a2c0:   6573755f72656d6d 6165726365642c64
0x00007f2013f4a2d0:   72656d6d69446573 726365642c6f675f
0x00007f2013f4a2e0:   0000000000000000 0000000000000000
0x00007f2013f4a2f0:   0000000000000000 0000000000000000
0x00007f2013f4a300:   0000000000000000 0000000000000000 

Instructions: (pc=0x00007f2011f88a2b)
0x00007f2011f88a0b:   48 89 fb 4c 89 27 48 8b 06 48 83 ec 08 48 89 c2
0x00007f2011f88a1b:   48 03 56 08 6a 00 48 89 c6 e8 77 5c f6 ff 58 5a
0x00007f2011f88a2b:   48 8b 75 00 48 8b 55 08 48 89 df e8 e5 6a f6 ff
0x00007f2011f88a3b:   48 89 d8 5b 5d 41 5c c3 48 89 c5 48 8b 3b 4c 39 

Register to memory mapping:

RAX=0x0000000000000000 is an unknown value
RBX=0x00007f2013f4a190 is pointing into the stack for thread: 0x00007f200c00a800
RCX=0x00007f200c000020 is an unknown value
RDX=0xf7dd234b6724f100 is an unknown value
RSP=0x00007f2013f4a110 is pointing into the stack for thread: 0x00007f200c00a800
RBP=0x0000000000000000 is an unknown value
RSI=0x00007f200c141f70 is an unknown value
RDI=0x00007f200c141e10 is an unknown value
R8 =0x0000000000000000 is an unknown value
R9 =0x0000000000000000 is an unknown value
R10=0x0000000000000000 is an unknown value
R11=0x00007f2011f88a00: _ZStplIcSt11char_traitsIcESaIcEENSt7__cxx1112basic_stringIT_T0_T1_EERKS8_SA_+0 in /usr/lib/x86_64-linux-gnu/libstdc++.so.6 at 0x00007f2011e67000
R12=0x00007f2013f4a1a0 is pointing into the stack for thread: 0x00007f200c00a800
R13={method} {0x00007f1ffb13fae0} 'AdaptationPlanner_plan__SWIG_2' '(JLAdaptationPlanner;Ljava/lang/String;Ljava/lang/String;)J' in 'APJNI'
R14=0x00007f2013f4a938 is pointing into the stack for thread: 0x00007f200c00a800
R15=0x00007f200c00a800 is a thread


Stack: [0x00007f2013e4b000,0x00007f2013f4c000],  sp=0x00007f2013f4a110,  free space=1020k
Native frames: (J=compiled Java code, j=interpreted, Vv=VM code, C=native code)
C  [libstdc++.so.6+0x121a2b]  std::__cxx11::basic_string<char, std::char_traits<char>, std::allocator<char> > std::operator+<char, std::char_traits<char>, std::allocator<char> >(std::__cxx11::basic_string<char, std::char_traits<char>, std::allocator<char> > const&, std::__cxx11::basic_string<char, std::char_traits<char>, std::allocator<char> > const&)+0x2b

Java frames: (J=compiled Java code, j=interpreted, Vv=VM code)
j  APJNI.AdaptationPlanner_plan__SWIG_2(JLAdaptationPlanner;Ljava/lang/String;Ljava/lang/String;)J+0
j  AdaptationPlanner.plan(Ljava/lang/String;Ljava/lang/String;)LSWIGTYPE_p_std__vectorT_std__string_t;+11
j  connect.main([Ljava/lang/String;)V+72
v  ~StubRoutines::call_stub

---------------  P R O C E S S  ---------------

Java Threads: ( => current thread )
  0x00007f200c0d7000 JavaThread "Service Thread" daemon [_thread_blocked, id=29953, stack(0x00007f1fe3540000,0x00007f1fe3641000)]
  0x00007f200c0cb800 JavaThread "C1 CompilerThread3" daemon [_thread_blocked, id=29952, stack(0x00007f1ff80fc000,0x00007f1ff81fd000)]
  0x00007f200c0c9800 JavaThread "C2 CompilerThread2" daemon [_thread_blocked, id=29951, stack(0x00007f1ff81fd000,0x00007f1ff82fe000)]
  0x00007f200c0c8000 JavaThread "C2 CompilerThread1" daemon [_thread_blocked, id=29950, stack(0x00007f1ff82fe000,0x00007f1ff83ff000)]
  0x00007f200c0c5000 JavaThread "C2 CompilerThread0" daemon [_thread_blocked, id=29949, stack(0x00007f1ff83ff000,0x00007f1ff8500000)]
  0x00007f200c0c3800 JavaThread "Signal Dispatcher" daemon [_thread_blocked, id=29948, stack(0x00007f1ff8500000,0x00007f1ff8601000)]
  0x00007f200c090800 JavaThread "Finalizer" daemon [_thread_blocked, id=29947, stack(0x00007f1ff8601000,0x00007f1ff8702000)]
  0x00007f200c08e000 JavaThread "Reference Handler" daemon [_thread_blocked, id=29946, stack(0x00007f1ff8702000,0x00007f1ff8803000)]
=>0x00007f200c00a800 JavaThread "main" [_thread_in_native, id=29934, stack(0x00007f2013e4b000,0x00007f2013f4c000)]

Other Threads:
  0x00007f200c084800 VMThread [stack: 0x00007f1ff8803000,0x00007f1ff8904000] [id=29945]
  0x00007f200c0d9800 WatcherThread [stack: 0x00007f1fe343f000,0x00007f1fe3540000] [id=29954]

VM state:not at safepoint (normal execution)

VM Mutex/Monitor currently owned by a thread: None

heap address: 0x00000006c7400000, size: 3980 MB, Compressed Oops mode: Zero based, Oop shift amount: 3
Narrow klass base: 0x0000000000000000, Narrow klass shift: 3
Compressed class space size: 1073741824 Address: 0x00000007c0000000

Heap:
 PSYoungGen      total 74752K, used 1290K [0x000000076d180000, 0x0000000772480000, 0x00000007c0000000)
  eden space 64512K, 2% used [0x000000076d180000,0x000000076d2c2900,0x0000000771080000)
  from space 10240K, 0% used [0x0000000771a80000,0x0000000771a80000,0x0000000772480000)
  to   space 10240K, 0% used [0x0000000771080000,0x0000000771080000,0x0000000771a80000)
 ParOldGen       total 171008K, used 0K [0x00000006c7400000, 0x00000006d1b00000, 0x000000076d180000)
  object space 171008K, 0% used [0x00000006c7400000,0x00000006c7400000,0x00000006d1b00000)
 Metaspace       used 2560K, capacity 4496K, committed 4864K, reserved 1056768K
  class space    used 270K, capacity 388K, committed 512K, reserved 1048576K

Card table byte_map: [0x00007f1ffc839000,0x00007f1ffd000000] byte_map_base: 0x00007f1ff91ff000

Marking Bits: (ParMarkBitMap*) 0x00007f201311c580
 Begin Bits: [0x00007f1fcc3a0000, 0x00007f1fd01d0000)
 End Bits:   [0x00007f1fd01d0000, 0x00007f1fd4000000)

Polling page: 0x00007f2013f6f000

CodeCache: size=245760Kb used=1090Kb max_used=1090Kb free=244669Kb
 bounds [0x00007f1ffd000000, 0x00007f1ffd270000, 0x00007f200c000000]
 total_blobs=252 nmethods=17 adapters=151
 compilation: enabled

Compilation events (10 events):
Event: 0.081 Thread 0x00007f200c0cb800   13       3       java.lang.AbstractStringBuilder::append (50 bytes)
Event: 0.082 Thread 0x00007f200c0cb800 nmethod 13 0x00007f1ffd10d3d0 code [0x00007f1ffd10d5a0, 0x00007f1ffd10dcf8]
Event: 0.082 Thread 0x00007f200c0cb800   14       3       java.lang.String::getChars (62 bytes)
Event: 0.082 Thread 0x00007f200c0cb800 nmethod 14 0x00007f1ffd10e010 code [0x00007f1ffd10e1c0, 0x00007f1ffd10e5f8]
Event: 0.083 Thread 0x00007f200c0cb800   15       3       java.lang.System::getSecurityManager (4 bytes)
Event: 0.083 Thread 0x00007f200c0cb800 nmethod 15 0x00007f1ffd10e810 code [0x00007f1ffd10e960, 0x00007f1ffd10eab0]
Event: 0.083 Thread 0x00007f200c0cb800   16       3       sun.nio.cs.UTF_8$Encoder::encode (359 bytes)
Event: 0.084 Thread 0x00007f200c0cb800 nmethod 16 0x00007f1ffd10f4d0 code [0x00007f1ffd10f6c0, 0x00007f1ffd1101f8]
Event: 0.084 Thread 0x00007f200c0cb800   17       3       java.lang.StringBuilder::append (8 bytes)
Event: 0.085 Thread 0x00007f200c0cb800 nmethod 17 0x00007f1ffd110850 code [0x00007f1ffd1109c0, 0x00007f1ffd110b48]

GC Heap History (0 events):
No events

Deoptimization events (0 events):
No events

Classes redefined (0 events):
No events

Internal exceptions (2 events):
Event: 0.055 Thread 0x00007f200c00a800 Exception <a 'java/lang/NoSuchMethodError': Method sun.misc.Unsafe.defineClass(Ljava/lang/String;[BII)Ljava/lang/Class; name or signature does not match> (0x000000076d187cb0) thrown at [/build/openjdk-8-lHVHKD/openjdk-8-8u212-b03/src/hotspot/src/share/vm/
Event: 0.055 Thread 0x00007f200c00a800 Exception <a 'java/lang/NoSuchMethodError': Method sun.misc.Unsafe.prefetchRead(Ljava/lang/Object;J)V name or signature does not match> (0x000000076d187f98) thrown at [/build/openjdk-8-lHVHKD/openjdk-8-8u212-b03/src/hotspot/src/share/vm/prims/jni.cpp, lin

Events (10 events):
Event: 0.082 loading class java/nio/charset/CoderResult$2
Event: 0.082 loading class java/nio/charset/CoderResult$2 done
Event: 0.082 loading class AdaptationPlanner
Event: 0.082 loading class AdaptationPlanner done
Event: 0.083 loading class APJNI
Event: 0.083 loading class APJNI done
Event: 0.083 loading class SWIGTYPE_p_std__string
Event: 0.083 loading class SWIGTYPE_p_std__string done
Event: 0.083 loading class SWIGTYPE_p_std__vectorT_std__string_t
Event: 0.083 loading class SWIGTYPE_p_std__vectorT_std__string_t done


Dynamic libraries:
00400000-00401000 r-xp 00000000 08:03 525465                             /usr/lib/jvm/java-8-openjdk-amd64/jre/bin/java
00600000-00601000 r--p 00000000 08:03 525465                             /usr/lib/jvm/java-8-openjdk-amd64/jre/bin/java
00601000-00602000 rw-p 00001000 08:03 525465                             /usr/lib/jvm/java-8-openjdk-amd64/jre/bin/java
007f6000-00817000 rw-p 00000000 00:00 0                                  [heap]
6c7400000-6d1b00000 rw-p 00000000 00:00 0 
6d1b00000-76d180000 ---p 00000000 00:00 0 
76d180000-772480000 rw-p 00000000 00:00 0 
772480000-7c0000000 ---p 00000000 00:00 0 
7c0000000-7c0080000 rw-p 00000000 00:00 0 
7c0080000-800000000 ---p 00000000 00:00 0 
7f1f90000000-7f1f90021000 rw-p 00000000 00:00 0 
7f1f90021000-7f1f94000000 ---p 00000000 00:00 0 
7f1f98000000-7f1f98021000 rw-p 00000000 00:00 0 
7f1f98021000-7f1f9c000000 ---p 00000000 00:00 0 
7f1f9c000000-7f1f9c021000 rw-p 00000000 00:00 0 
7f1f9c021000-7f1fa0000000 ---p 00000000 00:00 0 
7f1fa0000000-7f1fa0021000 rw-p 00000000 00:00 0 
7f1fa0021000-7f1fa4000000 ---p 00000000 00:00 0 
7f1fa4000000-7f1fa4021000 rw-p 00000000 00:00 0 
7f1fa4021000-7f1fa8000000 ---p 00000000 00:00 0 
7f1fa8000000-7f1fa8021000 rw-p 00000000 00:00 0 
7f1fa8021000-7f1fac000000 ---p 00000000 00:00 0 
7f1fac000000-7f1fac05e000 rw-p 00000000 00:00 0 
7f1fac05e000-7f1fb0000000 ---p 00000000 00:00 0 
7f1fb0000000-7f1fb0021000 rw-p 00000000 00:00 0 
7f1fb0021000-7f1fb4000000 ---p 00000000 00:00 0 
7f1fb4000000-7f1fb4021000 rw-p 00000000 00:00 0 
7f1fb4021000-7f1fb8000000 ---p 00000000 00:00 0 
7f1fb8000000-7f1fb8021000 rw-p 00000000 00:00 0 
7f1fb8021000-7f1fbc000000 ---p 00000000 00:00 0 
7f1fbc000000-7f1fbc021000 rw-p 00000000 00:00 0 
7f1fbc021000-7f1fc0000000 ---p 00000000 00:00 0 
7f1fc0000000-7f1fc0021000 rw-p 00000000 00:00 0 
7f1fc0021000-7f1fc4000000 ---p 00000000 00:00 0 
7f1fc8000000-7f1fc8021000 rw-p 00000000 00:00 0 
7f1fc8021000-7f1fcc000000 ---p 00000000 00:00 0 
7f1fcc3a0000-7f1fd4000000 rw-p 00000000 00:00 0 
7f1fd4000000-7f1fd4021000 rw-p 00000000 00:00 0 
7f1fd4021000-7f1fd8000000 ---p 00000000 00:00 0 
7f1fdc000000-7f1fdc021000 rw-p 00000000 00:00 0 
7f1fdc021000-7f1fe0000000 ---p 00000000 00:00 0 
7f1fe321c000-7f1fe323d000 r-xp 00000000 08:05 6030287                    /home/frank/swimExtended/swim/examples/prism_fix_path/src/module.so
7f1fe323d000-7f1fe343d000 ---p 00021000 08:05 6030287                    /home/frank/swimExtended/swim/examples/prism_fix_path/src/module.so
7f1fe343d000-7f1fe343e000 r--p 00021000 08:05 6030287                    /home/frank/swimExtended/swim/examples/prism_fix_path/src/module.so
7f1fe343e000-7f1fe343f000 rw-p 00022000 08:05 6030287                    /home/frank/swimExtended/swim/examples/prism_fix_path/src/module.so
7f1fe343f000-7f1fe3440000 ---p 00000000 00:00 0 
7f1fe3440000-7f1fe3540000 rw-p 00000000 00:00 0 
7f1fe3540000-7f1fe3543000 ---p 00000000 00:00 0 
7f1fe3543000-7f1fe3641000 rw-p 00000000 00:00 0 
7f1fe3641000-7f1fe4000000 r--p 00000000 08:03 400840                     /usr/lib/locale/locale-archive
7f1fe4000000-7f1fe4021000 rw-p 00000000 00:00 0 
7f1fe4021000-7f1fe8000000 ---p 00000000 00:00 0 
7f1fe8000000-7f1fe8021000 rw-p 00000000 00:00 0 
7f1fe8021000-7f1fec000000 ---p 00000000 00:00 0 
7f1fec000000-7f1fec021000 rw-p 00000000 00:00 0 
7f1fec021000-7f1ff0000000 ---p 00000000 00:00 0 
7f1ff0000000-7f1ff0021000 rw-p 00000000 00:00 0 
7f1ff0021000-7f1ff4000000 ---p 00000000 00:00 0 
7f1ff4000000-7f1ff4021000 rw-p 00000000 00:00 0 
7f1ff4021000-7f1ff8000000 ---p 00000000 00:00 0 
7f1ff80c6000-7f1ff80e1000 r--s 001d6000 08:03 395042                     /usr/lib/jvm/java-8-openjdk-amd64/jre/lib/ext/nashorn.jar
7f1ff80e1000-7f1ff80fc000 r--s 00394000 08:03 395041                     /usr/lib/jvm/java-8-openjdk-amd64/jre/lib/ext/cldrdata.jar
7f1ff80fc000-7f1ff80ff000 ---p 00000000 00:00 0 
7f1ff80ff000-7f1ff81fd000 rw-p 00000000 00:00 0 
7f1ff81fd000-7f1ff8200000 ---p 00000000 00:00 0 
7f1ff8200000-7f1ff82fe000 rw-p 00000000 00:00 0 
7f1ff82fe000-7f1ff8301000 ---p 00000000 00:00 0 
7f1ff8301000-7f1ff83ff000 rw-p 00000000 00:00 0 
7f1ff83ff000-7f1ff8402000 ---p 00000000 00:00 0 
7f1ff8402000-7f1ff8500000 rw-p 00000000 00:00 0 
7f1ff8500000-7f1ff8503000 ---p 00000000 00:00 0 
7f1ff8503000-7f1ff8601000 rw-p 00000000 00:00 0 
7f1ff8601000-7f1ff8604000 ---p 00000000 00:00 0 
7f1ff8604000-7f1ff8702000 rw-p 00000000 00:00 0 
7f1ff8702000-7f1ff8705000 ---p 00000000 00:00 0 
7f1ff8705000-7f1ff8803000 rw-p 00000000 00:00 0 
7f1ff8803000-7f1ff8804000 ---p 00000000 00:00 0 
7f1ff8804000-7f1ffab6f000 rw-p 00000000 00:00 0 
7f1ffab6f000-7f1ffad3e000 r--s 03c3b000 08:03 394713                     /usr/lib/jvm/java-8-openjdk-amd64/jre/lib/rt.jar
7f1ffad3e000-7f1ffb17e000 rw-p 00000000 00:00 0 
7f1ffb17e000-7f1ffb53e000 ---p 00000000 00:00 0 
7f1ffb53e000-7f1ffbd04000 rw-p 00000000 00:00 0 
7f1ffbd04000-7f1ffbd05000 ---p 00000000 00:00 0 
7f1ffbd05000-7f1ffbe05000 rw-p 00000000 00:00 0 
7f1ffbe05000-7f1ffbe06000 ---p 00000000 00:00 0 
7f1ffbe06000-7f1ffbf06000 rw-p 00000000 00:00 0 
7f1ffbf06000-7f1ffbf07000 ---p 00000000 00:00 0 
7f1ffbf07000-7f1ffc007000 rw-p 00000000 00:00 0 
7f1ffc007000-7f1ffc008000 ---p 00000000 00:00 0 
7f1ffc008000-7f1ffc108000 rw-p 00000000 00:00 0 
7f1ffc108000-7f1ffc109000 ---p 00000000 00:00 0 
7f1ffc109000-7f1ffc209000 rw-p 00000000 00:00 0 
7f1ffc209000-7f1ffc20a000 ---p 00000000 00:00 0 
7f1ffc20a000-7f1ffc35e000 rw-p 00000000 00:00 0 
7f1ffc35e000-7f1ffc839000 ---p 00000000 00:00 0 
7f1ffc839000-7f1ffc88d000 rw-p 00000000 00:00 0 
7f1ffc88d000-7f1ffcd67000 ---p 00000000 00:00 0 
7f1ffcd67000-7f1ffcd92000 rw-p 00000000 00:00 0 
7f1ffcd92000-7f1ffcfff000 ---p 00000000 00:00 0 
7f1ffcfff000-7f1ffd000000 rw-p 00000000 00:00 0 
7f1ffd000000-7f1ffd270000 rwxp 00000000 00:00 0 
7f1ffd270000-7f200c000000 ---p 00000000 00:00 0 
7f200c000000-7f200c160000 rw-p 00000000 00:00 0 
7f200c160000-7f2010000000 ---p 00000000 00:00 0 
7f201000f000-7f20100f4000 rw-p 00000000 00:00 0 
7f20100f4000-7f20100f5000 ---p 00000000 00:00 0 
7f20100f5000-7f20101f5000 rw-p 00000000 00:00 0 
7f20101f5000-7f20101f6000 ---p 00000000 00:00 0 
7f20101f6000-7f20102f6000 rw-p 00000000 00:00 0 
7f20102f6000-7f20102f7000 ---p 00000000 00:00 0 
7f20102f7000-7f20103f7000 rw-p 00000000 00:00 0 
7f20103f7000-7f20103f8000 ---p 00000000 00:00 0 
7f20103f8000-7f2010502000 rw-p 00000000 00:00 0 
7f2010502000-7f20108b8000 ---p 00000000 00:00 0 
7f20108b8000-7f20108c0000 r-xp 00000000 08:03 394712                     /usr/lib/jvm/java-8-openjdk-amd64/jre/lib/amd64/libzip.so
7f20108c0000-7f2010abf000 ---p 00008000 08:03 394712                     /usr/lib/jvm/java-8-openjdk-amd64/jre/lib/amd64/libzip.so
7f2010abf000-7f2010ac0000 r--p 00007000 08:03 394712                     /usr/lib/jvm/java-8-openjdk-amd64/jre/lib/amd64/libzip.so
7f2010ac0000-7f2010ac1000 rw-p 00008000 08:03 394712                     /usr/lib/jvm/java-8-openjdk-amd64/jre/lib/amd64/libzip.so
7f2010ac1000-7f2010acc000 r-xp 00000000 08:03 789257                     /lib/x86_64-linux-gnu/libnss_files-2.23.so
7f2010acc000-7f2010ccb000 ---p 0000b000 08:03 789257                     /lib/x86_64-linux-gnu/libnss_files-2.23.so
7f2010ccb000-7f2010ccc000 r--p 0000a000 08:03 789257                     /lib/x86_64-linux-gnu/libnss_files-2.23.so
7f2010ccc000-7f2010ccd000 rw-p 0000b000 08:03 789257                     /lib/x86_64-linux-gnu/libnss_files-2.23.so
7f2010ccd000-7f2010cd3000 rw-p 00000000 00:00 0 
7f2010cd3000-7f2010cde000 r-xp 00000000 08:03 789267                     /lib/x86_64-linux-gnu/libnss_nis-2.23.so
7f2010cde000-7f2010edd000 ---p 0000b000 08:03 789267                     /lib/x86_64-linux-gnu/libnss_nis-2.23.so
7f2010edd000-7f2010ede000 r--p 0000a000 08:03 789267                     /lib/x86_64-linux-gnu/libnss_nis-2.23.so
7f2010ede000-7f2010edf000 rw-p 0000b000 08:03 789267                     /lib/x86_64-linux-gnu/libnss_nis-2.23.so
7f2010edf000-7f2010ef5000 r-xp 00000000 08:03 789251                     /lib/x86_64-linux-gnu/libnsl-2.23.so
7f2010ef5000-7f20110f4000 ---p 00016000 08:03 789251                     /lib/x86_64-linux-gnu/libnsl-2.23.so
7f20110f4000-7f20110f5000 r--p 00015000 08:03 789251                     /lib/x86_64-linux-gnu/libnsl-2.23.so
7f20110f5000-7f20110f6000 rw-p 00016000 08:03 789251                     /lib/x86_64-linux-gnu/libnsl-2.23.so
7f20110f6000-7f20110f8000 rw-p 00000000 00:00 0 
7f20110f8000-7f2011100000 r-xp 00000000 08:03 789253                     /lib/x86_64-linux-gnu/libnss_compat-2.23.so
7f2011100000-7f20112ff000 ---p 00008000 08:03 789253                     /lib/x86_64-linux-gnu/libnss_compat-2.23.so
7f20112ff000-7f2011300000 r--p 00007000 08:03 789253                     /lib/x86_64-linux-gnu/libnss_compat-2.23.so
7f2011300000-7f2011301000 rw-p 00008000 08:03 789253                     /lib/x86_64-linux-gnu/libnss_compat-2.23.so
7f2011301000-7f201132d000 r-xp 00000000 08:03 394694                     /usr/lib/jvm/java-8-openjdk-amd64/jre/lib/amd64/libjava.so
7f201132d000-7f201152c000 ---p 0002c000 08:03 394694                     /usr/lib/jvm/java-8-openjdk-amd64/jre/lib/amd64/libjava.so
7f201152c000-7f201152d000 r--p 0002b000 08:03 394694                     /usr/lib/jvm/java-8-openjdk-amd64/jre/lib/amd64/libjava.so
7f201152d000-7f201152f000 rw-p 0002c000 08:03 394694                     /usr/lib/jvm/java-8-openjdk-amd64/jre/lib/amd64/libjava.so
7f201152f000-7f201153e000 r-xp 00000000 08:03 394683                     /usr/lib/jvm/java-8-openjdk-amd64/jre/lib/amd64/libverify.so
7f201153e000-7f201173d000 ---p 0000f000 08:03 394683                     /usr/lib/jvm/java-8-openjdk-amd64/jre/lib/amd64/libverify.so
7f201173d000-7f201173f000 r--p 0000e000 08:03 394683                     /usr/lib/jvm/java-8-openjdk-amd64/jre/lib/amd64/libverify.so
7f201173f000-7f2011740000 rw-p 00010000 08:03 394683                     /usr/lib/jvm/java-8-openjdk-amd64/jre/lib/amd64/libverify.so
7f2011740000-7f2011747000 r-xp 00000000 08:03 789312                     /lib/x86_64-linux-gnu/librt-2.23.so
7f2011747000-7f2011946000 ---p 00007000 08:03 789312                     /lib/x86_64-linux-gnu/librt-2.23.so
7f2011946000-7f2011947000 r--p 00006000 08:03 789312                     /lib/x86_64-linux-gnu/librt-2.23.so
7f2011947000-7f2011948000 rw-p 00007000 08:03 789312                     /lib/x86_64-linux-gnu/librt-2.23.so
7f2011948000-7f201195e000 r-xp 00000000 08:03 789196                     /lib/x86_64-linux-gnu/libgcc_s.so.1
7f201195e000-7f2011b5d000 ---p 00016000 08:03 789196                     /lib/x86_64-linux-gnu/libgcc_s.so.1
7f2011b5d000-7f2011b5e000 rw-p 00015000 08:03 789196                     /lib/x86_64-linux-gnu/libgcc_s.so.1
7f2011b5e000-7f2011c66000 r-xp 00000000 08:03 789228                     /lib/x86_64-linux-gnu/libm-2.23.so
7f2011c66000-7f2011e65000 ---p 00108000 08:03 789228                     /lib/x86_64-linux-gnu/libm-2.23.so
7f2011e65000-7f2011e66000 r--p 00107000 08:03 789228                     /lib/x86_64-linux-gnu/libm-2.23.so
7f2011e66000-7f2011e67000 rw-p 00108000 08:03 789228                     /lib/x86_64-linux-gnu/libm-2.23.so
7f2011e67000-7f2011fd9000 r-xp 00000000 08:03 404352                     /usr/lib/x86_64-linux-gnu/libstdc++.so.6.0.21
7f2011fd9000-7f20121d9000 ---p 00172000 08:03 404352                     /usr/lib/x86_64-linux-gnu/libstdc++.so.6.0.21
7f20121d9000-7f20121e3000 r--p 00172000 08:03 404352                     /usr/lib/x86_64-linux-gnu/libstdc++.so.6.0.21
7f20121e3000-7f20121e5000 rw-p 0017c000 08:03 404352                     /usr/lib/x86_64-linux-gnu/libstdc++.so.6.0.21
7f20121e5000-7f20121e9000 rw-p 00000000 00:00 0 
7f20121e9000-7f2012e4d000 r-xp 00000000 08:03 394692                     /usr/lib/jvm/java-8-openjdk-amd64/jre/lib/amd64/server/libjvm.so
7f2012e4d000-7f201304c000 ---p 00c64000 08:03 394692                     /usr/lib/jvm/java-8-openjdk-amd64/jre/lib/amd64/server/libjvm.so
7f201304c000-7f20130e0000 r--p 00c63000 08:03 394692                     /usr/lib/jvm/java-8-openjdk-amd64/jre/lib/amd64/server/libjvm.so
7f20130e0000-7f2013109000 rw-p 00cf7000 08:03 394692                     /usr/lib/jvm/java-8-openjdk-amd64/jre/lib/amd64/server/libjvm.so
7f2013109000-7f2013139000 rw-p 00000000 00:00 0 
7f2013139000-7f2013151000 r-xp 00000000 08:03 789304                     /lib/x86_64-linux-gnu/libpthread-2.23.so
7f2013151000-7f2013350000 ---p 00018000 08:03 789304                     /lib/x86_64-linux-gnu/libpthread-2.23.so
7f2013350000-7f2013351000 r--p 00017000 08:03 789304                     /lib/x86_64-linux-gnu/libpthread-2.23.so
7f2013351000-7f2013352000 rw-p 00018000 08:03 789304                     /lib/x86_64-linux-gnu/libpthread-2.23.so
7f2013352000-7f2013356000 rw-p 00000000 00:00 0 
7f2013356000-7f2013359000 r-xp 00000000 08:03 789182                     /lib/x86_64-linux-gnu/libdl-2.23.so
7f2013359000-7f2013558000 ---p 00003000 08:03 789182                     /lib/x86_64-linux-gnu/libdl-2.23.so
7f2013558000-7f2013559000 r--p 00002000 08:03 789182                     /lib/x86_64-linux-gnu/libdl-2.23.so
7f2013559000-7f201355a000 rw-p 00003000 08:03 789182                     /lib/x86_64-linux-gnu/libdl-2.23.so
7f201355a000-7f2013573000 r-xp 00000000 08:03 789349                     /lib/x86_64-linux-gnu/libz.so.1.2.8
7f2013573000-7f2013772000 ---p 00019000 08:03 789349                     /lib/x86_64-linux-gnu/libz.so.1.2.8
7f2013772000-7f2013773000 r--p 00018000 08:03 789349                     /lib/x86_64-linux-gnu/libz.so.1.2.8
7f2013773000-7f2013774000 rw-p 00019000 08:03 789349                     /lib/x86_64-linux-gnu/libz.so.1.2.8
7f2013774000-7f2013934000 r-xp 00000000 08:03 789158                     /lib/x86_64-linux-gnu/libc-2.23.so
7f2013934000-7f2013b34000 ---p 001c0000 08:03 789158                     /lib/x86_64-linux-gnu/libc-2.23.so
7f2013b34000-7f2013b38000 r--p 001c0000 08:03 789158                     /lib/x86_64-linux-gnu/libc-2.23.so
7f2013b38000-7f2013b3a000 rw-p 001c4000 08:03 789158                     /lib/x86_64-linux-gnu/libc-2.23.so
7f2013b3a000-7f2013b3e000 rw-p 00000000 00:00 0 
7f2013b3e000-7f2013b4b000 r-xp 00000000 08:03 394711                     /usr/lib/jvm/java-8-openjdk-amd64/jre/lib/amd64/jli/libjli.so
7f2013b4b000-7f2013d4a000 ---p 0000d000 08:03 394711                     /usr/lib/jvm/java-8-openjdk-amd64/jre/lib/amd64/jli/libjli.so
7f2013d4a000-7f2013d4b000 r--p 0000c000 08:03 394711                     /usr/lib/jvm/java-8-openjdk-amd64/jre/lib/amd64/jli/libjli.so
7f2013d4b000-7f2013d4c000 rw-p 0000d000 08:03 394711                     /usr/lib/jvm/java-8-openjdk-amd64/jre/lib/amd64/jli/libjli.so
7f2013d4c000-7f2013d72000 r-xp 00000000 08:03 789130                     /lib/x86_64-linux-gnu/ld-2.23.so
7f2013d75000-7f2013d7a000 r--s 0003c000 08:03 395045                     /usr/lib/jvm/java-8-openjdk-amd64/jre/lib/ext/sunjce_provider.jar
7f2013d7a000-7f2013e4b000 rw-p 00000000 00:00 0 
7f2013e4b000-7f2013e4e000 ---p 00000000 00:00 0 
7f2013e4e000-7f2013f50000 rw-p 00000000 00:00 0 
7f2013f50000-7f2013f5a000 r--s 00116000 08:03 395048                     /usr/lib/jvm/java-8-openjdk-amd64/jre/lib/ext/localedata.jar
7f2013f5a000-7f2013f5b000 r--s 0000a000 08:03 395046                     /usr/lib/jvm/java-8-openjdk-amd64/jre/lib/ext/jaccess.jar
7f2013f5b000-7f2013f5d000 r--s 00008000 08:03 395044                     /usr/lib/jvm/java-8-openjdk-amd64/jre/lib/ext/sunec.jar
7f2013f5d000-7f2013f5e000 r--s 00010000 08:03 395043                     /usr/lib/jvm/java-8-openjdk-amd64/jre/lib/ext/zipfs.jar
7f2013f5e000-7f2013f60000 r--s 00001000 08:03 395047                     /usr/lib/jvm/java-8-openjdk-amd64/jre/lib/ext/dnsns.jar
7f2013f60000-7f2013f63000 r--s 00039000 08:03 395049                     /usr/lib/jvm/java-8-openjdk-amd64/jre/lib/ext/sunpkcs11.jar
7f2013f63000-7f2013f66000 r--s 0000f000 08:03 395040                     /usr/lib/jvm/java-8-openjdk-amd64/jre/lib/ext/icedtea-sound.jar
7f2013f66000-7f2013f6e000 rw-s 00000000 08:03 1213934                    /tmp/hsperfdata_frank/29927
7f2013f6e000-7f2013f6f000 rw-p 00000000 00:00 0 
7f2013f6f000-7f2013f70000 r--p 00000000 00:00 0 
7f2013f70000-7f2013f71000 rw-p 00000000 00:00 0 
7f2013f71000-7f2013f72000 r--p 00025000 08:03 789130                     /lib/x86_64-linux-gnu/ld-2.23.so
7f2013f72000-7f2013f73000 rw-p 00026000 08:03 789130                     /lib/x86_64-linux-gnu/ld-2.23.so
7f2013f73000-7f2013f74000 rw-p 00000000 00:00 0 
7ffc7f747000-7ffc7f768000 rw-p 00000000 00:00 0                          [stack]
7ffc7f7b8000-7ffc7f7bb000 r--p 00000000 00:00 0                          [vvar]
7ffc7f7bb000-7ffc7f7bd000 r-xp 00000000 00:00 0                          [vdso]
ffffffffff600000-ffffffffff601000 r-xp 00000000 00:00 0                  [vsyscall]

VM Arguments:
jvm_args: -Dfile.encoding=UTF-8 
java_command: connect
java_class_path (initial): /home/frank/swimExtended/swim/examples/prism_fix_path/bin
Launcher Type: SUN_STANDARD

Environment Variables:
PATH=/home/frank/bin:/home/frank/.local/bin:/usr/local/sbin:/usr/local/bin:/usr/sbin:/usr/bin:/sbin:/bin:/usr/games:/usr/local/games:/snap/bin
SHELL=/bin/bash
DISPLAY=:0

Signal Handlers:
SIGSEGV: [libjvm.so+0xa765a0], sa_mask[0]=11111111011111111101111111111110, sa_flags=SA_RESTART|SA_SIGINFO
SIGBUS: [libjvm.so+0xa765a0], sa_mask[0]=11111111011111111101111111111110, sa_flags=SA_RESTART|SA_SIGINFO
SIGFPE: [libjvm.so+0x8bd800], sa_mask[0]=11111111011111111101111111111110, sa_flags=SA_RESTART|SA_SIGINFO
SIGPIPE: [libjvm.so+0x8bd800], sa_mask[0]=11111111011111111101111111111110, sa_flags=SA_RESTART|SA_SIGINFO
SIGXFSZ: [libjvm.so+0x8bd800], sa_mask[0]=11111111011111111101111111111110, sa_flags=SA_RESTART|SA_SIGINFO
SIGILL: [libjvm.so+0x8bd800], sa_mask[0]=11111111011111111101111111111110, sa_flags=SA_RESTART|SA_SIGINFO
SIGUSR1: SIG_DFL, sa_mask[0]=00000000000000000000000000000000, sa_flags=none
SIGUSR2: [libjvm.so+0x8bd6b0], sa_mask[0]=00100000000000000000000000000000, sa_flags=SA_RESTART|SA_SIGINFO
SIGHUP: [libjvm.so+0x8bdd40], sa_mask[0]=11111111011111111101111111111110, sa_flags=SA_RESTART|SA_SIGINFO
SIGINT: [libjvm.so+0x8bdd40], sa_mask[0]=11111111011111111101111111111110, sa_flags=SA_RESTART|SA_SIGINFO
SIGTERM: [libjvm.so+0x8bdd40], sa_mask[0]=11111111011111111101111111111110, sa_flags=SA_RESTART|SA_SIGINFO
SIGQUIT: [libjvm.so+0x8bdd40], sa_mask[0]=11111111011111111101111111111110, sa_flags=SA_RESTART|SA_SIGINFO


---------------  S Y S T E M  ---------------

OS:DISTRIB_ID=Ubuntu
DISTRIB_RELEASE=16.04
DISTRIB_CODENAME=xenial
DISTRIB_DESCRIPTION="Ubuntu 16.04.6 LTS"

uname:Linux 4.15.0-47-generic #50~16.04.1-Ubuntu SMP Fri Mar 15 16:06:21 UTC 2019 x86_64
libc:glibc 2.23 NPTL 2.23 
rlimit: STACK 8192k, CORE 0k, NPROC 63237, NOFILE 1048576, AS infinity
load average:1.10 1.05 1.25

/proc/meminfo:
MemTotal:       16294960 kB
MemFree:         2873640 kB
MemAvailable:    7274584 kB
Buffers:          366568 kB
Cached:          5312028 kB
SwapCached:            0 kB
Active:          8641080 kB
Inactive:        4028540 kB
Active(anon):    6864768 kB
Inactive(anon):  1389048 kB
Active(file):    1776312 kB
Inactive(file):  2639492 kB
Unevictable:         128 kB
Mlocked:             128 kB
SwapTotal:      20981756 kB
SwapFree:       20981756 kB
Dirty:               160 kB
Writeback:           156 kB
AnonPages:       6991280 kB
Mapped:          1480392 kB
Shmem:           1410172 kB
Slab:             420124 kB
SReclaimable:     326328 kB
SUnreclaim:        93796 kB
KernelStack:       24960 kB
PageTables:       117896 kB
NFS_Unstable:          0 kB
Bounce:                0 kB
WritebackTmp:          0 kB
CommitLimit:    29129236 kB
Committed_AS:   23596372 kB
VmallocTotal:   34359738367 kB
VmallocUsed:           0 kB
VmallocChunk:          0 kB
HardwareCorrupted:     0 kB
AnonHugePages:         0 kB
ShmemHugePages:        0 kB
ShmemPmdMapped:        0 kB
CmaTotal:              0 kB
CmaFree:               0 kB
HugePages_Total:       0
HugePages_Free:        0
HugePages_Rsvd:        0
HugePages_Surp:        0
Hugepagesize:       2048 kB
DirectMap4k:      462524 kB
DirectMap2M:    15136768 kB
DirectMap1G:     1048576 kB

container (cgroup) information:
container_type: cgroupv1
cpu_cpuset_cpus: 0-11
cpu_memory_nodes: 0
active_processor_count: 12
cpu_quota: -1
cpu_period: 100000
cpu_shares: -1
memory_limit_in_bytes: -1
memory_and_swap_limit_in_bytes: -2
memory_soft_limit_in_bytes: -1
memory_usage_in_bytes: 12973875200
memory_max_usage_in_bytes: 0


CPU:total 12 (initial active 12) (6 cores per cpu, 2 threads per core) family 6 model 158 stepping 10, cmov, cx8, fxsr, mmx, sse, sse2, sse3, ssse3, sse4.1, sse4.2, popcnt, avx, avx2, aes, clmul, erms, 3dnowpref, lzcnt, ht, tsc, tscinvbit, bmi1, bmi2, adx

/proc/cpuinfo:
processor	: 0
vendor_id	: GenuineIntel
cpu family	: 6
model		: 158
model name	: Intel(R) Core(TM) i7-8750H CPU @ 2.20GHz
stepping	: 10
microcode	: 0x96
cpu MHz		: 4001.229
cache size	: 9216 KB
physical id	: 0
siblings	: 12
core id		: 0
cpu cores	: 6
apicid		: 0
initial apicid	: 0
fpu		: yes
fpu_exception	: yes
cpuid level	: 22
wp		: yes
flags		: fpu vme de pse tsc msr pae mce cx8 apic sep mtrr pge mca cmov pat pse36 clflush dts acpi mmx fxsr sse sse2 ss ht tm pbe syscall nx pdpe1gb rdtscp lm constant_tsc art arch_perfmon pebs bts rep_good nopl xtopology nonstop_tsc cpuid aperfmperf tsc_known_freq pni pclmulqdq dtes64 monitor ds_cpl vmx est tm2 ssse3 sdbg fma cx16 xtpr pdcm pcid sse4_1 sse4_2 x2apic movbe popcnt tsc_deadline_timer aes xsave avx f16c rdrand lahf_lm abm 3dnowprefetch cpuid_fault epb invpcid_single pti ssbd ibrs ibpb stibp tpr_shadow vnmi flexpriority ept vpid fsgsbase tsc_adjust bmi1 avx2 smep bmi2 erms invpcid mpx rdseed adx smap clflushopt intel_pt xsaveopt xsavec xgetbv1 xsaves dtherm ida arat pln pts hwp hwp_notify hwp_act_window hwp_epp flush_l1d
bugs		: cpu_meltdown spectre_v1 spectre_v2 spec_store_bypass l1tf
bogomips	: 4416.00
clflush size	: 64
cache_alignment	: 64
address sizes	: 39 bits physical, 48 bits virtual
power management:

processor	: 1
vendor_id	: GenuineIntel
cpu family	: 6
model		: 158
model name	: Intel(R) Core(TM) i7-8750H CPU @ 2.20GHz
stepping	: 10
microcode	: 0x96
cpu MHz		: 4004.172
cache size	: 9216 KB
physical id	: 0
siblings	: 12
core id		: 1
cpu cores	: 6
apicid		: 2
initial apicid	: 2
fpu		: yes
fpu_exception	: yes
cpuid level	: 22
wp		: yes
flags		: fpu vme de pse tsc msr pae mce cx8 apic sep mtrr pge mca cmov pat pse36 clflush dts acpi mmx fxsr sse sse2 ss ht tm pbe syscall nx pdpe1gb rdtscp lm constant_tsc art arch_perfmon pebs bts rep_good nopl xtopology nonstop_tsc cpuid aperfmperf tsc_known_freq pni pclmulqdq dtes64 monitor ds_cpl vmx est tm2 ssse3 sdbg fma cx16 xtpr pdcm pcid sse4_1 sse4_2 x2apic movbe popcnt tsc_deadline_timer aes xsave avx f16c rdrand lahf_lm abm 3dnowprefetch cpuid_fault epb invpcid_single pti ibrs ibpb stibp tpr_shadow vnmi flexpriority ept vpid fsgsbase tsc_adjust bmi1 avx2 smep bmi2 erms invpcid mpx rdseed adx smap clflushopt intel_pt xsaveopt xsavec xgetbv1 xsaves dtherm ida arat pln pts hwp hwp_notify hwp_act_window hwp_epp
bugs		: cpu_meltdown spectre_v1 spectre_v2 spec_store_bypass l1tf
bogomips	: 4416.00
clflush size	: 64
cache_alignment	: 64
address sizes	: 39 bits physical, 48 bits virtual
power management:

processor	: 2
vendor_id	: GenuineIntel
cpu family	: 6
model		: 158
model name	: Intel(R) Core(TM) i7-8750H CPU @ 2.20GHz
stepping	: 10
microcode	: 0x96
cpu MHz		: 4000.571
cache size	: 9216 KB
physical id	: 0
siblings	: 12
core id		: 2
cpu cores	: 6
apicid		: 4
initial apicid	: 4
fpu		: yes
fpu_exception	: yes
cpuid level	: 22
wp		: yes
flags		: fpu vme de pse tsc msr pae mce cx8 apic sep mtrr pge mca cmov pat pse36 clflush dts acpi mmx fxsr sse sse2 ss ht tm pbe syscall nx pdpe1gb rdtscp lm constant_tsc art arch_perfmon pebs bts rep_good nopl xtopology nonstop_tsc cpuid aperfmperf tsc_known_freq pni pclmulqdq dtes64 monitor ds_cpl vmx est tm2 ssse3 sdbg fma cx16 xtpr pdcm pcid sse4_1 sse4_2 x2apic movbe popcnt tsc_deadline_timer aes xsave avx f16c rdrand lahf_lm abm 3dnowprefetch cpuid_fault epb invpcid_single pti ibrs ibpb stibp tpr_shadow vnmi flexpriority ept vpid fsgsbase tsc_adjust bmi1 avx2 smep bmi2 erms invpcid mpx rdseed adx smap clflushopt intel_pt xsaveopt xsavec xgetbv1 xsaves dtherm ida arat pln pts hwp hwp_notify hwp_act_window hwp_epp
bugs		: cpu_meltdown spectre_v1 spectre_v2 spec_store_bypass l1tf
bogomips	: 4416.00
clflush size	: 64
cache_alignment	: 64
address sizes	: 39 bits physical, 48 bits virtual
power management:

processor	: 3
vendor_id	: GenuineIntel
cpu family	: 6
model		: 158
model name	: Intel(R) Core(TM) i7-8750H CPU @ 2.20GHz
stepping	: 10
microcode	: 0x96
cpu MHz		: 4000.116
cache size	: 9216 KB
physical id	: 0
siblings	: 12
core id		: 3
cpu cores	: 6
apicid		: 6
initial apicid	: 6
fpu		: yes
fpu_exception	: yes
cpuid level	: 22
wp		: yes
flags		: fpu vme de pse tsc msr pae mce cx8 apic sep mtrr pge mca cmov pat pse36 clflush dts acpi mmx fxsr sse sse2 ss ht tm pbe syscall nx pdpe1gb rdtscp lm constant_tsc art arch_perfmon pebs bts rep_good nopl xtopology nonstop_tsc cpuid aperfmperf tsc_known_freq pni pclmulqdq dtes64 monitor ds_cpl vmx est tm2 ssse3 sdbg fma cx16 xtpr pdcm pcid sse4_1 sse4_2 x2apic movbe popcnt tsc_deadline_timer aes xsave avx f16c rdrand lahf_lm abm 3dnowprefetch cpuid_fault epb invpcid_single pti ibrs ibpb stibp tpr_shadow vnmi flexpriority ept vpid fsgsbase tsc_adjust bmi1 avx2 smep bmi2 erms invpcid mpx rdseed adx smap clflushopt intel_pt xsaveopt xsavec xgetbv1 xsaves dtherm ida arat pln pts hwp hwp_notify hwp_act_window hwp_epp
bugs		: cpu_meltdown spectre_v1 spectre_v2 spec_store_bypass l1tf
bogomips	: 4416.00
clflush size	: 64
cache_alignment	: 64
address sizes	: 39 bits physical, 48 bits virtual
power management:

processor	: 4
vendor_id	: GenuineIntel
cpu family	: 6
model		: 158
model name	: Intel(R) Core(TM) i7-8750H CPU @ 2.20GHz
stepping	: 10
microcode	: 0x96
cpu MHz		: 4004.022
cache size	: 9216 KB
physical id	: 0
siblings	: 12
core id		: 4
cpu cores	: 6
apicid		: 8
initial apicid	: 8
fpu		: yes
fpu_exception	: yes
cpuid level	: 22
wp		: yes
flags		: fpu vme de pse tsc msr pae mce cx8 apic sep mtrr pge mca cmov pat pse36 clflush dts acpi mmx fxsr sse sse2 ss ht tm pbe syscall nx pdpe1gb rdtscp lm constant_tsc art arch_perfmon pebs bts rep_good nopl xtopology nonstop_tsc cpuid aperfmperf tsc_known_freq pni pclmulqdq dtes64 monitor ds_cpl vmx est tm2 ssse3 sdbg fma cx16 xtpr pdcm pcid sse4_1 sse4_2 x2apic movbe popcnt tsc_deadline_timer aes xsave avx f16c rdrand lahf_lm abm 3dnowprefetch cpuid_fault epb invpcid_single pti ibrs ibpb stibp tpr_shadow vnmi flexpriority ept vpid fsgsbase tsc_adjust bmi1 avx2 smep bmi2 erms invpcid mpx rdseed adx smap clflushopt intel_pt xsaveopt xsavec xgetbv1 xsaves dtherm ida arat pln pts hwp hwp_notify hwp_act_window hwp_epp
bugs		: cpu_meltdown spectre_v1 spectre_v2 spec_store_bypass l1tf
bogomips	: 4416.00
clflush size	: 64
cache_alignment	: 64
address sizes	: 39 bits physical, 48 bits virtual
power management:

processor	: 5
vendor_id	: GenuineIntel
cpu family	: 6
model		: 158
model name	: Intel(R) Core(TM) i7-8750H CPU @ 2.20GHz
stepping	: 10
microcode	: 0x96
cpu MHz		: 4000.941
cache size	: 9216 KB
physical id	: 0
siblings	: 12
core id		: 5
cpu cores	: 6
apicid		: 10
initial apicid	: 10
fpu		: yes
fpu_exception	: yes
cpuid level	: 22
wp		: yes
flags		: fpu vme de pse tsc msr pae mce cx8 apic sep mtrr pge mca cmov pat pse36 clflush dts acpi mmx fxsr sse sse2 ss ht tm pbe syscall nx pdpe1gb rdtscp lm constant_tsc art arch_perfmon pebs bts rep_good nopl xtopology nonstop_tsc cpuid aperfmperf tsc_known_freq pni pclmulqdq dtes64 monitor ds_cpl vmx est tm2 ssse3 sdbg fma cx16 xtpr pdcm pcid sse4_1 sse4_2 x2apic movbe popcnt tsc_deadline_timer aes xsave avx f16c rdrand lahf_lm abm 3dnowprefetch cpuid_fault epb invpcid_single pti ibrs ibpb stibp tpr_shadow vnmi flexpriority ept vpid fsgsbase tsc_adjust bmi1 avx2 smep bmi2 erms invpcid mpx rdseed adx smap clflushopt intel_pt xsaveopt xsavec xgetbv1 xsaves dtherm ida arat pln pts hwp hwp_notify hwp_act_window hwp_epp
bugs		: cpu_meltdown spectre_v1 spectre_v2 spec_store_bypass l1tf
bogomips	: 4416.00
clflush size	: 64
cache_alignment	: 64
address sizes	: 39 bits physical, 48 bits virtual
power management:

processor	: 6
vendor_id	: GenuineIntel
cpu family	: 6
model		: 158
model name	: Intel(R) Core(TM) i7-8750H CPU @ 2.20GHz
stepping	: 10
microcode	: 0x96
cpu MHz		: 4000.157
cache size	: 9216 KB
physical id	: 0
siblings	: 12
core id		: 0
cpu cores	: 6
apicid		: 1
initial apicid	: 1
fpu		: yes
fpu_exception	: yes
cpuid level	: 22
wp		: yes
flags		: fpu vme de pse tsc msr pae mce cx8 apic sep mtrr pge mca cmov pat pse36 clflush dts acpi mmx fxsr sse sse2 ss ht tm pbe syscall nx pdpe1gb rdtscp lm constant_tsc art arch_perfmon pebs bts rep_good nopl xtopology nonstop_tsc cpuid aperfmperf tsc_known_freq pni pclmulqdq dtes64 monitor ds_cpl vmx est tm2 ssse3 sdbg fma cx16 xtpr pdcm pcid sse4_1 sse4_2 x2apic movbe popcnt tsc_deadline_timer aes xsave avx f16c rdrand lahf_lm abm 3dnowprefetch cpuid_fault epb invpcid_single pti ssbd ibrs ibpb stibp tpr_shadow vnmi flexpriority ept vpid fsgsbase tsc_adjust bmi1 avx2 smep bmi2 erms invpcid mpx rdseed adx smap clflushopt intel_pt xsaveopt xsavec xgetbv1 xsaves dtherm ida arat pln pts hwp hwp_notify hwp_act_window hwp_epp flush_l1d
bugs		: cpu_meltdown spectre_v1 spectre_v2 spec_store_bypass l1tf
bogomips	: 4416.00
clflush size	: 64
cache_alignment	: 64
address sizes	: 39 bits physical, 48 bits virtual
power management:

processor	: 7
vendor_id	: GenuineIntel
cpu family	: 6
model		: 158
model name	: Intel(R) Core(TM) i7-8750H CPU @ 2.20GHz
stepping	: 10
microcode	: 0x96
cpu MHz		: 4003.219
cache size	: 9216 KB
physical id	: 0
siblings	: 12
core id		: 1
cpu cores	: 6
apicid		: 3
initial apicid	: 3
fpu		: yes
fpu_exception	: yes
cpuid level	: 22
wp		: yes
flags		: fpu vme de pse tsc msr pae mce cx8 apic sep mtrr pge mca cmov pat pse36 clflush dts acpi mmx fxsr sse sse2 ss ht tm pbe syscall nx pdpe1gb rdtscp lm constant_tsc art arch_perfmon pebs bts rep_good nopl xtopology nonstop_tsc cpuid aperfmperf tsc_known_freq pni pclmulqdq dtes64 monitor ds_cpl vmx est tm2 ssse3 sdbg fma cx16 xtpr pdcm pcid sse4_1 sse4_2 x2apic movbe popcnt tsc_deadline_timer aes xsave avx f16c rdrand lahf_lm abm 3dnowprefetch cpuid_fault epb invpcid_single pti ssbd ibrs ibpb stibp tpr_shadow vnmi flexpriority ept vpid fsgsbase tsc_adjust bmi1 avx2 smep bmi2 erms invpcid mpx rdseed adx smap clflushopt intel_pt xsaveopt xsavec xgetbv1 xsaves dtherm ida arat pln pts hwp hwp_notify hwp_act_window hwp_epp flush_l1d
bugs		: cpu_meltdown spectre_v1 spectre_v2 spec_store_bypass l1tf
bogomips	: 4416.00
clflush size	: 64
cache_alignment	: 64
address sizes	: 39 bits physical, 48 bits virtual
power management:

processor	: 8
vendor_id	: GenuineIntel
cpu family	: 6
model		: 158
model name	: Intel(R) Core(TM) i7-8750H CPU @ 2.20GHz
stepping	: 10
microcode	: 0x96
cpu MHz		: 4000.496
cache size	: 9216 KB
physical id	: 0
siblings	: 12
core id		: 2
cpu cores	: 6
apicid		: 5
initial apicid	: 5
fpu		: yes
fpu_exception	: yes
cpuid level	: 22
wp		: yes
flags		: fpu vme de pse tsc msr pae mce cx8 apic sep mtrr pge mca cmov pat pse36 clflush dts acpi mmx fxsr sse sse2 ss ht tm pbe syscall nx pdpe1gb rdtscp lm constant_tsc art arch_perfmon pebs bts rep_good nopl xtopology nonstop_tsc cpuid aperfmperf tsc_known_freq pni pclmulqdq dtes64 monitor ds_cpl vmx est tm2 ssse3 sdbg fma cx16 xtpr pdcm pcid sse4_1 sse4_2 x2apic movbe popcnt tsc_deadline_timer aes xsave avx f16c rdrand lahf_lm abm 3dnowprefetch cpuid_fault epb invpcid_single pti ssbd ibrs ibpb stibp tpr_shadow vnmi flexpriority ept vpid fsgsbase tsc_adjust bmi1 avx2 smep bmi2 erms invpcid mpx rdseed adx smap clflushopt intel_pt xsaveopt xsavec xgetbv1 xsaves dtherm ida arat pln pts hwp hwp_notify hwp_act_window hwp_epp flush_l1d
bugs		: cpu_meltdown spectre_v1 spectre_v2 spec_store_bypass l1tf
bogomips	: 4416.00
clflush size	: 64
cache_alignment	: 64
address sizes	: 39 bits physical, 48 bits virtual
power management:

processor	: 9
vendor_id	: GenuineIntel
cpu family	: 6
model		: 158
model name	: Intel(R) Core(TM) i7-8750H CPU @ 2.20GHz
stepping	: 10
microcode	: 0x96
cpu MHz		: 4001.885
cache size	: 9216 KB
physical id	: 0
siblings	: 12
core id		: 3
cpu cores	: 6
apicid		: 7
initial apicid	: 7
fpu		: yes
fpu_exception	: yes
cpuid level	: 22
wp		: yes
flags		: fpu vme de pse tsc msr pae mce cx8 apic sep mtrr pge mca cmov pat pse36 clflush dts acpi mmx fxsr sse sse2 ss ht tm pbe syscall nx pdpe1gb rdtscp lm constant_tsc art arch_perfmon pebs bts rep_good nopl xtopology nonstop_tsc cpuid aperfmperf tsc_known_freq pni pclmulqdq dtes64 monitor ds_cpl vmx est tm2 ssse3 sdbg fma cx16 xtpr pdcm pcid sse4_1 sse4_2 x2apic movbe popcnt tsc_deadline_timer aes xsave avx f16c rdrand lahf_lm abm 3dnowprefetch cpuid_fault epb invpcid_single pti ssbd ibrs ibpb stibp tpr_shadow vnmi flexpriority ept vpid fsgsbase tsc_adjust bmi1 avx2 smep bmi2 erms invpcid mpx rdseed adx smap clflushopt intel_pt xsaveopt xsavec xgetbv1 xsaves dtherm ida arat pln pts hwp hwp_notify hwp_act_window hwp_epp flush_l1d
bugs		: cpu_meltdown spectre_v1 spectre_v2 spec_store_bypass l1tf
bogomips	: 4416.00
clflush size	: 64
cache_alignment	: 64
address sizes	: 39 bits physical, 48 bits virtual
power management:

processor	: 10
vendor_id	: GenuineIntel
cpu family	: 6
model		: 158
model name	: Intel(R) Core(TM) i7-8750H CPU @ 2.20GHz
stepping	: 10
microcode	: 0x96
cpu MHz		: 4000.043
cache size	: 9216 KB
physical id	: 0
siblings	: 12
core id		: 4
cpu cores	: 6
apicid		: 9
initial apicid	: 9
fpu		: yes
fpu_exception	: yes
cpuid level	: 22
wp		: yes
flags		: fpu vme de pse tsc msr pae mce cx8 apic sep mtrr pge mca cmov pat pse36 clflush dts acpi mmx fxsr sse sse2 ss ht tm pbe syscall nx pdpe1gb rdtscp lm constant_tsc art arch_perfmon pebs bts rep_good nopl xtopology nonstop_tsc cpuid aperfmperf tsc_known_freq pni pclmulqdq dtes64 monitor ds_cpl vmx est tm2 ssse3 sdbg fma cx16 xtpr pdcm pcid sse4_1 sse4_2 x2apic movbe popcnt tsc_deadline_timer aes xsave avx f16c rdrand lahf_lm abm 3dnowprefetch cpuid_fault epb invpcid_single pti ssbd ibrs ibpb stibp tpr_shadow vnmi flexpriority ept vpid fsgsbase tsc_adjust bmi1 avx2 smep bmi2 erms invpcid mpx rdseed adx smap clflushopt intel_pt xsaveopt xsavec xgetbv1 xsaves dtherm ida arat pln pts hwp hwp_notify hwp_act_window hwp_epp flush_l1d
bugs		: cpu_meltdown spectre_v1 spectre_v2 spec_store_bypass l1tf
bogomips	: 4416.00
clflush size	: 64
cache_alignment	: 64
address sizes	: 39 bits physical, 48 bits virtual
power management:

processor	: 11
vendor_id	: GenuineIntel
cpu family	: 6
model		: 158
model name	: Intel(R) Core(TM) i7-8750H CPU @ 2.20GHz
stepping	: 10
microcode	: 0x96
cpu MHz		: 4000.313
cache size	: 9216 KB
physical id	: 0
siblings	: 12
core id		: 5
cpu cores	: 6
apicid		: 11
initial apicid	: 11
fpu		: yes
fpu_exception	: yes
cpuid level	: 22
wp		: yes
flags		: fpu vme de pse tsc msr pae mce cx8 apic sep mtrr pge mca cmov pat pse36 clflush dts acpi mmx fxsr sse sse2 ss ht tm pbe syscall nx pdpe1gb rdtscp lm constant_tsc art arch_perfmon pebs bts rep_good nopl xtopology nonstop_tsc cpuid aperfmperf tsc_known_freq pni pclmulqdq dtes64 monitor ds_cpl vmx est tm2 ssse3 sdbg fma cx16 xtpr pdcm pcid sse4_1 sse4_2 x2apic movbe popcnt tsc_deadline_timer aes xsave avx f16c rdrand lahf_lm abm 3dnowprefetch cpuid_fault epb invpcid_single pti ssbd ibrs ibpb stibp tpr_shadow vnmi flexpriority ept vpid fsgsbase tsc_adjust bmi1 avx2 smep bmi2 erms invpcid mpx rdseed adx smap clflushopt intel_pt xsaveopt xsavec xgetbv1 xsaves dtherm ida arat pln pts hwp hwp_notify hwp_act_window hwp_epp flush_l1d
bugs		: cpu_meltdown spectre_v1 spectre_v2 spec_store_bypass l1tf
bogomips	: 4416.00
clflush size	: 64
cache_alignment	: 64
address sizes	: 39 bits physical, 48 bits virtual
power management:



Memory: 4k page, physical 16294960k(2873640k free), swap 20981756k(20981756k free)

vm_info: OpenJDK 64-Bit Server VM (25.212-b03) for linux-amd64 JRE (1.8.0_212-8u212-b03-0ubuntu1.16.04.1-b03), built on Apr 26 2019 02:02:50 by "buildd" with gcc 5.4.0 20160609

time: Sat May 25 14:29:10 2019
timezone: EDT
elapsed time: 1 seconds (0d 0h 0m 1s)

