#
# A fatal error has been detected by the Java Runtime Environment:
#
#  SIGSEGV (0xb) at pc=0x00007f2bf2833a2b, pid=27020, tid=0x00007f2bf47f6700
#
# JRE version: OpenJDK Runtime Environment (8.0_212-b03) (build 1.8.0_212-8u212-b03-0ubuntu1.16.04.1-b03)
# Java VM: OpenJDK 64-Bit Server VM (25.212-b03 mixed mode linux-amd64 compressed oops)
# Problematic frame:
# C  [libstdc++.so.6+0x121a2b]  std::__cxx11::basic_string<char, std::char_traits<char>, std::allocator<char> > std::operator+<char, std::char_traits<char>, std::allocator<char> >(std::__cxx11::basic_string<char, std::char_traits<char>, std::allocator<char> > const&, std::__cxx11::basic_string<char, std::char_traits<char>, std::allocator<char> > const&)+0x2b
#
# Failed to write core dump. Core dumps have been disabled. To enable core dumping, try "ulimit -c unlimited" before starting Java again
#
# If you would like to submit a bug report, please visit:
#   http://bugreport.java.com/bugreport/crash.jsp
# The crash happened outside the Java Virtual Machine in native code.
# See problematic frame for where to report the bug.
#

---------------  T H R E A D  ---------------

Current thread (0x00007f2bec00a800):  JavaThread "main" [_thread_in_native, id=27027, stack(0x00007f2bf46f6000,0x00007f2bf47f7000)]

siginfo: si_signo: 11 (SIGSEGV), si_code: 1 (SEGV_MAPERR), si_addr: 0x0000000000000000

Registers:
RAX=0x0000000000000000, RBX=0x00007f2bf47f5130, RCX=0x00007f2bec000020, RDX=0x9abad9c7f848da00
RSP=0x00007f2bf47f50b0, RBP=0x0000000000000000, RSI=0x00007f2bec141a90, RDI=0x00007f2bec141a50
R8 =0x0000000000000000, R9 =0x0000000000000000, R10=0x0000000000000000, R11=0x00007f2bf2833a00
R12=0x00007f2bf47f5140, R13=0x00007f2bcf43b9b0, R14=0x00007f2bf47f5928, R15=0x00007f2bec00a800
RIP=0x00007f2bf2833a2b, EFLAGS=0x0000000000010202, CSGSFS=0x002b000000000033, ERR=0x0000000000000004
  TRAPNO=0x000000000000000e

Top of Stack: (sp=0x00007f2bf47f50b0)
0x00007f2bf47f50b0:   0000000000000001 00007f2bf47f5570
0x00007f2bf47f50c0:   0000000000000000 00007f2b83df0f5d
0x00007f2bf47f50d0:   0000000000000005 0000000000000000
0x00007f2bf47f50e0:   0000000000000000 00007f2bcf43b9b0
0x00007f2bf47f50f0:   00007f2bec1422e0 0000000000000035
0x00007f2bf47f5100:   0000000000000035 00007f2bf4606ad6
0x00007f2bf47f5110:   00007f2bec141a90 0000000000000036
0x00007f2bf47f5120:   000000000000006a 00007f2bcf43b9b0
0x00007f2bf47f5130:   00007f2bec141a50 0000000000000036
0x00007f2bf47f5140:   0000000000000036 00007f2bf4606ad6
0x00007f2bf47f5150:   72662f656d6f682f 6d6977732f6b6e61
0x00007f2bf47f5160:   6465646e65747845 78652f6d6977732f
0x00007f2bf47f5170:   702f73656c706d61 7869665f6d736972
0x00007f2bf47f5180:   000000687461705f 00007f2bf411690d
0x00007f2bf47f5190:   0000000000000000 00007f2bf47f5558
0x00007f2bf47f51a0:   0000000000000000 0000000000000000
0x00007f2bf47f51b0:   00007f2bf47f6700 0000000000000000
0x00007f2bf47f51c0:   0000000000000001 00007f2bec141430
0x00007f2bf47f51d0:   fffffff0ffffffff 0000ffff00001fa0
0x00007f2bf47f51e0:   0000000000000000 0000000000000000
0x00007f2bf47f51f0:   0000000000000000 0000000000000000
0x00007f2bf47f5200:   0000000000000000 0000000000000000
0x00007f2bf47f5210:   0000000000000000 0000000000000000
0x00007f2bf47f5220:   0000000000000000 0000000000000000
0x00007f2bf47f5230:   0000000000000000 0000000000000000
0x00007f2bf47f5240:   0000000000000000 0000000000000000
0x00007f2bf47f5250:   0000000000000000 0000000000000000
0x00007f2bf47f5260:   0000000000000000 0000000000000000
0x00007f2bf47f5270:   0000000000000000 0000000000000000
0x00007f2bf47f5280:   0000000000000000 0000000000000000
0x00007f2bf47f5290:   0000000000000000 0000000000000000
0x00007f2bf47f52a0:   0000000000000000 ffffffff00ff0000 

Instructions: (pc=0x00007f2bf2833a2b)
0x00007f2bf2833a0b:   48 89 fb 4c 89 27 48 8b 06 48 83 ec 08 48 89 c2
0x00007f2bf2833a1b:   48 03 56 08 6a 00 48 89 c6 e8 77 5c f6 ff 58 5a
0x00007f2bf2833a2b:   48 8b 75 00 48 8b 55 08 48 89 df e8 e5 6a f6 ff
0x00007f2bf2833a3b:   48 89 d8 5b 5d 41 5c c3 48 89 c5 48 8b 3b 4c 39 

Register to memory mapping:

RAX=0x0000000000000000 is an unknown value
RBX=0x00007f2bf47f5130 is pointing into the stack for thread: 0x00007f2bec00a800
RCX=0x00007f2bec000020 is an unknown value
RDX=0x9abad9c7f848da00 is an unknown value
RSP=0x00007f2bf47f50b0 is pointing into the stack for thread: 0x00007f2bec00a800
RBP=0x0000000000000000 is an unknown value
RSI=0x00007f2bec141a90 is an unknown value
RDI=0x00007f2bec141a50 is an unknown value
R8 =0x0000000000000000 is an unknown value
R9 =0x0000000000000000 is an unknown value
R10=0x0000000000000000 is an unknown value
R11=0x00007f2bf2833a00: _ZStplIcSt11char_traitsIcESaIcEENSt7__cxx1112basic_stringIT_T0_T1_EERKS8_SA_+0 in /usr/lib/x86_64-linux-gnu/libstdc++.so.6 at 0x00007f2bf2712000
R12=0x00007f2bf47f5140 is pointing into the stack for thread: 0x00007f2bec00a800
R13={method} {0x00007f2bcf43b9b0} 'AdaptationPlanner_plan__SWIG_0' '(JLAdaptationPlanner;Ljava/lang/String;Ljava/lang/String;JZ)J' in 'APJNI'
R14=0x00007f2bf47f5928 is pointing into the stack for thread: 0x00007f2bec00a800
R15=0x00007f2bec00a800 is a thread


Stack: [0x00007f2bf46f6000,0x00007f2bf47f7000],  sp=0x00007f2bf47f50b0,  free space=1020k
Native frames: (J=compiled Java code, j=interpreted, Vv=VM code, C=native code)
C  [libstdc++.so.6+0x121a2b]  std::__cxx11::basic_string<char, std::char_traits<char>, std::allocator<char> > std::operator+<char, std::char_traits<char>, std::allocator<char> >(std::__cxx11::basic_string<char, std::char_traits<char>, std::allocator<char> > const&, std::__cxx11::basic_string<char, std::char_traits<char>, std::allocator<char> > const&)+0x2b

Java frames: (J=compiled Java code, j=interpreted, Vv=VM code)
j  APJNI.AdaptationPlanner_plan__SWIG_0(JLAdaptationPlanner;Ljava/lang/String;Ljava/lang/String;JZ)J+0
j  AdaptationPlanner.plan(Ljava/lang/String;Ljava/lang/String;LSWIGTYPE_p_std__string;Z)LSWIGTYPE_p_std__vectorT_std__string_t;+17
j  connect.main([Ljava/lang/String;)V+74
v  ~StubRoutines::call_stub

---------------  P R O C E S S  ---------------

Java Threads: ( => current thread )
  0x00007f2bec0d7000 JavaThread "Service Thread" daemon [_thread_blocked, id=27046, stack(0x00007f2ba819e000,0x00007f2ba829f000)]
  0x00007f2bec0cb800 JavaThread "C1 CompilerThread3" daemon [_thread_blocked, id=27045, stack(0x00007f2ba829f000,0x00007f2ba83a0000)]
  0x00007f2bec0c9800 JavaThread "C2 CompilerThread2" daemon [_thread_blocked, id=27044, stack(0x00007f2bcc0d2000,0x00007f2bcc1d3000)]
  0x00007f2bec0c8000 JavaThread "C2 CompilerThread1" daemon [_thread_blocked, id=27043, stack(0x00007f2bcc1d3000,0x00007f2bcc2d4000)]
  0x00007f2bec0c5000 JavaThread "C2 CompilerThread0" daemon [_thread_blocked, id=27042, stack(0x00007f2bcc2d4000,0x00007f2bcc3d5000)]
  0x00007f2bec0c3800 JavaThread "Signal Dispatcher" daemon [_thread_blocked, id=27041, stack(0x00007f2bcc3d5000,0x00007f2bcc4d6000)]
  0x00007f2bec090800 JavaThread "Finalizer" daemon [_thread_blocked, id=27040, stack(0x00007f2bcce95000,0x00007f2bccf96000)]
  0x00007f2bec08e000 JavaThread "Reference Handler" daemon [_thread_blocked, id=27039, stack(0x00007f2bccf96000,0x00007f2bcd097000)]
=>0x00007f2bec00a800 JavaThread "main" [_thread_in_native, id=27027, stack(0x00007f2bf46f6000,0x00007f2bf47f7000)]

Other Threads:
  0x00007f2bec084800 VMThread [stack: 0x00007f2bcd097000,0x00007f2bcd198000] [id=27038]
  0x00007f2bec0d9800 WatcherThread [stack: 0x00007f2ba809d000,0x00007f2ba819e000] [id=27047]

VM state:not at safepoint (normal execution)

VM Mutex/Monitor currently owned by a thread: None

heap address: 0x00000006c7400000, size: 3980 MB, Compressed Oops mode: Zero based, Oop shift amount: 3
Narrow klass base: 0x0000000000000000, Narrow klass shift: 3
Compressed class space size: 1073741824 Address: 0x00000007c0000000

Heap:
 PSYoungGen      total 74752K, used 1290K [0x000000076d180000, 0x0000000772480000, 0x00000007c0000000)
  eden space 64512K, 2% used [0x000000076d180000,0x000000076d2c2900,0x0000000771080000)
  from space 10240K, 0% used [0x0000000771a80000,0x0000000771a80000,0x0000000772480000)
  to   space 10240K, 0% used [0x0000000771080000,0x0000000771080000,0x0000000771a80000)
 ParOldGen       total 171008K, used 0K [0x00000006c7400000, 0x00000006d1b00000, 0x000000076d180000)
  object space 171008K, 0% used [0x00000006c7400000,0x00000006c7400000,0x00000006d1b00000)
 Metaspace       used 2560K, capacity 4496K, committed 4864K, reserved 1056768K
  class space    used 270K, capacity 388K, committed 512K, reserved 1048576K

Card table byte_map: [0x00007f2bf05dc000,0x00007f2bf0da3000] byte_map_base: 0x00007f2becfa2000

Marking Bits: (ParMarkBitMap*) 0x00007f2bf39c7580
 Begin Bits: [0x00007f2ba83a0000, 0x00007f2bac1d0000)
 End Bits:   [0x00007f2bac1d0000, 0x00007f2bb0000000)

Polling page: 0x00007f2bf481a000

CodeCache: size=245760Kb used=1090Kb max_used=1090Kb free=244669Kb
 bounds [0x00007f2bdd000000, 0x00007f2bdd270000, 0x00007f2bec000000]
 total_blobs=252 nmethods=17 adapters=151
 compilation: enabled

Compilation events (10 events):
Event: 0.043 Thread 0x00007f2bec0cb800   13       3       java.lang.AbstractStringBuilder::append (50 bytes)
Event: 0.043 Thread 0x00007f2bec0cb800 nmethod 13 0x00007f2bdd10d350 code [0x00007f2bdd10d520, 0x00007f2bdd10dc78]
Event: 0.043 Thread 0x00007f2bec0cb800   14       3       java.lang.String::getChars (62 bytes)
Event: 0.044 Thread 0x00007f2bec0cb800 nmethod 14 0x00007f2bdd10df90 code [0x00007f2bdd10e140, 0x00007f2bdd10e578]
Event: 0.045 Thread 0x00007f2bec0cb800   15       3       java.lang.System::getSecurityManager (4 bytes)
Event: 0.045 Thread 0x00007f2bec0cb800 nmethod 15 0x00007f2bdd10e790 code [0x00007f2bdd10e8e0, 0x00007f2bdd10ea30]
Event: 0.045 Thread 0x00007f2bec0cb800   16       3       sun.nio.cs.UTF_8$Encoder::encode (359 bytes)
Event: 0.046 Thread 0x00007f2bec0cb800 nmethod 16 0x00007f2bdd10f450 code [0x00007f2bdd10f640, 0x00007f2bdd110178]
Event: 0.046 Thread 0x00007f2bec0cb800   17       3       java.lang.StringBuilder::append (8 bytes)
Event: 0.046 Thread 0x00007f2bec0cb800 nmethod 17 0x00007f2bdd1107d0 code [0x00007f2bdd110940, 0x00007f2bdd110ac8]

GC Heap History (0 events):
No events

Deoptimization events (0 events):
No events

Classes redefined (0 events):
No events

Internal exceptions (2 events):
Event: 0.019 Thread 0x00007f2bec00a800 Exception <a 'java/lang/NoSuchMethodError': Method sun.misc.Unsafe.defineClass(Ljava/lang/String;[BII)Ljava/lang/Class; name or signature does not match> (0x000000076d187cb0) thrown at [/build/openjdk-8-lHVHKD/openjdk-8-8u212-b03/src/hotspot/src/share/vm/
Event: 0.019 Thread 0x00007f2bec00a800 Exception <a 'java/lang/NoSuchMethodError': Method sun.misc.Unsafe.prefetchRead(Ljava/lang/Object;J)V name or signature does not match> (0x000000076d187f98) thrown at [/build/openjdk-8-lHVHKD/openjdk-8-8u212-b03/src/hotspot/src/share/vm/prims/jni.cpp, lin

Events (10 events):
Event: 0.044 loading class AdaptationPlanner
Event: 0.044 loading class AdaptationPlanner done
Event: 0.045 loading class APJNI
Event: 0.045 loading class APJNI done
Event: 0.045 loading class SWIGTYPE_p_std__string
Event: 0.045 loading class SWIGTYPE_p_std__string done
Event: 0.045 loading class SWIGTYPE_p_std__vectorT_std__string_t
Event: 0.045 loading class SWIGTYPE_p_std__vectorT_std__string_t done
Event: 4.045 Executing VM operation: EnableBiasedLocking
Event: 4.045 Executing VM operation: EnableBiasedLocking done


Dynamic libraries:
00400000-00401000 r-xp 00000000 08:03 525465                             /usr/lib/jvm/java-8-openjdk-amd64/jre/bin/java
00600000-00601000 r--p 00000000 08:03 525465                             /usr/lib/jvm/java-8-openjdk-amd64/jre/bin/java
00601000-00602000 rw-p 00001000 08:03 525465                             /usr/lib/jvm/java-8-openjdk-amd64/jre/bin/java
00e21000-00e42000 rw-p 00000000 00:00 0                                  [heap]
6c7400000-6d1b00000 rw-p 00000000 00:00 0 
6d1b00000-76d180000 ---p 00000000 00:00 0 
76d180000-772480000 rw-p 00000000 00:00 0 
772480000-7c0000000 ---p 00000000 00:00 0 
7c0000000-7c0080000 rw-p 00000000 00:00 0 
7c0080000-800000000 ---p 00000000 00:00 0 
7f2b7c000000-7f2b7c021000 rw-p 00000000 00:00 0 
7f2b7c021000-7f2b80000000 ---p 00000000 00:00 0 
7f2b83ddd000-7f2b83dfe000 r-xp 00000000 08:05 6030287                    /home/frank/swimExtended/swim/examples/prism_fix_path/src/module.so
7f2b83dfe000-7f2b83ffe000 ---p 00021000 08:05 6030287                    /home/frank/swimExtended/swim/examples/prism_fix_path/src/module.so
7f2b83ffe000-7f2b83fff000 r--p 00021000 08:05 6030287                    /home/frank/swimExtended/swim/examples/prism_fix_path/src/module.so
7f2b83fff000-7f2b84000000 rw-p 00022000 08:05 6030287                    /home/frank/swimExtended/swim/examples/prism_fix_path/src/module.so
7f2b84000000-7f2b84025000 rw-p 00000000 00:00 0 
7f2b84025000-7f2b88000000 ---p 00000000 00:00 0 
7f2b88000000-7f2b88021000 rw-p 00000000 00:00 0 
7f2b88021000-7f2b8c000000 ---p 00000000 00:00 0 
7f2b8c000000-7f2b8c021000 rw-p 00000000 00:00 0 
7f2b8c021000-7f2b90000000 ---p 00000000 00:00 0 
7f2b90000000-7f2b90021000 rw-p 00000000 00:00 0 
7f2b90021000-7f2b94000000 ---p 00000000 00:00 0 
7f2b94000000-7f2b94021000 rw-p 00000000 00:00 0 
7f2b94021000-7f2b98000000 ---p 00000000 00:00 0 
7f2b98000000-7f2b9804e000 rw-p 00000000 00:00 0 
7f2b9804e000-7f2b9c000000 ---p 00000000 00:00 0 
7f2b9c000000-7f2b9c021000 rw-p 00000000 00:00 0 
7f2b9c021000-7f2ba0000000 ---p 00000000 00:00 0 
7f2ba0000000-7f2ba0021000 rw-p 00000000 00:00 0 
7f2ba0021000-7f2ba4000000 ---p 00000000 00:00 0 
7f2ba4000000-7f2ba4021000 rw-p 00000000 00:00 0 
7f2ba4021000-7f2ba8000000 ---p 00000000 00:00 0 
7f2ba809d000-7f2ba809e000 ---p 00000000 00:00 0 
7f2ba809e000-7f2ba819e000 rw-p 00000000 00:00 0 
7f2ba819e000-7f2ba81a1000 ---p 00000000 00:00 0 
7f2ba81a1000-7f2ba829f000 rw-p 00000000 00:00 0 
7f2ba829f000-7f2ba82a2000 ---p 00000000 00:00 0 
7f2ba82a2000-7f2bb0000000 rw-p 00000000 00:00 0 
7f2bb0000000-7f2bb0021000 rw-p 00000000 00:00 0 
7f2bb0021000-7f2bb4000000 ---p 00000000 00:00 0 
7f2bb4000000-7f2bb4021000 rw-p 00000000 00:00 0 
7f2bb4021000-7f2bb8000000 ---p 00000000 00:00 0 
7f2bb8000000-7f2bb8021000 rw-p 00000000 00:00 0 
7f2bb8021000-7f2bbc000000 ---p 00000000 00:00 0 
7f2bbc000000-7f2bbc021000 rw-p 00000000 00:00 0 
7f2bbc021000-7f2bc0000000 ---p 00000000 00:00 0 
7f2bc0000000-7f2bc0021000 rw-p 00000000 00:00 0 
7f2bc0021000-7f2bc4000000 ---p 00000000 00:00 0 
7f2bc4000000-7f2bc4021000 rw-p 00000000 00:00 0 
7f2bc4021000-7f2bc8000000 ---p 00000000 00:00 0 
7f2bc8000000-7f2bc8021000 rw-p 00000000 00:00 0 
7f2bc8021000-7f2bcc000000 ---p 00000000 00:00 0 
7f2bcc09c000-7f2bcc0b7000 r--s 001d6000 08:03 395042                     /usr/lib/jvm/java-8-openjdk-amd64/jre/lib/ext/nashorn.jar
7f2bcc0b7000-7f2bcc0d2000 r--s 00394000 08:03 395041                     /usr/lib/jvm/java-8-openjdk-amd64/jre/lib/ext/cldrdata.jar
7f2bcc0d2000-7f2bcc0d5000 ---p 00000000 00:00 0 
7f2bcc0d5000-7f2bcc1d3000 rw-p 00000000 00:00 0 
7f2bcc1d3000-7f2bcc1d6000 ---p 00000000 00:00 0 
7f2bcc1d6000-7f2bcc2d4000 rw-p 00000000 00:00 0 
7f2bcc2d4000-7f2bcc2d7000 ---p 00000000 00:00 0 
7f2bcc2d7000-7f2bcc3d5000 rw-p 00000000 00:00 0 
7f2bcc3d5000-7f2bcc3d8000 ---p 00000000 00:00 0 
7f2bcc3d8000-7f2bcc4d6000 rw-p 00000000 00:00 0 
7f2bcc4d6000-7f2bcce95000 r--p 00000000 08:03 400840                     /usr/lib/locale/locale-archive
7f2bcce95000-7f2bcce98000 ---p 00000000 00:00 0 
7f2bcce98000-7f2bccf96000 rw-p 00000000 00:00 0 
7f2bccf96000-7f2bccf99000 ---p 00000000 00:00 0 
7f2bccf99000-7f2bcd097000 rw-p 00000000 00:00 0 
7f2bcd097000-7f2bcd098000 ---p 00000000 00:00 0 
7f2bcd098000-7f2bcf47a000 rw-p 00000000 00:00 0 
7f2bcf47a000-7f2bcf83a000 ---p 00000000 00:00 0 
7f2bcf83a000-7f2bd0000000 rw-p 00000000 00:00 0 
7f2bd0000000-7f2bd0021000 rw-p 00000000 00:00 0 
7f2bd0021000-7f2bd4000000 ---p 00000000 00:00 0 
7f2bd4000000-7f2bd4021000 rw-p 00000000 00:00 0 
7f2bd4021000-7f2bd8000000 ---p 00000000 00:00 0 
7f2bd8000000-7f2bd8021000 rw-p 00000000 00:00 0 
7f2bd8021000-7f2bdc000000 ---p 00000000 00:00 0 
7f2bdc010000-7f2bdc427000 rw-p 00000000 00:00 0 
7f2bdc427000-7f2bdc5f6000 r--s 03c3b000 08:03 394713                     /usr/lib/jvm/java-8-openjdk-amd64/jre/lib/rt.jar
7f2bdc5f6000-7f2bdc5f7000 ---p 00000000 00:00 0 
7f2bdc5f7000-7f2bdc6f7000 rw-p 00000000 00:00 0 
7f2bdc6f7000-7f2bdc6f8000 ---p 00000000 00:00 0 
7f2bdc6f8000-7f2bdc7f8000 rw-p 00000000 00:00 0 
7f2bdc7f8000-7f2bdc7f9000 ---p 00000000 00:00 0 
7f2bdc7f9000-7f2bdc8f9000 rw-p 00000000 00:00 0 
7f2bdc8f9000-7f2bdc8fa000 ---p 00000000 00:00 0 
7f2bdc8fa000-7f2bdc9fa000 rw-p 00000000 00:00 0 
7f2bdc9fa000-7f2bdc9fb000 ---p 00000000 00:00 0 
7f2bdc9fb000-7f2bdcafb000 rw-p 00000000 00:00 0 
7f2bdcafb000-7f2bdcafc000 ---p 00000000 00:00 0 
7f2bdcafc000-7f2bdcbfc000 rw-p 00000000 00:00 0 
7f2bdcbfc000-7f2bdcbfd000 ---p 00000000 00:00 0 
7f2bdcbfd000-7f2bdccfd000 rw-p 00000000 00:00 0 
7f2bdccfd000-7f2bdccfe000 ---p 00000000 00:00 0 
7f2bdccfe000-7f2bdcdfe000 rw-p 00000000 00:00 0 
7f2bdcdfe000-7f2bdcdff000 ---p 00000000 00:00 0 
7f2bdcdff000-7f2bdceff000 rw-p 00000000 00:00 0 
7f2bdceff000-7f2bdcf00000 ---p 00000000 00:00 0 
7f2bdcf00000-7f2bdd000000 rw-p 00000000 00:00 0 
7f2bdd000000-7f2bdd270000 rwxp 00000000 00:00 0 
7f2bdd270000-7f2bec000000 ---p 00000000 00:00 0 
7f2bec000000-7f2bec160000 rw-p 00000000 00:00 0 
7f2bec160000-7f2bf0000000 ---p 00000000 00:00 0 
7f2bf0016000-7f2bf0101000 rw-p 00000000 00:00 0 
7f2bf0101000-7f2bf05dc000 ---p 00000000 00:00 0 
7f2bf05dc000-7f2bf0630000 rw-p 00000000 00:00 0 
7f2bf0630000-7f2bf0b0a000 ---p 00000000 00:00 0 
7f2bf0b0a000-7f2bf0b35000 rw-p 00000000 00:00 0 
7f2bf0b35000-7f2bf0da2000 ---p 00000000 00:00 0 
7f2bf0da2000-7f2bf0dad000 rw-p 00000000 00:00 0 
7f2bf0dad000-7f2bf1163000 ---p 00000000 00:00 0 
7f2bf1163000-7f2bf116b000 r-xp 00000000 08:03 394712                     /usr/lib/jvm/java-8-openjdk-amd64/jre/lib/amd64/libzip.so
7f2bf116b000-7f2bf136a000 ---p 00008000 08:03 394712                     /usr/lib/jvm/java-8-openjdk-amd64/jre/lib/amd64/libzip.so
7f2bf136a000-7f2bf136b000 r--p 00007000 08:03 394712                     /usr/lib/jvm/java-8-openjdk-amd64/jre/lib/amd64/libzip.so
7f2bf136b000-7f2bf136c000 rw-p 00008000 08:03 394712                     /usr/lib/jvm/java-8-openjdk-amd64/jre/lib/amd64/libzip.so
7f2bf136c000-7f2bf1377000 r-xp 00000000 08:03 789257                     /lib/x86_64-linux-gnu/libnss_files-2.23.so
7f2bf1377000-7f2bf1576000 ---p 0000b000 08:03 789257                     /lib/x86_64-linux-gnu/libnss_files-2.23.so
7f2bf1576000-7f2bf1577000 r--p 0000a000 08:03 789257                     /lib/x86_64-linux-gnu/libnss_files-2.23.so
7f2bf1577000-7f2bf1578000 rw-p 0000b000 08:03 789257                     /lib/x86_64-linux-gnu/libnss_files-2.23.so
7f2bf1578000-7f2bf157e000 rw-p 00000000 00:00 0 
7f2bf157e000-7f2bf1589000 r-xp 00000000 08:03 789267                     /lib/x86_64-linux-gnu/libnss_nis-2.23.so
7f2bf1589000-7f2bf1788000 ---p 0000b000 08:03 789267                     /lib/x86_64-linux-gnu/libnss_nis-2.23.so
7f2bf1788000-7f2bf1789000 r--p 0000a000 08:03 789267                     /lib/x86_64-linux-gnu/libnss_nis-2.23.so
7f2bf1789000-7f2bf178a000 rw-p 0000b000 08:03 789267                     /lib/x86_64-linux-gnu/libnss_nis-2.23.so
7f2bf178a000-7f2bf17a0000 r-xp 00000000 08:03 789251                     /lib/x86_64-linux-gnu/libnsl-2.23.so
7f2bf17a0000-7f2bf199f000 ---p 00016000 08:03 789251                     /lib/x86_64-linux-gnu/libnsl-2.23.so
7f2bf199f000-7f2bf19a0000 r--p 00015000 08:03 789251                     /lib/x86_64-linux-gnu/libnsl-2.23.so
7f2bf19a0000-7f2bf19a1000 rw-p 00016000 08:03 789251                     /lib/x86_64-linux-gnu/libnsl-2.23.so
7f2bf19a1000-7f2bf19a3000 rw-p 00000000 00:00 0 
7f2bf19a3000-7f2bf19ab000 r-xp 00000000 08:03 789253                     /lib/x86_64-linux-gnu/libnss_compat-2.23.so
7f2bf19ab000-7f2bf1baa000 ---p 00008000 08:03 789253                     /lib/x86_64-linux-gnu/libnss_compat-2.23.so
7f2bf1baa000-7f2bf1bab000 r--p 00007000 08:03 789253                     /lib/x86_64-linux-gnu/libnss_compat-2.23.so
7f2bf1bab000-7f2bf1bac000 rw-p 00008000 08:03 789253                     /lib/x86_64-linux-gnu/libnss_compat-2.23.so
7f2bf1bac000-7f2bf1bd8000 r-xp 00000000 08:03 394694                     /usr/lib/jvm/java-8-openjdk-amd64/jre/lib/amd64/libjava.so
7f2bf1bd8000-7f2bf1dd7000 ---p 0002c000 08:03 394694                     /usr/lib/jvm/java-8-openjdk-amd64/jre/lib/amd64/libjava.so
7f2bf1dd7000-7f2bf1dd8000 r--p 0002b000 08:03 394694                     /usr/lib/jvm/java-8-openjdk-amd64/jre/lib/amd64/libjava.so
7f2bf1dd8000-7f2bf1dda000 rw-p 0002c000 08:03 394694                     /usr/lib/jvm/java-8-openjdk-amd64/jre/lib/amd64/libjava.so
7f2bf1dda000-7f2bf1de9000 r-xp 00000000 08:03 394683                     /usr/lib/jvm/java-8-openjdk-amd64/jre/lib/amd64/libverify.so
7f2bf1de9000-7f2bf1fe8000 ---p 0000f000 08:03 394683                     /usr/lib/jvm/java-8-openjdk-amd64/jre/lib/amd64/libverify.so
7f2bf1fe8000-7f2bf1fea000 r--p 0000e000 08:03 394683                     /usr/lib/jvm/java-8-openjdk-amd64/jre/lib/amd64/libverify.so
7f2bf1fea000-7f2bf1feb000 rw-p 00010000 08:03 394683                     /usr/lib/jvm/java-8-openjdk-amd64/jre/lib/amd64/libverify.so
7f2bf1feb000-7f2bf1ff2000 r-xp 00000000 08:03 789312                     /lib/x86_64-linux-gnu/librt-2.23.so
7f2bf1ff2000-7f2bf21f1000 ---p 00007000 08:03 789312                     /lib/x86_64-linux-gnu/librt-2.23.so
7f2bf21f1000-7f2bf21f2000 r--p 00006000 08:03 789312                     /lib/x86_64-linux-gnu/librt-2.23.so
7f2bf21f2000-7f2bf21f3000 rw-p 00007000 08:03 789312                     /lib/x86_64-linux-gnu/librt-2.23.so
7f2bf21f3000-7f2bf2209000 r-xp 00000000 08:03 789196                     /lib/x86_64-linux-gnu/libgcc_s.so.1
7f2bf2209000-7f2bf2408000 ---p 00016000 08:03 789196                     /lib/x86_64-linux-gnu/libgcc_s.so.1
7f2bf2408000-7f2bf2409000 rw-p 00015000 08:03 789196                     /lib/x86_64-linux-gnu/libgcc_s.so.1
7f2bf2409000-7f2bf2511000 r-xp 00000000 08:03 789228                     /lib/x86_64-linux-gnu/libm-2.23.so
7f2bf2511000-7f2bf2710000 ---p 00108000 08:03 789228                     /lib/x86_64-linux-gnu/libm-2.23.so
7f2bf2710000-7f2bf2711000 r--p 00107000 08:03 789228                     /lib/x86_64-linux-gnu/libm-2.23.so
7f2bf2711000-7f2bf2712000 rw-p 00108000 08:03 789228                     /lib/x86_64-linux-gnu/libm-2.23.so
7f2bf2712000-7f2bf2884000 r-xp 00000000 08:03 404352                     /usr/lib/x86_64-linux-gnu/libstdc++.so.6.0.21
7f2bf2884000-7f2bf2a84000 ---p 00172000 08:03 404352                     /usr/lib/x86_64-linux-gnu/libstdc++.so.6.0.21
7f2bf2a84000-7f2bf2a8e000 r--p 00172000 08:03 404352                     /usr/lib/x86_64-linux-gnu/libstdc++.so.6.0.21
7f2bf2a8e000-7f2bf2a90000 rw-p 0017c000 08:03 404352                     /usr/lib/x86_64-linux-gnu/libstdc++.so.6.0.21
7f2bf2a90000-7f2bf2a94000 rw-p 00000000 00:00 0 
7f2bf2a94000-7f2bf36f8000 r-xp 00000000 08:03 394692                     /usr/lib/jvm/java-8-openjdk-amd64/jre/lib/amd64/server/libjvm.so
7f2bf36f8000-7f2bf38f7000 ---p 00c64000 08:03 394692                     /usr/lib/jvm/java-8-openjdk-amd64/jre/lib/amd64/server/libjvm.so
7f2bf38f7000-7f2bf398b000 r--p 00c63000 08:03 394692                     /usr/lib/jvm/java-8-openjdk-amd64/jre/lib/amd64/server/libjvm.so
7f2bf398b000-7f2bf39b4000 rw-p 00cf7000 08:03 394692                     /usr/lib/jvm/java-8-openjdk-amd64/jre/lib/amd64/server/libjvm.so
7f2bf39b4000-7f2bf39e4000 rw-p 00000000 00:00 0 
7f2bf39e4000-7f2bf39fc000 r-xp 00000000 08:03 789304                     /lib/x86_64-linux-gnu/libpthread-2.23.so
7f2bf39fc000-7f2bf3bfb000 ---p 00018000 08:03 789304                     /lib/x86_64-linux-gnu/libpthread-2.23.so
7f2bf3bfb000-7f2bf3bfc000 r--p 00017000 08:03 789304                     /lib/x86_64-linux-gnu/libpthread-2.23.so
7f2bf3bfc000-7f2bf3bfd000 rw-p 00018000 08:03 789304                     /lib/x86_64-linux-gnu/libpthread-2.23.so
7f2bf3bfd000-7f2bf3c01000 rw-p 00000000 00:00 0 
7f2bf3c01000-7f2bf3c04000 r-xp 00000000 08:03 789182                     /lib/x86_64-linux-gnu/libdl-2.23.so
7f2bf3c04000-7f2bf3e03000 ---p 00003000 08:03 789182                     /lib/x86_64-linux-gnu/libdl-2.23.so
7f2bf3e03000-7f2bf3e04000 r--p 00002000 08:03 789182                     /lib/x86_64-linux-gnu/libdl-2.23.so
7f2bf3e04000-7f2bf3e05000 rw-p 00003000 08:03 789182                     /lib/x86_64-linux-gnu/libdl-2.23.so
7f2bf3e05000-7f2bf3e1e000 r-xp 00000000 08:03 789349                     /lib/x86_64-linux-gnu/libz.so.1.2.8
7f2bf3e1e000-7f2bf401d000 ---p 00019000 08:03 789349                     /lib/x86_64-linux-gnu/libz.so.1.2.8
7f2bf401d000-7f2bf401e000 r--p 00018000 08:03 789349                     /lib/x86_64-linux-gnu/libz.so.1.2.8
7f2bf401e000-7f2bf401f000 rw-p 00019000 08:03 789349                     /lib/x86_64-linux-gnu/libz.so.1.2.8
7f2bf401f000-7f2bf41df000 r-xp 00000000 08:03 789158                     /lib/x86_64-linux-gnu/libc-2.23.so
7f2bf41df000-7f2bf43df000 ---p 001c0000 08:03 789158                     /lib/x86_64-linux-gnu/libc-2.23.so
7f2bf43df000-7f2bf43e3000 r--p 001c0000 08:03 789158                     /lib/x86_64-linux-gnu/libc-2.23.so
7f2bf43e3000-7f2bf43e5000 rw-p 001c4000 08:03 789158                     /lib/x86_64-linux-gnu/libc-2.23.so
7f2bf43e5000-7f2bf43e9000 rw-p 00000000 00:00 0 
7f2bf43e9000-7f2bf43f6000 r-xp 00000000 08:03 394711                     /usr/lib/jvm/java-8-openjdk-amd64/jre/lib/amd64/jli/libjli.so
7f2bf43f6000-7f2bf45f5000 ---p 0000d000 08:03 394711                     /usr/lib/jvm/java-8-openjdk-amd64/jre/lib/amd64/jli/libjli.so
7f2bf45f5000-7f2bf45f6000 r--p 0000c000 08:03 394711                     /usr/lib/jvm/java-8-openjdk-amd64/jre/lib/amd64/jli/libjli.so
7f2bf45f6000-7f2bf45f7000 rw-p 0000d000 08:03 394711                     /usr/lib/jvm/java-8-openjdk-amd64/jre/lib/amd64/jli/libjli.so
7f2bf45f7000-7f2bf461d000 r-xp 00000000 08:03 789130                     /lib/x86_64-linux-gnu/ld-2.23.so
7f2bf4620000-7f2bf4625000 r--s 0003c000 08:03 395045                     /usr/lib/jvm/java-8-openjdk-amd64/jre/lib/ext/sunjce_provider.jar
7f2bf4625000-7f2bf46f6000 rw-p 00000000 00:00 0 
7f2bf46f6000-7f2bf46f9000 ---p 00000000 00:00 0 
7f2bf46f9000-7f2bf47fb000 rw-p 00000000 00:00 0 
7f2bf47fb000-7f2bf4805000 r--s 00116000 08:03 395048                     /usr/lib/jvm/java-8-openjdk-amd64/jre/lib/ext/localedata.jar
7f2bf4805000-7f2bf4806000 r--s 0000a000 08:03 395046                     /usr/lib/jvm/java-8-openjdk-amd64/jre/lib/ext/jaccess.jar
7f2bf4806000-7f2bf4808000 r--s 00008000 08:03 395044                     /usr/lib/jvm/java-8-openjdk-amd64/jre/lib/ext/sunec.jar
7f2bf4808000-7f2bf4809000 r--s 00010000 08:03 395043                     /usr/lib/jvm/java-8-openjdk-amd64/jre/lib/ext/zipfs.jar
7f2bf4809000-7f2bf480b000 r--s 00001000 08:03 395047                     /usr/lib/jvm/java-8-openjdk-amd64/jre/lib/ext/dnsns.jar
7f2bf480b000-7f2bf480e000 r--s 00039000 08:03 395049                     /usr/lib/jvm/java-8-openjdk-amd64/jre/lib/ext/sunpkcs11.jar
7f2bf480e000-7f2bf4811000 r--s 0000f000 08:03 395040                     /usr/lib/jvm/java-8-openjdk-amd64/jre/lib/ext/icedtea-sound.jar
7f2bf4811000-7f2bf4819000 rw-s 00000000 08:03 1213932                    /tmp/hsperfdata_frank/27020
7f2bf4819000-7f2bf481a000 rw-p 00000000 00:00 0 
7f2bf481a000-7f2bf481b000 r--p 00000000 00:00 0 
7f2bf481b000-7f2bf481c000 rw-p 00000000 00:00 0 
7f2bf481c000-7f2bf481d000 r--p 00025000 08:03 789130                     /lib/x86_64-linux-gnu/ld-2.23.so
7f2bf481d000-7f2bf481e000 rw-p 00026000 08:03 789130                     /lib/x86_64-linux-gnu/ld-2.23.so
7f2bf481e000-7f2bf481f000 rw-p 00000000 00:00 0 
7ffc2eda6000-7ffc2edc7000 rw-p 00000000 00:00 0                          [stack]
7ffc2edf9000-7ffc2edfc000 r--p 00000000 00:00 0                          [vvar]
7ffc2edfc000-7ffc2edfe000 r-xp 00000000 00:00 0                          [vdso]
ffffffffff600000-ffffffffff601000 r-xp 00000000 00:00 0                  [vsyscall]

VM Arguments:
jvm_args: -Dfile.encoding=UTF-8 
java_command: connect
java_class_path (initial): /home/frank/swimExtended/swim/examples/prism_fix_path/bin
Launcher Type: SUN_STANDARD

Environment Variables:
PATH=/home/frank/bin:/home/frank/.local/bin:/usr/local/sbin:/usr/local/bin:/usr/sbin:/usr/bin:/sbin:/bin:/usr/games:/usr/local/games:/snap/bin
SHELL=/bin/bash
DISPLAY=:0

Signal Handlers:
SIGSEGV: [libjvm.so+0xa765a0], sa_mask[0]=11111111011111111101111111111110, sa_flags=SA_RESTART|SA_SIGINFO
SIGBUS: [libjvm.so+0xa765a0], sa_mask[0]=11111111011111111101111111111110, sa_flags=SA_RESTART|SA_SIGINFO
SIGFPE: [libjvm.so+0x8bd800], sa_mask[0]=11111111011111111101111111111110, sa_flags=SA_RESTART|SA_SIGINFO
SIGPIPE: [libjvm.so+0x8bd800], sa_mask[0]=11111111011111111101111111111110, sa_flags=SA_RESTART|SA_SIGINFO
SIGXFSZ: [libjvm.so+0x8bd800], sa_mask[0]=11111111011111111101111111111110, sa_flags=SA_RESTART|SA_SIGINFO
SIGILL: [libjvm.so+0x8bd800], sa_mask[0]=11111111011111111101111111111110, sa_flags=SA_RESTART|SA_SIGINFO
SIGUSR1: SIG_DFL, sa_mask[0]=00000000000000000000000000000000, sa_flags=none
SIGUSR2: [libjvm.so+0x8bd6b0], sa_mask[0]=00100000000000000000000000000000, sa_flags=SA_RESTART|SA_SIGINFO
SIGHUP: [libjvm.so+0x8bdd40], sa_mask[0]=11111111011111111101111111111110, sa_flags=SA_RESTART|SA_SIGINFO
SIGINT: [libjvm.so+0x8bdd40], sa_mask[0]=11111111011111111101111111111110, sa_flags=SA_RESTART|SA_SIGINFO
SIGTERM: [libjvm.so+0x8bdd40], sa_mask[0]=11111111011111111101111111111110, sa_flags=SA_RESTART|SA_SIGINFO
SIGQUIT: [libjvm.so+0x8bdd40], sa_mask[0]=11111111011111111101111111111110, sa_flags=SA_RESTART|SA_SIGINFO


---------------  S Y S T E M  ---------------

OS:DISTRIB_ID=Ubuntu
DISTRIB_RELEASE=16.04
DISTRIB_CODENAME=xenial
DISTRIB_DESCRIPTION="Ubuntu 16.04.6 LTS"

uname:Linux 4.15.0-47-generic #50~16.04.1-Ubuntu SMP Fri Mar 15 16:06:21 UTC 2019 x86_64
libc:glibc 2.23 NPTL 2.23 
rlimit: STACK 8192k, CORE 0k, NPROC 63237, NOFILE 1048576, AS infinity
load average:2.96 2.81 1.88

/proc/meminfo:
MemTotal:       16294960 kB
MemFree:         3235800 kB
MemAvailable:    7528376 kB
Buffers:          380188 kB
Cached:          5237872 kB
SwapCached:            0 kB
Active:          8222468 kB
Inactive:        4084840 kB
Active(anon):    6554624 kB
Inactive(anon):  1442072 kB
Active(file):    1667844 kB
Inactive(file):  2642768 kB
Unevictable:         128 kB
Mlocked:             128 kB
SwapTotal:      20981756 kB
SwapFree:       20981756 kB
Dirty:               896 kB
Writeback:         42880 kB
AnonPages:       6689428 kB
Mapped:          1444840 kB
Shmem:           1454832 kB
Slab:             417056 kB
SReclaimable:     323152 kB
SUnreclaim:        93904 kB
KernelStack:       25184 kB
PageTables:       116148 kB
NFS_Unstable:          0 kB
Bounce:                0 kB
WritebackTmp:          0 kB
CommitLimit:    29129236 kB
Committed_AS:   23270152 kB
VmallocTotal:   34359738367 kB
VmallocUsed:           0 kB
VmallocChunk:          0 kB
HardwareCorrupted:     0 kB
AnonHugePages:         0 kB
ShmemHugePages:        0 kB
ShmemPmdMapped:        0 kB
CmaTotal:              0 kB
CmaFree:               0 kB
HugePages_Total:       0
HugePages_Free:        0
HugePages_Rsvd:        0
HugePages_Surp:        0
Hugepagesize:       2048 kB
DirectMap4k:      454332 kB
DirectMap2M:    15144960 kB
DirectMap1G:     1048576 kB

container (cgroup) information:
container_type: cgroupv1
cpu_cpuset_cpus: 0-11
cpu_memory_nodes: 0
active_processor_count: 12
cpu_quota: -1
cpu_period: 100000
cpu_shares: -1
memory_limit_in_bytes: -1
memory_and_swap_limit_in_bytes: -2
memory_soft_limit_in_bytes: -1
memory_usage_in_bytes: 12602867712
memory_max_usage_in_bytes: 0


CPU:total 12 (initial active 12) (6 cores per cpu, 2 threads per core) family 6 model 158 stepping 10, cmov, cx8, fxsr, mmx, sse, sse2, sse3, ssse3, sse4.1, sse4.2, popcnt, avx, avx2, aes, clmul, erms, 3dnowpref, lzcnt, ht, tsc, tscinvbit, bmi1, bmi2, adx

/proc/cpuinfo:
processor	: 0
vendor_id	: GenuineIntel
cpu family	: 6
model		: 158
model name	: Intel(R) Core(TM) i7-8750H CPU @ 2.20GHz
stepping	: 10
microcode	: 0x96
cpu MHz		: 3597.540
cache size	: 9216 KB
physical id	: 0
siblings	: 12
core id		: 0
cpu cores	: 6
apicid		: 0
initial apicid	: 0
fpu		: yes
fpu_exception	: yes
cpuid level	: 22
wp		: yes
flags		: fpu vme de pse tsc msr pae mce cx8 apic sep mtrr pge mca cmov pat pse36 clflush dts acpi mmx fxsr sse sse2 ss ht tm pbe syscall nx pdpe1gb rdtscp lm constant_tsc art arch_perfmon pebs bts rep_good nopl xtopology nonstop_tsc cpuid aperfmperf tsc_known_freq pni pclmulqdq dtes64 monitor ds_cpl vmx est tm2 ssse3 sdbg fma cx16 xtpr pdcm pcid sse4_1 sse4_2 x2apic movbe popcnt tsc_deadline_timer aes xsave avx f16c rdrand lahf_lm abm 3dnowprefetch cpuid_fault epb invpcid_single pti ssbd ibrs ibpb stibp tpr_shadow vnmi flexpriority ept vpid fsgsbase tsc_adjust bmi1 avx2 smep bmi2 erms invpcid mpx rdseed adx smap clflushopt intel_pt xsaveopt xsavec xgetbv1 xsaves dtherm ida arat pln pts hwp hwp_notify hwp_act_window hwp_epp flush_l1d
bugs		: cpu_meltdown spectre_v1 spectre_v2 spec_store_bypass l1tf
bogomips	: 4416.00
clflush size	: 64
cache_alignment	: 64
address sizes	: 39 bits physical, 48 bits virtual
power management:

processor	: 1
vendor_id	: GenuineIntel
cpu family	: 6
model		: 158
model name	: Intel(R) Core(TM) i7-8750H CPU @ 2.20GHz
stepping	: 10
microcode	: 0x96
cpu MHz		: 3458.731
cache size	: 9216 KB
physical id	: 0
siblings	: 12
core id		: 1
cpu cores	: 6
apicid		: 2
initial apicid	: 2
fpu		: yes
fpu_exception	: yes
cpuid level	: 22
wp		: yes
flags		: fpu vme de pse tsc msr pae mce cx8 apic sep mtrr pge mca cmov pat pse36 clflush dts acpi mmx fxsr sse sse2 ss ht tm pbe syscall nx pdpe1gb rdtscp lm constant_tsc art arch_perfmon pebs bts rep_good nopl xtopology nonstop_tsc cpuid aperfmperf tsc_known_freq pni pclmulqdq dtes64 monitor ds_cpl vmx est tm2 ssse3 sdbg fma cx16 xtpr pdcm pcid sse4_1 sse4_2 x2apic movbe popcnt tsc_deadline_timer aes xsave avx f16c rdrand lahf_lm abm 3dnowprefetch cpuid_fault epb invpcid_single pti ibrs ibpb stibp tpr_shadow vnmi flexpriority ept vpid fsgsbase tsc_adjust bmi1 avx2 smep bmi2 erms invpcid mpx rdseed adx smap clflushopt intel_pt xsaveopt xsavec xgetbv1 xsaves dtherm ida arat pln pts hwp hwp_notify hwp_act_window hwp_epp
bugs		: cpu_meltdown spectre_v1 spectre_v2 spec_store_bypass l1tf
bogomips	: 4416.00
clflush size	: 64
cache_alignment	: 64
address sizes	: 39 bits physical, 48 bits virtual
power management:

processor	: 2
vendor_id	: GenuineIntel
cpu family	: 6
model		: 158
model name	: Intel(R) Core(TM) i7-8750H CPU @ 2.20GHz
stepping	: 10
microcode	: 0x96
cpu MHz		: 2528.929
cache size	: 9216 KB
physical id	: 0
siblings	: 12
core id		: 2
cpu cores	: 6
apicid		: 4
initial apicid	: 4
fpu		: yes
fpu_exception	: yes
cpuid level	: 22
wp		: yes
flags		: fpu vme de pse tsc msr pae mce cx8 apic sep mtrr pge mca cmov pat pse36 clflush dts acpi mmx fxsr sse sse2 ss ht tm pbe syscall nx pdpe1gb rdtscp lm constant_tsc art arch_perfmon pebs bts rep_good nopl xtopology nonstop_tsc cpuid aperfmperf tsc_known_freq pni pclmulqdq dtes64 monitor ds_cpl vmx est tm2 ssse3 sdbg fma cx16 xtpr pdcm pcid sse4_1 sse4_2 x2apic movbe popcnt tsc_deadline_timer aes xsave avx f16c rdrand lahf_lm abm 3dnowprefetch cpuid_fault epb invpcid_single pti ibrs ibpb stibp tpr_shadow vnmi flexpriority ept vpid fsgsbase tsc_adjust bmi1 avx2 smep bmi2 erms invpcid mpx rdseed adx smap clflushopt intel_pt xsaveopt xsavec xgetbv1 xsaves dtherm ida arat pln pts hwp hwp_notify hwp_act_window hwp_epp
bugs		: cpu_meltdown spectre_v1 spectre_v2 spec_store_bypass l1tf
bogomips	: 4416.00
clflush size	: 64
cache_alignment	: 64
address sizes	: 39 bits physical, 48 bits virtual
power management:

processor	: 3
vendor_id	: GenuineIntel
cpu family	: 6
model		: 158
model name	: Intel(R) Core(TM) i7-8750H CPU @ 2.20GHz
stepping	: 10
microcode	: 0x96
cpu MHz		: 3365.161
cache size	: 9216 KB
physical id	: 0
siblings	: 12
core id		: 3
cpu cores	: 6
apicid		: 6
initial apicid	: 6
fpu		: yes
fpu_exception	: yes
cpuid level	: 22
wp		: yes
flags		: fpu vme de pse tsc msr pae mce cx8 apic sep mtrr pge mca cmov pat pse36 clflush dts acpi mmx fxsr sse sse2 ss ht tm pbe syscall nx pdpe1gb rdtscp lm constant_tsc art arch_perfmon pebs bts rep_good nopl xtopology nonstop_tsc cpuid aperfmperf tsc_known_freq pni pclmulqdq dtes64 monitor ds_cpl vmx est tm2 ssse3 sdbg fma cx16 xtpr pdcm pcid sse4_1 sse4_2 x2apic movbe popcnt tsc_deadline_timer aes xsave avx f16c rdrand lahf_lm abm 3dnowprefetch cpuid_fault epb invpcid_single pti ibrs ibpb stibp tpr_shadow vnmi flexpriority ept vpid fsgsbase tsc_adjust bmi1 avx2 smep bmi2 erms invpcid mpx rdseed adx smap clflushopt intel_pt xsaveopt xsavec xgetbv1 xsaves dtherm ida arat pln pts hwp hwp_notify hwp_act_window hwp_epp
bugs		: cpu_meltdown spectre_v1 spectre_v2 spec_store_bypass l1tf
bogomips	: 4416.00
clflush size	: 64
cache_alignment	: 64
address sizes	: 39 bits physical, 48 bits virtual
power management:

processor	: 4
vendor_id	: GenuineIntel
cpu family	: 6
model		: 158
model name	: Intel(R) Core(TM) i7-8750H CPU @ 2.20GHz
stepping	: 10
microcode	: 0x96
cpu MHz		: 3940.609
cache size	: 9216 KB
physical id	: 0
siblings	: 12
core id		: 4
cpu cores	: 6
apicid		: 8
initial apicid	: 8
fpu		: yes
fpu_exception	: yes
cpuid level	: 22
wp		: yes
flags		: fpu vme de pse tsc msr pae mce cx8 apic sep mtrr pge mca cmov pat pse36 clflush dts acpi mmx fxsr sse sse2 ss ht tm pbe syscall nx pdpe1gb rdtscp lm constant_tsc art arch_perfmon pebs bts rep_good nopl xtopology nonstop_tsc cpuid aperfmperf tsc_known_freq pni pclmulqdq dtes64 monitor ds_cpl vmx est tm2 ssse3 sdbg fma cx16 xtpr pdcm pcid sse4_1 sse4_2 x2apic movbe popcnt tsc_deadline_timer aes xsave avx f16c rdrand lahf_lm abm 3dnowprefetch cpuid_fault epb invpcid_single pti ibrs ibpb stibp tpr_shadow vnmi flexpriority ept vpid fsgsbase tsc_adjust bmi1 avx2 smep bmi2 erms invpcid mpx rdseed adx smap clflushopt intel_pt xsaveopt xsavec xgetbv1 xsaves dtherm ida arat pln pts hwp hwp_notify hwp_act_window hwp_epp
bugs		: cpu_meltdown spectre_v1 spectre_v2 spec_store_bypass l1tf
bogomips	: 4416.00
clflush size	: 64
cache_alignment	: 64
address sizes	: 39 bits physical, 48 bits virtual
power management:

processor	: 5
vendor_id	: GenuineIntel
cpu family	: 6
model		: 158
model name	: Intel(R) Core(TM) i7-8750H CPU @ 2.20GHz
stepping	: 10
microcode	: 0x96
cpu MHz		: 3936.245
cache size	: 9216 KB
physical id	: 0
siblings	: 12
core id		: 5
cpu cores	: 6
apicid		: 10
initial apicid	: 10
fpu		: yes
fpu_exception	: yes
cpuid level	: 22
wp		: yes
flags		: fpu vme de pse tsc msr pae mce cx8 apic sep mtrr pge mca cmov pat pse36 clflush dts acpi mmx fxsr sse sse2 ss ht tm pbe syscall nx pdpe1gb rdtscp lm constant_tsc art arch_perfmon pebs bts rep_good nopl xtopology nonstop_tsc cpuid aperfmperf tsc_known_freq pni pclmulqdq dtes64 monitor ds_cpl vmx est tm2 ssse3 sdbg fma cx16 xtpr pdcm pcid sse4_1 sse4_2 x2apic movbe popcnt tsc_deadline_timer aes xsave avx f16c rdrand lahf_lm abm 3dnowprefetch cpuid_fault epb invpcid_single pti ibrs ibpb stibp tpr_shadow vnmi flexpriority ept vpid fsgsbase tsc_adjust bmi1 avx2 smep bmi2 erms invpcid mpx rdseed adx smap clflushopt intel_pt xsaveopt xsavec xgetbv1 xsaves dtherm ida arat pln pts hwp hwp_notify hwp_act_window hwp_epp
bugs		: cpu_meltdown spectre_v1 spectre_v2 spec_store_bypass l1tf
bogomips	: 4416.00
clflush size	: 64
cache_alignment	: 64
address sizes	: 39 bits physical, 48 bits virtual
power management:

processor	: 6
vendor_id	: GenuineIntel
cpu family	: 6
model		: 158
model name	: Intel(R) Core(TM) i7-8750H CPU @ 2.20GHz
stepping	: 10
microcode	: 0x96
cpu MHz		: 3581.572
cache size	: 9216 KB
physical id	: 0
siblings	: 12
core id		: 0
cpu cores	: 6
apicid		: 1
initial apicid	: 1
fpu		: yes
fpu_exception	: yes
cpuid level	: 22
wp		: yes
flags		: fpu vme de pse tsc msr pae mce cx8 apic sep mtrr pge mca cmov pat pse36 clflush dts acpi mmx fxsr sse sse2 ss ht tm pbe syscall nx pdpe1gb rdtscp lm constant_tsc art arch_perfmon pebs bts rep_good nopl xtopology nonstop_tsc cpuid aperfmperf tsc_known_freq pni pclmulqdq dtes64 monitor ds_cpl vmx est tm2 ssse3 sdbg fma cx16 xtpr pdcm pcid sse4_1 sse4_2 x2apic movbe popcnt tsc_deadline_timer aes xsave avx f16c rdrand lahf_lm abm 3dnowprefetch cpuid_fault epb invpcid_single pti ssbd ibrs ibpb stibp tpr_shadow vnmi flexpriority ept vpid fsgsbase tsc_adjust bmi1 avx2 smep bmi2 erms invpcid mpx rdseed adx smap clflushopt intel_pt xsaveopt xsavec xgetbv1 xsaves dtherm ida arat pln pts hwp hwp_notify hwp_act_window hwp_epp flush_l1d
bugs		: cpu_meltdown spectre_v1 spectre_v2 spec_store_bypass l1tf
bogomips	: 4416.00
clflush size	: 64
cache_alignment	: 64
address sizes	: 39 bits physical, 48 bits virtual
power management:

processor	: 7
vendor_id	: GenuineIntel
cpu family	: 6
model		: 158
model name	: Intel(R) Core(TM) i7-8750H CPU @ 2.20GHz
stepping	: 10
microcode	: 0x96
cpu MHz		: 3723.031
cache size	: 9216 KB
physical id	: 0
siblings	: 12
core id		: 1
cpu cores	: 6
apicid		: 3
initial apicid	: 3
fpu		: yes
fpu_exception	: yes
cpuid level	: 22
wp		: yes
flags		: fpu vme de pse tsc msr pae mce cx8 apic sep mtrr pge mca cmov pat pse36 clflush dts acpi mmx fxsr sse sse2 ss ht tm pbe syscall nx pdpe1gb rdtscp lm constant_tsc art arch_perfmon pebs bts rep_good nopl xtopology nonstop_tsc cpuid aperfmperf tsc_known_freq pni pclmulqdq dtes64 monitor ds_cpl vmx est tm2 ssse3 sdbg fma cx16 xtpr pdcm pcid sse4_1 sse4_2 x2apic movbe popcnt tsc_deadline_timer aes xsave avx f16c rdrand lahf_lm abm 3dnowprefetch cpuid_fault epb invpcid_single pti ssbd ibrs ibpb stibp tpr_shadow vnmi flexpriority ept vpid fsgsbase tsc_adjust bmi1 avx2 smep bmi2 erms invpcid mpx rdseed adx smap clflushopt intel_pt xsaveopt xsavec xgetbv1 xsaves dtherm ida arat pln pts hwp hwp_notify hwp_act_window hwp_epp flush_l1d
bugs		: cpu_meltdown spectre_v1 spectre_v2 spec_store_bypass l1tf
bogomips	: 4416.00
clflush size	: 64
cache_alignment	: 64
address sizes	: 39 bits physical, 48 bits virtual
power management:

processor	: 8
vendor_id	: GenuineIntel
cpu family	: 6
model		: 158
model name	: Intel(R) Core(TM) i7-8750H CPU @ 2.20GHz
stepping	: 10
microcode	: 0x96
cpu MHz		: 2688.673
cache size	: 9216 KB
physical id	: 0
siblings	: 12
core id		: 2
cpu cores	: 6
apicid		: 5
initial apicid	: 5
fpu		: yes
fpu_exception	: yes
cpuid level	: 22
wp		: yes
flags		: fpu vme de pse tsc msr pae mce cx8 apic sep mtrr pge mca cmov pat pse36 clflush dts acpi mmx fxsr sse sse2 ss ht tm pbe syscall nx pdpe1gb rdtscp lm constant_tsc art arch_perfmon pebs bts rep_good nopl xtopology nonstop_tsc cpuid aperfmperf tsc_known_freq pni pclmulqdq dtes64 monitor ds_cpl vmx est tm2 ssse3 sdbg fma cx16 xtpr pdcm pcid sse4_1 sse4_2 x2apic movbe popcnt tsc_deadline_timer aes xsave avx f16c rdrand lahf_lm abm 3dnowprefetch cpuid_fault epb invpcid_single pti ssbd ibrs ibpb stibp tpr_shadow vnmi flexpriority ept vpid fsgsbase tsc_adjust bmi1 avx2 smep bmi2 erms invpcid mpx rdseed adx smap clflushopt intel_pt xsaveopt xsavec xgetbv1 xsaves dtherm ida arat pln pts hwp hwp_notify hwp_act_window hwp_epp flush_l1d
bugs		: cpu_meltdown spectre_v1 spectre_v2 spec_store_bypass l1tf
bogomips	: 4416.00
clflush size	: 64
cache_alignment	: 64
address sizes	: 39 bits physical, 48 bits virtual
power management:

processor	: 9
vendor_id	: GenuineIntel
cpu family	: 6
model		: 158
model name	: Intel(R) Core(TM) i7-8750H CPU @ 2.20GHz
stepping	: 10
microcode	: 0x96
cpu MHz		: 3947.369
cache size	: 9216 KB
physical id	: 0
siblings	: 12
core id		: 3
cpu cores	: 6
apicid		: 7
initial apicid	: 7
fpu		: yes
fpu_exception	: yes
cpuid level	: 22
wp		: yes
flags		: fpu vme de pse tsc msr pae mce cx8 apic sep mtrr pge mca cmov pat pse36 clflush dts acpi mmx fxsr sse sse2 ss ht tm pbe syscall nx pdpe1gb rdtscp lm constant_tsc art arch_perfmon pebs bts rep_good nopl xtopology nonstop_tsc cpuid aperfmperf tsc_known_freq pni pclmulqdq dtes64 monitor ds_cpl vmx est tm2 ssse3 sdbg fma cx16 xtpr pdcm pcid sse4_1 sse4_2 x2apic movbe popcnt tsc_deadline_timer aes xsave avx f16c rdrand lahf_lm abm 3dnowprefetch cpuid_fault epb invpcid_single pti ssbd ibrs ibpb stibp tpr_shadow vnmi flexpriority ept vpid fsgsbase tsc_adjust bmi1 avx2 smep bmi2 erms invpcid mpx rdseed adx smap clflushopt intel_pt xsaveopt xsavec xgetbv1 xsaves dtherm ida arat pln pts hwp hwp_notify hwp_act_window hwp_epp flush_l1d
bugs		: cpu_meltdown spectre_v1 spectre_v2 spec_store_bypass l1tf
bogomips	: 4416.00
clflush size	: 64
cache_alignment	: 64
address sizes	: 39 bits physical, 48 bits virtual
power management:

processor	: 10
vendor_id	: GenuineIntel
cpu family	: 6
model		: 158
model name	: Intel(R) Core(TM) i7-8750H CPU @ 2.20GHz
stepping	: 10
microcode	: 0x96
cpu MHz		: 3140.966
cache size	: 9216 KB
physical id	: 0
siblings	: 12
core id		: 4
cpu cores	: 6
apicid		: 9
initial apicid	: 9
fpu		: yes
fpu_exception	: yes
cpuid level	: 22
wp		: yes
flags		: fpu vme de pse tsc msr pae mce cx8 apic sep mtrr pge mca cmov pat pse36 clflush dts acpi mmx fxsr sse sse2 ss ht tm pbe syscall nx pdpe1gb rdtscp lm constant_tsc art arch_perfmon pebs bts rep_good nopl xtopology nonstop_tsc cpuid aperfmperf tsc_known_freq pni pclmulqdq dtes64 monitor ds_cpl vmx est tm2 ssse3 sdbg fma cx16 xtpr pdcm pcid sse4_1 sse4_2 x2apic movbe popcnt tsc_deadline_timer aes xsave avx f16c rdrand lahf_lm abm 3dnowprefetch cpuid_fault epb invpcid_single pti ssbd ibrs ibpb stibp tpr_shadow vnmi flexpriority ept vpid fsgsbase tsc_adjust bmi1 avx2 smep bmi2 erms invpcid mpx rdseed adx smap clflushopt intel_pt xsaveopt xsavec xgetbv1 xsaves dtherm ida arat pln pts hwp hwp_notify hwp_act_window hwp_epp flush_l1d
bugs		: cpu_meltdown spectre_v1 spectre_v2 spec_store_bypass l1tf
bogomips	: 4416.00
clflush size	: 64
cache_alignment	: 64
address sizes	: 39 bits physical, 48 bits virtual
power management:

processor	: 11
vendor_id	: GenuineIntel
cpu family	: 6
model		: 158
model name	: Intel(R) Core(TM) i7-8750H CPU @ 2.20GHz
stepping	: 10
microcode	: 0x96
cpu MHz		: 3963.144
cache size	: 9216 KB
physical id	: 0
siblings	: 12
core id		: 5
cpu cores	: 6
apicid		: 11
initial apicid	: 11
fpu		: yes
fpu_exception	: yes
cpuid level	: 22
wp		: yes
flags		: fpu vme de pse tsc msr pae mce cx8 apic sep mtrr pge mca cmov pat pse36 clflush dts acpi mmx fxsr sse sse2 ss ht tm pbe syscall nx pdpe1gb rdtscp lm constant_tsc art arch_perfmon pebs bts rep_good nopl xtopology nonstop_tsc cpuid aperfmperf tsc_known_freq pni pclmulqdq dtes64 monitor ds_cpl vmx est tm2 ssse3 sdbg fma cx16 xtpr pdcm pcid sse4_1 sse4_2 x2apic movbe popcnt tsc_deadline_timer aes xsave avx f16c rdrand lahf_lm abm 3dnowprefetch cpuid_fault epb invpcid_single pti ssbd ibrs ibpb stibp tpr_shadow vnmi flexpriority ept vpid fsgsbase tsc_adjust bmi1 avx2 smep bmi2 erms invpcid mpx rdseed adx smap clflushopt intel_pt xsaveopt xsavec xgetbv1 xsaves dtherm ida arat pln pts hwp hwp_notify hwp_act_window hwp_epp flush_l1d
bugs		: cpu_meltdown spectre_v1 spectre_v2 spec_store_bypass l1tf
bogomips	: 4416.00
clflush size	: 64
cache_alignment	: 64
address sizes	: 39 bits physical, 48 bits virtual
power management:



Memory: 4k page, physical 16294960k(3241404k free), swap 20981756k(20981756k free)

vm_info: OpenJDK 64-Bit Server VM (25.212-b03) for linux-amd64 JRE (1.8.0_212-8u212-b03-0ubuntu1.16.04.1-b03), built on Apr 26 2019 02:02:50 by "buildd" with gcc 5.4.0 20160609

time: Sat May 25 13:58:52 2019
timezone: EDT
elapsed time: 14 seconds (0d 0h 0m 14s)

